<?xml version="1.0" encoding="UTF-8"?>
<TestRun id="6de779d2-17e1-4395-afe1-07823b562c40" name="swc@SWCMACBOOKWIN7 2014-03-17 13:03:03" runUser="SWCMACBOOKWIN7\swc" xmlns="http://microsoft.com/schemas/VisualStudio/TeamTest/2010">
  <TestSettings name="Default Test Settings" id="2f247173-9ac7-41fa-a5f2-e2581dc82313">
    <Deployment runDeploymentRoot="swc_SWCMACBOOKWIN7 2014-03-17 13_03_03">
      <DeploymentItem filename="\\psf\Home\Seafile\USU\Classes\cs5200f14\Homework\InstructorSolution\BSvZP-Common\Common\bin\Debug\Common.dll" />
      <DeploymentItem filename="\\psf\Home\Seafile\USU\Classes\cs5200f14\Homework\InstructorSolution\BSvZP-Common\Messages\bin\Debug\Messages.dll" />
    </Deployment>
    <Execution>
      <TestTypeSpecific />
      <AgentRule name="Execution Agents">
      </AgentRule>
    </Execution>
  </TestSettings>
  <Times creation="2014-03-17T13:03:03.4860000-06:00" queuing="2014-03-17T13:03:03.7460000-06:00" start="2014-03-17T13:03:03.7530000-06:00" finish="2014-03-17T13:03:04.6110000-06:00" />
  <ResultSummary outcome="Failed">
    <Counters total="46" executed="46" passed="45" error="0" failed="1" timeout="0" aborted="0" inconclusive="0" passedButRunAborted="0" notRunnable="0" notExecuted="0" disconnected="0" warning="0" completed="0" inProgress="0" pending="0" />
  </ResultSummary>
  <TestDefinitions>
    <UnitTest name="WhiningSpinner_CheckEncodeAndDecode" storage="\\psf\home\seafile\usu\classes\cs5200f14\homework\instructorsolution\bsvzp-common\commontester\bin\debug\commontester.dll" id="adc509e9-affb-9f01-6b95-6ee65c98cc92">
      <Execution id="ca4daa34-6810-4607-a32e-67ca353e9b0d" />
      <TestMethod codeBase="file://psf/Home/Seafile/USU/Classes/cs5200f14/Homework/InstructorSolution/BSvZP-Common/CommonTester/bin/Debug/CommonTester.DLL" adapterTypeName="Microsoft.VisualStudio.TestTools.TestTypes.Unit.UnitTestAdapter, Microsoft.VisualStudio.QualityTools.Tips.UnitTest.Adapter, Version=10.0.0.0, Culture=neutral, PublicKeyToken=b03f5f7f11d50a3a" className="CommonTester.WhiningSpinnerTester, CommonTester, Version=1.0.0.0, Culture=neutral, PublicKeyToken=null" name="WhiningSpinner_CheckEncodeAndDecode" />
    </UnitTest>
    <UnitTest name="AgentInfo_CheckConstructors" storage="\\psf\home\seafile\usu\classes\cs5200f14\homework\instructorsolution\bsvzp-common\commontester\bin\debug\commontester.dll" id="b719406f-6c30-5234-e237-f3d1a5baaeb0">
      <Execution id="4c1a517e-2b5d-4ac9-aea6-5b128055a2e4" />
      <TestMethod codeBase="file://psf/Home/Seafile/USU/Classes/cs5200f14/Homework/InstructorSolution/BSvZP-Common/CommonTester/bin/Debug/CommonTester.DLL" adapterTypeName="Microsoft.VisualStudio.TestTools.TestTypes.Unit.UnitTestAdapter, Microsoft.VisualStudio.QualityTools.Tips.UnitTest.Adapter, Version=10.0.0.0, Culture=neutral, PublicKeyToken=b03f5f7f11d50a3a" className="CommonTester.AgentInfoTester, CommonTester, Version=1.0.0.0, Culture=neutral, PublicKeyToken=null" name="AgentInfo_CheckConstructors" />
    </UnitTest>
    <UnitTest name="JoinGame_TestConstructorsAndFactories" storage="\\psf\home\seafile\usu\classes\cs5200f14\homework\instructorsolution\bsvzp-common\messagestester\bin\debug\messagestester.dll" id="a18b2fd5-37b0-6e6a-4b4c-5ea126e1e363">
      <Execution id="ba5b03ef-6a33-4dc9-a20d-dd768b763e85" />
      <TestMethod codeBase="file://psf/Home/Seafile/USU/Classes/cs5200f14/Homework/InstructorSolution/BSvZP-Common/MessagesTester/bin/Debug/MessagesTester.DLL" adapterTypeName="Microsoft.VisualStudio.TestTools.TestTypes.Unit.UnitTestAdapter, Microsoft.VisualStudio.QualityTools.Tips.UnitTest.Adapter, Version=10.0.0.0, Culture=neutral, PublicKeyToken=b03f5f7f11d50a3a" className="MessagesTester.JoinGameTester, MessagesTester, Version=1.0.0.0, Culture=neutral, PublicKeyToken=null" name="JoinGame_TestConstructorsAndFactories" />
    </UnitTest>
    <UnitTest name="AgentInfo_CheckProperties" storage="\\psf\home\seafile\usu\classes\cs5200f14\homework\instructorsolution\bsvzp-common\commontester\bin\debug\commontester.dll" id="d004ffc2-a7fb-16d7-64d4-41782226b827">
      <Execution id="f85150f9-155a-4b9e-880d-5de13cd73f8a" />
      <TestMethod codeBase="file://psf/Home/Seafile/USU/Classes/cs5200f14/Homework/InstructorSolution/BSvZP-Common/CommonTester/bin/Debug/CommonTester.DLL" adapterTypeName="Microsoft.VisualStudio.TestTools.TestTypes.Unit.UnitTestAdapter, Microsoft.VisualStudio.QualityTools.Tips.UnitTest.Adapter, Version=10.0.0.0, Culture=neutral, PublicKeyToken=b03f5f7f11d50a3a" className="CommonTester.AgentInfoTester, CommonTester, Version=1.0.0.0, Culture=neutral, PublicKeyToken=null" name="AgentInfo_CheckProperties" />
    </UnitTest>
    <UnitTest name="TickTester_CheckOtherMethods" storage="\\psf\home\seafile\usu\classes\cs5200f14\homework\instructorsolution\bsvzp-common\commontester\bin\debug\commontester.dll" id="eaba3772-7490-203e-d483-62bb0c779f54">
      <Execution id="0f46e398-c83d-4df6-bc87-02baa6434d63" />
      <TestMethod codeBase="file://psf/Home/Seafile/USU/Classes/cs5200f14/Homework/InstructorSolution/BSvZP-Common/CommonTester/bin/Debug/CommonTester.DLL" adapterTypeName="Microsoft.VisualStudio.TestTools.TestTypes.Unit.UnitTestAdapter, Microsoft.VisualStudio.QualityTools.Tips.UnitTest.Adapter, Version=10.0.0.0, Culture=neutral, PublicKeyToken=b03f5f7f11d50a3a" className="CommonTester.TickTester, CommonTester, Version=1.0.0.0, Culture=neutral, PublicKeyToken=null" name="TickTester_CheckOtherMethods" />
    </UnitTest>
    <UnitTest name="Excuse_CheckEncodeAndDecode" storage="\\psf\home\seafile\usu\classes\cs5200f14\homework\instructorsolution\bsvzp-common\commontester\bin\debug\commontester.dll" id="f84a9ebc-fda5-bcb9-1c69-429549673faf">
      <Execution id="eef5e59b-22e0-4b05-95ee-78d2cb2319fd" />
      <TestMethod codeBase="file://psf/Home/Seafile/USU/Classes/cs5200f14/Homework/InstructorSolution/BSvZP-Common/CommonTester/bin/Debug/CommonTester.DLL" adapterTypeName="Microsoft.VisualStudio.TestTools.TestTypes.Unit.UnitTestAdapter, Microsoft.VisualStudio.QualityTools.Tips.UnitTest.Adapter, Version=10.0.0.0, Culture=neutral, PublicKeyToken=b03f5f7f11d50a3a" className="CommonTester.ExcuseTester, CommonTester, Version=1.0.0.0, Culture=neutral, PublicKeyToken=null" name="Excuse_CheckEncodeAndDecode" />
    </UnitTest>
    <UnitTest name="ByteList_WriteAndAddMethods" storage="\\psf\home\seafile\usu\classes\cs5200f14\homework\instructorsolution\bsvzp-common\commontester\bin\debug\commontester.dll" id="4d9613ef-edcc-fbbe-37ff-ef27d7e93fda">
      <Execution id="801379ab-1114-4ad3-b85d-875b41837f26" />
      <TestMethod codeBase="file://psf/Home/Seafile/USU/Classes/cs5200f14/Homework/InstructorSolution/BSvZP-Common/CommonTester/bin/Debug/CommonTester.DLL" adapterTypeName="Microsoft.VisualStudio.TestTools.TestTypes.Unit.UnitTestAdapter, Microsoft.VisualStudio.QualityTools.Tips.UnitTest.Adapter, Version=10.0.0.0, Culture=neutral, PublicKeyToken=b03f5f7f11d50a3a" className="CommonTester.ByteListTester, CommonTester, Version=1.0.0.0, Culture=neutral, PublicKeyToken=null" name="ByteList_WriteAndAddMethods" />
    </UnitTest>
    <UnitTest name="AckNak_CheckEncodeDecode" storage="\\psf\home\seafile\usu\classes\cs5200f14\homework\instructorsolution\bsvzp-common\messagestester\bin\debug\messagestester.dll" id="817e069b-b533-1822-e239-f8570024b19a">
      <Execution id="b200db8e-940a-405f-9d0f-cca041747657" />
      <TestMethod codeBase="file://psf/Home/Seafile/USU/Classes/cs5200f14/Homework/InstructorSolution/BSvZP-Common/MessagesTester/bin/Debug/MessagesTester.DLL" adapterTypeName="Microsoft.VisualStudio.TestTools.TestTypes.Unit.UnitTestAdapter, Microsoft.VisualStudio.QualityTools.Tips.UnitTest.Adapter, Version=10.0.0.0, Culture=neutral, PublicKeyToken=b03f5f7f11d50a3a" className="MessagesTester.AckNakTester, MessagesTester, Version=1.0.0.0, Culture=neutral, PublicKeyToken=null" name="AckNak_CheckEncodeDecode" />
    </UnitTest>
    <UnitTest name="Bomb_CheckEncodeAndDecode" storage="\\psf\home\seafile\usu\classes\cs5200f14\homework\instructorsolution\bsvzp-common\commontester\bin\debug\commontester.dll" id="eaad3cd9-fd8f-295f-72bd-25c259084926">
      <Execution id="c6909452-3bbd-4c30-8460-1571af13c3a7" />
      <TestMethod codeBase="file://psf/Home/Seafile/USU/Classes/cs5200f14/Homework/InstructorSolution/BSvZP-Common/CommonTester/bin/Debug/CommonTester.DLL" adapterTypeName="Microsoft.VisualStudio.TestTools.TestTypes.Unit.UnitTestAdapter, Microsoft.VisualStudio.QualityTools.Tips.UnitTest.Adapter, Version=10.0.0.0, Culture=neutral, PublicKeyToken=b03f5f7f11d50a3a" className="CommonTester.BombTester, CommonTester, Version=1.0.0.0, Culture=neutral, PublicKeyToken=null" name="Bomb_CheckEncodeAndDecode" />
    </UnitTest>
    <UnitTest name="ByteList_GetMethods" storage="\\psf\home\seafile\usu\classes\cs5200f14\homework\instructorsolution\bsvzp-common\commontester\bin\debug\commontester.dll" id="cfac802b-3c1b-a198-432f-c77278e8ca81">
      <Execution id="9e68bd88-f3f9-402b-b5bd-059b20960044" />
      <TestMethod codeBase="file://psf/Home/Seafile/USU/Classes/cs5200f14/Homework/InstructorSolution/BSvZP-Common/CommonTester/bin/Debug/CommonTester.DLL" adapterTypeName="Microsoft.VisualStudio.TestTools.TestTypes.Unit.UnitTestAdapter, Microsoft.VisualStudio.QualityTools.Tips.UnitTest.Adapter, Version=10.0.0.0, Culture=neutral, PublicKeyToken=b03f5f7f11d50a3a" className="CommonTester.ByteListTester, CommonTester, Version=1.0.0.0, Culture=neutral, PublicKeyToken=null" name="ByteList_GetMethods" />
    </UnitTest>
    <UnitTest name="EndPoint_CheckPropertiesAndMethods" storage="\\psf\home\seafile\usu\classes\cs5200f14\homework\instructorsolution\bsvzp-common\commontester\bin\debug\commontester.dll" id="733d2fea-55c2-0731-4fe1-8c3f0f1568bf">
      <Execution id="686c09a6-d1a0-4f44-a847-27b44c5869e7" />
      <TestMethod codeBase="file://psf/Home/Seafile/USU/Classes/cs5200f14/Homework/InstructorSolution/BSvZP-Common/CommonTester/bin/Debug/CommonTester.DLL" adapterTypeName="Microsoft.VisualStudio.TestTools.TestTypes.Unit.UnitTestAdapter, Microsoft.VisualStudio.QualityTools.Tips.UnitTest.Adapter, Version=10.0.0.0, Culture=neutral, PublicKeyToken=b03f5f7f11d50a3a" className="CommonTester.EndPointTester, CommonTester, Version=1.0.0.0, Culture=neutral, PublicKeyToken=null" name="EndPoint_CheckPropertiesAndMethods" />
    </UnitTest>
    <UnitTest name="StatusInfo_CheckProperties" storage="\\psf\home\seafile\usu\classes\cs5200f14\homework\instructorsolution\bsvzp-common\commontester\bin\debug\commontester.dll" id="d7dddf5a-bb0d-6bd1-cbdd-40ea5a1d7ae6">
      <Execution id="da978864-dc6e-4340-bda2-e1e6e573fd76" />
      <TestMethod codeBase="file://psf/Home/Seafile/USU/Classes/cs5200f14/Homework/InstructorSolution/BSvZP-Common/CommonTester/bin/Debug/CommonTester.DLL" adapterTypeName="Microsoft.VisualStudio.TestTools.TestTypes.Unit.UnitTestAdapter, Microsoft.VisualStudio.QualityTools.Tips.UnitTest.Adapter, Version=10.0.0.0, Culture=neutral, PublicKeyToken=b03f5f7f11d50a3a" className="CommonTester.StatusInfoTester, CommonTester, Version=1.0.0.0, Culture=neutral, PublicKeyToken=null" name="StatusInfo_CheckProperties" />
    </UnitTest>
    <UnitTest name="JoinGame_EncodingAndDecoding" storage="\\psf\home\seafile\usu\classes\cs5200f14\homework\instructorsolution\bsvzp-common\messagestester\bin\debug\messagestester.dll" id="ae084a0c-31eb-5c20-b099-0846b8b538da">
      <Execution id="a53a4b95-9148-4b5e-848c-bdbe40b4c0fd" />
      <TestMethod codeBase="file://psf/Home/Seafile/USU/Classes/cs5200f14/Homework/InstructorSolution/BSvZP-Common/MessagesTester/bin/Debug/MessagesTester.DLL" adapterTypeName="Microsoft.VisualStudio.TestTools.TestTypes.Unit.UnitTestAdapter, Microsoft.VisualStudio.QualityTools.Tips.UnitTest.Adapter, Version=10.0.0.0, Culture=neutral, PublicKeyToken=b03f5f7f11d50a3a" className="MessagesTester.JoinGameTester, MessagesTester, Version=1.0.0.0, Culture=neutral, PublicKeyToken=null" name="JoinGame_EncodingAndDecoding" />
    </UnitTest>
    <UnitTest name="ByteList_OtherPublicMethods" storage="\\psf\home\seafile\usu\classes\cs5200f14\homework\instructorsolution\bsvzp-common\commontester\bin\debug\commontester.dll" id="86c3602d-89bd-614c-0bbc-efb4c79b7da3">
      <Execution id="e18e7bb4-73e7-49a5-a5a6-ab58fc7f8f89" />
      <TestMethod codeBase="file://psf/Home/Seafile/USU/Classes/cs5200f14/Homework/InstructorSolution/BSvZP-Common/CommonTester/bin/Debug/CommonTester.DLL" adapterTypeName="Microsoft.VisualStudio.TestTools.TestTypes.Unit.UnitTestAdapter, Microsoft.VisualStudio.QualityTools.Tips.UnitTest.Adapter, Version=10.0.0.0, Culture=neutral, PublicKeyToken=b03f5f7f11d50a3a" className="CommonTester.ByteListTester, CommonTester, Version=1.0.0.0, Culture=neutral, PublicKeyToken=null" name="ByteList_OtherPublicMethods" />
    </UnitTest>
    <UnitTest name="PlayingFieldLayout_CheckConstructors" storage="\\psf\home\seafile\usu\classes\cs5200f14\homework\instructorsolution\bsvzp-common\commontester\bin\debug\commontester.dll" id="afd310cb-a782-bc2d-cdd4-0a91a0a340d8">
      <Execution id="98accfe1-b7d2-42fb-ba50-da3a3d289584" />
      <TestMethod codeBase="file://psf/Home/Seafile/USU/Classes/cs5200f14/Homework/InstructorSolution/BSvZP-Common/CommonTester/bin/Debug/CommonTester.DLL" adapterTypeName="Microsoft.VisualStudio.TestTools.TestTypes.Unit.UnitTestAdapter, Microsoft.VisualStudio.QualityTools.Tips.UnitTest.Adapter, Version=10.0.0.0, Culture=neutral, PublicKeyToken=b03f5f7f11d50a3a" className="CommonTester.PlayingFieldLayoutTester, CommonTester, Version=1.0.0.0, Culture=neutral, PublicKeyToken=null" name="PlayingFieldLayout_CheckConstructors" />
    </UnitTest>
    <UnitTest name="PlayingFieldLayout_CheckEncodeAndDecode" storage="\\psf\home\seafile\usu\classes\cs5200f14\homework\instructorsolution\bsvzp-common\commontester\bin\debug\commontester.dll" id="226bba76-e22a-47aa-054a-7d7fb626af9a">
      <Execution id="e6d49904-9780-421d-91eb-852bb769f810" />
      <TestMethod codeBase="file://psf/Home/Seafile/USU/Classes/cs5200f14/Homework/InstructorSolution/BSvZP-Common/CommonTester/bin/Debug/CommonTester.DLL" adapterTypeName="Microsoft.VisualStudio.TestTools.TestTypes.Unit.UnitTestAdapter, Microsoft.VisualStudio.QualityTools.Tips.UnitTest.Adapter, Version=10.0.0.0, Culture=neutral, PublicKeyToken=b03f5f7f11d50a3a" className="CommonTester.PlayingFieldLayoutTester, CommonTester, Version=1.0.0.0, Culture=neutral, PublicKeyToken=null" name="PlayingFieldLayout_CheckEncodeAndDecode" />
    </UnitTest>
    <UnitTest name="TickTester_CheckProperties" storage="\\psf\home\seafile\usu\classes\cs5200f14\homework\instructorsolution\bsvzp-common\commontester\bin\debug\commontester.dll" id="cbafd4a2-ae21-bce8-59ea-f0278726e860">
      <Execution id="1d64d372-510a-4b9c-9f6e-f7850cff06f7" />
      <TestMethod codeBase="file://psf/Home/Seafile/USU/Classes/cs5200f14/Homework/InstructorSolution/BSvZP-Common/CommonTester/bin/Debug/CommonTester.DLL" adapterTypeName="Microsoft.VisualStudio.TestTools.TestTypes.Unit.UnitTestAdapter, Microsoft.VisualStudio.QualityTools.Tips.UnitTest.Adapter, Version=10.0.0.0, Culture=neutral, PublicKeyToken=b03f5f7f11d50a3a" className="CommonTester.TickTester, CommonTester, Version=1.0.0.0, Culture=neutral, PublicKeyToken=null" name="TickTester_CheckProperties" />
    </UnitTest>
    <UnitTest name="JoinGame_Properties" storage="\\psf\home\seafile\usu\classes\cs5200f14\homework\instructorsolution\bsvzp-common\messagestester\bin\debug\messagestester.dll" id="2a250804-8c18-c7c5-ba85-2ed591639168">
      <Execution id="19d9e1b9-078b-49c1-bb20-49e8e392e68d" />
      <TestMethod codeBase="file://psf/Home/Seafile/USU/Classes/cs5200f14/Homework/InstructorSolution/BSvZP-Common/MessagesTester/bin/Debug/MessagesTester.DLL" adapterTypeName="Microsoft.VisualStudio.TestTools.TestTypes.Unit.UnitTestAdapter, Microsoft.VisualStudio.QualityTools.Tips.UnitTest.Adapter, Version=10.0.0.0, Culture=neutral, PublicKeyToken=b03f5f7f11d50a3a" className="MessagesTester.JoinGameTester, MessagesTester, Version=1.0.0.0, Culture=neutral, PublicKeyToken=null" name="JoinGame_Properties" />
    </UnitTest>
    <UnitTest name="StatusInfo_CheckConstructors" storage="\\psf\home\seafile\usu\classes\cs5200f14\homework\instructorsolution\bsvzp-common\commontester\bin\debug\commontester.dll" id="e7dc0839-3e08-ca22-1bcf-28b384668706">
      <Execution id="a92a3717-32f3-4a5e-b436-2fc4b6308f3f" />
      <TestMethod codeBase="file://psf/Home/Seafile/USU/Classes/cs5200f14/Homework/InstructorSolution/BSvZP-Common/CommonTester/bin/Debug/CommonTester.DLL" adapterTypeName="Microsoft.VisualStudio.TestTools.TestTypes.Unit.UnitTestAdapter, Microsoft.VisualStudio.QualityTools.Tips.UnitTest.Adapter, Version=10.0.0.0, Culture=neutral, PublicKeyToken=b03f5f7f11d50a3a" className="CommonTester.StatusInfoTester, CommonTester, Version=1.0.0.0, Culture=neutral, PublicKeyToken=null" name="StatusInfo_CheckConstructors" />
    </UnitTest>
    <UnitTest name="TickTester_CheckEncodeDecode" storage="\\psf\home\seafile\usu\classes\cs5200f14\homework\instructorsolution\bsvzp-common\commontester\bin\debug\commontester.dll" id="364e2c22-097c-ca5c-f8e6-b251f152eca6">
      <Execution id="fb3a3ded-fdc6-44e5-a054-15a9f609c448" />
      <TestMethod codeBase="file://psf/Home/Seafile/USU/Classes/cs5200f14/Homework/InstructorSolution/BSvZP-Common/CommonTester/bin/Debug/CommonTester.DLL" adapterTypeName="Microsoft.VisualStudio.TestTools.TestTypes.Unit.UnitTestAdapter, Microsoft.VisualStudio.QualityTools.Tips.UnitTest.Adapter, Version=10.0.0.0, Culture=neutral, PublicKeyToken=b03f5f7f11d50a3a" className="CommonTester.TickTester, CommonTester, Version=1.0.0.0, Culture=neutral, PublicKeyToken=null" name="TickTester_CheckEncodeDecode" />
    </UnitTest>
    <UnitTest name="WhiningSpinner_CheckProperties" storage="\\psf\home\seafile\usu\classes\cs5200f14\homework\instructorsolution\bsvzp-common\commontester\bin\debug\commontester.dll" id="d0e63026-bde2-5483-a0a6-1e0d01a2dac2">
      <Execution id="dd4d1d42-cbbb-4202-a21b-463d45217180" />
      <TestMethod codeBase="file://psf/Home/Seafile/USU/Classes/cs5200f14/Homework/InstructorSolution/BSvZP-Common/CommonTester/bin/Debug/CommonTester.DLL" adapterTypeName="Microsoft.VisualStudio.TestTools.TestTypes.Unit.UnitTestAdapter, Microsoft.VisualStudio.QualityTools.Tips.UnitTest.Adapter, Version=10.0.0.0, Culture=neutral, PublicKeyToken=b03f5f7f11d50a3a" className="CommonTester.WhiningSpinnerTester, CommonTester, Version=1.0.0.0, Culture=neutral, PublicKeyToken=null" name="WhiningSpinner_CheckProperties" />
    </UnitTest>
    <UnitTest name="PlayingFieldLayout_CheckProperties" storage="\\psf\home\seafile\usu\classes\cs5200f14\homework\instructorsolution\bsvzp-common\commontester\bin\debug\commontester.dll" id="3fea3050-f5d6-363c-4b3d-01d4c84aab70">
      <Execution id="45cb20ea-ed3c-46de-b361-3d0202ee8460" />
      <TestMethod codeBase="file://psf/Home/Seafile/USU/Classes/cs5200f14/Homework/InstructorSolution/BSvZP-Common/CommonTester/bin/Debug/CommonTester.DLL" adapterTypeName="Microsoft.VisualStudio.TestTools.TestTypes.Unit.UnitTestAdapter, Microsoft.VisualStudio.QualityTools.Tips.UnitTest.Adapter, Version=10.0.0.0, Culture=neutral, PublicKeyToken=b03f5f7f11d50a3a" className="CommonTester.PlayingFieldLayoutTester, CommonTester, Version=1.0.0.0, Culture=neutral, PublicKeyToken=null" name="PlayingFieldLayout_CheckProperties" />
    </UnitTest>
    <UnitTest name="StatusInfo_CheckEncodeAndDecode" storage="\\psf\home\seafile\usu\classes\cs5200f14\homework\instructorsolution\bsvzp-common\commontester\bin\debug\commontester.dll" id="104c4423-8e1a-52dd-da15-87ebe2cc2b3c">
      <Execution id="c7cbfe3a-cf30-4710-b2ae-e8c602e12727" />
      <TestMethod codeBase="file://psf/Home/Seafile/USU/Classes/cs5200f14/Homework/InstructorSolution/BSvZP-Common/CommonTester/bin/Debug/CommonTester.DLL" adapterTypeName="Microsoft.VisualStudio.TestTools.TestTypes.Unit.UnitTestAdapter, Microsoft.VisualStudio.QualityTools.Tips.UnitTest.Adapter, Version=10.0.0.0, Culture=neutral, PublicKeyToken=b03f5f7f11d50a3a" className="CommonTester.StatusInfoTester, CommonTester, Version=1.0.0.0, Culture=neutral, PublicKeyToken=null" name="StatusInfo_CheckEncodeAndDecode" />
    </UnitTest>
    <UnitTest name="FieldLocation_CheckProperties" storage="\\psf\home\seafile\usu\classes\cs5200f14\homework\instructorsolution\bsvzp-common\commontester\bin\debug\commontester.dll" id="90ba25dc-448d-9b84-8883-7173c0fe93b8">
      <Execution id="9e61f38f-242d-4c5b-8299-350ec35e5337" />
      <TestMethod codeBase="file://psf/Home/Seafile/USU/Classes/cs5200f14/Homework/InstructorSolution/BSvZP-Common/CommonTester/bin/Debug/CommonTester.DLL" adapterTypeName="Microsoft.VisualStudio.TestTools.TestTypes.Unit.UnitTestAdapter, Microsoft.VisualStudio.QualityTools.Tips.UnitTest.Adapter, Version=10.0.0.0, Culture=neutral, PublicKeyToken=b03f5f7f11d50a3a" className="CommonTester.FieldLocationTester, CommonTester, Version=1.0.0.0, Culture=neutral, PublicKeyToken=null" name="FieldLocation_CheckProperties" />
    </UnitTest>
    <UnitTest name="AgentInfo_CheckEncodeAndDecode" storage="\\psf\home\seafile\usu\classes\cs5200f14\homework\instructorsolution\bsvzp-common\commontester\bin\debug\commontester.dll" id="eec3d1a0-bdb1-2f1e-d1b3-e4c125c7a7c7">
      <Execution id="a0e87ea6-2259-4ca7-8abd-fdcb1bb495d3" />
      <TestMethod codeBase="file://psf/Home/Seafile/USU/Classes/cs5200f14/Homework/InstructorSolution/BSvZP-Common/CommonTester/bin/Debug/CommonTester.DLL" adapterTypeName="Microsoft.VisualStudio.TestTools.TestTypes.Unit.UnitTestAdapter, Microsoft.VisualStudio.QualityTools.Tips.UnitTest.Adapter, Version=10.0.0.0, Culture=neutral, PublicKeyToken=b03f5f7f11d50a3a" className="CommonTester.AgentInfoTester, CommonTester, Version=1.0.0.0, Culture=neutral, PublicKeyToken=null" name="AgentInfo_CheckEncodeAndDecode" />
    </UnitTest>
    <UnitTest name="AgentList_CheckEncodeAndDecode" storage="\\psf\home\seafile\usu\classes\cs5200f14\homework\instructorsolution\bsvzp-common\commontester\bin\debug\commontester.dll" id="a12b329b-08b5-6b59-03aa-c53e22feb938">
      <Execution id="3598a1ef-bc79-4a90-b44c-67da4c3a9cfa" />
      <TestMethod codeBase="file://psf/Home/Seafile/USU/Classes/cs5200f14/Homework/InstructorSolution/BSvZP-Common/CommonTester/bin/Debug/CommonTester.DLL" adapterTypeName="Microsoft.VisualStudio.TestTools.TestTypes.Unit.UnitTestAdapter, Microsoft.VisualStudio.QualityTools.Tips.UnitTest.Adapter, Version=10.0.0.0, Culture=neutral, PublicKeyToken=b03f5f7f11d50a3a" className="CommonTester.AgentListTester, CommonTester, Version=1.0.0.0, Culture=neutral, PublicKeyToken=null" name="AgentList_CheckEncodeAndDecode" />
    </UnitTest>
    <UnitTest name="GameInfo_TestEverything" storage="\\psf\home\seafile\usu\classes\cs5200f14\homework\instructorsolution\bsvzp-common\commontester\bin\debug\commontester.dll" id="bed40777-36e8-1a5f-572d-4860c464f507">
      <Execution id="7aaa58b4-b3b9-4f78-9113-7cfa5ab092e7" />
      <TestMethod codeBase="file://psf/Home/Seafile/USU/Classes/cs5200f14/Homework/InstructorSolution/BSvZP-Common/CommonTester/bin/Debug/CommonTester.DLL" adapterTypeName="Microsoft.VisualStudio.TestTools.TestTypes.Unit.UnitTestAdapter, Microsoft.VisualStudio.QualityTools.Tips.UnitTest.Adapter, Version=10.0.0.0, Culture=neutral, PublicKeyToken=b03f5f7f11d50a3a" className="CommonTester.GameInfoTester, CommonTester, Version=1.0.0.0, Culture=neutral, PublicKeyToken=null" name="GameInfo_TestEverything" />
    </UnitTest>
    <UnitTest name="FieldLocation_CheckEncodeDecode" storage="\\psf\home\seafile\usu\classes\cs5200f14\homework\instructorsolution\bsvzp-common\commontester\bin\debug\commontester.dll" id="a2dff254-87db-0c1a-d212-e29ddb4c9c2a">
      <Execution id="461415fd-a76c-4df3-b530-09acf20ae2e1" />
      <TestMethod codeBase="file://psf/Home/Seafile/USU/Classes/cs5200f14/Homework/InstructorSolution/BSvZP-Common/CommonTester/bin/Debug/CommonTester.DLL" adapterTypeName="Microsoft.VisualStudio.TestTools.TestTypes.Unit.UnitTestAdapter, Microsoft.VisualStudio.QualityTools.Tips.UnitTest.Adapter, Version=10.0.0.0, Culture=neutral, PublicKeyToken=b03f5f7f11d50a3a" className="CommonTester.FieldLocationTester, CommonTester, Version=1.0.0.0, Culture=neutral, PublicKeyToken=null" name="FieldLocation_CheckEncodeDecode" />
    </UnitTest>
    <UnitTest name="Bomb_CheckProperties" storage="\\psf\home\seafile\usu\classes\cs5200f14\homework\instructorsolution\bsvzp-common\commontester\bin\debug\commontester.dll" id="9904ba65-a649-09ff-0ef0-c2c56c4e27fc">
      <Execution id="a935b32d-99cf-49fc-9727-3f7c109a6d1c" />
      <TestMethod codeBase="file://psf/Home/Seafile/USU/Classes/cs5200f14/Homework/InstructorSolution/BSvZP-Common/CommonTester/bin/Debug/CommonTester.DLL" adapterTypeName="Microsoft.VisualStudio.TestTools.TestTypes.Unit.UnitTestAdapter, Microsoft.VisualStudio.QualityTools.Tips.UnitTest.Adapter, Version=10.0.0.0, Culture=neutral, PublicKeyToken=b03f5f7f11d50a3a" className="CommonTester.BombTester, CommonTester, Version=1.0.0.0, Culture=neutral, PublicKeyToken=null" name="Bomb_CheckProperties" />
    </UnitTest>
    <UnitTest name="Excuse_CheckConstructors" storage="\\psf\home\seafile\usu\classes\cs5200f14\homework\instructorsolution\bsvzp-common\commontester\bin\debug\commontester.dll" id="d7721e2b-d839-f8ea-3513-be426faed8ef">
      <Execution id="b9b0d06f-6152-48d3-8145-2f5170ec60c5" />
      <TestMethod codeBase="file://psf/Home/Seafile/USU/Classes/cs5200f14/Homework/InstructorSolution/BSvZP-Common/CommonTester/bin/Debug/CommonTester.DLL" adapterTypeName="Microsoft.VisualStudio.TestTools.TestTypes.Unit.UnitTestAdapter, Microsoft.VisualStudio.QualityTools.Tips.UnitTest.Adapter, Version=10.0.0.0, Culture=neutral, PublicKeyToken=b03f5f7f11d50a3a" className="CommonTester.ExcuseTester, CommonTester, Version=1.0.0.0, Culture=neutral, PublicKeyToken=null" name="Excuse_CheckConstructors" />
    </UnitTest>
    <UnitTest name="EndPoint_CheckConstructors" storage="\\psf\home\seafile\usu\classes\cs5200f14\homework\instructorsolution\bsvzp-common\commontester\bin\debug\commontester.dll" id="663fbe27-d6e2-e0fc-db8a-f3f5ba6779a5">
      <Execution id="52d7538e-11fd-4af2-83eb-c05bf06c5c7d" />
      <TestMethod codeBase="file://psf/Home/Seafile/USU/Classes/cs5200f14/Homework/InstructorSolution/BSvZP-Common/CommonTester/bin/Debug/CommonTester.DLL" adapterTypeName="Microsoft.VisualStudio.TestTools.TestTypes.Unit.UnitTestAdapter, Microsoft.VisualStudio.QualityTools.Tips.UnitTest.Adapter, Version=10.0.0.0, Culture=neutral, PublicKeyToken=b03f5f7f11d50a3a" className="CommonTester.EndPointTester, CommonTester, Version=1.0.0.0, Culture=neutral, PublicKeyToken=null" name="EndPoint_CheckConstructors" />
    </UnitTest>
    <UnitTest name="Excuse_CheckProperties" storage="\\psf\home\seafile\usu\classes\cs5200f14\homework\instructorsolution\bsvzp-common\commontester\bin\debug\commontester.dll" id="c1669bf6-729e-d796-c7d9-f9b5c8ff2007">
      <Execution id="1b388953-2698-4f94-8dc9-1b652587ccd0" />
      <TestMethod codeBase="file://psf/Home/Seafile/USU/Classes/cs5200f14/Homework/InstructorSolution/BSvZP-Common/CommonTester/bin/Debug/CommonTester.DLL" adapterTypeName="Microsoft.VisualStudio.TestTools.TestTypes.Unit.UnitTestAdapter, Microsoft.VisualStudio.QualityTools.Tips.UnitTest.Adapter, Version=10.0.0.0, Culture=neutral, PublicKeyToken=b03f5f7f11d50a3a" className="CommonTester.ExcuseTester, CommonTester, Version=1.0.0.0, Culture=neutral, PublicKeyToken=null" name="Excuse_CheckProperties" />
    </UnitTest>
    <UnitTest name="AckNak_CheckConstructorsAndFactories" storage="\\psf\home\seafile\usu\classes\cs5200f14\homework\instructorsolution\bsvzp-common\messagestester\bin\debug\messagestester.dll" id="e1ecfc94-2f7f-bdaf-64db-951e119da34c">
      <Execution id="61bf235a-511f-4790-9b41-be9ef62f668b" />
      <TestMethod codeBase="file://psf/Home/Seafile/USU/Classes/cs5200f14/Homework/InstructorSolution/BSvZP-Common/MessagesTester/bin/Debug/MessagesTester.DLL" adapterTypeName="Microsoft.VisualStudio.TestTools.TestTypes.Unit.UnitTestAdapter, Microsoft.VisualStudio.QualityTools.Tips.UnitTest.Adapter, Version=10.0.0.0, Culture=neutral, PublicKeyToken=b03f5f7f11d50a3a" className="MessagesTester.AckNakTester, MessagesTester, Version=1.0.0.0, Culture=neutral, PublicKeyToken=null" name="AckNak_CheckConstructorsAndFactories" />
    </UnitTest>
    <UnitTest name="FieldLocation_CheckContructors" storage="\\psf\home\seafile\usu\classes\cs5200f14\homework\instructorsolution\bsvzp-common\commontester\bin\debug\commontester.dll" id="ee09e89e-c9b7-1b79-838a-49d7d7834303">
      <Execution id="862f94dc-ede4-4cf9-a971-7a592dd6125c" />
      <TestMethod codeBase="file://psf/Home/Seafile/USU/Classes/cs5200f14/Homework/InstructorSolution/BSvZP-Common/CommonTester/bin/Debug/CommonTester.DLL" adapterTypeName="Microsoft.VisualStudio.TestTools.TestTypes.Unit.UnitTestAdapter, Microsoft.VisualStudio.QualityTools.Tips.UnitTest.Adapter, Version=10.0.0.0, Culture=neutral, PublicKeyToken=b03f5f7f11d50a3a" className="CommonTester.FieldLocationTester, CommonTester, Version=1.0.0.0, Culture=neutral, PublicKeyToken=null" name="FieldLocation_CheckContructors" />
    </UnitTest>
    <UnitTest name="GameConfiguration_CheckProperties" storage="\\psf\home\seafile\usu\classes\cs5200f14\homework\instructorsolution\bsvzp-common\commontester\bin\debug\commontester.dll" id="63ed64ee-6209-0958-7de8-d968e87d1d45">
      <Execution id="6be28d7b-a28e-4164-b96c-97d7f6b5ca17" />
      <TestMethod codeBase="file://psf/Home/Seafile/USU/Classes/cs5200f14/Homework/InstructorSolution/BSvZP-Common/CommonTester/bin/Debug/CommonTester.DLL" adapterTypeName="Microsoft.VisualStudio.TestTools.TestTypes.Unit.UnitTestAdapter, Microsoft.VisualStudio.QualityTools.Tips.UnitTest.Adapter, Version=10.0.0.0, Culture=neutral, PublicKeyToken=b03f5f7f11d50a3a" className="CommonTester.GameConfigurationTester, CommonTester, Version=1.0.0.0, Culture=neutral, PublicKeyToken=null" name="GameConfiguration_CheckProperties" />
    </UnitTest>
    <UnitTest name="AckNak_CheckProperties" storage="\\psf\home\seafile\usu\classes\cs5200f14\homework\instructorsolution\bsvzp-common\messagestester\bin\debug\messagestester.dll" id="e57f470c-5af0-0d55-6cfd-5233256e7a58">
      <Execution id="02701e96-3959-434a-b93a-acda7d7c8802" />
      <TestMethod codeBase="file://psf/Home/Seafile/USU/Classes/cs5200f14/Homework/InstructorSolution/BSvZP-Common/MessagesTester/bin/Debug/MessagesTester.DLL" adapterTypeName="Microsoft.VisualStudio.TestTools.TestTypes.Unit.UnitTestAdapter, Microsoft.VisualStudio.QualityTools.Tips.UnitTest.Adapter, Version=10.0.0.0, Culture=neutral, PublicKeyToken=b03f5f7f11d50a3a" className="MessagesTester.AckNakTester, MessagesTester, Version=1.0.0.0, Culture=neutral, PublicKeyToken=null" name="AckNak_CheckProperties" />
    </UnitTest>
    <UnitTest name="AgentList_CheckConstructors" storage="\\psf\home\seafile\usu\classes\cs5200f14\homework\instructorsolution\bsvzp-common\commontester\bin\debug\commontester.dll" id="356db149-e08f-7478-b5b9-9ac463b36ca9">
      <Execution id="f557ca9f-be52-432e-ae8d-81eebae75f5d" />
      <TestMethod codeBase="file://psf/Home/Seafile/USU/Classes/cs5200f14/Homework/InstructorSolution/BSvZP-Common/CommonTester/bin/Debug/CommonTester.DLL" adapterTypeName="Microsoft.VisualStudio.TestTools.TestTypes.Unit.UnitTestAdapter, Microsoft.VisualStudio.QualityTools.Tips.UnitTest.Adapter, Version=10.0.0.0, Culture=neutral, PublicKeyToken=b03f5f7f11d50a3a" className="CommonTester.AgentListTester, CommonTester, Version=1.0.0.0, Culture=neutral, PublicKeyToken=null" name="AgentList_CheckConstructors" />
    </UnitTest>
    <UnitTest name="TickTester_CheckConstructors" storage="\\psf\home\seafile\usu\classes\cs5200f14\homework\instructorsolution\bsvzp-common\commontester\bin\debug\commontester.dll" id="507519cd-90aa-7a27-5b1e-0972c3d12269">
      <Execution id="03d73d05-2818-47df-b7a5-55bdacf39f2e" />
      <TestMethod codeBase="file://psf/Home/Seafile/USU/Classes/cs5200f14/Homework/InstructorSolution/BSvZP-Common/CommonTester/bin/Debug/CommonTester.DLL" adapterTypeName="Microsoft.VisualStudio.TestTools.TestTypes.Unit.UnitTestAdapter, Microsoft.VisualStudio.QualityTools.Tips.UnitTest.Adapter, Version=10.0.0.0, Culture=neutral, PublicKeyToken=b03f5f7f11d50a3a" className="CommonTester.TickTester, CommonTester, Version=1.0.0.0, Culture=neutral, PublicKeyToken=null" name="TickTester_CheckConstructors" />
    </UnitTest>
    <UnitTest name="ByteList_TestConstuctors" storage="\\psf\home\seafile\usu\classes\cs5200f14\homework\instructorsolution\bsvzp-common\commontester\bin\debug\commontester.dll" id="d6a120d8-083b-ca56-9c06-19e373b8321f">
      <Execution id="57867fc4-aaa2-4383-91d6-2bcde7651d6c" />
      <TestMethod codeBase="file://psf/Home/Seafile/USU/Classes/cs5200f14/Homework/InstructorSolution/BSvZP-Common/CommonTester/bin/Debug/CommonTester.DLL" adapterTypeName="Microsoft.VisualStudio.TestTools.TestTypes.Unit.UnitTestAdapter, Microsoft.VisualStudio.QualityTools.Tips.UnitTest.Adapter, Version=10.0.0.0, Culture=neutral, PublicKeyToken=b03f5f7f11d50a3a" className="CommonTester.ByteListTester, CommonTester, Version=1.0.0.0, Culture=neutral, PublicKeyToken=null" name="ByteList_TestConstuctors" />
    </UnitTest>
    <UnitTest name="Bomb_CheckConstructors" storage="\\psf\home\seafile\usu\classes\cs5200f14\homework\instructorsolution\bsvzp-common\commontester\bin\debug\commontester.dll" id="c40c928e-c2ab-8b88-578e-d7b35f81b083">
      <Execution id="0e3666bb-3a02-4dbb-accc-aa1a7eced242" />
      <TestMethod codeBase="file://psf/Home/Seafile/USU/Classes/cs5200f14/Homework/InstructorSolution/BSvZP-Common/CommonTester/bin/Debug/CommonTester.DLL" adapterTypeName="Microsoft.VisualStudio.TestTools.TestTypes.Unit.UnitTestAdapter, Microsoft.VisualStudio.QualityTools.Tips.UnitTest.Adapter, Version=10.0.0.0, Culture=neutral, PublicKeyToken=b03f5f7f11d50a3a" className="CommonTester.BombTester, CommonTester, Version=1.0.0.0, Culture=neutral, PublicKeyToken=null" name="Bomb_CheckConstructors" />
    </UnitTest>
    <UnitTest name="WhiningSpinner_CheckConstructors" storage="\\psf\home\seafile\usu\classes\cs5200f14\homework\instructorsolution\bsvzp-common\commontester\bin\debug\commontester.dll" id="a987a908-01f9-9386-23e7-287a5d2d2721">
      <Execution id="9e69b2c6-f3b3-4abe-b73f-cfee073913a0" />
      <TestMethod codeBase="file://psf/Home/Seafile/USU/Classes/cs5200f14/Homework/InstructorSolution/BSvZP-Common/CommonTester/bin/Debug/CommonTester.DLL" adapterTypeName="Microsoft.VisualStudio.TestTools.TestTypes.Unit.UnitTestAdapter, Microsoft.VisualStudio.QualityTools.Tips.UnitTest.Adapter, Version=10.0.0.0, Culture=neutral, PublicKeyToken=b03f5f7f11d50a3a" className="CommonTester.WhiningSpinnerTester, CommonTester, Version=1.0.0.0, Culture=neutral, PublicKeyToken=null" name="WhiningSpinner_CheckConstructors" />
    </UnitTest>
    <UnitTest name="EndPoint_CheckEncodeAndDecode" storage="\\psf\home\seafile\usu\classes\cs5200f14\homework\instructorsolution\bsvzp-common\commontester\bin\debug\commontester.dll" id="5c61ce7d-c870-b77b-416d-32ca3192646b">
      <Execution id="99f6c9ae-6b4b-44be-8fbd-b1622a015581" />
      <TestMethod codeBase="file://psf/Home/Seafile/USU/Classes/cs5200f14/Homework/InstructorSolution/BSvZP-Common/CommonTester/bin/Debug/CommonTester.DLL" adapterTypeName="Microsoft.VisualStudio.TestTools.TestTypes.Unit.UnitTestAdapter, Microsoft.VisualStudio.QualityTools.Tips.UnitTest.Adapter, Version=10.0.0.0, Culture=neutral, PublicKeyToken=b03f5f7f11d50a3a" className="CommonTester.EndPointTester, CommonTester, Version=1.0.0.0, Culture=neutral, PublicKeyToken=null" name="EndPoint_CheckEncodeAndDecode" />
    </UnitTest>
    <UnitTest name="GameConfiguration_CheckEncodeAndDecode" storage="\\psf\home\seafile\usu\classes\cs5200f14\homework\instructorsolution\bsvzp-common\commontester\bin\debug\commontester.dll" id="ee180b0c-7542-d07d-8952-4dbe1fcee3f4">
      <Execution id="07cba0af-d931-4382-aa35-570647c73085" />
      <TestMethod codeBase="file://psf/Home/Seafile/USU/Classes/cs5200f14/Homework/InstructorSolution/BSvZP-Common/CommonTester/bin/Debug/CommonTester.DLL" adapterTypeName="Microsoft.VisualStudio.TestTools.TestTypes.Unit.UnitTestAdapter, Microsoft.VisualStudio.QualityTools.Tips.UnitTest.Adapter, Version=10.0.0.0, Culture=neutral, PublicKeyToken=b03f5f7f11d50a3a" className="CommonTester.GameConfigurationTester, CommonTester, Version=1.0.0.0, Culture=neutral, PublicKeyToken=null" name="GameConfiguration_CheckEncodeAndDecode" />
    </UnitTest>
    <UnitTest name="GameConfiguration_CheckConstructors" storage="\\psf\home\seafile\usu\classes\cs5200f14\homework\instructorsolution\bsvzp-common\commontester\bin\debug\commontester.dll" id="5dc13c08-9307-4d94-c22f-dc70f60ff32f">
      <Execution id="8f56e45b-dfff-46cf-a39c-31e59cae554e" />
      <TestMethod codeBase="file://psf/Home/Seafile/USU/Classes/cs5200f14/Homework/InstructorSolution/BSvZP-Common/CommonTester/bin/Debug/CommonTester.DLL" adapterTypeName="Microsoft.VisualStudio.TestTools.TestTypes.Unit.UnitTestAdapter, Microsoft.VisualStudio.QualityTools.Tips.UnitTest.Adapter, Version=10.0.0.0, Culture=neutral, PublicKeyToken=b03f5f7f11d50a3a" className="CommonTester.GameConfigurationTester, CommonTester, Version=1.0.0.0, Culture=neutral, PublicKeyToken=null" name="GameConfiguration_CheckConstructors" />
    </UnitTest>
    <UnitTest name="AgentList_CheckProperties" storage="\\psf\home\seafile\usu\classes\cs5200f14\homework\instructorsolution\bsvzp-common\commontester\bin\debug\commontester.dll" id="e831cd49-aad3-3977-9cbe-2178181315bc">
      <Execution id="199100cc-06a5-4125-8300-b4748cae6177" />
      <TestMethod codeBase="file://psf/Home/Seafile/USU/Classes/cs5200f14/Homework/InstructorSolution/BSvZP-Common/CommonTester/bin/Debug/CommonTester.DLL" adapterTypeName="Microsoft.VisualStudio.TestTools.TestTypes.Unit.UnitTestAdapter, Microsoft.VisualStudio.QualityTools.Tips.UnitTest.Adapter, Version=10.0.0.0, Culture=neutral, PublicKeyToken=b03f5f7f11d50a3a" className="CommonTester.AgentListTester, CommonTester, Version=1.0.0.0, Culture=neutral, PublicKeyToken=null" name="AgentList_CheckProperties" />
    </UnitTest>
    <UnitTest name="ByteList_IndexOperator" storage="\\psf\home\seafile\usu\classes\cs5200f14\homework\instructorsolution\bsvzp-common\commontester\bin\debug\commontester.dll" id="d6375a5d-a98c-9cb0-66a2-ad7be1e40c67">
      <Execution id="d7c54546-d315-4b48-af2e-f64abbc75df9" />
      <TestMethod codeBase="file://psf/Home/Seafile/USU/Classes/cs5200f14/Homework/InstructorSolution/BSvZP-Common/CommonTester/bin/Debug/CommonTester.DLL" adapterTypeName="Microsoft.VisualStudio.TestTools.TestTypes.Unit.UnitTestAdapter, Microsoft.VisualStudio.QualityTools.Tips.UnitTest.Adapter, Version=10.0.0.0, Culture=neutral, PublicKeyToken=b03f5f7f11d50a3a" className="CommonTester.ByteListTester, CommonTester, Version=1.0.0.0, Culture=neutral, PublicKeyToken=null" name="ByteList_IndexOperator" />
    </UnitTest>
  </TestDefinitions>
  <TestLists>
    <TestList name="Results Not in a List" id="8c84fa94-04c1-424b-9868-57a2d4851a1d" />
    <TestList name="All Loaded Results" id="19431567-8539-422a-85d7-44ee4e166bda" />
  </TestLists>
  <TestEntries>
    <TestEntry testId="104c4423-8e1a-52dd-da15-87ebe2cc2b3c" executionId="c7cbfe3a-cf30-4710-b2ae-e8c602e12727" testListId="8c84fa94-04c1-424b-9868-57a2d4851a1d" />
    <TestEntry testId="226bba76-e22a-47aa-054a-7d7fb626af9a" executionId="e6d49904-9780-421d-91eb-852bb769f810" testListId="8c84fa94-04c1-424b-9868-57a2d4851a1d" />
    <TestEntry testId="2a250804-8c18-c7c5-ba85-2ed591639168" executionId="19d9e1b9-078b-49c1-bb20-49e8e392e68d" testListId="8c84fa94-04c1-424b-9868-57a2d4851a1d" />
    <TestEntry testId="356db149-e08f-7478-b5b9-9ac463b36ca9" executionId="f557ca9f-be52-432e-ae8d-81eebae75f5d" testListId="8c84fa94-04c1-424b-9868-57a2d4851a1d" />
    <TestEntry testId="364e2c22-097c-ca5c-f8e6-b251f152eca6" executionId="fb3a3ded-fdc6-44e5-a054-15a9f609c448" testListId="8c84fa94-04c1-424b-9868-57a2d4851a1d" />
    <TestEntry testId="3fea3050-f5d6-363c-4b3d-01d4c84aab70" executionId="45cb20ea-ed3c-46de-b361-3d0202ee8460" testListId="8c84fa94-04c1-424b-9868-57a2d4851a1d" />
    <TestEntry testId="4d9613ef-edcc-fbbe-37ff-ef27d7e93fda" executionId="801379ab-1114-4ad3-b85d-875b41837f26" testListId="8c84fa94-04c1-424b-9868-57a2d4851a1d" />
    <TestEntry testId="507519cd-90aa-7a27-5b1e-0972c3d12269" executionId="03d73d05-2818-47df-b7a5-55bdacf39f2e" testListId="8c84fa94-04c1-424b-9868-57a2d4851a1d" />
    <TestEntry testId="5c61ce7d-c870-b77b-416d-32ca3192646b" executionId="99f6c9ae-6b4b-44be-8fbd-b1622a015581" testListId="8c84fa94-04c1-424b-9868-57a2d4851a1d" />
    <TestEntry testId="5dc13c08-9307-4d94-c22f-dc70f60ff32f" executionId="8f56e45b-dfff-46cf-a39c-31e59cae554e" testListId="8c84fa94-04c1-424b-9868-57a2d4851a1d" />
    <TestEntry testId="63ed64ee-6209-0958-7de8-d968e87d1d45" executionId="6be28d7b-a28e-4164-b96c-97d7f6b5ca17" testListId="8c84fa94-04c1-424b-9868-57a2d4851a1d" />
    <TestEntry testId="663fbe27-d6e2-e0fc-db8a-f3f5ba6779a5" executionId="52d7538e-11fd-4af2-83eb-c05bf06c5c7d" testListId="8c84fa94-04c1-424b-9868-57a2d4851a1d" />
    <TestEntry testId="733d2fea-55c2-0731-4fe1-8c3f0f1568bf" executionId="686c09a6-d1a0-4f44-a847-27b44c5869e7" testListId="8c84fa94-04c1-424b-9868-57a2d4851a1d" />
    <TestEntry testId="817e069b-b533-1822-e239-f8570024b19a" executionId="b200db8e-940a-405f-9d0f-cca041747657" testListId="8c84fa94-04c1-424b-9868-57a2d4851a1d" />
    <TestEntry testId="86c3602d-89bd-614c-0bbc-efb4c79b7da3" executionId="e18e7bb4-73e7-49a5-a5a6-ab58fc7f8f89" testListId="8c84fa94-04c1-424b-9868-57a2d4851a1d" />
    <TestEntry testId="90ba25dc-448d-9b84-8883-7173c0fe93b8" executionId="9e61f38f-242d-4c5b-8299-350ec35e5337" testListId="8c84fa94-04c1-424b-9868-57a2d4851a1d" />
    <TestEntry testId="9904ba65-a649-09ff-0ef0-c2c56c4e27fc" executionId="a935b32d-99cf-49fc-9727-3f7c109a6d1c" testListId="8c84fa94-04c1-424b-9868-57a2d4851a1d" />
    <TestEntry testId="a12b329b-08b5-6b59-03aa-c53e22feb938" executionId="3598a1ef-bc79-4a90-b44c-67da4c3a9cfa" testListId="8c84fa94-04c1-424b-9868-57a2d4851a1d" />
    <TestEntry testId="a18b2fd5-37b0-6e6a-4b4c-5ea126e1e363" executionId="ba5b03ef-6a33-4dc9-a20d-dd768b763e85" testListId="8c84fa94-04c1-424b-9868-57a2d4851a1d" />
    <TestEntry testId="a2dff254-87db-0c1a-d212-e29ddb4c9c2a" executionId="461415fd-a76c-4df3-b530-09acf20ae2e1" testListId="8c84fa94-04c1-424b-9868-57a2d4851a1d" />
    <TestEntry testId="a987a908-01f9-9386-23e7-287a5d2d2721" executionId="9e69b2c6-f3b3-4abe-b73f-cfee073913a0" testListId="8c84fa94-04c1-424b-9868-57a2d4851a1d" />
    <TestEntry testId="adc509e9-affb-9f01-6b95-6ee65c98cc92" executionId="ca4daa34-6810-4607-a32e-67ca353e9b0d" testListId="8c84fa94-04c1-424b-9868-57a2d4851a1d" />
    <TestEntry testId="ae084a0c-31eb-5c20-b099-0846b8b538da" executionId="a53a4b95-9148-4b5e-848c-bdbe40b4c0fd" testListId="8c84fa94-04c1-424b-9868-57a2d4851a1d" />
    <TestEntry testId="afd310cb-a782-bc2d-cdd4-0a91a0a340d8" executionId="98accfe1-b7d2-42fb-ba50-da3a3d289584" testListId="8c84fa94-04c1-424b-9868-57a2d4851a1d" />
    <TestEntry testId="b719406f-6c30-5234-e237-f3d1a5baaeb0" executionId="4c1a517e-2b5d-4ac9-aea6-5b128055a2e4" testListId="8c84fa94-04c1-424b-9868-57a2d4851a1d" />
    <TestEntry testId="bed40777-36e8-1a5f-572d-4860c464f507" executionId="7aaa58b4-b3b9-4f78-9113-7cfa5ab092e7" testListId="8c84fa94-04c1-424b-9868-57a2d4851a1d" />
    <TestEntry testId="c1669bf6-729e-d796-c7d9-f9b5c8ff2007" executionId="1b388953-2698-4f94-8dc9-1b652587ccd0" testListId="8c84fa94-04c1-424b-9868-57a2d4851a1d" />
    <TestEntry testId="c40c928e-c2ab-8b88-578e-d7b35f81b083" executionId="0e3666bb-3a02-4dbb-accc-aa1a7eced242" testListId="8c84fa94-04c1-424b-9868-57a2d4851a1d" />
    <TestEntry testId="cbafd4a2-ae21-bce8-59ea-f0278726e860" executionId="1d64d372-510a-4b9c-9f6e-f7850cff06f7" testListId="8c84fa94-04c1-424b-9868-57a2d4851a1d" />
    <TestEntry testId="cfac802b-3c1b-a198-432f-c77278e8ca81" executionId="9e68bd88-f3f9-402b-b5bd-059b20960044" testListId="8c84fa94-04c1-424b-9868-57a2d4851a1d" />
    <TestEntry testId="d004ffc2-a7fb-16d7-64d4-41782226b827" executionId="f85150f9-155a-4b9e-880d-5de13cd73f8a" testListId="8c84fa94-04c1-424b-9868-57a2d4851a1d" />
    <TestEntry testId="d0e63026-bde2-5483-a0a6-1e0d01a2dac2" executionId="dd4d1d42-cbbb-4202-a21b-463d45217180" testListId="8c84fa94-04c1-424b-9868-57a2d4851a1d" />
    <TestEntry testId="d6375a5d-a98c-9cb0-66a2-ad7be1e40c67" executionId="d7c54546-d315-4b48-af2e-f64abbc75df9" testListId="8c84fa94-04c1-424b-9868-57a2d4851a1d" />
    <TestEntry testId="d6a120d8-083b-ca56-9c06-19e373b8321f" executionId="57867fc4-aaa2-4383-91d6-2bcde7651d6c" testListId="8c84fa94-04c1-424b-9868-57a2d4851a1d" />
    <TestEntry testId="d7721e2b-d839-f8ea-3513-be426faed8ef" executionId="b9b0d06f-6152-48d3-8145-2f5170ec60c5" testListId="8c84fa94-04c1-424b-9868-57a2d4851a1d" />
    <TestEntry testId="d7dddf5a-bb0d-6bd1-cbdd-40ea5a1d7ae6" executionId="da978864-dc6e-4340-bda2-e1e6e573fd76" testListId="8c84fa94-04c1-424b-9868-57a2d4851a1d" />
    <TestEntry testId="e1ecfc94-2f7f-bdaf-64db-951e119da34c" executionId="61bf235a-511f-4790-9b41-be9ef62f668b" testListId="8c84fa94-04c1-424b-9868-57a2d4851a1d" />
    <TestEntry testId="e57f470c-5af0-0d55-6cfd-5233256e7a58" executionId="02701e96-3959-434a-b93a-acda7d7c8802" testListId="8c84fa94-04c1-424b-9868-57a2d4851a1d" />
    <TestEntry testId="e7dc0839-3e08-ca22-1bcf-28b384668706" executionId="a92a3717-32f3-4a5e-b436-2fc4b6308f3f" testListId="8c84fa94-04c1-424b-9868-57a2d4851a1d" />
    <TestEntry testId="e831cd49-aad3-3977-9cbe-2178181315bc" executionId="199100cc-06a5-4125-8300-b4748cae6177" testListId="8c84fa94-04c1-424b-9868-57a2d4851a1d" />
    <TestEntry testId="eaad3cd9-fd8f-295f-72bd-25c259084926" executionId="c6909452-3bbd-4c30-8460-1571af13c3a7" testListId="8c84fa94-04c1-424b-9868-57a2d4851a1d" />
    <TestEntry testId="eaba3772-7490-203e-d483-62bb0c779f54" executionId="0f46e398-c83d-4df6-bc87-02baa6434d63" testListId="8c84fa94-04c1-424b-9868-57a2d4851a1d" />
    <TestEntry testId="ee09e89e-c9b7-1b79-838a-49d7d7834303" executionId="862f94dc-ede4-4cf9-a971-7a592dd6125c" testListId="8c84fa94-04c1-424b-9868-57a2d4851a1d" />
    <TestEntry testId="ee180b0c-7542-d07d-8952-4dbe1fcee3f4" executionId="07cba0af-d931-4382-aa35-570647c73085" testListId="8c84fa94-04c1-424b-9868-57a2d4851a1d" />
    <TestEntry testId="eec3d1a0-bdb1-2f1e-d1b3-e4c125c7a7c7" executionId="a0e87ea6-2259-4ca7-8abd-fdcb1bb495d3" testListId="8c84fa94-04c1-424b-9868-57a2d4851a1d" />
    <TestEntry testId="f84a9ebc-fda5-bcb9-1c69-429549673faf" executionId="eef5e59b-22e0-4b05-95ee-78d2cb2319fd" testListId="8c84fa94-04c1-424b-9868-57a2d4851a1d" />
  </TestEntries>
  <Results>
    <UnitTestResult executionId="c7cbfe3a-cf30-4710-b2ae-e8c602e12727" testId="104c4423-8e1a-52dd-da15-87ebe2cc2b3c" testName="StatusInfo_CheckEncodeAndDecode" computerName="SWCMACBOOKWIN7" duration="00:00:00.0147198" startTime="2014-03-17T13:03:03.7640000-06:00" endTime="2014-03-17T13:03:04.0110000-06:00" testType="13cdc9d9-ddb5-4fa4-a97d-d965ccfc6d4b" outcome="Passed" testListId="8c84fa94-04c1-424b-9868-57a2d4851a1d" relativeResultsDirectory="c7cbfe3a-cf30-4710-b2ae-e8c602e12727">
    </UnitTestResult>
    <UnitTestResult executionId="e6d49904-9780-421d-91eb-852bb769f810" testId="226bba76-e22a-47aa-054a-7d7fb626af9a" testName="PlayingFieldLayout_CheckEncodeAndDecode" computerName="SWCMACBOOKWIN7" duration="00:00:00.0016363" startTime="2014-03-17T13:03:04.0220000-06:00" endTime="2014-03-17T13:03:04.0270000-06:00" testType="13cdc9d9-ddb5-4fa4-a97d-d965ccfc6d4b" outcome="Passed" testListId="8c84fa94-04c1-424b-9868-57a2d4851a1d" relativeResultsDirectory="e6d49904-9780-421d-91eb-852bb769f810">
    </UnitTestResult>
    <UnitTestResult executionId="19d9e1b9-078b-49c1-bb20-49e8e392e68d" testId="2a250804-8c18-c7c5-ba85-2ed591639168" testName="JoinGame_Properties" computerName="SWCMACBOOKWIN7" duration="00:00:00.0159276" startTime="2014-03-17T13:03:04.0290000-06:00" endTime="2014-03-17T13:03:04.2680000-06:00" testType="13cdc9d9-ddb5-4fa4-a97d-d965ccfc6d4b" outcome="Passed" testListId="8c84fa94-04c1-424b-9868-57a2d4851a1d" relativeResultsDirectory="19d9e1b9-078b-49c1-bb20-49e8e392e68d">
    </UnitTestResult>
    <UnitTestResult executionId="f557ca9f-be52-432e-ae8d-81eebae75f5d" testId="356db149-e08f-7478-b5b9-9ac463b36ca9" testName="AgentList_CheckConstructors" computerName="SWCMACBOOKWIN7" duration="00:00:00.0004687" startTime="2014-03-17T13:03:04.2790000-06:00" endTime="2014-03-17T13:03:04.2820000-06:00" testType="13cdc9d9-ddb5-4fa4-a97d-d965ccfc6d4b" outcome="Passed" testListId="8c84fa94-04c1-424b-9868-57a2d4851a1d" relativeResultsDirectory="f557ca9f-be52-432e-ae8d-81eebae75f5d">
    </UnitTestResult>
    <UnitTestResult executionId="fb3a3ded-fdc6-44e5-a054-15a9f609c448" testId="364e2c22-097c-ca5c-f8e6-b251f152eca6" testName="TickTester_CheckEncodeDecode" computerName="SWCMACBOOKWIN7" duration="00:00:00.0019302" startTime="2014-03-17T13:03:04.2860000-06:00" endTime="2014-03-17T13:03:04.2910000-06:00" testType="13cdc9d9-ddb5-4fa4-a97d-d965ccfc6d4b" outcome="Passed" testListId="8c84fa94-04c1-424b-9868-57a2d4851a1d" relativeResultsDirectory="fb3a3ded-fdc6-44e5-a054-15a9f609c448">
    </UnitTestResult>
    <UnitTestResult executionId="45cb20ea-ed3c-46de-b361-3d0202ee8460" testId="3fea3050-f5d6-363c-4b3d-01d4c84aab70" testName="PlayingFieldLayout_CheckProperties" computerName="SWCMACBOOKWIN7" duration="00:00:00.0002733" startTime="2014-03-17T13:03:04.2920000-06:00" endTime="2014-03-17T13:03:04.2950000-06:00" testType="13cdc9d9-ddb5-4fa4-a97d-d965ccfc6d4b" outcome="Passed" testListId="8c84fa94-04c1-424b-9868-57a2d4851a1d" relativeResultsDirectory="45cb20ea-ed3c-46de-b361-3d0202ee8460">
    </UnitTestResult>
    <UnitTestResult executionId="801379ab-1114-4ad3-b85d-875b41837f26" testId="4d9613ef-edcc-fbbe-37ff-ef27d7e93fda" testName="ByteList_WriteAndAddMethods" computerName="SWCMACBOOKWIN7" duration="00:00:00.0017022" startTime="2014-03-17T13:03:04.2970000-06:00" endTime="2014-03-17T13:03:04.3000000-06:00" testType="13cdc9d9-ddb5-4fa4-a97d-d965ccfc6d4b" outcome="Passed" testListId="8c84fa94-04c1-424b-9868-57a2d4851a1d" relativeResultsDirectory="801379ab-1114-4ad3-b85d-875b41837f26">
    </UnitTestResult>
    <UnitTestResult executionId="03d73d05-2818-47df-b7a5-55bdacf39f2e" testId="507519cd-90aa-7a27-5b1e-0972c3d12269" testName="TickTester_CheckConstructors" computerName="SWCMACBOOKWIN7" duration="00:00:00.0002664" startTime="2014-03-17T13:03:04.3010000-06:00" endTime="2014-03-17T13:03:04.3060000-06:00" testType="13cdc9d9-ddb5-4fa4-a97d-d965ccfc6d4b" outcome="Passed" testListId="8c84fa94-04c1-424b-9868-57a2d4851a1d" relativeResultsDirectory="03d73d05-2818-47df-b7a5-55bdacf39f2e">
    </UnitTestResult>
    <UnitTestResult executionId="99f6c9ae-6b4b-44be-8fbd-b1622a015581" testId="5c61ce7d-c870-b77b-416d-32ca3192646b" testName="EndPoint_CheckEncodeAndDecode" computerName="SWCMACBOOKWIN7" duration="00:00:00.0011680" startTime="2014-03-17T13:03:04.3070000-06:00" endTime="2014-03-17T13:03:04.3130000-06:00" testType="13cdc9d9-ddb5-4fa4-a97d-d965ccfc6d4b" outcome="Passed" testListId="8c84fa94-04c1-424b-9868-57a2d4851a1d" relativeResultsDirectory="99f6c9ae-6b4b-44be-8fbd-b1622a015581">
    </UnitTestResult>
    <UnitTestResult executionId="8f56e45b-dfff-46cf-a39c-31e59cae554e" testId="5dc13c08-9307-4d94-c22f-dc70f60ff32f" testName="GameConfiguration_CheckConstructors" computerName="SWCMACBOOKWIN7" duration="00:00:00.0027189" startTime="2014-03-17T13:03:04.3150000-06:00" endTime="2014-03-17T13:03:04.3200000-06:00" testType="13cdc9d9-ddb5-4fa4-a97d-d965ccfc6d4b" outcome="Passed" testListId="8c84fa94-04c1-424b-9868-57a2d4851a1d" relativeResultsDirectory="8f56e45b-dfff-46cf-a39c-31e59cae554e">
    </UnitTestResult>
    <UnitTestResult executionId="6be28d7b-a28e-4164-b96c-97d7f6b5ca17" testId="63ed64ee-6209-0958-7de8-d968e87d1d45" testName="GameConfiguration_CheckProperties" computerName="SWCMACBOOKWIN7" duration="00:00:00.0006997" startTime="2014-03-17T13:03:04.3230000-06:00" endTime="2014-03-17T13:03:04.3260000-06:00" testType="13cdc9d9-ddb5-4fa4-a97d-d965ccfc6d4b" outcome="Passed" testListId="8c84fa94-04c1-424b-9868-57a2d4851a1d" relativeResultsDirectory="6be28d7b-a28e-4164-b96c-97d7f6b5ca17">
    </UnitTestResult>
    <UnitTestResult executionId="52d7538e-11fd-4af2-83eb-c05bf06c5c7d" testId="663fbe27-d6e2-e0fc-db8a-f3f5ba6779a5" testName="EndPoint_CheckConstructors" computerName="SWCMACBOOKWIN7" duration="00:00:00.0003569" startTime="2014-03-17T13:03:04.3270000-06:00" endTime="2014-03-17T13:03:04.3300000-06:00" testType="13cdc9d9-ddb5-4fa4-a97d-d965ccfc6d4b" outcome="Passed" testListId="8c84fa94-04c1-424b-9868-57a2d4851a1d" relativeResultsDirectory="52d7538e-11fd-4af2-83eb-c05bf06c5c7d">
    </UnitTestResult>
    <UnitTestResult executionId="686c09a6-d1a0-4f44-a847-27b44c5869e7" testId="733d2fea-55c2-0731-4fe1-8c3f0f1568bf" testName="EndPoint_CheckPropertiesAndMethods" computerName="SWCMACBOOKWIN7" duration="00:00:00.0011158" startTime="2014-03-17T13:03:04.3310000-06:00" endTime="2014-03-17T13:03:04.3350000-06:00" testType="13cdc9d9-ddb5-4fa4-a97d-d965ccfc6d4b" outcome="Passed" testListId="8c84fa94-04c1-424b-9868-57a2d4851a1d" relativeResultsDirectory="686c09a6-d1a0-4f44-a847-27b44c5869e7">
    </UnitTestResult>
    <UnitTestResult executionId="b200db8e-940a-405f-9d0f-cca041747657" testId="817e069b-b533-1822-e239-f8570024b19a" testName="AckNak_CheckEncodeDecode" computerName="SWCMACBOOKWIN7" duration="00:00:00.0094060" startTime="2014-03-17T13:03:04.3380000-06:00" endTime="2014-03-17T13:03:04.3490000-06:00" testType="13cdc9d9-ddb5-4fa4-a97d-d965ccfc6d4b" outcome="Passed" testListId="8c84fa94-04c1-424b-9868-57a2d4851a1d" relativeResultsDirectory="b200db8e-940a-405f-9d0f-cca041747657">
    </UnitTestResult>
    <UnitTestResult executionId="e18e7bb4-73e7-49a5-a5a6-ab58fc7f8f89" testId="86c3602d-89bd-614c-0bbc-efb4c79b7da3" testName="ByteList_OtherPublicMethods" computerName="SWCMACBOOKWIN7" duration="00:00:00.0000904" startTime="2014-03-17T13:03:04.3510000-06:00" endTime="2014-03-17T13:03:04.3540000-06:00" testType="13cdc9d9-ddb5-4fa4-a97d-d965ccfc6d4b" outcome="Passed" testListId="8c84fa94-04c1-424b-9868-57a2d4851a1d" relativeResultsDirectory="e18e7bb4-73e7-49a5-a5a6-ab58fc7f8f89">
    </UnitTestResult>
    <UnitTestResult executionId="9e61f38f-242d-4c5b-8299-350ec35e5337" testId="90ba25dc-448d-9b84-8883-7173c0fe93b8" testName="FieldLocation_CheckProperties" computerName="SWCMACBOOKWIN7" duration="00:00:00.0005962" startTime="2014-03-17T13:03:04.3560000-06:00" endTime="2014-03-17T13:03:04.3590000-06:00" testType="13cdc9d9-ddb5-4fa4-a97d-d965ccfc6d4b" outcome="Passed" testListId="8c84fa94-04c1-424b-9868-57a2d4851a1d" relativeResultsDirectory="9e61f38f-242d-4c5b-8299-350ec35e5337">
    </UnitTestResult>
    <UnitTestResult executionId="a935b32d-99cf-49fc-9727-3f7c109a6d1c" testId="9904ba65-a649-09ff-0ef0-c2c56c4e27fc" testName="Bomb_CheckProperties" computerName="SWCMACBOOKWIN7" duration="00:00:00.0015790" startTime="2014-03-17T13:03:04.3610000-06:00" endTime="2014-03-17T13:03:04.3650000-06:00" testType="13cdc9d9-ddb5-4fa4-a97d-d965ccfc6d4b" outcome="Passed" testListId="8c84fa94-04c1-424b-9868-57a2d4851a1d" relativeResultsDirectory="a935b32d-99cf-49fc-9727-3f7c109a6d1c">
    </UnitTestResult>
    <UnitTestResult executionId="3598a1ef-bc79-4a90-b44c-67da4c3a9cfa" testId="a12b329b-08b5-6b59-03aa-c53e22feb938" testName="AgentList_CheckEncodeAndDecode" computerName="SWCMACBOOKWIN7" duration="00:00:00.0026109" startTime="2014-03-17T13:03:04.3660000-06:00" endTime="2014-03-17T13:03:04.3710000-06:00" testType="13cdc9d9-ddb5-4fa4-a97d-d965ccfc6d4b" outcome="Passed" testListId="8c84fa94-04c1-424b-9868-57a2d4851a1d" relativeResultsDirectory="3598a1ef-bc79-4a90-b44c-67da4c3a9cfa">
    </UnitTestResult>
    <UnitTestResult executionId="ba5b03ef-6a33-4dc9-a20d-dd768b763e85" testId="a18b2fd5-37b0-6e6a-4b4c-5ea126e1e363" testName="JoinGame_TestConstructorsAndFactories" computerName="SWCMACBOOKWIN7" duration="00:00:00.0026009" startTime="2014-03-17T13:03:04.3730000-06:00" endTime="2014-03-17T13:03:04.3780000-06:00" testType="13cdc9d9-ddb5-4fa4-a97d-d965ccfc6d4b" outcome="Passed" testListId="8c84fa94-04c1-424b-9868-57a2d4851a1d" relativeResultsDirectory="ba5b03ef-6a33-4dc9-a20d-dd768b763e85">
    </UnitTestResult>
    <UnitTestResult executionId="461415fd-a76c-4df3-b530-09acf20ae2e1" testId="a2dff254-87db-0c1a-d212-e29ddb4c9c2a" testName="FieldLocation_CheckEncodeDecode" computerName="SWCMACBOOKWIN7" duration="00:00:00.0003259" startTime="2014-03-17T13:03:04.3800000-06:00" endTime="2014-03-17T13:03:04.3830000-06:00" testType="13cdc9d9-ddb5-4fa4-a97d-d965ccfc6d4b" outcome="Passed" testListId="8c84fa94-04c1-424b-9868-57a2d4851a1d" relativeResultsDirectory="461415fd-a76c-4df3-b530-09acf20ae2e1">
    </UnitTestResult>
    <UnitTestResult executionId="9e69b2c6-f3b3-4abe-b73f-cfee073913a0" testId="a987a908-01f9-9386-23e7-287a5d2d2721" testName="WhiningSpinner_CheckConstructors" computerName="SWCMACBOOKWIN7" duration="00:00:00.0005645" startTime="2014-03-17T13:03:04.3850000-06:00" endTime="2014-03-17T13:03:04.3880000-06:00" testType="13cdc9d9-ddb5-4fa4-a97d-d965ccfc6d4b" outcome="Passed" testListId="8c84fa94-04c1-424b-9868-57a2d4851a1d" relativeResultsDirectory="9e69b2c6-f3b3-4abe-b73f-cfee073913a0">
    </UnitTestResult>
    <UnitTestResult executionId="ca4daa34-6810-4607-a32e-67ca353e9b0d" testId="adc509e9-affb-9f01-6b95-6ee65c98cc92" testName="WhiningSpinner_CheckEncodeAndDecode" computerName="SWCMACBOOKWIN7" duration="00:00:00.0016393" startTime="2014-03-17T13:03:04.3890000-06:00" endTime="2014-03-17T13:03:04.3940000-06:00" testType="13cdc9d9-ddb5-4fa4-a97d-d965ccfc6d4b" outcome="Passed" testListId="8c84fa94-04c1-424b-9868-57a2d4851a1d" relativeResultsDirectory="ca4daa34-6810-4607-a32e-67ca353e9b0d">
    </UnitTestResult>
    <UnitTestResult executionId="a53a4b95-9148-4b5e-848c-bdbe40b4c0fd" testId="ae084a0c-31eb-5c20-b099-0846b8b538da" testName="JoinGame_EncodingAndDecoding" computerName="SWCMACBOOKWIN7" duration="00:00:00.0004239" startTime="2014-03-17T13:03:04.3970000-06:00" endTime="2014-03-17T13:03:04.3990000-06:00" testType="13cdc9d9-ddb5-4fa4-a97d-d965ccfc6d4b" outcome="Passed" testListId="8c84fa94-04c1-424b-9868-57a2d4851a1d" relativeResultsDirectory="a53a4b95-9148-4b5e-848c-bdbe40b4c0fd">
    </UnitTestResult>
    <UnitTestResult executionId="98accfe1-b7d2-42fb-ba50-da3a3d289584" testId="afd310cb-a782-bc2d-cdd4-0a91a0a340d8" testName="PlayingFieldLayout_CheckConstructors" computerName="SWCMACBOOKWIN7" duration="00:00:00.0002053" startTime="2014-03-17T13:03:04.4010000-06:00" endTime="2014-03-17T13:03:04.4030000-06:00" testType="13cdc9d9-ddb5-4fa4-a97d-d965ccfc6d4b" outcome="Passed" testListId="8c84fa94-04c1-424b-9868-57a2d4851a1d" relativeResultsDirectory="98accfe1-b7d2-42fb-ba50-da3a3d289584">
    </UnitTestResult>
    <UnitTestResult executionId="4c1a517e-2b5d-4ac9-aea6-5b128055a2e4" testId="b719406f-6c30-5234-e237-f3d1a5baaeb0" testName="AgentInfo_CheckConstructors" computerName="SWCMACBOOKWIN7" duration="00:00:00.0007015" startTime="2014-03-17T13:03:04.4050000-06:00" endTime="2014-03-17T13:03:04.4110000-06:00" testType="13cdc9d9-ddb5-4fa4-a97d-d965ccfc6d4b" outcome="Passed" testListId="8c84fa94-04c1-424b-9868-57a2d4851a1d" relativeResultsDirectory="4c1a517e-2b5d-4ac9-aea6-5b128055a2e4">
    </UnitTestResult>
    <UnitTestResult executionId="7aaa58b4-b3b9-4f78-9113-7cfa5ab092e7" testId="bed40777-36e8-1a5f-572d-4860c464f507" testName="GameInfo_TestEverything" computerName="SWCMACBOOKWIN7" duration="00:00:00.0026894" startTime="2014-03-17T13:03:04.4120000-06:00" endTime="2014-03-17T13:03:04.4170000-06:00" testType="13cdc9d9-ddb5-4fa4-a97d-d965ccfc6d4b" outcome="Passed" testListId="8c84fa94-04c1-424b-9868-57a2d4851a1d" relativeResultsDirectory="7aaa58b4-b3b9-4f78-9113-7cfa5ab092e7">
    </UnitTestResult>
    <UnitTestResult executionId="1b388953-2698-4f94-8dc9-1b652587ccd0" testId="c1669bf6-729e-d796-c7d9-f9b5c8ff2007" testName="Excuse_CheckProperties" computerName="SWCMACBOOKWIN7" duration="00:00:00.0008096" startTime="2014-03-17T13:03:04.4220000-06:00" endTime="2014-03-17T13:03:04.4250000-06:00" testType="13cdc9d9-ddb5-4fa4-a97d-d965ccfc6d4b" outcome="Passed" testListId="8c84fa94-04c1-424b-9868-57a2d4851a1d" relativeResultsDirectory="1b388953-2698-4f94-8dc9-1b652587ccd0">
    </UnitTestResult>
    <UnitTestResult executionId="0e3666bb-3a02-4dbb-accc-aa1a7eced242" testId="c40c928e-c2ab-8b88-578e-d7b35f81b083" testName="Bomb_CheckConstructors" computerName="SWCMACBOOKWIN7" duration="00:00:00.0004616" startTime="2014-03-17T13:03:04.4340000-06:00" endTime="2014-03-17T13:03:04.4380000-06:00" testType="13cdc9d9-ddb5-4fa4-a97d-d965ccfc6d4b" outcome="Passed" testListId="8c84fa94-04c1-424b-9868-57a2d4851a1d" relativeResultsDirectory="0e3666bb-3a02-4dbb-accc-aa1a7eced242">
    </UnitTestResult>
    <UnitTestResult executionId="1d64d372-510a-4b9c-9f6e-f7850cff06f7" testId="cbafd4a2-ae21-bce8-59ea-f0278726e860" testName="TickTester_CheckProperties" computerName="SWCMACBOOKWIN7" duration="00:00:00.0001771" startTime="2014-03-17T13:03:04.4400000-06:00" endTime="2014-03-17T13:03:04.4420000-06:00" testType="13cdc9d9-ddb5-4fa4-a97d-d965ccfc6d4b" outcome="Passed" testListId="8c84fa94-04c1-424b-9868-57a2d4851a1d" relativeResultsDirectory="1d64d372-510a-4b9c-9f6e-f7850cff06f7">
    </UnitTestResult>
    <UnitTestResult executionId="9e68bd88-f3f9-402b-b5bd-059b20960044" testId="cfac802b-3c1b-a198-432f-c77278e8ca81" testName="ByteList_GetMethods" computerName="SWCMACBOOKWIN7" duration="00:00:00.0000922" startTime="2014-03-17T13:03:04.4450000-06:00" endTime="2014-03-17T13:03:04.4490000-06:00" testType="13cdc9d9-ddb5-4fa4-a97d-d965ccfc6d4b" outcome="Passed" testListId="8c84fa94-04c1-424b-9868-57a2d4851a1d" relativeResultsDirectory="9e68bd88-f3f9-402b-b5bd-059b20960044">
    </UnitTestResult>
    <UnitTestResult executionId="f85150f9-155a-4b9e-880d-5de13cd73f8a" testId="d004ffc2-a7fb-16d7-64d4-41782226b827" testName="AgentInfo_CheckProperties" computerName="SWCMACBOOKWIN7" duration="00:00:00.0119820" startTime="2014-03-17T13:03:04.4510000-06:00" endTime="2014-03-17T13:03:04.4670000-06:00" testType="13cdc9d9-ddb5-4fa4-a97d-d965ccfc6d4b" outcome="Failed" testListId="8c84fa94-04c1-424b-9868-57a2d4851a1d" relativeResultsDirectory="f85150f9-155a-4b9e-880d-5de13cd73f8a">
      <Output>
        <ErrorInfo>
          <Message>Assert.AreEqual failed. Expected:&lt;Johes&gt;. Actual:&lt;Jones&gt;. </Message>
          <StackTrace>   at CommonTester.AgentInfoTester.AgentInfo_CheckProperties() in \\psf\Home\Seafile\USU\Classes\cs5200f14\Homework\InstructorSolution\BSvZP-Common\CommonTester\AgentInfoTester.cs:line 65
</StackTrace>
        </ErrorInfo>
      </Output>
    </UnitTestResult>
    <UnitTestResult executionId="dd4d1d42-cbbb-4202-a21b-463d45217180" testId="d0e63026-bde2-5483-a0a6-1e0d01a2dac2" testName="WhiningSpinner_CheckProperties" computerName="SWCMACBOOKWIN7" duration="00:00:00.0004399" startTime="2014-03-17T13:03:04.4690000-06:00" endTime="2014-03-17T13:03:04.4770000-06:00" testType="13cdc9d9-ddb5-4fa4-a97d-d965ccfc6d4b" outcome="Passed" testListId="8c84fa94-04c1-424b-9868-57a2d4851a1d" relativeResultsDirectory="dd4d1d42-cbbb-4202-a21b-463d45217180">
    </UnitTestResult>
    <UnitTestResult executionId="d7c54546-d315-4b48-af2e-f64abbc75df9" testId="d6375a5d-a98c-9cb0-66a2-ad7be1e40c67" testName="ByteList_IndexOperator" computerName="SWCMACBOOKWIN7" duration="00:00:00.0020932" startTime="2014-03-17T13:03:04.4800000-06:00" endTime="2014-03-17T13:03:04.4850000-06:00" testType="13cdc9d9-ddb5-4fa4-a97d-d965ccfc6d4b" outcome="Passed" testListId="8c84fa94-04c1-424b-9868-57a2d4851a1d" relativeResultsDirectory="d7c54546-d315-4b48-af2e-f64abbc75df9">
    </UnitTestResult>
    <UnitTestResult executionId="57867fc4-aaa2-4383-91d6-2bcde7651d6c" testId="d6a120d8-083b-ca56-9c06-19e373b8321f" testName="ByteList_TestConstuctors" computerName="SWCMACBOOKWIN7" duration="00:00:00.0006910" startTime="2014-03-17T13:03:04.4880000-06:00" endTime="2014-03-17T13:03:04.4920000-06:00" testType="13cdc9d9-ddb5-4fa4-a97d-d965ccfc6d4b" outcome="Passed" testListId="8c84fa94-04c1-424b-9868-57a2d4851a1d" relativeResultsDirectory="57867fc4-aaa2-4383-91d6-2bcde7651d6c">
    </UnitTestResult>
    <UnitTestResult executionId="b9b0d06f-6152-48d3-8145-2f5170ec60c5" testId="d7721e2b-d839-f8ea-3513-be426faed8ef" testName="Excuse_CheckConstructors" computerName="SWCMACBOOKWIN7" duration="00:00:00.0004053" startTime="2014-03-17T13:03:04.4940000-06:00" endTime="2014-03-17T13:03:04.4960000-06:00" testType="13cdc9d9-ddb5-4fa4-a97d-d965ccfc6d4b" outcome="Passed" testListId="8c84fa94-04c1-424b-9868-57a2d4851a1d" relativeResultsDirectory="b9b0d06f-6152-48d3-8145-2f5170ec60c5">
    </UnitTestResult>
    <UnitTestResult executionId="da978864-dc6e-4340-bda2-e1e6e573fd76" testId="d7dddf5a-bb0d-6bd1-cbdd-40ea5a1d7ae6" testName="StatusInfo_CheckProperties" computerName="SWCMACBOOKWIN7" duration="00:00:00.0003587" startTime="2014-03-17T13:03:04.4980000-06:00" endTime="2014-03-17T13:03:04.5020000-06:00" testType="13cdc9d9-ddb5-4fa4-a97d-d965ccfc6d4b" outcome="Passed" testListId="8c84fa94-04c1-424b-9868-57a2d4851a1d" relativeResultsDirectory="da978864-dc6e-4340-bda2-e1e6e573fd76">
    </UnitTestResult>
    <UnitTestResult executionId="61bf235a-511f-4790-9b41-be9ef62f668b" testId="e1ecfc94-2f7f-bdaf-64db-951e119da34c" testName="AckNak_CheckConstructorsAndFactories" computerName="SWCMACBOOKWIN7" duration="00:00:00.0011914" startTime="2014-03-17T13:03:04.5040000-06:00" endTime="2014-03-17T13:03:04.5070000-06:00" testType="13cdc9d9-ddb5-4fa4-a97d-d965ccfc6d4b" outcome="Passed" testListId="8c84fa94-04c1-424b-9868-57a2d4851a1d" relativeResultsDirectory="61bf235a-511f-4790-9b41-be9ef62f668b">
    </UnitTestResult>
    <UnitTestResult executionId="02701e96-3959-434a-b93a-acda7d7c8802" testId="e57f470c-5af0-0d55-6cfd-5233256e7a58" testName="AckNak_CheckProperties" computerName="SWCMACBOOKWIN7" duration="00:00:00.0003799" startTime="2014-03-17T13:03:04.5090000-06:00" endTime="2014-03-17T13:03:04.5180000-06:00" testType="13cdc9d9-ddb5-4fa4-a97d-d965ccfc6d4b" outcome="Passed" testListId="8c84fa94-04c1-424b-9868-57a2d4851a1d" relativeResultsDirectory="02701e96-3959-434a-b93a-acda7d7c8802">
    </UnitTestResult>
    <UnitTestResult executionId="a92a3717-32f3-4a5e-b436-2fc4b6308f3f" testId="e7dc0839-3e08-ca22-1bcf-28b384668706" testName="StatusInfo_CheckConstructors" computerName="SWCMACBOOKWIN7" duration="00:00:00.0004369" startTime="2014-03-17T13:03:04.5200000-06:00" endTime="2014-03-17T13:03:04.5290000-06:00" testType="13cdc9d9-ddb5-4fa4-a97d-d965ccfc6d4b" outcome="Passed" testListId="8c84fa94-04c1-424b-9868-57a2d4851a1d" relativeResultsDirectory="a92a3717-32f3-4a5e-b436-2fc4b6308f3f">
    </UnitTestResult>
    <UnitTestResult executionId="199100cc-06a5-4125-8300-b4748cae6177" testId="e831cd49-aad3-3977-9cbe-2178181315bc" testName="AgentList_CheckProperties" computerName="SWCMACBOOKWIN7" duration="00:00:00.0006086" startTime="2014-03-17T13:03:04.5320000-06:00" endTime="2014-03-17T13:03:04.5350000-06:00" testType="13cdc9d9-ddb5-4fa4-a97d-d965ccfc6d4b" outcome="Passed" testListId="8c84fa94-04c1-424b-9868-57a2d4851a1d" relativeResultsDirectory="199100cc-06a5-4125-8300-b4748cae6177">
    </UnitTestResult>
    <UnitTestResult executionId="c6909452-3bbd-4c30-8460-1571af13c3a7" testId="eaad3cd9-fd8f-295f-72bd-25c259084926" testName="Bomb_CheckEncodeAndDecode" computerName="SWCMACBOOKWIN7" duration="00:00:00.0021548" startTime="2014-03-17T13:03:04.5370000-06:00" endTime="2014-03-17T13:03:04.5410000-06:00" testType="13cdc9d9-ddb5-4fa4-a97d-d965ccfc6d4b" outcome="Passed" testListId="8c84fa94-04c1-424b-9868-57a2d4851a1d" relativeResultsDirectory="c6909452-3bbd-4c30-8460-1571af13c3a7">
    </UnitTestResult>
    <UnitTestResult executionId="0f46e398-c83d-4df6-bc87-02baa6434d63" testId="eaba3772-7490-203e-d483-62bb0c779f54" testName="TickTester_CheckOtherMethods" computerName="SWCMACBOOKWIN7" duration="00:00:00.0002496" startTime="2014-03-17T13:03:04.5430000-06:00" endTime="2014-03-17T13:03:04.5450000-06:00" testType="13cdc9d9-ddb5-4fa4-a97d-d965ccfc6d4b" outcome="Passed" testListId="8c84fa94-04c1-424b-9868-57a2d4851a1d" relativeResultsDirectory="0f46e398-c83d-4df6-bc87-02baa6434d63">
    </UnitTestResult>
    <UnitTestResult executionId="862f94dc-ede4-4cf9-a971-7a592dd6125c" testId="ee09e89e-c9b7-1b79-838a-49d7d7834303" testName="FieldLocation_CheckContructors" computerName="SWCMACBOOKWIN7" duration="00:00:00.0007047" startTime="2014-03-17T13:03:04.5460000-06:00" endTime="2014-03-17T13:03:04.5500000-06:00" testType="13cdc9d9-ddb5-4fa4-a97d-d965ccfc6d4b" outcome="Passed" testListId="8c84fa94-04c1-424b-9868-57a2d4851a1d" relativeResultsDirectory="862f94dc-ede4-4cf9-a971-7a592dd6125c">
    </UnitTestResult>
    <UnitTestResult executionId="07cba0af-d931-4382-aa35-570647c73085" testId="ee180b0c-7542-d07d-8952-4dbe1fcee3f4" testName="GameConfiguration_CheckEncodeAndDecode" computerName="SWCMACBOOKWIN7" duration="00:00:00.0024387" startTime="2014-03-17T13:03:04.5520000-06:00" endTime="2014-03-17T13:03:04.5580000-06:00" testType="13cdc9d9-ddb5-4fa4-a97d-d965ccfc6d4b" outcome="Passed" testListId="8c84fa94-04c1-424b-9868-57a2d4851a1d" relativeResultsDirectory="07cba0af-d931-4382-aa35-570647c73085">
    </UnitTestResult>
    <UnitTestResult executionId="a0e87ea6-2259-4ca7-8abd-fdcb1bb495d3" testId="eec3d1a0-bdb1-2f1e-d1b3-e4c125c7a7c7" testName="AgentInfo_CheckEncodeAndDecode" computerName="SWCMACBOOKWIN7" duration="00:00:00.0006523" startTime="2014-03-17T13:03:04.5600000-06:00" endTime="2014-03-17T13:03:04.5620000-06:00" testType="13cdc9d9-ddb5-4fa4-a97d-d965ccfc6d4b" outcome="Passed" testListId="8c84fa94-04c1-424b-9868-57a2d4851a1d" relativeResultsDirectory="a0e87ea6-2259-4ca7-8abd-fdcb1bb495d3">
    </UnitTestResult>
    <UnitTestResult executionId="eef5e59b-22e0-4b05-95ee-78d2cb2319fd" testId="f84a9ebc-fda5-bcb9-1c69-429549673faf" testName="Excuse_CheckEncodeAndDecode" computerName="SWCMACBOOKWIN7" duration="00:00:00.0010248" startTime="2014-03-17T13:03:04.5640000-06:00" endTime="2014-03-17T13:03:04.5670000-06:00" testType="13cdc9d9-ddb5-4fa4-a97d-d965ccfc6d4b" outcome="Passed" testListId="8c84fa94-04c1-424b-9868-57a2d4851a1d" relativeResultsDirectory="eef5e59b-22e0-4b05-95ee-78d2cb2319fd">
    </UnitTestResult>
  </Results>
</TestRun>