<?xml version="1.0" encoding="UTF-8"?>
<TestRun id="8ec73b08-454b-4c9e-aca3-00ada901d823" name="swc@SWCMACBOOKWIN7 2014-03-17 15:30:27" runUser="SWCMACBOOKWIN7\swc" xmlns="http://microsoft.com/schemas/VisualStudio/TeamTest/2010">
  <TestSettings name="Default Test Settings" id="a9c4f316-e17c-4cc5-85e2-460a1c7198d0">
    <Deployment runDeploymentRoot="swc_SWCMACBOOKWIN7 2014-03-17 15_30_27">
      <DeploymentItem filename="\\psf\Home\Seafile\USU\Classes\cs5200f14\Homework\InstructorSolution\BSvZP-Common\Common\bin\Debug\Common.dll" />
      <DeploymentItem filename="\\psf\Home\Seafile\USU\Classes\cs5200f14\Homework\InstructorSolution\BSvZP-Common\Messages\bin\Debug\Messages.dll" />
    </Deployment>
    <Execution>
      <TestTypeSpecific />
      <AgentRule name="Execution Agents">
      </AgentRule>
    </Execution>
  </TestSettings>
  <Times creation="2014-03-17T15:30:27.4008000-06:00" queuing="2014-03-17T15:30:27.6972000-06:00" start="2014-03-17T15:30:27.7284000-06:00" finish="2014-03-17T15:30:28.5864000-06:00" />
  <ResultSummary outcome="Completed">
    <Counters total="46" executed="46" passed="46" error="0" failed="0" timeout="0" aborted="0" inconclusive="0" passedButRunAborted="0" notRunnable="0" notExecuted="0" disconnected="0" warning="0" completed="0" inProgress="0" pending="0" />
  </ResultSummary>
  <TestDefinitions>
    <UnitTest name="WhiningSpinner_CheckEncodeAndDecode" storage="\\psf\home\seafile\usu\classes\cs5200f14\homework\instructorsolution\bsvzp-common\commontester\bin\debug\commontester.dll" id="adc509e9-affb-9f01-6b95-6ee65c98cc92">
      <Execution id="30f96318-7fa5-40ba-801e-bcfbb0063efb" />
      <TestMethod codeBase="file://psf/Home/Seafile/USU/Classes/cs5200f14/Homework/InstructorSolution/BSvZP-Common/CommonTester/bin/Debug/CommonTester.DLL" adapterTypeName="Microsoft.VisualStudio.TestTools.TestTypes.Unit.UnitTestAdapter, Microsoft.VisualStudio.QualityTools.Tips.UnitTest.Adapter, Version=10.0.0.0, Culture=neutral, PublicKeyToken=b03f5f7f11d50a3a" className="CommonTester.WhiningSpinnerTester, CommonTester, Version=1.0.0.0, Culture=neutral, PublicKeyToken=null" name="WhiningSpinner_CheckEncodeAndDecode" />
    </UnitTest>
    <UnitTest name="AgentInfo_CheckConstructors" storage="\\psf\home\seafile\usu\classes\cs5200f14\homework\instructorsolution\bsvzp-common\commontester\bin\debug\commontester.dll" id="b719406f-6c30-5234-e237-f3d1a5baaeb0">
      <Execution id="8a5d910b-4727-41ea-89ff-f5d756de5912" />
      <TestMethod codeBase="file://psf/Home/Seafile/USU/Classes/cs5200f14/Homework/InstructorSolution/BSvZP-Common/CommonTester/bin/Debug/CommonTester.DLL" adapterTypeName="Microsoft.VisualStudio.TestTools.TestTypes.Unit.UnitTestAdapter, Microsoft.VisualStudio.QualityTools.Tips.UnitTest.Adapter, Version=10.0.0.0, Culture=neutral, PublicKeyToken=b03f5f7f11d50a3a" className="CommonTester.AgentInfoTester, CommonTester, Version=1.0.0.0, Culture=neutral, PublicKeyToken=null" name="AgentInfo_CheckConstructors" />
    </UnitTest>
    <UnitTest name="JoinGame_TestConstructorsAndFactories" storage="\\psf\home\seafile\usu\classes\cs5200f14\homework\instructorsolution\bsvzp-common\messagestester\bin\debug\messagestester.dll" id="a18b2fd5-37b0-6e6a-4b4c-5ea126e1e363">
      <Execution id="1e934fa3-7eaa-45dc-853c-93d35eed5951" />
      <TestMethod codeBase="file://psf/Home/Seafile/USU/Classes/cs5200f14/Homework/InstructorSolution/BSvZP-Common/MessagesTester/bin/Debug/MessagesTester.DLL" adapterTypeName="Microsoft.VisualStudio.TestTools.TestTypes.Unit.UnitTestAdapter, Microsoft.VisualStudio.QualityTools.Tips.UnitTest.Adapter, Version=10.0.0.0, Culture=neutral, PublicKeyToken=b03f5f7f11d50a3a" className="MessagesTester.JoinGameTester, MessagesTester, Version=1.0.0.0, Culture=neutral, PublicKeyToken=null" name="JoinGame_TestConstructorsAndFactories" />
    </UnitTest>
    <UnitTest name="AgentInfo_CheckProperties" storage="\\psf\home\seafile\usu\classes\cs5200f14\homework\instructorsolution\bsvzp-common\commontester\bin\debug\commontester.dll" id="d004ffc2-a7fb-16d7-64d4-41782226b827">
      <Execution id="31d67eb5-7b45-48bc-96fd-f1e588e9b186" />
      <TestMethod codeBase="file://psf/Home/Seafile/USU/Classes/cs5200f14/Homework/InstructorSolution/BSvZP-Common/CommonTester/bin/Debug/CommonTester.DLL" adapterTypeName="Microsoft.VisualStudio.TestTools.TestTypes.Unit.UnitTestAdapter, Microsoft.VisualStudio.QualityTools.Tips.UnitTest.Adapter, Version=10.0.0.0, Culture=neutral, PublicKeyToken=b03f5f7f11d50a3a" className="CommonTester.AgentInfoTester, CommonTester, Version=1.0.0.0, Culture=neutral, PublicKeyToken=null" name="AgentInfo_CheckProperties" />
    </UnitTest>
    <UnitTest name="TickTester_CheckOtherMethods" storage="\\psf\home\seafile\usu\classes\cs5200f14\homework\instructorsolution\bsvzp-common\commontester\bin\debug\commontester.dll" id="eaba3772-7490-203e-d483-62bb0c779f54">
      <Execution id="44e8daae-effb-40d3-997a-8cf774296375" />
      <TestMethod codeBase="file://psf/Home/Seafile/USU/Classes/cs5200f14/Homework/InstructorSolution/BSvZP-Common/CommonTester/bin/Debug/CommonTester.DLL" adapterTypeName="Microsoft.VisualStudio.TestTools.TestTypes.Unit.UnitTestAdapter, Microsoft.VisualStudio.QualityTools.Tips.UnitTest.Adapter, Version=10.0.0.0, Culture=neutral, PublicKeyToken=b03f5f7f11d50a3a" className="CommonTester.TickTester, CommonTester, Version=1.0.0.0, Culture=neutral, PublicKeyToken=null" name="TickTester_CheckOtherMethods" />
    </UnitTest>
    <UnitTest name="Excuse_CheckEncodeAndDecode" storage="\\psf\home\seafile\usu\classes\cs5200f14\homework\instructorsolution\bsvzp-common\commontester\bin\debug\commontester.dll" id="f84a9ebc-fda5-bcb9-1c69-429549673faf">
      <Execution id="9da3d5dc-cfa1-43d2-990f-ae3f4b46a152" />
      <TestMethod codeBase="file://psf/Home/Seafile/USU/Classes/cs5200f14/Homework/InstructorSolution/BSvZP-Common/CommonTester/bin/Debug/CommonTester.DLL" adapterTypeName="Microsoft.VisualStudio.TestTools.TestTypes.Unit.UnitTestAdapter, Microsoft.VisualStudio.QualityTools.Tips.UnitTest.Adapter, Version=10.0.0.0, Culture=neutral, PublicKeyToken=b03f5f7f11d50a3a" className="CommonTester.ExcuseTester, CommonTester, Version=1.0.0.0, Culture=neutral, PublicKeyToken=null" name="Excuse_CheckEncodeAndDecode" />
    </UnitTest>
    <UnitTest name="ByteList_WriteAndAddMethods" storage="\\psf\home\seafile\usu\classes\cs5200f14\homework\instructorsolution\bsvzp-common\commontester\bin\debug\commontester.dll" id="4d9613ef-edcc-fbbe-37ff-ef27d7e93fda">
      <Execution id="f5c4bad7-8dc5-4d3b-b7ca-ad4543352183" />
      <TestMethod codeBase="file://psf/Home/Seafile/USU/Classes/cs5200f14/Homework/InstructorSolution/BSvZP-Common/CommonTester/bin/Debug/CommonTester.DLL" adapterTypeName="Microsoft.VisualStudio.TestTools.TestTypes.Unit.UnitTestAdapter, Microsoft.VisualStudio.QualityTools.Tips.UnitTest.Adapter, Version=10.0.0.0, Culture=neutral, PublicKeyToken=b03f5f7f11d50a3a" className="CommonTester.ByteListTester, CommonTester, Version=1.0.0.0, Culture=neutral, PublicKeyToken=null" name="ByteList_WriteAndAddMethods" />
    </UnitTest>
    <UnitTest name="AckNak_CheckEncodeDecode" storage="\\psf\home\seafile\usu\classes\cs5200f14\homework\instructorsolution\bsvzp-common\messagestester\bin\debug\messagestester.dll" id="817e069b-b533-1822-e239-f8570024b19a">
      <Execution id="4f16c9a2-d978-4847-b0fb-c276d58c2260" />
      <TestMethod codeBase="file://psf/Home/Seafile/USU/Classes/cs5200f14/Homework/InstructorSolution/BSvZP-Common/MessagesTester/bin/Debug/MessagesTester.DLL" adapterTypeName="Microsoft.VisualStudio.TestTools.TestTypes.Unit.UnitTestAdapter, Microsoft.VisualStudio.QualityTools.Tips.UnitTest.Adapter, Version=10.0.0.0, Culture=neutral, PublicKeyToken=b03f5f7f11d50a3a" className="MessagesTester.AckNakTester, MessagesTester, Version=1.0.0.0, Culture=neutral, PublicKeyToken=null" name="AckNak_CheckEncodeDecode" />
    </UnitTest>
    <UnitTest name="Bomb_CheckEncodeAndDecode" storage="\\psf\home\seafile\usu\classes\cs5200f14\homework\instructorsolution\bsvzp-common\commontester\bin\debug\commontester.dll" id="eaad3cd9-fd8f-295f-72bd-25c259084926">
      <Execution id="f4607aa0-cc64-422b-8a9e-38342eb0779d" />
      <TestMethod codeBase="file://psf/Home/Seafile/USU/Classes/cs5200f14/Homework/InstructorSolution/BSvZP-Common/CommonTester/bin/Debug/CommonTester.DLL" adapterTypeName="Microsoft.VisualStudio.TestTools.TestTypes.Unit.UnitTestAdapter, Microsoft.VisualStudio.QualityTools.Tips.UnitTest.Adapter, Version=10.0.0.0, Culture=neutral, PublicKeyToken=b03f5f7f11d50a3a" className="CommonTester.BombTester, CommonTester, Version=1.0.0.0, Culture=neutral, PublicKeyToken=null" name="Bomb_CheckEncodeAndDecode" />
    </UnitTest>
    <UnitTest name="ByteList_GetMethods" storage="\\psf\home\seafile\usu\classes\cs5200f14\homework\instructorsolution\bsvzp-common\commontester\bin\debug\commontester.dll" id="cfac802b-3c1b-a198-432f-c77278e8ca81">
      <Execution id="7eb3e030-269d-4093-9c92-b2be27c67bb0" />
      <TestMethod codeBase="file://psf/Home/Seafile/USU/Classes/cs5200f14/Homework/InstructorSolution/BSvZP-Common/CommonTester/bin/Debug/CommonTester.DLL" adapterTypeName="Microsoft.VisualStudio.TestTools.TestTypes.Unit.UnitTestAdapter, Microsoft.VisualStudio.QualityTools.Tips.UnitTest.Adapter, Version=10.0.0.0, Culture=neutral, PublicKeyToken=b03f5f7f11d50a3a" className="CommonTester.ByteListTester, CommonTester, Version=1.0.0.0, Culture=neutral, PublicKeyToken=null" name="ByteList_GetMethods" />
    </UnitTest>
    <UnitTest name="EndPoint_CheckPropertiesAndMethods" storage="\\psf\home\seafile\usu\classes\cs5200f14\homework\instructorsolution\bsvzp-common\commontester\bin\debug\commontester.dll" id="733d2fea-55c2-0731-4fe1-8c3f0f1568bf">
      <Execution id="e1dd69a1-cadd-4261-933c-32a37813f5d3" />
      <TestMethod codeBase="file://psf/Home/Seafile/USU/Classes/cs5200f14/Homework/InstructorSolution/BSvZP-Common/CommonTester/bin/Debug/CommonTester.DLL" adapterTypeName="Microsoft.VisualStudio.TestTools.TestTypes.Unit.UnitTestAdapter, Microsoft.VisualStudio.QualityTools.Tips.UnitTest.Adapter, Version=10.0.0.0, Culture=neutral, PublicKeyToken=b03f5f7f11d50a3a" className="CommonTester.EndPointTester, CommonTester, Version=1.0.0.0, Culture=neutral, PublicKeyToken=null" name="EndPoint_CheckPropertiesAndMethods" />
    </UnitTest>
    <UnitTest name="StatusInfo_CheckProperties" storage="\\psf\home\seafile\usu\classes\cs5200f14\homework\instructorsolution\bsvzp-common\commontester\bin\debug\commontester.dll" id="d7dddf5a-bb0d-6bd1-cbdd-40ea5a1d7ae6">
      <Execution id="09e1d1c5-0565-4f8a-9542-df752da7b025" />
      <TestMethod codeBase="file://psf/Home/Seafile/USU/Classes/cs5200f14/Homework/InstructorSolution/BSvZP-Common/CommonTester/bin/Debug/CommonTester.DLL" adapterTypeName="Microsoft.VisualStudio.TestTools.TestTypes.Unit.UnitTestAdapter, Microsoft.VisualStudio.QualityTools.Tips.UnitTest.Adapter, Version=10.0.0.0, Culture=neutral, PublicKeyToken=b03f5f7f11d50a3a" className="CommonTester.StatusInfoTester, CommonTester, Version=1.0.0.0, Culture=neutral, PublicKeyToken=null" name="StatusInfo_CheckProperties" />
    </UnitTest>
    <UnitTest name="JoinGame_EncodingAndDecoding" storage="\\psf\home\seafile\usu\classes\cs5200f14\homework\instructorsolution\bsvzp-common\messagestester\bin\debug\messagestester.dll" id="ae084a0c-31eb-5c20-b099-0846b8b538da">
      <Execution id="70ea0ff4-5fd5-4028-8d32-27146b4febab" />
      <TestMethod codeBase="file://psf/Home/Seafile/USU/Classes/cs5200f14/Homework/InstructorSolution/BSvZP-Common/MessagesTester/bin/Debug/MessagesTester.DLL" adapterTypeName="Microsoft.VisualStudio.TestTools.TestTypes.Unit.UnitTestAdapter, Microsoft.VisualStudio.QualityTools.Tips.UnitTest.Adapter, Version=10.0.0.0, Culture=neutral, PublicKeyToken=b03f5f7f11d50a3a" className="MessagesTester.JoinGameTester, MessagesTester, Version=1.0.0.0, Culture=neutral, PublicKeyToken=null" name="JoinGame_EncodingAndDecoding" />
    </UnitTest>
    <UnitTest name="ByteList_OtherPublicMethods" storage="\\psf\home\seafile\usu\classes\cs5200f14\homework\instructorsolution\bsvzp-common\commontester\bin\debug\commontester.dll" id="86c3602d-89bd-614c-0bbc-efb4c79b7da3">
      <Execution id="7a275d40-356e-4b57-bbdd-cb073ed1a92d" />
      <TestMethod codeBase="file://psf/Home/Seafile/USU/Classes/cs5200f14/Homework/InstructorSolution/BSvZP-Common/CommonTester/bin/Debug/CommonTester.DLL" adapterTypeName="Microsoft.VisualStudio.TestTools.TestTypes.Unit.UnitTestAdapter, Microsoft.VisualStudio.QualityTools.Tips.UnitTest.Adapter, Version=10.0.0.0, Culture=neutral, PublicKeyToken=b03f5f7f11d50a3a" className="CommonTester.ByteListTester, CommonTester, Version=1.0.0.0, Culture=neutral, PublicKeyToken=null" name="ByteList_OtherPublicMethods" />
    </UnitTest>
    <UnitTest name="PlayingFieldLayout_CheckConstructors" storage="\\psf\home\seafile\usu\classes\cs5200f14\homework\instructorsolution\bsvzp-common\commontester\bin\debug\commontester.dll" id="afd310cb-a782-bc2d-cdd4-0a91a0a340d8">
      <Execution id="86ccdbe2-cef9-49db-8e4b-4c19311118bd" />
      <TestMethod codeBase="file://psf/Home/Seafile/USU/Classes/cs5200f14/Homework/InstructorSolution/BSvZP-Common/CommonTester/bin/Debug/CommonTester.DLL" adapterTypeName="Microsoft.VisualStudio.TestTools.TestTypes.Unit.UnitTestAdapter, Microsoft.VisualStudio.QualityTools.Tips.UnitTest.Adapter, Version=10.0.0.0, Culture=neutral, PublicKeyToken=b03f5f7f11d50a3a" className="CommonTester.PlayingFieldLayoutTester, CommonTester, Version=1.0.0.0, Culture=neutral, PublicKeyToken=null" name="PlayingFieldLayout_CheckConstructors" />
    </UnitTest>
    <UnitTest name="PlayingFieldLayout_CheckEncodeAndDecode" storage="\\psf\home\seafile\usu\classes\cs5200f14\homework\instructorsolution\bsvzp-common\commontester\bin\debug\commontester.dll" id="226bba76-e22a-47aa-054a-7d7fb626af9a">
      <Execution id="55ce3d8a-d97b-4774-ab7e-38540e50f17a" />
      <TestMethod codeBase="file://psf/Home/Seafile/USU/Classes/cs5200f14/Homework/InstructorSolution/BSvZP-Common/CommonTester/bin/Debug/CommonTester.DLL" adapterTypeName="Microsoft.VisualStudio.TestTools.TestTypes.Unit.UnitTestAdapter, Microsoft.VisualStudio.QualityTools.Tips.UnitTest.Adapter, Version=10.0.0.0, Culture=neutral, PublicKeyToken=b03f5f7f11d50a3a" className="CommonTester.PlayingFieldLayoutTester, CommonTester, Version=1.0.0.0, Culture=neutral, PublicKeyToken=null" name="PlayingFieldLayout_CheckEncodeAndDecode" />
    </UnitTest>
    <UnitTest name="TickTester_CheckProperties" storage="\\psf\home\seafile\usu\classes\cs5200f14\homework\instructorsolution\bsvzp-common\commontester\bin\debug\commontester.dll" id="cbafd4a2-ae21-bce8-59ea-f0278726e860">
      <Execution id="29dae3bf-d9e2-4e22-b3ee-e580941ee79c" />
      <TestMethod codeBase="file://psf/Home/Seafile/USU/Classes/cs5200f14/Homework/InstructorSolution/BSvZP-Common/CommonTester/bin/Debug/CommonTester.DLL" adapterTypeName="Microsoft.VisualStudio.TestTools.TestTypes.Unit.UnitTestAdapter, Microsoft.VisualStudio.QualityTools.Tips.UnitTest.Adapter, Version=10.0.0.0, Culture=neutral, PublicKeyToken=b03f5f7f11d50a3a" className="CommonTester.TickTester, CommonTester, Version=1.0.0.0, Culture=neutral, PublicKeyToken=null" name="TickTester_CheckProperties" />
    </UnitTest>
    <UnitTest name="JoinGame_Properties" storage="\\psf\home\seafile\usu\classes\cs5200f14\homework\instructorsolution\bsvzp-common\messagestester\bin\debug\messagestester.dll" id="2a250804-8c18-c7c5-ba85-2ed591639168">
      <Execution id="0a46012c-aa74-4f5a-911d-7d8990cfdc6b" />
      <TestMethod codeBase="file://psf/Home/Seafile/USU/Classes/cs5200f14/Homework/InstructorSolution/BSvZP-Common/MessagesTester/bin/Debug/MessagesTester.DLL" adapterTypeName="Microsoft.VisualStudio.TestTools.TestTypes.Unit.UnitTestAdapter, Microsoft.VisualStudio.QualityTools.Tips.UnitTest.Adapter, Version=10.0.0.0, Culture=neutral, PublicKeyToken=b03f5f7f11d50a3a" className="MessagesTester.JoinGameTester, MessagesTester, Version=1.0.0.0, Culture=neutral, PublicKeyToken=null" name="JoinGame_Properties" />
    </UnitTest>
    <UnitTest name="StatusInfo_CheckConstructors" storage="\\psf\home\seafile\usu\classes\cs5200f14\homework\instructorsolution\bsvzp-common\commontester\bin\debug\commontester.dll" id="e7dc0839-3e08-ca22-1bcf-28b384668706">
      <Execution id="20526a16-aa0f-4ccf-9847-d74f2bfebb74" />
      <TestMethod codeBase="file://psf/Home/Seafile/USU/Classes/cs5200f14/Homework/InstructorSolution/BSvZP-Common/CommonTester/bin/Debug/CommonTester.DLL" adapterTypeName="Microsoft.VisualStudio.TestTools.TestTypes.Unit.UnitTestAdapter, Microsoft.VisualStudio.QualityTools.Tips.UnitTest.Adapter, Version=10.0.0.0, Culture=neutral, PublicKeyToken=b03f5f7f11d50a3a" className="CommonTester.StatusInfoTester, CommonTester, Version=1.0.0.0, Culture=neutral, PublicKeyToken=null" name="StatusInfo_CheckConstructors" />
    </UnitTest>
    <UnitTest name="TickTester_CheckEncodeDecode" storage="\\psf\home\seafile\usu\classes\cs5200f14\homework\instructorsolution\bsvzp-common\commontester\bin\debug\commontester.dll" id="364e2c22-097c-ca5c-f8e6-b251f152eca6">
      <Execution id="4daf1473-7eba-48f8-b60b-86cf839d1933" />
      <TestMethod codeBase="file://psf/Home/Seafile/USU/Classes/cs5200f14/Homework/InstructorSolution/BSvZP-Common/CommonTester/bin/Debug/CommonTester.DLL" adapterTypeName="Microsoft.VisualStudio.TestTools.TestTypes.Unit.UnitTestAdapter, Microsoft.VisualStudio.QualityTools.Tips.UnitTest.Adapter, Version=10.0.0.0, Culture=neutral, PublicKeyToken=b03f5f7f11d50a3a" className="CommonTester.TickTester, CommonTester, Version=1.0.0.0, Culture=neutral, PublicKeyToken=null" name="TickTester_CheckEncodeDecode" />
    </UnitTest>
    <UnitTest name="WhiningSpinner_CheckProperties" storage="\\psf\home\seafile\usu\classes\cs5200f14\homework\instructorsolution\bsvzp-common\commontester\bin\debug\commontester.dll" id="d0e63026-bde2-5483-a0a6-1e0d01a2dac2">
      <Execution id="93696827-6822-4a96-ad45-90b5f13e7fc0" />
      <TestMethod codeBase="file://psf/Home/Seafile/USU/Classes/cs5200f14/Homework/InstructorSolution/BSvZP-Common/CommonTester/bin/Debug/CommonTester.DLL" adapterTypeName="Microsoft.VisualStudio.TestTools.TestTypes.Unit.UnitTestAdapter, Microsoft.VisualStudio.QualityTools.Tips.UnitTest.Adapter, Version=10.0.0.0, Culture=neutral, PublicKeyToken=b03f5f7f11d50a3a" className="CommonTester.WhiningSpinnerTester, CommonTester, Version=1.0.0.0, Culture=neutral, PublicKeyToken=null" name="WhiningSpinner_CheckProperties" />
    </UnitTest>
    <UnitTest name="PlayingFieldLayout_CheckProperties" storage="\\psf\home\seafile\usu\classes\cs5200f14\homework\instructorsolution\bsvzp-common\commontester\bin\debug\commontester.dll" id="3fea3050-f5d6-363c-4b3d-01d4c84aab70">
      <Execution id="b2ff0c82-b103-46a2-b8bd-233c59f98d6d" />
      <TestMethod codeBase="file://psf/Home/Seafile/USU/Classes/cs5200f14/Homework/InstructorSolution/BSvZP-Common/CommonTester/bin/Debug/CommonTester.DLL" adapterTypeName="Microsoft.VisualStudio.TestTools.TestTypes.Unit.UnitTestAdapter, Microsoft.VisualStudio.QualityTools.Tips.UnitTest.Adapter, Version=10.0.0.0, Culture=neutral, PublicKeyToken=b03f5f7f11d50a3a" className="CommonTester.PlayingFieldLayoutTester, CommonTester, Version=1.0.0.0, Culture=neutral, PublicKeyToken=null" name="PlayingFieldLayout_CheckProperties" />
    </UnitTest>
    <UnitTest name="StatusInfo_CheckEncodeAndDecode" storage="\\psf\home\seafile\usu\classes\cs5200f14\homework\instructorsolution\bsvzp-common\commontester\bin\debug\commontester.dll" id="104c4423-8e1a-52dd-da15-87ebe2cc2b3c">
      <Execution id="cc88e405-d417-43bf-b7c1-1e8826f9f3c3" />
      <TestMethod codeBase="file://psf/Home/Seafile/USU/Classes/cs5200f14/Homework/InstructorSolution/BSvZP-Common/CommonTester/bin/Debug/CommonTester.DLL" adapterTypeName="Microsoft.VisualStudio.TestTools.TestTypes.Unit.UnitTestAdapter, Microsoft.VisualStudio.QualityTools.Tips.UnitTest.Adapter, Version=10.0.0.0, Culture=neutral, PublicKeyToken=b03f5f7f11d50a3a" className="CommonTester.StatusInfoTester, CommonTester, Version=1.0.0.0, Culture=neutral, PublicKeyToken=null" name="StatusInfo_CheckEncodeAndDecode" />
    </UnitTest>
    <UnitTest name="FieldLocation_CheckProperties" storage="\\psf\home\seafile\usu\classes\cs5200f14\homework\instructorsolution\bsvzp-common\commontester\bin\debug\commontester.dll" id="90ba25dc-448d-9b84-8883-7173c0fe93b8">
      <Execution id="03a252cc-b2ca-4fbc-8085-b4d49f1d7edc" />
      <TestMethod codeBase="file://psf/Home/Seafile/USU/Classes/cs5200f14/Homework/InstructorSolution/BSvZP-Common/CommonTester/bin/Debug/CommonTester.DLL" adapterTypeName="Microsoft.VisualStudio.TestTools.TestTypes.Unit.UnitTestAdapter, Microsoft.VisualStudio.QualityTools.Tips.UnitTest.Adapter, Version=10.0.0.0, Culture=neutral, PublicKeyToken=b03f5f7f11d50a3a" className="CommonTester.FieldLocationTester, CommonTester, Version=1.0.0.0, Culture=neutral, PublicKeyToken=null" name="FieldLocation_CheckProperties" />
    </UnitTest>
    <UnitTest name="AgentInfo_CheckEncodeAndDecode" storage="\\psf\home\seafile\usu\classes\cs5200f14\homework\instructorsolution\bsvzp-common\commontester\bin\debug\commontester.dll" id="eec3d1a0-bdb1-2f1e-d1b3-e4c125c7a7c7">
      <Execution id="4dbc1115-39f9-4eea-9658-8a6295d914aa" />
      <TestMethod codeBase="file://psf/Home/Seafile/USU/Classes/cs5200f14/Homework/InstructorSolution/BSvZP-Common/CommonTester/bin/Debug/CommonTester.DLL" adapterTypeName="Microsoft.VisualStudio.TestTools.TestTypes.Unit.UnitTestAdapter, Microsoft.VisualStudio.QualityTools.Tips.UnitTest.Adapter, Version=10.0.0.0, Culture=neutral, PublicKeyToken=b03f5f7f11d50a3a" className="CommonTester.AgentInfoTester, CommonTester, Version=1.0.0.0, Culture=neutral, PublicKeyToken=null" name="AgentInfo_CheckEncodeAndDecode" />
    </UnitTest>
    <UnitTest name="AgentList_CheckEncodeAndDecode" storage="\\psf\home\seafile\usu\classes\cs5200f14\homework\instructorsolution\bsvzp-common\commontester\bin\debug\commontester.dll" id="a12b329b-08b5-6b59-03aa-c53e22feb938">
      <Execution id="40b9b35d-3977-452d-b87e-00abedbca558" />
      <TestMethod codeBase="file://psf/Home/Seafile/USU/Classes/cs5200f14/Homework/InstructorSolution/BSvZP-Common/CommonTester/bin/Debug/CommonTester.DLL" adapterTypeName="Microsoft.VisualStudio.TestTools.TestTypes.Unit.UnitTestAdapter, Microsoft.VisualStudio.QualityTools.Tips.UnitTest.Adapter, Version=10.0.0.0, Culture=neutral, PublicKeyToken=b03f5f7f11d50a3a" className="CommonTester.AgentListTester, CommonTester, Version=1.0.0.0, Culture=neutral, PublicKeyToken=null" name="AgentList_CheckEncodeAndDecode" />
    </UnitTest>
    <UnitTest name="GameInfo_TestEverything" storage="\\psf\home\seafile\usu\classes\cs5200f14\homework\instructorsolution\bsvzp-common\commontester\bin\debug\commontester.dll" id="bed40777-36e8-1a5f-572d-4860c464f507">
      <Execution id="651fba2c-70d4-43bd-b74c-0ba5d3c2a327" />
      <TestMethod codeBase="file://psf/Home/Seafile/USU/Classes/cs5200f14/Homework/InstructorSolution/BSvZP-Common/CommonTester/bin/Debug/CommonTester.DLL" adapterTypeName="Microsoft.VisualStudio.TestTools.TestTypes.Unit.UnitTestAdapter, Microsoft.VisualStudio.QualityTools.Tips.UnitTest.Adapter, Version=10.0.0.0, Culture=neutral, PublicKeyToken=b03f5f7f11d50a3a" className="CommonTester.GameInfoTester, CommonTester, Version=1.0.0.0, Culture=neutral, PublicKeyToken=null" name="GameInfo_TestEverything" />
    </UnitTest>
    <UnitTest name="FieldLocation_CheckEncodeDecode" storage="\\psf\home\seafile\usu\classes\cs5200f14\homework\instructorsolution\bsvzp-common\commontester\bin\debug\commontester.dll" id="a2dff254-87db-0c1a-d212-e29ddb4c9c2a">
      <Execution id="0817e017-e4fc-4dce-81c1-7da4b282fa4b" />
      <TestMethod codeBase="file://psf/Home/Seafile/USU/Classes/cs5200f14/Homework/InstructorSolution/BSvZP-Common/CommonTester/bin/Debug/CommonTester.DLL" adapterTypeName="Microsoft.VisualStudio.TestTools.TestTypes.Unit.UnitTestAdapter, Microsoft.VisualStudio.QualityTools.Tips.UnitTest.Adapter, Version=10.0.0.0, Culture=neutral, PublicKeyToken=b03f5f7f11d50a3a" className="CommonTester.FieldLocationTester, CommonTester, Version=1.0.0.0, Culture=neutral, PublicKeyToken=null" name="FieldLocation_CheckEncodeDecode" />
    </UnitTest>
    <UnitTest name="Bomb_CheckProperties" storage="\\psf\home\seafile\usu\classes\cs5200f14\homework\instructorsolution\bsvzp-common\commontester\bin\debug\commontester.dll" id="9904ba65-a649-09ff-0ef0-c2c56c4e27fc">
      <Execution id="f35ef3ff-7fcf-4439-a45c-d90e8713176b" />
      <TestMethod codeBase="file://psf/Home/Seafile/USU/Classes/cs5200f14/Homework/InstructorSolution/BSvZP-Common/CommonTester/bin/Debug/CommonTester.DLL" adapterTypeName="Microsoft.VisualStudio.TestTools.TestTypes.Unit.UnitTestAdapter, Microsoft.VisualStudio.QualityTools.Tips.UnitTest.Adapter, Version=10.0.0.0, Culture=neutral, PublicKeyToken=b03f5f7f11d50a3a" className="CommonTester.BombTester, CommonTester, Version=1.0.0.0, Culture=neutral, PublicKeyToken=null" name="Bomb_CheckProperties" />
    </UnitTest>
    <UnitTest name="Excuse_CheckConstructors" storage="\\psf\home\seafile\usu\classes\cs5200f14\homework\instructorsolution\bsvzp-common\commontester\bin\debug\commontester.dll" id="d7721e2b-d839-f8ea-3513-be426faed8ef">
      <Execution id="a8678f56-fc02-42c7-a56a-b98f70bd2fb4" />
      <TestMethod codeBase="file://psf/Home/Seafile/USU/Classes/cs5200f14/Homework/InstructorSolution/BSvZP-Common/CommonTester/bin/Debug/CommonTester.DLL" adapterTypeName="Microsoft.VisualStudio.TestTools.TestTypes.Unit.UnitTestAdapter, Microsoft.VisualStudio.QualityTools.Tips.UnitTest.Adapter, Version=10.0.0.0, Culture=neutral, PublicKeyToken=b03f5f7f11d50a3a" className="CommonTester.ExcuseTester, CommonTester, Version=1.0.0.0, Culture=neutral, PublicKeyToken=null" name="Excuse_CheckConstructors" />
    </UnitTest>
    <UnitTest name="EndPoint_CheckConstructors" storage="\\psf\home\seafile\usu\classes\cs5200f14\homework\instructorsolution\bsvzp-common\commontester\bin\debug\commontester.dll" id="663fbe27-d6e2-e0fc-db8a-f3f5ba6779a5">
      <Execution id="72d57e4c-dbd1-4f7e-8502-f7f8e85ff432" />
      <TestMethod codeBase="file://psf/Home/Seafile/USU/Classes/cs5200f14/Homework/InstructorSolution/BSvZP-Common/CommonTester/bin/Debug/CommonTester.DLL" adapterTypeName="Microsoft.VisualStudio.TestTools.TestTypes.Unit.UnitTestAdapter, Microsoft.VisualStudio.QualityTools.Tips.UnitTest.Adapter, Version=10.0.0.0, Culture=neutral, PublicKeyToken=b03f5f7f11d50a3a" className="CommonTester.EndPointTester, CommonTester, Version=1.0.0.0, Culture=neutral, PublicKeyToken=null" name="EndPoint_CheckConstructors" />
    </UnitTest>
    <UnitTest name="Excuse_CheckProperties" storage="\\psf\home\seafile\usu\classes\cs5200f14\homework\instructorsolution\bsvzp-common\commontester\bin\debug\commontester.dll" id="c1669bf6-729e-d796-c7d9-f9b5c8ff2007">
      <Execution id="a559424e-36a0-4493-9194-08c72159bc9a" />
      <TestMethod codeBase="file://psf/Home/Seafile/USU/Classes/cs5200f14/Homework/InstructorSolution/BSvZP-Common/CommonTester/bin/Debug/CommonTester.DLL" adapterTypeName="Microsoft.VisualStudio.TestTools.TestTypes.Unit.UnitTestAdapter, Microsoft.VisualStudio.QualityTools.Tips.UnitTest.Adapter, Version=10.0.0.0, Culture=neutral, PublicKeyToken=b03f5f7f11d50a3a" className="CommonTester.ExcuseTester, CommonTester, Version=1.0.0.0, Culture=neutral, PublicKeyToken=null" name="Excuse_CheckProperties" />
    </UnitTest>
    <UnitTest name="AckNak_CheckConstructorsAndFactories" storage="\\psf\home\seafile\usu\classes\cs5200f14\homework\instructorsolution\bsvzp-common\messagestester\bin\debug\messagestester.dll" id="e1ecfc94-2f7f-bdaf-64db-951e119da34c">
      <Execution id="5e85cb61-a889-42a5-badc-40077311c7fd" />
      <TestMethod codeBase="file://psf/Home/Seafile/USU/Classes/cs5200f14/Homework/InstructorSolution/BSvZP-Common/MessagesTester/bin/Debug/MessagesTester.DLL" adapterTypeName="Microsoft.VisualStudio.TestTools.TestTypes.Unit.UnitTestAdapter, Microsoft.VisualStudio.QualityTools.Tips.UnitTest.Adapter, Version=10.0.0.0, Culture=neutral, PublicKeyToken=b03f5f7f11d50a3a" className="MessagesTester.AckNakTester, MessagesTester, Version=1.0.0.0, Culture=neutral, PublicKeyToken=null" name="AckNak_CheckConstructorsAndFactories" />
    </UnitTest>
    <UnitTest name="FieldLocation_CheckContructors" storage="\\psf\home\seafile\usu\classes\cs5200f14\homework\instructorsolution\bsvzp-common\commontester\bin\debug\commontester.dll" id="ee09e89e-c9b7-1b79-838a-49d7d7834303">
      <Execution id="de6c7298-60bb-4a2c-8d60-cd1a0b81858e" />
      <TestMethod codeBase="file://psf/Home/Seafile/USU/Classes/cs5200f14/Homework/InstructorSolution/BSvZP-Common/CommonTester/bin/Debug/CommonTester.DLL" adapterTypeName="Microsoft.VisualStudio.TestTools.TestTypes.Unit.UnitTestAdapter, Microsoft.VisualStudio.QualityTools.Tips.UnitTest.Adapter, Version=10.0.0.0, Culture=neutral, PublicKeyToken=b03f5f7f11d50a3a" className="CommonTester.FieldLocationTester, CommonTester, Version=1.0.0.0, Culture=neutral, PublicKeyToken=null" name="FieldLocation_CheckContructors" />
    </UnitTest>
    <UnitTest name="GameConfiguration_CheckProperties" storage="\\psf\home\seafile\usu\classes\cs5200f14\homework\instructorsolution\bsvzp-common\commontester\bin\debug\commontester.dll" id="63ed64ee-6209-0958-7de8-d968e87d1d45">
      <Execution id="8cccc43e-35fb-427d-aba1-bb85d7b74bbd" />
      <TestMethod codeBase="file://psf/Home/Seafile/USU/Classes/cs5200f14/Homework/InstructorSolution/BSvZP-Common/CommonTester/bin/Debug/CommonTester.DLL" adapterTypeName="Microsoft.VisualStudio.TestTools.TestTypes.Unit.UnitTestAdapter, Microsoft.VisualStudio.QualityTools.Tips.UnitTest.Adapter, Version=10.0.0.0, Culture=neutral, PublicKeyToken=b03f5f7f11d50a3a" className="CommonTester.GameConfigurationTester, CommonTester, Version=1.0.0.0, Culture=neutral, PublicKeyToken=null" name="GameConfiguration_CheckProperties" />
    </UnitTest>
    <UnitTest name="AckNak_CheckProperties" storage="\\psf\home\seafile\usu\classes\cs5200f14\homework\instructorsolution\bsvzp-common\messagestester\bin\debug\messagestester.dll" id="e57f470c-5af0-0d55-6cfd-5233256e7a58">
      <Execution id="26592534-445b-4ecc-a86b-479bdbfe82bd" />
      <TestMethod codeBase="file://psf/Home/Seafile/USU/Classes/cs5200f14/Homework/InstructorSolution/BSvZP-Common/MessagesTester/bin/Debug/MessagesTester.DLL" adapterTypeName="Microsoft.VisualStudio.TestTools.TestTypes.Unit.UnitTestAdapter, Microsoft.VisualStudio.QualityTools.Tips.UnitTest.Adapter, Version=10.0.0.0, Culture=neutral, PublicKeyToken=b03f5f7f11d50a3a" className="MessagesTester.AckNakTester, MessagesTester, Version=1.0.0.0, Culture=neutral, PublicKeyToken=null" name="AckNak_CheckProperties" />
    </UnitTest>
    <UnitTest name="AgentList_CheckConstructors" storage="\\psf\home\seafile\usu\classes\cs5200f14\homework\instructorsolution\bsvzp-common\commontester\bin\debug\commontester.dll" id="356db149-e08f-7478-b5b9-9ac463b36ca9">
      <Execution id="9671854a-c55f-4be4-a290-049ae9a0b9ee" />
      <TestMethod codeBase="file://psf/Home/Seafile/USU/Classes/cs5200f14/Homework/InstructorSolution/BSvZP-Common/CommonTester/bin/Debug/CommonTester.DLL" adapterTypeName="Microsoft.VisualStudio.TestTools.TestTypes.Unit.UnitTestAdapter, Microsoft.VisualStudio.QualityTools.Tips.UnitTest.Adapter, Version=10.0.0.0, Culture=neutral, PublicKeyToken=b03f5f7f11d50a3a" className="CommonTester.AgentListTester, CommonTester, Version=1.0.0.0, Culture=neutral, PublicKeyToken=null" name="AgentList_CheckConstructors" />
    </UnitTest>
    <UnitTest name="TickTester_CheckConstructors" storage="\\psf\home\seafile\usu\classes\cs5200f14\homework\instructorsolution\bsvzp-common\commontester\bin\debug\commontester.dll" id="507519cd-90aa-7a27-5b1e-0972c3d12269">
      <Execution id="250e48df-ae86-45ee-981f-bc1bae799a5a" />
      <TestMethod codeBase="file://psf/Home/Seafile/USU/Classes/cs5200f14/Homework/InstructorSolution/BSvZP-Common/CommonTester/bin/Debug/CommonTester.DLL" adapterTypeName="Microsoft.VisualStudio.TestTools.TestTypes.Unit.UnitTestAdapter, Microsoft.VisualStudio.QualityTools.Tips.UnitTest.Adapter, Version=10.0.0.0, Culture=neutral, PublicKeyToken=b03f5f7f11d50a3a" className="CommonTester.TickTester, CommonTester, Version=1.0.0.0, Culture=neutral, PublicKeyToken=null" name="TickTester_CheckConstructors" />
    </UnitTest>
    <UnitTest name="ByteList_TestConstuctors" storage="\\psf\home\seafile\usu\classes\cs5200f14\homework\instructorsolution\bsvzp-common\commontester\bin\debug\commontester.dll" id="d6a120d8-083b-ca56-9c06-19e373b8321f">
      <Execution id="4c3128c2-72d7-4105-8b85-d3c911a24eea" />
      <TestMethod codeBase="file://psf/Home/Seafile/USU/Classes/cs5200f14/Homework/InstructorSolution/BSvZP-Common/CommonTester/bin/Debug/CommonTester.DLL" adapterTypeName="Microsoft.VisualStudio.TestTools.TestTypes.Unit.UnitTestAdapter, Microsoft.VisualStudio.QualityTools.Tips.UnitTest.Adapter, Version=10.0.0.0, Culture=neutral, PublicKeyToken=b03f5f7f11d50a3a" className="CommonTester.ByteListTester, CommonTester, Version=1.0.0.0, Culture=neutral, PublicKeyToken=null" name="ByteList_TestConstuctors" />
    </UnitTest>
    <UnitTest name="Bomb_CheckConstructors" storage="\\psf\home\seafile\usu\classes\cs5200f14\homework\instructorsolution\bsvzp-common\commontester\bin\debug\commontester.dll" id="c40c928e-c2ab-8b88-578e-d7b35f81b083">
      <Execution id="f790da17-d9e1-4512-a1f2-bd481e18caeb" />
      <TestMethod codeBase="file://psf/Home/Seafile/USU/Classes/cs5200f14/Homework/InstructorSolution/BSvZP-Common/CommonTester/bin/Debug/CommonTester.DLL" adapterTypeName="Microsoft.VisualStudio.TestTools.TestTypes.Unit.UnitTestAdapter, Microsoft.VisualStudio.QualityTools.Tips.UnitTest.Adapter, Version=10.0.0.0, Culture=neutral, PublicKeyToken=b03f5f7f11d50a3a" className="CommonTester.BombTester, CommonTester, Version=1.0.0.0, Culture=neutral, PublicKeyToken=null" name="Bomb_CheckConstructors" />
    </UnitTest>
    <UnitTest name="WhiningSpinner_CheckConstructors" storage="\\psf\home\seafile\usu\classes\cs5200f14\homework\instructorsolution\bsvzp-common\commontester\bin\debug\commontester.dll" id="a987a908-01f9-9386-23e7-287a5d2d2721">
      <Execution id="9a6dafb2-8c0d-44d4-b806-05a8da9cdace" />
      <TestMethod codeBase="file://psf/Home/Seafile/USU/Classes/cs5200f14/Homework/InstructorSolution/BSvZP-Common/CommonTester/bin/Debug/CommonTester.DLL" adapterTypeName="Microsoft.VisualStudio.TestTools.TestTypes.Unit.UnitTestAdapter, Microsoft.VisualStudio.QualityTools.Tips.UnitTest.Adapter, Version=10.0.0.0, Culture=neutral, PublicKeyToken=b03f5f7f11d50a3a" className="CommonTester.WhiningSpinnerTester, CommonTester, Version=1.0.0.0, Culture=neutral, PublicKeyToken=null" name="WhiningSpinner_CheckConstructors" />
    </UnitTest>
    <UnitTest name="EndPoint_CheckEncodeAndDecode" storage="\\psf\home\seafile\usu\classes\cs5200f14\homework\instructorsolution\bsvzp-common\commontester\bin\debug\commontester.dll" id="5c61ce7d-c870-b77b-416d-32ca3192646b">
      <Execution id="46c15392-b90b-419e-a204-41f41790f774" />
      <TestMethod codeBase="file://psf/Home/Seafile/USU/Classes/cs5200f14/Homework/InstructorSolution/BSvZP-Common/CommonTester/bin/Debug/CommonTester.DLL" adapterTypeName="Microsoft.VisualStudio.TestTools.TestTypes.Unit.UnitTestAdapter, Microsoft.VisualStudio.QualityTools.Tips.UnitTest.Adapter, Version=10.0.0.0, Culture=neutral, PublicKeyToken=b03f5f7f11d50a3a" className="CommonTester.EndPointTester, CommonTester, Version=1.0.0.0, Culture=neutral, PublicKeyToken=null" name="EndPoint_CheckEncodeAndDecode" />
    </UnitTest>
    <UnitTest name="GameConfiguration_CheckEncodeAndDecode" storage="\\psf\home\seafile\usu\classes\cs5200f14\homework\instructorsolution\bsvzp-common\commontester\bin\debug\commontester.dll" id="ee180b0c-7542-d07d-8952-4dbe1fcee3f4">
      <Execution id="6abd5654-f02a-4964-ab61-f600416bb85a" />
      <TestMethod codeBase="file://psf/Home/Seafile/USU/Classes/cs5200f14/Homework/InstructorSolution/BSvZP-Common/CommonTester/bin/Debug/CommonTester.DLL" adapterTypeName="Microsoft.VisualStudio.TestTools.TestTypes.Unit.UnitTestAdapter, Microsoft.VisualStudio.QualityTools.Tips.UnitTest.Adapter, Version=10.0.0.0, Culture=neutral, PublicKeyToken=b03f5f7f11d50a3a" className="CommonTester.GameConfigurationTester, CommonTester, Version=1.0.0.0, Culture=neutral, PublicKeyToken=null" name="GameConfiguration_CheckEncodeAndDecode" />
    </UnitTest>
    <UnitTest name="GameConfiguration_CheckConstructors" storage="\\psf\home\seafile\usu\classes\cs5200f14\homework\instructorsolution\bsvzp-common\commontester\bin\debug\commontester.dll" id="5dc13c08-9307-4d94-c22f-dc70f60ff32f">
      <Execution id="ed6b07b5-b4af-4712-bc5f-a7fb91c1ad97" />
      <TestMethod codeBase="file://psf/Home/Seafile/USU/Classes/cs5200f14/Homework/InstructorSolution/BSvZP-Common/CommonTester/bin/Debug/CommonTester.DLL" adapterTypeName="Microsoft.VisualStudio.TestTools.TestTypes.Unit.UnitTestAdapter, Microsoft.VisualStudio.QualityTools.Tips.UnitTest.Adapter, Version=10.0.0.0, Culture=neutral, PublicKeyToken=b03f5f7f11d50a3a" className="CommonTester.GameConfigurationTester, CommonTester, Version=1.0.0.0, Culture=neutral, PublicKeyToken=null" name="GameConfiguration_CheckConstructors" />
    </UnitTest>
    <UnitTest name="AgentList_CheckProperties" storage="\\psf\home\seafile\usu\classes\cs5200f14\homework\instructorsolution\bsvzp-common\commontester\bin\debug\commontester.dll" id="e831cd49-aad3-3977-9cbe-2178181315bc">
      <Execution id="43095f70-9f0a-4992-a390-da019ea793af" />
      <TestMethod codeBase="file://psf/Home/Seafile/USU/Classes/cs5200f14/Homework/InstructorSolution/BSvZP-Common/CommonTester/bin/Debug/CommonTester.DLL" adapterTypeName="Microsoft.VisualStudio.TestTools.TestTypes.Unit.UnitTestAdapter, Microsoft.VisualStudio.QualityTools.Tips.UnitTest.Adapter, Version=10.0.0.0, Culture=neutral, PublicKeyToken=b03f5f7f11d50a3a" className="CommonTester.AgentListTester, CommonTester, Version=1.0.0.0, Culture=neutral, PublicKeyToken=null" name="AgentList_CheckProperties" />
    </UnitTest>
    <UnitTest name="ByteList_IndexOperator" storage="\\psf\home\seafile\usu\classes\cs5200f14\homework\instructorsolution\bsvzp-common\commontester\bin\debug\commontester.dll" id="d6375a5d-a98c-9cb0-66a2-ad7be1e40c67">
      <Execution id="d4ba633b-4afe-499b-8ad6-a0b48d2ac2fd" />
      <TestMethod codeBase="file://psf/Home/Seafile/USU/Classes/cs5200f14/Homework/InstructorSolution/BSvZP-Common/CommonTester/bin/Debug/CommonTester.DLL" adapterTypeName="Microsoft.VisualStudio.TestTools.TestTypes.Unit.UnitTestAdapter, Microsoft.VisualStudio.QualityTools.Tips.UnitTest.Adapter, Version=10.0.0.0, Culture=neutral, PublicKeyToken=b03f5f7f11d50a3a" className="CommonTester.ByteListTester, CommonTester, Version=1.0.0.0, Culture=neutral, PublicKeyToken=null" name="ByteList_IndexOperator" />
    </UnitTest>
  </TestDefinitions>
  <TestLists>
    <TestList name="Results Not in a List" id="8c84fa94-04c1-424b-9868-57a2d4851a1d" />
    <TestList name="All Loaded Results" id="19431567-8539-422a-85d7-44ee4e166bda" />
  </TestLists>
  <TestEntries>
    <TestEntry testId="104c4423-8e1a-52dd-da15-87ebe2cc2b3c" executionId="cc88e405-d417-43bf-b7c1-1e8826f9f3c3" testListId="8c84fa94-04c1-424b-9868-57a2d4851a1d" />
    <TestEntry testId="226bba76-e22a-47aa-054a-7d7fb626af9a" executionId="55ce3d8a-d97b-4774-ab7e-38540e50f17a" testListId="8c84fa94-04c1-424b-9868-57a2d4851a1d" />
    <TestEntry testId="2a250804-8c18-c7c5-ba85-2ed591639168" executionId="0a46012c-aa74-4f5a-911d-7d8990cfdc6b" testListId="8c84fa94-04c1-424b-9868-57a2d4851a1d" />
    <TestEntry testId="356db149-e08f-7478-b5b9-9ac463b36ca9" executionId="9671854a-c55f-4be4-a290-049ae9a0b9ee" testListId="8c84fa94-04c1-424b-9868-57a2d4851a1d" />
    <TestEntry testId="364e2c22-097c-ca5c-f8e6-b251f152eca6" executionId="4daf1473-7eba-48f8-b60b-86cf839d1933" testListId="8c84fa94-04c1-424b-9868-57a2d4851a1d" />
    <TestEntry testId="3fea3050-f5d6-363c-4b3d-01d4c84aab70" executionId="b2ff0c82-b103-46a2-b8bd-233c59f98d6d" testListId="8c84fa94-04c1-424b-9868-57a2d4851a1d" />
    <TestEntry testId="4d9613ef-edcc-fbbe-37ff-ef27d7e93fda" executionId="f5c4bad7-8dc5-4d3b-b7ca-ad4543352183" testListId="8c84fa94-04c1-424b-9868-57a2d4851a1d" />
    <TestEntry testId="507519cd-90aa-7a27-5b1e-0972c3d12269" executionId="250e48df-ae86-45ee-981f-bc1bae799a5a" testListId="8c84fa94-04c1-424b-9868-57a2d4851a1d" />
    <TestEntry testId="5c61ce7d-c870-b77b-416d-32ca3192646b" executionId="46c15392-b90b-419e-a204-41f41790f774" testListId="8c84fa94-04c1-424b-9868-57a2d4851a1d" />
    <TestEntry testId="5dc13c08-9307-4d94-c22f-dc70f60ff32f" executionId="ed6b07b5-b4af-4712-bc5f-a7fb91c1ad97" testListId="8c84fa94-04c1-424b-9868-57a2d4851a1d" />
    <TestEntry testId="63ed64ee-6209-0958-7de8-d968e87d1d45" executionId="8cccc43e-35fb-427d-aba1-bb85d7b74bbd" testListId="8c84fa94-04c1-424b-9868-57a2d4851a1d" />
    <TestEntry testId="663fbe27-d6e2-e0fc-db8a-f3f5ba6779a5" executionId="72d57e4c-dbd1-4f7e-8502-f7f8e85ff432" testListId="8c84fa94-04c1-424b-9868-57a2d4851a1d" />
    <TestEntry testId="733d2fea-55c2-0731-4fe1-8c3f0f1568bf" executionId="e1dd69a1-cadd-4261-933c-32a37813f5d3" testListId="8c84fa94-04c1-424b-9868-57a2d4851a1d" />
    <TestEntry testId="817e069b-b533-1822-e239-f8570024b19a" executionId="4f16c9a2-d978-4847-b0fb-c276d58c2260" testListId="8c84fa94-04c1-424b-9868-57a2d4851a1d" />
    <TestEntry testId="86c3602d-89bd-614c-0bbc-efb4c79b7da3" executionId="7a275d40-356e-4b57-bbdd-cb073ed1a92d" testListId="8c84fa94-04c1-424b-9868-57a2d4851a1d" />
    <TestEntry testId="90ba25dc-448d-9b84-8883-7173c0fe93b8" executionId="03a252cc-b2ca-4fbc-8085-b4d49f1d7edc" testListId="8c84fa94-04c1-424b-9868-57a2d4851a1d" />
    <TestEntry testId="9904ba65-a649-09ff-0ef0-c2c56c4e27fc" executionId="f35ef3ff-7fcf-4439-a45c-d90e8713176b" testListId="8c84fa94-04c1-424b-9868-57a2d4851a1d" />
    <TestEntry testId="a12b329b-08b5-6b59-03aa-c53e22feb938" executionId="40b9b35d-3977-452d-b87e-00abedbca558" testListId="8c84fa94-04c1-424b-9868-57a2d4851a1d" />
    <TestEntry testId="a18b2fd5-37b0-6e6a-4b4c-5ea126e1e363" executionId="1e934fa3-7eaa-45dc-853c-93d35eed5951" testListId="8c84fa94-04c1-424b-9868-57a2d4851a1d" />
    <TestEntry testId="a2dff254-87db-0c1a-d212-e29ddb4c9c2a" executionId="0817e017-e4fc-4dce-81c1-7da4b282fa4b" testListId="8c84fa94-04c1-424b-9868-57a2d4851a1d" />
    <TestEntry testId="a987a908-01f9-9386-23e7-287a5d2d2721" executionId="9a6dafb2-8c0d-44d4-b806-05a8da9cdace" testListId="8c84fa94-04c1-424b-9868-57a2d4851a1d" />
    <TestEntry testId="adc509e9-affb-9f01-6b95-6ee65c98cc92" executionId="30f96318-7fa5-40ba-801e-bcfbb0063efb" testListId="8c84fa94-04c1-424b-9868-57a2d4851a1d" />
    <TestEntry testId="ae084a0c-31eb-5c20-b099-0846b8b538da" executionId="70ea0ff4-5fd5-4028-8d32-27146b4febab" testListId="8c84fa94-04c1-424b-9868-57a2d4851a1d" />
    <TestEntry testId="afd310cb-a782-bc2d-cdd4-0a91a0a340d8" executionId="86ccdbe2-cef9-49db-8e4b-4c19311118bd" testListId="8c84fa94-04c1-424b-9868-57a2d4851a1d" />
    <TestEntry testId="b719406f-6c30-5234-e237-f3d1a5baaeb0" executionId="8a5d910b-4727-41ea-89ff-f5d756de5912" testListId="8c84fa94-04c1-424b-9868-57a2d4851a1d" />
    <TestEntry testId="bed40777-36e8-1a5f-572d-4860c464f507" executionId="651fba2c-70d4-43bd-b74c-0ba5d3c2a327" testListId="8c84fa94-04c1-424b-9868-57a2d4851a1d" />
    <TestEntry testId="c1669bf6-729e-d796-c7d9-f9b5c8ff2007" executionId="a559424e-36a0-4493-9194-08c72159bc9a" testListId="8c84fa94-04c1-424b-9868-57a2d4851a1d" />
    <TestEntry testId="c40c928e-c2ab-8b88-578e-d7b35f81b083" executionId="f790da17-d9e1-4512-a1f2-bd481e18caeb" testListId="8c84fa94-04c1-424b-9868-57a2d4851a1d" />
    <TestEntry testId="cbafd4a2-ae21-bce8-59ea-f0278726e860" executionId="29dae3bf-d9e2-4e22-b3ee-e580941ee79c" testListId="8c84fa94-04c1-424b-9868-57a2d4851a1d" />
    <TestEntry testId="cfac802b-3c1b-a198-432f-c77278e8ca81" executionId="7eb3e030-269d-4093-9c92-b2be27c67bb0" testListId="8c84fa94-04c1-424b-9868-57a2d4851a1d" />
    <TestEntry testId="d004ffc2-a7fb-16d7-64d4-41782226b827" executionId="31d67eb5-7b45-48bc-96fd-f1e588e9b186" testListId="8c84fa94-04c1-424b-9868-57a2d4851a1d" />
    <TestEntry testId="d0e63026-bde2-5483-a0a6-1e0d01a2dac2" executionId="93696827-6822-4a96-ad45-90b5f13e7fc0" testListId="8c84fa94-04c1-424b-9868-57a2d4851a1d" />
    <TestEntry testId="d6375a5d-a98c-9cb0-66a2-ad7be1e40c67" executionId="d4ba633b-4afe-499b-8ad6-a0b48d2ac2fd" testListId="8c84fa94-04c1-424b-9868-57a2d4851a1d" />
    <TestEntry testId="d6a120d8-083b-ca56-9c06-19e373b8321f" executionId="4c3128c2-72d7-4105-8b85-d3c911a24eea" testListId="8c84fa94-04c1-424b-9868-57a2d4851a1d" />
    <TestEntry testId="d7721e2b-d839-f8ea-3513-be426faed8ef" executionId="a8678f56-fc02-42c7-a56a-b98f70bd2fb4" testListId="8c84fa94-04c1-424b-9868-57a2d4851a1d" />
    <TestEntry testId="d7dddf5a-bb0d-6bd1-cbdd-40ea5a1d7ae6" executionId="09e1d1c5-0565-4f8a-9542-df752da7b025" testListId="8c84fa94-04c1-424b-9868-57a2d4851a1d" />
    <TestEntry testId="e1ecfc94-2f7f-bdaf-64db-951e119da34c" executionId="5e85cb61-a889-42a5-badc-40077311c7fd" testListId="8c84fa94-04c1-424b-9868-57a2d4851a1d" />
    <TestEntry testId="e57f470c-5af0-0d55-6cfd-5233256e7a58" executionId="26592534-445b-4ecc-a86b-479bdbfe82bd" testListId="8c84fa94-04c1-424b-9868-57a2d4851a1d" />
    <TestEntry testId="e7dc0839-3e08-ca22-1bcf-28b384668706" executionId="20526a16-aa0f-4ccf-9847-d74f2bfebb74" testListId="8c84fa94-04c1-424b-9868-57a2d4851a1d" />
    <TestEntry testId="e831cd49-aad3-3977-9cbe-2178181315bc" executionId="43095f70-9f0a-4992-a390-da019ea793af" testListId="8c84fa94-04c1-424b-9868-57a2d4851a1d" />
    <TestEntry testId="eaad3cd9-fd8f-295f-72bd-25c259084926" executionId="f4607aa0-cc64-422b-8a9e-38342eb0779d" testListId="8c84fa94-04c1-424b-9868-57a2d4851a1d" />
    <TestEntry testId="eaba3772-7490-203e-d483-62bb0c779f54" executionId="44e8daae-effb-40d3-997a-8cf774296375" testListId="8c84fa94-04c1-424b-9868-57a2d4851a1d" />
    <TestEntry testId="ee09e89e-c9b7-1b79-838a-49d7d7834303" executionId="de6c7298-60bb-4a2c-8d60-cd1a0b81858e" testListId="8c84fa94-04c1-424b-9868-57a2d4851a1d" />
    <TestEntry testId="ee180b0c-7542-d07d-8952-4dbe1fcee3f4" executionId="6abd5654-f02a-4964-ab61-f600416bb85a" testListId="8c84fa94-04c1-424b-9868-57a2d4851a1d" />
    <TestEntry testId="eec3d1a0-bdb1-2f1e-d1b3-e4c125c7a7c7" executionId="4dbc1115-39f9-4eea-9658-8a6295d914aa" testListId="8c84fa94-04c1-424b-9868-57a2d4851a1d" />
    <TestEntry testId="f84a9ebc-fda5-bcb9-1c69-429549673faf" executionId="9da3d5dc-cfa1-43d2-990f-ae3f4b46a152" testListId="8c84fa94-04c1-424b-9868-57a2d4851a1d" />
  </TestEntries>
  <Results>
    <UnitTestResult executionId="cc88e405-d417-43bf-b7c1-1e8826f9f3c3" testId="104c4423-8e1a-52dd-da15-87ebe2cc2b3c" testName="StatusInfo_CheckEncodeAndDecode" computerName="SWCMACBOOKWIN7" duration="00:00:00.0263634" startTime="2014-03-17T15:30:27.7440000-06:00" endTime="2014-03-17T15:30:28.0716000-06:00" testType="13cdc9d9-ddb5-4fa4-a97d-d965ccfc6d4b" outcome="Passed" testListId="8c84fa94-04c1-424b-9868-57a2d4851a1d" relativeResultsDirectory="cc88e405-d417-43bf-b7c1-1e8826f9f3c3">
    </UnitTestResult>
    <UnitTestResult executionId="55ce3d8a-d97b-4774-ab7e-38540e50f17a" testId="226bba76-e22a-47aa-054a-7d7fb626af9a" testName="PlayingFieldLayout_CheckEncodeAndDecode" computerName="SWCMACBOOKWIN7" duration="00:00:00.0018064" startTime="2014-03-17T15:30:28.0872000-06:00" endTime="2014-03-17T15:30:28.0872000-06:00" testType="13cdc9d9-ddb5-4fa4-a97d-d965ccfc6d4b" outcome="Passed" testListId="8c84fa94-04c1-424b-9868-57a2d4851a1d" relativeResultsDirectory="55ce3d8a-d97b-4774-ab7e-38540e50f17a">
    </UnitTestResult>
    <UnitTestResult executionId="0a46012c-aa74-4f5a-911d-7d8990cfdc6b" testId="2a250804-8c18-c7c5-ba85-2ed591639168" testName="JoinGame_Properties" computerName="SWCMACBOOKWIN7" duration="00:00:00.0148769" startTime="2014-03-17T15:30:28.1028000-06:00" endTime="2014-03-17T15:30:28.3212000-06:00" testType="13cdc9d9-ddb5-4fa4-a97d-d965ccfc6d4b" outcome="Passed" testListId="8c84fa94-04c1-424b-9868-57a2d4851a1d" relativeResultsDirectory="0a46012c-aa74-4f5a-911d-7d8990cfdc6b">
    </UnitTestResult>
    <UnitTestResult executionId="9671854a-c55f-4be4-a290-049ae9a0b9ee" testId="356db149-e08f-7478-b5b9-9ac463b36ca9" testName="AgentList_CheckConstructors" computerName="SWCMACBOOKWIN7" duration="00:00:00.0007074" startTime="2014-03-17T15:30:28.3368000-06:00" endTime="2014-03-17T15:30:28.3368000-06:00" testType="13cdc9d9-ddb5-4fa4-a97d-d965ccfc6d4b" outcome="Passed" testListId="8c84fa94-04c1-424b-9868-57a2d4851a1d" relativeResultsDirectory="9671854a-c55f-4be4-a290-049ae9a0b9ee">
    </UnitTestResult>
    <UnitTestResult executionId="4daf1473-7eba-48f8-b60b-86cf839d1933" testId="364e2c22-097c-ca5c-f8e6-b251f152eca6" testName="TickTester_CheckEncodeDecode" computerName="SWCMACBOOKWIN7" duration="00:00:00.0022075" startTime="2014-03-17T15:30:28.3368000-06:00" endTime="2014-03-17T15:30:28.3368000-06:00" testType="13cdc9d9-ddb5-4fa4-a97d-d965ccfc6d4b" outcome="Passed" testListId="8c84fa94-04c1-424b-9868-57a2d4851a1d" relativeResultsDirectory="4daf1473-7eba-48f8-b60b-86cf839d1933">
    </UnitTestResult>
    <UnitTestResult executionId="b2ff0c82-b103-46a2-b8bd-233c59f98d6d" testId="3fea3050-f5d6-363c-4b3d-01d4c84aab70" testName="PlayingFieldLayout_CheckProperties" computerName="SWCMACBOOKWIN7" duration="00:00:00.0090904" startTime="2014-03-17T15:30:28.3524000-06:00" endTime="2014-03-17T15:30:28.3680000-06:00" testType="13cdc9d9-ddb5-4fa4-a97d-d965ccfc6d4b" outcome="Passed" testListId="8c84fa94-04c1-424b-9868-57a2d4851a1d" relativeResultsDirectory="b2ff0c82-b103-46a2-b8bd-233c59f98d6d">
    </UnitTestResult>
    <UnitTestResult executionId="f5c4bad7-8dc5-4d3b-b7ca-ad4543352183" testId="4d9613ef-edcc-fbbe-37ff-ef27d7e93fda" testName="ByteList_WriteAndAddMethods" computerName="SWCMACBOOKWIN7" duration="00:00:00.0023128" startTime="2014-03-17T15:30:28.3680000-06:00" endTime="2014-03-17T15:30:28.3680000-06:00" testType="13cdc9d9-ddb5-4fa4-a97d-d965ccfc6d4b" outcome="Passed" testListId="8c84fa94-04c1-424b-9868-57a2d4851a1d" relativeResultsDirectory="f5c4bad7-8dc5-4d3b-b7ca-ad4543352183">
    </UnitTestResult>
    <UnitTestResult executionId="250e48df-ae86-45ee-981f-bc1bae799a5a" testId="507519cd-90aa-7a27-5b1e-0972c3d12269" testName="TickTester_CheckConstructors" computerName="SWCMACBOOKWIN7" duration="00:00:00.0005235" startTime="2014-03-17T15:30:28.3680000-06:00" endTime="2014-03-17T15:30:28.3680000-06:00" testType="13cdc9d9-ddb5-4fa4-a97d-d965ccfc6d4b" outcome="Passed" testListId="8c84fa94-04c1-424b-9868-57a2d4851a1d" relativeResultsDirectory="250e48df-ae86-45ee-981f-bc1bae799a5a">
    </UnitTestResult>
    <UnitTestResult executionId="46c15392-b90b-419e-a204-41f41790f774" testId="5c61ce7d-c870-b77b-416d-32ca3192646b" testName="EndPoint_CheckEncodeAndDecode" computerName="SWCMACBOOKWIN7" duration="00:00:00.0010471" startTime="2014-03-17T15:30:28.3680000-06:00" endTime="2014-03-17T15:30:28.3836000-06:00" testType="13cdc9d9-ddb5-4fa4-a97d-d965ccfc6d4b" outcome="Passed" testListId="8c84fa94-04c1-424b-9868-57a2d4851a1d" relativeResultsDirectory="46c15392-b90b-419e-a204-41f41790f774">
    </UnitTestResult>
    <UnitTestResult executionId="ed6b07b5-b4af-4712-bc5f-a7fb91c1ad97" testId="5dc13c08-9307-4d94-c22f-dc70f60ff32f" testName="GameConfiguration_CheckConstructors" computerName="SWCMACBOOKWIN7" duration="00:00:00.0027532" startTime="2014-03-17T15:30:28.3836000-06:00" endTime="2014-03-17T15:30:28.3836000-06:00" testType="13cdc9d9-ddb5-4fa4-a97d-d965ccfc6d4b" outcome="Passed" testListId="8c84fa94-04c1-424b-9868-57a2d4851a1d" relativeResultsDirectory="ed6b07b5-b4af-4712-bc5f-a7fb91c1ad97">
    </UnitTestResult>
    <UnitTestResult executionId="8cccc43e-35fb-427d-aba1-bb85d7b74bbd" testId="63ed64ee-6209-0958-7de8-d968e87d1d45" testName="GameConfiguration_CheckProperties" computerName="SWCMACBOOKWIN7" duration="00:00:00.0007750" startTime="2014-03-17T15:30:28.3836000-06:00" endTime="2014-03-17T15:30:28.3836000-06:00" testType="13cdc9d9-ddb5-4fa4-a97d-d965ccfc6d4b" outcome="Passed" testListId="8c84fa94-04c1-424b-9868-57a2d4851a1d" relativeResultsDirectory="8cccc43e-35fb-427d-aba1-bb85d7b74bbd">
    </UnitTestResult>
    <UnitTestResult executionId="72d57e4c-dbd1-4f7e-8502-f7f8e85ff432" testId="663fbe27-d6e2-e0fc-db8a-f3f5ba6779a5" testName="EndPoint_CheckConstructors" computerName="SWCMACBOOKWIN7" duration="00:00:00.0003630" startTime="2014-03-17T15:30:28.3836000-06:00" endTime="2014-03-17T15:30:28.3992000-06:00" testType="13cdc9d9-ddb5-4fa4-a97d-d965ccfc6d4b" outcome="Passed" testListId="8c84fa94-04c1-424b-9868-57a2d4851a1d" relativeResultsDirectory="72d57e4c-dbd1-4f7e-8502-f7f8e85ff432">
    </UnitTestResult>
    <UnitTestResult executionId="e1dd69a1-cadd-4261-933c-32a37813f5d3" testId="733d2fea-55c2-0731-4fe1-8c3f0f1568bf" testName="EndPoint_CheckPropertiesAndMethods" computerName="SWCMACBOOKWIN7" duration="00:00:00.0008032" startTime="2014-03-17T15:30:28.3992000-06:00" endTime="2014-03-17T15:30:28.3992000-06:00" testType="13cdc9d9-ddb5-4fa4-a97d-d965ccfc6d4b" outcome="Passed" testListId="8c84fa94-04c1-424b-9868-57a2d4851a1d" relativeResultsDirectory="e1dd69a1-cadd-4261-933c-32a37813f5d3">
    </UnitTestResult>
    <UnitTestResult executionId="4f16c9a2-d978-4847-b0fb-c276d58c2260" testId="817e069b-b533-1822-e239-f8570024b19a" testName="AckNak_CheckEncodeDecode" computerName="SWCMACBOOKWIN7" duration="00:00:00.0087394" startTime="2014-03-17T15:30:28.3992000-06:00" endTime="2014-03-17T15:30:28.4148000-06:00" testType="13cdc9d9-ddb5-4fa4-a97d-d965ccfc6d4b" outcome="Passed" testListId="8c84fa94-04c1-424b-9868-57a2d4851a1d" relativeResultsDirectory="4f16c9a2-d978-4847-b0fb-c276d58c2260">
    </UnitTestResult>
    <UnitTestResult executionId="7a275d40-356e-4b57-bbdd-cb073ed1a92d" testId="86c3602d-89bd-614c-0bbc-efb4c79b7da3" testName="ByteList_OtherPublicMethods" computerName="SWCMACBOOKWIN7" duration="00:00:00.0000808" startTime="2014-03-17T15:30:28.4148000-06:00" endTime="2014-03-17T15:30:28.4148000-06:00" testType="13cdc9d9-ddb5-4fa4-a97d-d965ccfc6d4b" outcome="Passed" testListId="8c84fa94-04c1-424b-9868-57a2d4851a1d" relativeResultsDirectory="7a275d40-356e-4b57-bbdd-cb073ed1a92d">
    </UnitTestResult>
    <UnitTestResult executionId="03a252cc-b2ca-4fbc-8085-b4d49f1d7edc" testId="90ba25dc-448d-9b84-8883-7173c0fe93b8" testName="FieldLocation_CheckProperties" computerName="SWCMACBOOKWIN7" duration="00:00:00.0008862" startTime="2014-03-17T15:30:28.4148000-06:00" endTime="2014-03-17T15:30:28.4148000-06:00" testType="13cdc9d9-ddb5-4fa4-a97d-d965ccfc6d4b" outcome="Passed" testListId="8c84fa94-04c1-424b-9868-57a2d4851a1d" relativeResultsDirectory="03a252cc-b2ca-4fbc-8085-b4d49f1d7edc">
    </UnitTestResult>
    <UnitTestResult executionId="f35ef3ff-7fcf-4439-a45c-d90e8713176b" testId="9904ba65-a649-09ff-0ef0-c2c56c4e27fc" testName="Bomb_CheckProperties" computerName="SWCMACBOOKWIN7" duration="00:00:00.0014899" startTime="2014-03-17T15:30:28.4148000-06:00" endTime="2014-03-17T15:30:28.4304000-06:00" testType="13cdc9d9-ddb5-4fa4-a97d-d965ccfc6d4b" outcome="Passed" testListId="8c84fa94-04c1-424b-9868-57a2d4851a1d" relativeResultsDirectory="f35ef3ff-7fcf-4439-a45c-d90e8713176b">
    </UnitTestResult>
    <UnitTestResult executionId="40b9b35d-3977-452d-b87e-00abedbca558" testId="a12b329b-08b5-6b59-03aa-c53e22feb938" testName="AgentList_CheckEncodeAndDecode" computerName="SWCMACBOOKWIN7" duration="00:00:00.0026270" startTime="2014-03-17T15:30:28.4304000-06:00" endTime="2014-03-17T15:30:28.4304000-06:00" testType="13cdc9d9-ddb5-4fa4-a97d-d965ccfc6d4b" outcome="Passed" testListId="8c84fa94-04c1-424b-9868-57a2d4851a1d" relativeResultsDirectory="40b9b35d-3977-452d-b87e-00abedbca558">
    </UnitTestResult>
    <UnitTestResult executionId="1e934fa3-7eaa-45dc-853c-93d35eed5951" testId="a18b2fd5-37b0-6e6a-4b4c-5ea126e1e363" testName="JoinGame_TestConstructorsAndFactories" computerName="SWCMACBOOKWIN7" duration="00:00:00.0028030" startTime="2014-03-17T15:30:28.4304000-06:00" endTime="2014-03-17T15:30:28.4304000-06:00" testType="13cdc9d9-ddb5-4fa4-a97d-d965ccfc6d4b" outcome="Passed" testListId="8c84fa94-04c1-424b-9868-57a2d4851a1d" relativeResultsDirectory="1e934fa3-7eaa-45dc-853c-93d35eed5951">
    </UnitTestResult>
    <UnitTestResult executionId="0817e017-e4fc-4dce-81c1-7da4b282fa4b" testId="a2dff254-87db-0c1a-d212-e29ddb4c9c2a" testName="FieldLocation_CheckEncodeDecode" computerName="SWCMACBOOKWIN7" duration="00:00:00.0003019" startTime="2014-03-17T15:30:28.4460000-06:00" endTime="2014-03-17T15:30:28.4460000-06:00" testType="13cdc9d9-ddb5-4fa4-a97d-d965ccfc6d4b" outcome="Passed" testListId="8c84fa94-04c1-424b-9868-57a2d4851a1d" relativeResultsDirectory="0817e017-e4fc-4dce-81c1-7da4b282fa4b">
    </UnitTestResult>
    <UnitTestResult executionId="9a6dafb2-8c0d-44d4-b806-05a8da9cdace" testId="a987a908-01f9-9386-23e7-287a5d2d2721" testName="WhiningSpinner_CheckConstructors" computerName="SWCMACBOOKWIN7" duration="00:00:00.0005310" startTime="2014-03-17T15:30:28.4460000-06:00" endTime="2014-03-17T15:30:28.4460000-06:00" testType="13cdc9d9-ddb5-4fa4-a97d-d965ccfc6d4b" outcome="Passed" testListId="8c84fa94-04c1-424b-9868-57a2d4851a1d" relativeResultsDirectory="9a6dafb2-8c0d-44d4-b806-05a8da9cdace">
    </UnitTestResult>
    <UnitTestResult executionId="30f96318-7fa5-40ba-801e-bcfbb0063efb" testId="adc509e9-affb-9f01-6b95-6ee65c98cc92" testName="WhiningSpinner_CheckEncodeAndDecode" computerName="SWCMACBOOKWIN7" duration="00:00:00.0014843" startTime="2014-03-17T15:30:28.4460000-06:00" endTime="2014-03-17T15:30:28.4460000-06:00" testType="13cdc9d9-ddb5-4fa4-a97d-d965ccfc6d4b" outcome="Passed" testListId="8c84fa94-04c1-424b-9868-57a2d4851a1d" relativeResultsDirectory="30f96318-7fa5-40ba-801e-bcfbb0063efb">
    </UnitTestResult>
    <UnitTestResult executionId="70ea0ff4-5fd5-4028-8d32-27146b4febab" testId="ae084a0c-31eb-5c20-b099-0846b8b538da" testName="JoinGame_EncodingAndDecoding" computerName="SWCMACBOOKWIN7" duration="00:00:00.0003754" startTime="2014-03-17T15:30:28.4460000-06:00" endTime="2014-03-17T15:30:28.4616000-06:00" testType="13cdc9d9-ddb5-4fa4-a97d-d965ccfc6d4b" outcome="Passed" testListId="8c84fa94-04c1-424b-9868-57a2d4851a1d" relativeResultsDirectory="70ea0ff4-5fd5-4028-8d32-27146b4febab">
    </UnitTestResult>
    <UnitTestResult executionId="86ccdbe2-cef9-49db-8e4b-4c19311118bd" testId="afd310cb-a782-bc2d-cdd4-0a91a0a340d8" testName="PlayingFieldLayout_CheckConstructors" computerName="SWCMACBOOKWIN7" duration="00:00:00.0001857" startTime="2014-03-17T15:30:28.4616000-06:00" endTime="2014-03-17T15:30:28.4616000-06:00" testType="13cdc9d9-ddb5-4fa4-a97d-d965ccfc6d4b" outcome="Passed" testListId="8c84fa94-04c1-424b-9868-57a2d4851a1d" relativeResultsDirectory="86ccdbe2-cef9-49db-8e4b-4c19311118bd">
    </UnitTestResult>
    <UnitTestResult executionId="8a5d910b-4727-41ea-89ff-f5d756de5912" testId="b719406f-6c30-5234-e237-f3d1a5baaeb0" testName="AgentInfo_CheckConstructors" computerName="SWCMACBOOKWIN7" duration="00:00:00.0006262" startTime="2014-03-17T15:30:28.4616000-06:00" endTime="2014-03-17T15:30:28.4616000-06:00" testType="13cdc9d9-ddb5-4fa4-a97d-d965ccfc6d4b" outcome="Passed" testListId="8c84fa94-04c1-424b-9868-57a2d4851a1d" relativeResultsDirectory="8a5d910b-4727-41ea-89ff-f5d756de5912">
    </UnitTestResult>
    <UnitTestResult executionId="651fba2c-70d4-43bd-b74c-0ba5d3c2a327" testId="bed40777-36e8-1a5f-572d-4860c464f507" testName="GameInfo_TestEverything" computerName="SWCMACBOOKWIN7" duration="00:00:00.0056176" startTime="2014-03-17T15:30:28.4616000-06:00" endTime="2014-03-17T15:30:28.4772000-06:00" testType="13cdc9d9-ddb5-4fa4-a97d-d965ccfc6d4b" outcome="Passed" testListId="8c84fa94-04c1-424b-9868-57a2d4851a1d" relativeResultsDirectory="651fba2c-70d4-43bd-b74c-0ba5d3c2a327">
    </UnitTestResult>
    <UnitTestResult executionId="a559424e-36a0-4493-9194-08c72159bc9a" testId="c1669bf6-729e-d796-c7d9-f9b5c8ff2007" testName="Excuse_CheckProperties" computerName="SWCMACBOOKWIN7" duration="00:00:00.0005729" startTime="2014-03-17T15:30:28.4772000-06:00" endTime="2014-03-17T15:30:28.4772000-06:00" testType="13cdc9d9-ddb5-4fa4-a97d-d965ccfc6d4b" outcome="Passed" testListId="8c84fa94-04c1-424b-9868-57a2d4851a1d" relativeResultsDirectory="a559424e-36a0-4493-9194-08c72159bc9a">
    </UnitTestResult>
    <UnitTestResult executionId="f790da17-d9e1-4512-a1f2-bd481e18caeb" testId="c40c928e-c2ab-8b88-578e-d7b35f81b083" testName="Bomb_CheckConstructors" computerName="SWCMACBOOKWIN7" duration="00:00:00.0004421" startTime="2014-03-17T15:30:28.4772000-06:00" endTime="2014-03-17T15:30:28.4772000-06:00" testType="13cdc9d9-ddb5-4fa4-a97d-d965ccfc6d4b" outcome="Passed" testListId="8c84fa94-04c1-424b-9868-57a2d4851a1d" relativeResultsDirectory="f790da17-d9e1-4512-a1f2-bd481e18caeb">
    </UnitTestResult>
    <UnitTestResult executionId="29dae3bf-d9e2-4e22-b3ee-e580941ee79c" testId="cbafd4a2-ae21-bce8-59ea-f0278726e860" testName="TickTester_CheckProperties" computerName="SWCMACBOOKWIN7" duration="00:00:00.0001849" startTime="2014-03-17T15:30:28.4772000-06:00" endTime="2014-03-17T15:30:28.4772000-06:00" testType="13cdc9d9-ddb5-4fa4-a97d-d965ccfc6d4b" outcome="Passed" testListId="8c84fa94-04c1-424b-9868-57a2d4851a1d" relativeResultsDirectory="29dae3bf-d9e2-4e22-b3ee-e580941ee79c">
    </UnitTestResult>
    <UnitTestResult executionId="7eb3e030-269d-4093-9c92-b2be27c67bb0" testId="cfac802b-3c1b-a198-432f-c77278e8ca81" testName="ByteList_GetMethods" computerName="SWCMACBOOKWIN7" duration="00:00:00.0000792" startTime="2014-03-17T15:30:28.4928000-06:00" endTime="2014-03-17T15:30:28.4928000-06:00" testType="13cdc9d9-ddb5-4fa4-a97d-d965ccfc6d4b" outcome="Passed" testListId="8c84fa94-04c1-424b-9868-57a2d4851a1d" relativeResultsDirectory="7eb3e030-269d-4093-9c92-b2be27c67bb0">
    </UnitTestResult>
    <UnitTestResult executionId="31d67eb5-7b45-48bc-96fd-f1e588e9b186" testId="d004ffc2-a7fb-16d7-64d4-41782226b827" testName="AgentInfo_CheckProperties" computerName="SWCMACBOOKWIN7" duration="00:00:00.0004664" startTime="2014-03-17T15:30:28.4928000-06:00" endTime="2014-03-17T15:30:28.4928000-06:00" testType="13cdc9d9-ddb5-4fa4-a97d-d965ccfc6d4b" outcome="Passed" testListId="8c84fa94-04c1-424b-9868-57a2d4851a1d" relativeResultsDirectory="31d67eb5-7b45-48bc-96fd-f1e588e9b186">
    </UnitTestResult>
    <UnitTestResult executionId="93696827-6822-4a96-ad45-90b5f13e7fc0" testId="d0e63026-bde2-5483-a0a6-1e0d01a2dac2" testName="WhiningSpinner_CheckProperties" computerName="SWCMACBOOKWIN7" duration="00:00:00.0004056" startTime="2014-03-17T15:30:28.4928000-06:00" endTime="2014-03-17T15:30:28.4928000-06:00" testType="13cdc9d9-ddb5-4fa4-a97d-d965ccfc6d4b" outcome="Passed" testListId="8c84fa94-04c1-424b-9868-57a2d4851a1d" relativeResultsDirectory="93696827-6822-4a96-ad45-90b5f13e7fc0">
    </UnitTestResult>
    <UnitTestResult executionId="d4ba633b-4afe-499b-8ad6-a0b48d2ac2fd" testId="d6375a5d-a98c-9cb0-66a2-ad7be1e40c67" testName="ByteList_IndexOperator" computerName="SWCMACBOOKWIN7" duration="00:00:00.0028777" startTime="2014-03-17T15:30:28.4928000-06:00" endTime="2014-03-17T15:30:28.5084000-06:00" testType="13cdc9d9-ddb5-4fa4-a97d-d965ccfc6d4b" outcome="Passed" testListId="8c84fa94-04c1-424b-9868-57a2d4851a1d" relativeResultsDirectory="d4ba633b-4afe-499b-8ad6-a0b48d2ac2fd">
    </UnitTestResult>
    <UnitTestResult executionId="4c3128c2-72d7-4105-8b85-d3c911a24eea" testId="d6a120d8-083b-ca56-9c06-19e373b8321f" testName="ByteList_TestConstuctors" computerName="SWCMACBOOKWIN7" duration="00:00:00.0006111" startTime="2014-03-17T15:30:28.5084000-06:00" endTime="2014-03-17T15:30:28.5084000-06:00" testType="13cdc9d9-ddb5-4fa4-a97d-d965ccfc6d4b" outcome="Passed" testListId="8c84fa94-04c1-424b-9868-57a2d4851a1d" relativeResultsDirectory="4c3128c2-72d7-4105-8b85-d3c911a24eea">
    </UnitTestResult>
    <UnitTestResult executionId="a8678f56-fc02-42c7-a56a-b98f70bd2fb4" testId="d7721e2b-d839-f8ea-3513-be426faed8ef" testName="Excuse_CheckConstructors" computerName="SWCMACBOOKWIN7" duration="00:00:00.0004047" startTime="2014-03-17T15:30:28.5084000-06:00" endTime="2014-03-17T15:30:28.5084000-06:00" testType="13cdc9d9-ddb5-4fa4-a97d-d965ccfc6d4b" outcome="Passed" testListId="8c84fa94-04c1-424b-9868-57a2d4851a1d" relativeResultsDirectory="a8678f56-fc02-42c7-a56a-b98f70bd2fb4">
    </UnitTestResult>
    <UnitTestResult executionId="09e1d1c5-0565-4f8a-9542-df752da7b025" testId="d7dddf5a-bb0d-6bd1-cbdd-40ea5a1d7ae6" testName="StatusInfo_CheckProperties" computerName="SWCMACBOOKWIN7" duration="00:00:00.0003587" startTime="2014-03-17T15:30:28.5240000-06:00" endTime="2014-03-17T15:30:28.5240000-06:00" testType="13cdc9d9-ddb5-4fa4-a97d-d965ccfc6d4b" outcome="Passed" testListId="8c84fa94-04c1-424b-9868-57a2d4851a1d" relativeResultsDirectory="09e1d1c5-0565-4f8a-9542-df752da7b025">
    </UnitTestResult>
    <UnitTestResult executionId="5e85cb61-a889-42a5-badc-40077311c7fd" testId="e1ecfc94-2f7f-bdaf-64db-951e119da34c" testName="AckNak_CheckConstructorsAndFactories" computerName="SWCMACBOOKWIN7" duration="00:00:00.0010130" startTime="2014-03-17T15:30:28.5240000-06:00" endTime="2014-03-17T15:30:28.5240000-06:00" testType="13cdc9d9-ddb5-4fa4-a97d-d965ccfc6d4b" outcome="Passed" testListId="8c84fa94-04c1-424b-9868-57a2d4851a1d" relativeResultsDirectory="5e85cb61-a889-42a5-badc-40077311c7fd">
    </UnitTestResult>
    <UnitTestResult executionId="26592534-445b-4ecc-a86b-479bdbfe82bd" testId="e57f470c-5af0-0d55-6cfd-5233256e7a58" testName="AckNak_CheckProperties" computerName="SWCMACBOOKWIN7" duration="00:00:00.0003765" startTime="2014-03-17T15:30:28.5240000-06:00" endTime="2014-03-17T15:30:28.5240000-06:00" testType="13cdc9d9-ddb5-4fa4-a97d-d965ccfc6d4b" outcome="Passed" testListId="8c84fa94-04c1-424b-9868-57a2d4851a1d" relativeResultsDirectory="26592534-445b-4ecc-a86b-479bdbfe82bd">
    </UnitTestResult>
    <UnitTestResult executionId="20526a16-aa0f-4ccf-9847-d74f2bfebb74" testId="e7dc0839-3e08-ca22-1bcf-28b384668706" testName="StatusInfo_CheckConstructors" computerName="SWCMACBOOKWIN7" duration="00:00:00.0002565" startTime="2014-03-17T15:30:28.5240000-06:00" endTime="2014-03-17T15:30:28.5240000-06:00" testType="13cdc9d9-ddb5-4fa4-a97d-d965ccfc6d4b" outcome="Passed" testListId="8c84fa94-04c1-424b-9868-57a2d4851a1d" relativeResultsDirectory="20526a16-aa0f-4ccf-9847-d74f2bfebb74">
    </UnitTestResult>
    <UnitTestResult executionId="43095f70-9f0a-4992-a390-da019ea793af" testId="e831cd49-aad3-3977-9cbe-2178181315bc" testName="AgentList_CheckProperties" computerName="SWCMACBOOKWIN7" duration="00:00:00.0003465" startTime="2014-03-17T15:30:28.5396000-06:00" endTime="2014-03-17T15:30:28.5396000-06:00" testType="13cdc9d9-ddb5-4fa4-a97d-d965ccfc6d4b" outcome="Passed" testListId="8c84fa94-04c1-424b-9868-57a2d4851a1d" relativeResultsDirectory="43095f70-9f0a-4992-a390-da019ea793af">
    </UnitTestResult>
    <UnitTestResult executionId="f4607aa0-cc64-422b-8a9e-38342eb0779d" testId="eaad3cd9-fd8f-295f-72bd-25c259084926" testName="Bomb_CheckEncodeAndDecode" computerName="SWCMACBOOKWIN7" duration="00:00:00.0019995" startTime="2014-03-17T15:30:28.5396000-06:00" endTime="2014-03-17T15:30:28.5396000-06:00" testType="13cdc9d9-ddb5-4fa4-a97d-d965ccfc6d4b" outcome="Passed" testListId="8c84fa94-04c1-424b-9868-57a2d4851a1d" relativeResultsDirectory="f4607aa0-cc64-422b-8a9e-38342eb0779d">
    </UnitTestResult>
    <UnitTestResult executionId="44e8daae-effb-40d3-997a-8cf774296375" testId="eaba3772-7490-203e-d483-62bb0c779f54" testName="TickTester_CheckOtherMethods" computerName="SWCMACBOOKWIN7" duration="00:00:00.0002303" startTime="2014-03-17T15:30:28.5396000-06:00" endTime="2014-03-17T15:30:28.5396000-06:00" testType="13cdc9d9-ddb5-4fa4-a97d-d965ccfc6d4b" outcome="Passed" testListId="8c84fa94-04c1-424b-9868-57a2d4851a1d" relativeResultsDirectory="44e8daae-effb-40d3-997a-8cf774296375">
    </UnitTestResult>
    <UnitTestResult executionId="de6c7298-60bb-4a2c-8d60-cd1a0b81858e" testId="ee09e89e-c9b7-1b79-838a-49d7d7834303" testName="FieldLocation_CheckContructors" computerName="SWCMACBOOKWIN7" duration="00:00:00.0005518" startTime="2014-03-17T15:30:28.5396000-06:00" endTime="2014-03-17T15:30:28.5552000-06:00" testType="13cdc9d9-ddb5-4fa4-a97d-d965ccfc6d4b" outcome="Passed" testListId="8c84fa94-04c1-424b-9868-57a2d4851a1d" relativeResultsDirectory="de6c7298-60bb-4a2c-8d60-cd1a0b81858e">
    </UnitTestResult>
    <UnitTestResult executionId="6abd5654-f02a-4964-ab61-f600416bb85a" testId="ee180b0c-7542-d07d-8952-4dbe1fcee3f4" testName="GameConfiguration_CheckEncodeAndDecode" computerName="SWCMACBOOKWIN7" duration="00:00:00.0022980" startTime="2014-03-17T15:30:28.5552000-06:00" endTime="2014-03-17T15:30:28.5552000-06:00" testType="13cdc9d9-ddb5-4fa4-a97d-d965ccfc6d4b" outcome="Passed" testListId="8c84fa94-04c1-424b-9868-57a2d4851a1d" relativeResultsDirectory="6abd5654-f02a-4964-ab61-f600416bb85a">
    </UnitTestResult>
    <UnitTestResult executionId="4dbc1115-39f9-4eea-9658-8a6295d914aa" testId="eec3d1a0-bdb1-2f1e-d1b3-e4c125c7a7c7" testName="AgentInfo_CheckEncodeAndDecode" computerName="SWCMACBOOKWIN7" duration="00:00:00.0005891" startTime="2014-03-17T15:30:28.5552000-06:00" endTime="2014-03-17T15:30:28.5552000-06:00" testType="13cdc9d9-ddb5-4fa4-a97d-d965ccfc6d4b" outcome="Passed" testListId="8c84fa94-04c1-424b-9868-57a2d4851a1d" relativeResultsDirectory="4dbc1115-39f9-4eea-9658-8a6295d914aa">
    </UnitTestResult>
    <UnitTestResult executionId="9da3d5dc-cfa1-43d2-990f-ae3f4b46a152" testId="f84a9ebc-fda5-bcb9-1c69-429549673faf" testName="Excuse_CheckEncodeAndDecode" computerName="SWCMACBOOKWIN7" duration="00:00:00.0009200" startTime="2014-03-17T15:30:28.5552000-06:00" endTime="2014-03-17T15:30:28.5708000-06:00" testType="13cdc9d9-ddb5-4fa4-a97d-d965ccfc6d4b" outcome="Passed" testListId="8c84fa94-04c1-424b-9868-57a2d4851a1d" relativeResultsDirectory="9da3d5dc-cfa1-43d2-990f-ae3f4b46a152">
    </UnitTestResult>
  </Results>
</TestRun>