<?xml version="1.0" encoding="UTF-8"?>
<TestRun id="e100ff04-956b-4b40-8084-45a5c71d5e99" name="swc@SWCMACBOOKWIN7 2014-03-17 13:01:18" runUser="SWCMACBOOKWIN7\swc" xmlns="http://microsoft.com/schemas/VisualStudio/TeamTest/2010">
  <TestSettings name="Default Test Settings" id="003a9cff-53ed-421b-84c7-13440dea7939">
    <Deployment runDeploymentRoot="swc_SWCMACBOOKWIN7 2014-03-17 13_01_18">
      <DeploymentItem filename="\\psf\Home\Seafile\USU\Classes\cs5200f14\Homework\InstructorSolution\BSvZP-Common\Common\bin\Debug\Common.dll" />
    </Deployment>
    <Execution>
      <TestTypeSpecific />
      <AgentRule name="Execution Agents">
      </AgentRule>
    </Execution>
  </TestSettings>
  <Times creation="2014-03-17T13:01:18.5460000-06:00" queuing="2014-03-17T13:01:19.6240000-06:00" start="2014-03-17T13:01:19.7050000-06:00" finish="2014-03-17T13:01:44.9230000-06:00" />
  <ResultSummary outcome="Completed">
    <Counters total="1" executed="1" passed="1" error="0" failed="0" timeout="0" aborted="0" inconclusive="0" passedButRunAborted="0" notRunnable="0" notExecuted="0" disconnected="0" warning="0" completed="0" inProgress="0" pending="0" />
  </ResultSummary>
  <TestDefinitions>
    <UnitTest name="AgentList_CheckEncodeAndDecode" storage="\\psf\home\seafile\usu\classes\cs5200f14\homework\instructorsolution\bsvzp-common\commontester\bin\debug\commontester.dll" id="a12b329b-08b5-6b59-03aa-c53e22feb938">
      <Execution id="d359e351-db59-4c6c-acbf-833f9469454a" />
      <TestMethod codeBase="file://psf/Home/Seafile/USU/Classes/cs5200f14/Homework/InstructorSolution/BSvZP-Common/CommonTester/bin/Debug/CommonTester.DLL" adapterTypeName="Microsoft.VisualStudio.TestTools.TestTypes.Unit.UnitTestAdapter, Microsoft.VisualStudio.QualityTools.Tips.UnitTest.Adapter, Version=10.0.0.0, Culture=neutral, PublicKeyToken=b03f5f7f11d50a3a" className="CommonTester.AgentListTester, CommonTester, Version=1.0.0.0, Culture=neutral, PublicKeyToken=null" name="AgentList_CheckEncodeAndDecode" />
    </UnitTest>
  </TestDefinitions>
  <TestLists>
    <TestList name="Results Not in a List" id="8c84fa94-04c1-424b-9868-57a2d4851a1d" />
    <TestList name="All Loaded Results" id="19431567-8539-422a-85d7-44ee4e166bda" />
  </TestLists>
  <TestEntries>
    <TestEntry testId="a12b329b-08b5-6b59-03aa-c53e22feb938" executionId="d359e351-db59-4c6c-acbf-833f9469454a" testListId="8c84fa94-04c1-424b-9868-57a2d4851a1d" />
  </TestEntries>
  <Results>
    <UnitTestResult executionId="d359e351-db59-4c6c-acbf-833f9469454a" testId="a12b329b-08b5-6b59-03aa-c53e22feb938" testName="AgentList_CheckEncodeAndDecode" computerName="SWCMACBOOKWIN7" duration="00:00:24.1257081" startTime="2014-03-17T13:01:19.8160000-06:00" endTime="2014-03-17T13:01:44.8680000-06:00" testType="13cdc9d9-ddb5-4fa4-a97d-d965ccfc6d4b" outcome="Passed" testListId="8c84fa94-04c1-424b-9868-57a2d4851a1d" relativeResultsDirectory="d359e351-db59-4c6c-acbf-833f9469454a">
    </UnitTestResult>
  </Results>
</TestRun>