<?xml version="1.0" encoding="UTF-8"?>
<TestRun id="82e1a782-2c2b-4aa0-b77e-1af18a9d2006" name="swc@SWCMACBOOKWIN7 2014-03-17 12:47:30" runUser="SWCMACBOOKWIN7\swc" xmlns="http://microsoft.com/schemas/VisualStudio/TeamTest/2010">
  <TestSettings name="Default Test Settings" id="4557dbd7-23c9-4d13-9687-a4f18fbd472b">
    <Deployment runDeploymentRoot="swc_SWCMACBOOKWIN7 2014-03-17 12_47_30">
      <DeploymentItem filename="\\psf\Home\Seafile\USU\Classes\cs5200f14\Homework\InstructorSolution\BSvZP-Common\Common\bin\Debug\Common.dll" />
      <DeploymentItem filename="\\psf\Home\Seafile\USU\Classes\cs5200f14\Homework\InstructorSolution\BSvZP-Common\Messages\bin\Debug\Messages.dll" />
    </Deployment>
    <Execution>
      <TestTypeSpecific />
      <AgentRule name="Execution Agents">
      </AgentRule>
    </Execution>
  </TestSettings>
  <Times creation="2014-03-17T12:47:30.9584000-06:00" queuing="2014-03-17T12:47:31.2080000-06:00" start="2014-03-17T12:47:31.2080000-06:00" finish="2014-03-17T12:47:32.0660000-06:00" />
  <ResultSummary outcome="Failed">
    <Counters total="46" executed="46" passed="43" error="0" failed="3" timeout="0" aborted="0" inconclusive="0" passedButRunAborted="0" notRunnable="0" notExecuted="0" disconnected="0" warning="0" completed="0" inProgress="0" pending="0" />
  </ResultSummary>
  <TestDefinitions>
    <UnitTest name="WhiningSpinner_CheckEncodeAndDecode" storage="\\psf\home\seafile\usu\classes\cs5200f14\homework\instructorsolution\bsvzp-common\commontester\bin\debug\commontester.dll" id="adc509e9-affb-9f01-6b95-6ee65c98cc92">
      <Execution id="25a38ac6-05dd-4467-a068-a7e25f2853cf" />
      <TestMethod codeBase="file://psf/Home/Seafile/USU/Classes/cs5200f14/Homework/InstructorSolution/BSvZP-Common/CommonTester/bin/Debug/CommonTester.DLL" adapterTypeName="Microsoft.VisualStudio.TestTools.TestTypes.Unit.UnitTestAdapter, Microsoft.VisualStudio.QualityTools.Tips.UnitTest.Adapter, Version=10.0.0.0, Culture=neutral, PublicKeyToken=b03f5f7f11d50a3a" className="CommonTester.WhiningSpinnerTester, CommonTester, Version=1.0.0.0, Culture=neutral, PublicKeyToken=null" name="WhiningSpinner_CheckEncodeAndDecode" />
    </UnitTest>
    <UnitTest name="AgentInfo_CheckConstructors" storage="\\psf\home\seafile\usu\classes\cs5200f14\homework\instructorsolution\bsvzp-common\commontester\bin\debug\commontester.dll" id="b719406f-6c30-5234-e237-f3d1a5baaeb0">
      <Execution id="325d0260-3609-4826-81ec-b9884cf07603" />
      <TestMethod codeBase="file://psf/Home/Seafile/USU/Classes/cs5200f14/Homework/InstructorSolution/BSvZP-Common/CommonTester/bin/Debug/CommonTester.DLL" adapterTypeName="Microsoft.VisualStudio.TestTools.TestTypes.Unit.UnitTestAdapter, Microsoft.VisualStudio.QualityTools.Tips.UnitTest.Adapter, Version=10.0.0.0, Culture=neutral, PublicKeyToken=b03f5f7f11d50a3a" className="CommonTester.AgentInfoTester, CommonTester, Version=1.0.0.0, Culture=neutral, PublicKeyToken=null" name="AgentInfo_CheckConstructors" />
    </UnitTest>
    <UnitTest name="JoinGame_TestConstructorsAndFactories" storage="\\psf\home\seafile\usu\classes\cs5200f14\homework\instructorsolution\bsvzp-common\messagestester\bin\debug\messagestester.dll" id="a18b2fd5-37b0-6e6a-4b4c-5ea126e1e363">
      <Execution id="c4071c62-b7f4-47db-8cdc-a79249d89a36" />
      <TestMethod codeBase="file://psf/Home/Seafile/USU/Classes/cs5200f14/Homework/InstructorSolution/BSvZP-Common/MessagesTester/bin/Debug/MessagesTester.DLL" adapterTypeName="Microsoft.VisualStudio.TestTools.TestTypes.Unit.UnitTestAdapter, Microsoft.VisualStudio.QualityTools.Tips.UnitTest.Adapter, Version=10.0.0.0, Culture=neutral, PublicKeyToken=b03f5f7f11d50a3a" className="MessagesTester.JoinGameTester, MessagesTester, Version=1.0.0.0, Culture=neutral, PublicKeyToken=null" name="JoinGame_TestConstructorsAndFactories" />
    </UnitTest>
    <UnitTest name="AgentInfo_CheckProperties" storage="\\psf\home\seafile\usu\classes\cs5200f14\homework\instructorsolution\bsvzp-common\commontester\bin\debug\commontester.dll" id="d004ffc2-a7fb-16d7-64d4-41782226b827">
      <Execution id="07dfc675-30fb-46ee-a7a2-f9eed9d67d2f" />
      <TestMethod codeBase="file://psf/Home/Seafile/USU/Classes/cs5200f14/Homework/InstructorSolution/BSvZP-Common/CommonTester/bin/Debug/CommonTester.DLL" adapterTypeName="Microsoft.VisualStudio.TestTools.TestTypes.Unit.UnitTestAdapter, Microsoft.VisualStudio.QualityTools.Tips.UnitTest.Adapter, Version=10.0.0.0, Culture=neutral, PublicKeyToken=b03f5f7f11d50a3a" className="CommonTester.AgentInfoTester, CommonTester, Version=1.0.0.0, Culture=neutral, PublicKeyToken=null" name="AgentInfo_CheckProperties" />
    </UnitTest>
    <UnitTest name="TickTester_CheckOtherMethods" storage="\\psf\home\seafile\usu\classes\cs5200f14\homework\instructorsolution\bsvzp-common\commontester\bin\debug\commontester.dll" id="eaba3772-7490-203e-d483-62bb0c779f54">
      <Execution id="06341d8e-196f-494b-b4dc-c729c711da96" />
      <TestMethod codeBase="file://psf/Home/Seafile/USU/Classes/cs5200f14/Homework/InstructorSolution/BSvZP-Common/CommonTester/bin/Debug/CommonTester.DLL" adapterTypeName="Microsoft.VisualStudio.TestTools.TestTypes.Unit.UnitTestAdapter, Microsoft.VisualStudio.QualityTools.Tips.UnitTest.Adapter, Version=10.0.0.0, Culture=neutral, PublicKeyToken=b03f5f7f11d50a3a" className="CommonTester.TickTester, CommonTester, Version=1.0.0.0, Culture=neutral, PublicKeyToken=null" name="TickTester_CheckOtherMethods" />
    </UnitTest>
    <UnitTest name="Excuse_CheckEncodeAndDecode" storage="\\psf\home\seafile\usu\classes\cs5200f14\homework\instructorsolution\bsvzp-common\commontester\bin\debug\commontester.dll" id="f84a9ebc-fda5-bcb9-1c69-429549673faf">
      <Execution id="3fb152bd-7dfe-46c4-81e6-923a2e65733f" />
      <TestMethod codeBase="file://psf/Home/Seafile/USU/Classes/cs5200f14/Homework/InstructorSolution/BSvZP-Common/CommonTester/bin/Debug/CommonTester.DLL" adapterTypeName="Microsoft.VisualStudio.TestTools.TestTypes.Unit.UnitTestAdapter, Microsoft.VisualStudio.QualityTools.Tips.UnitTest.Adapter, Version=10.0.0.0, Culture=neutral, PublicKeyToken=b03f5f7f11d50a3a" className="CommonTester.ExcuseTester, CommonTester, Version=1.0.0.0, Culture=neutral, PublicKeyToken=null" name="Excuse_CheckEncodeAndDecode" />
    </UnitTest>
    <UnitTest name="ByteList_WriteAndAddMethods" storage="\\psf\home\seafile\usu\classes\cs5200f14\homework\instructorsolution\bsvzp-common\commontester\bin\debug\commontester.dll" id="4d9613ef-edcc-fbbe-37ff-ef27d7e93fda">
      <Execution id="0e7bfe47-c37a-49fb-81b8-a86d7da5b7a7" />
      <TestMethod codeBase="file://psf/Home/Seafile/USU/Classes/cs5200f14/Homework/InstructorSolution/BSvZP-Common/CommonTester/bin/Debug/CommonTester.DLL" adapterTypeName="Microsoft.VisualStudio.TestTools.TestTypes.Unit.UnitTestAdapter, Microsoft.VisualStudio.QualityTools.Tips.UnitTest.Adapter, Version=10.0.0.0, Culture=neutral, PublicKeyToken=b03f5f7f11d50a3a" className="CommonTester.ByteListTester, CommonTester, Version=1.0.0.0, Culture=neutral, PublicKeyToken=null" name="ByteList_WriteAndAddMethods" />
    </UnitTest>
    <UnitTest name="AckNak_CheckEncodeDecode" storage="\\psf\home\seafile\usu\classes\cs5200f14\homework\instructorsolution\bsvzp-common\messagestester\bin\debug\messagestester.dll" id="817e069b-b533-1822-e239-f8570024b19a">
      <Execution id="a43b2e95-7031-45dc-95b3-d34295f95c69" />
      <TestMethod codeBase="file://psf/Home/Seafile/USU/Classes/cs5200f14/Homework/InstructorSolution/BSvZP-Common/MessagesTester/bin/Debug/MessagesTester.DLL" adapterTypeName="Microsoft.VisualStudio.TestTools.TestTypes.Unit.UnitTestAdapter, Microsoft.VisualStudio.QualityTools.Tips.UnitTest.Adapter, Version=10.0.0.0, Culture=neutral, PublicKeyToken=b03f5f7f11d50a3a" className="MessagesTester.AckNakTester, MessagesTester, Version=1.0.0.0, Culture=neutral, PublicKeyToken=null" name="AckNak_CheckEncodeDecode" />
    </UnitTest>
    <UnitTest name="Bomb_CheckEncodeAndDecode" storage="\\psf\home\seafile\usu\classes\cs5200f14\homework\instructorsolution\bsvzp-common\commontester\bin\debug\commontester.dll" id="eaad3cd9-fd8f-295f-72bd-25c259084926">
      <Execution id="6232db4d-15e1-44e4-8f98-0f2e89efd58a" />
      <TestMethod codeBase="file://psf/Home/Seafile/USU/Classes/cs5200f14/Homework/InstructorSolution/BSvZP-Common/CommonTester/bin/Debug/CommonTester.DLL" adapterTypeName="Microsoft.VisualStudio.TestTools.TestTypes.Unit.UnitTestAdapter, Microsoft.VisualStudio.QualityTools.Tips.UnitTest.Adapter, Version=10.0.0.0, Culture=neutral, PublicKeyToken=b03f5f7f11d50a3a" className="CommonTester.BombTester, CommonTester, Version=1.0.0.0, Culture=neutral, PublicKeyToken=null" name="Bomb_CheckEncodeAndDecode" />
    </UnitTest>
    <UnitTest name="ByteList_GetMethods" storage="\\psf\home\seafile\usu\classes\cs5200f14\homework\instructorsolution\bsvzp-common\commontester\bin\debug\commontester.dll" id="cfac802b-3c1b-a198-432f-c77278e8ca81">
      <Execution id="b7bfb860-c4ef-43a0-96f1-f1048ea4e460" />
      <TestMethod codeBase="file://psf/Home/Seafile/USU/Classes/cs5200f14/Homework/InstructorSolution/BSvZP-Common/CommonTester/bin/Debug/CommonTester.DLL" adapterTypeName="Microsoft.VisualStudio.TestTools.TestTypes.Unit.UnitTestAdapter, Microsoft.VisualStudio.QualityTools.Tips.UnitTest.Adapter, Version=10.0.0.0, Culture=neutral, PublicKeyToken=b03f5f7f11d50a3a" className="CommonTester.ByteListTester, CommonTester, Version=1.0.0.0, Culture=neutral, PublicKeyToken=null" name="ByteList_GetMethods" />
    </UnitTest>
    <UnitTest name="EndPoint_CheckPropertiesAndMethods" storage="\\psf\home\seafile\usu\classes\cs5200f14\homework\instructorsolution\bsvzp-common\commontester\bin\debug\commontester.dll" id="733d2fea-55c2-0731-4fe1-8c3f0f1568bf">
      <Execution id="991c2a61-f514-44a4-92ce-b98044cd59f4" />
      <TestMethod codeBase="file://psf/Home/Seafile/USU/Classes/cs5200f14/Homework/InstructorSolution/BSvZP-Common/CommonTester/bin/Debug/CommonTester.DLL" adapterTypeName="Microsoft.VisualStudio.TestTools.TestTypes.Unit.UnitTestAdapter, Microsoft.VisualStudio.QualityTools.Tips.UnitTest.Adapter, Version=10.0.0.0, Culture=neutral, PublicKeyToken=b03f5f7f11d50a3a" className="CommonTester.EndPointTester, CommonTester, Version=1.0.0.0, Culture=neutral, PublicKeyToken=null" name="EndPoint_CheckPropertiesAndMethods" />
    </UnitTest>
    <UnitTest name="StatusInfo_CheckProperties" storage="\\psf\home\seafile\usu\classes\cs5200f14\homework\instructorsolution\bsvzp-common\commontester\bin\debug\commontester.dll" id="d7dddf5a-bb0d-6bd1-cbdd-40ea5a1d7ae6">
      <Execution id="16de86a1-bcfd-42eb-8a6a-4040322d6ef1" />
      <TestMethod codeBase="file://psf/Home/Seafile/USU/Classes/cs5200f14/Homework/InstructorSolution/BSvZP-Common/CommonTester/bin/Debug/CommonTester.DLL" adapterTypeName="Microsoft.VisualStudio.TestTools.TestTypes.Unit.UnitTestAdapter, Microsoft.VisualStudio.QualityTools.Tips.UnitTest.Adapter, Version=10.0.0.0, Culture=neutral, PublicKeyToken=b03f5f7f11d50a3a" className="CommonTester.StatusInfoTester, CommonTester, Version=1.0.0.0, Culture=neutral, PublicKeyToken=null" name="StatusInfo_CheckProperties" />
    </UnitTest>
    <UnitTest name="JoinGame_EncodingAndDecoding" storage="\\psf\home\seafile\usu\classes\cs5200f14\homework\instructorsolution\bsvzp-common\messagestester\bin\debug\messagestester.dll" id="ae084a0c-31eb-5c20-b099-0846b8b538da">
      <Execution id="9c325847-bbb8-441c-8e58-18b7726f8b71" />
      <TestMethod codeBase="file://psf/Home/Seafile/USU/Classes/cs5200f14/Homework/InstructorSolution/BSvZP-Common/MessagesTester/bin/Debug/MessagesTester.DLL" adapterTypeName="Microsoft.VisualStudio.TestTools.TestTypes.Unit.UnitTestAdapter, Microsoft.VisualStudio.QualityTools.Tips.UnitTest.Adapter, Version=10.0.0.0, Culture=neutral, PublicKeyToken=b03f5f7f11d50a3a" className="MessagesTester.JoinGameTester, MessagesTester, Version=1.0.0.0, Culture=neutral, PublicKeyToken=null" name="JoinGame_EncodingAndDecoding" />
    </UnitTest>
    <UnitTest name="ByteList_OtherPublicMethods" storage="\\psf\home\seafile\usu\classes\cs5200f14\homework\instructorsolution\bsvzp-common\commontester\bin\debug\commontester.dll" id="86c3602d-89bd-614c-0bbc-efb4c79b7da3">
      <Execution id="2009fa0e-64d2-4426-b1a3-1e7b654da04e" />
      <TestMethod codeBase="file://psf/Home/Seafile/USU/Classes/cs5200f14/Homework/InstructorSolution/BSvZP-Common/CommonTester/bin/Debug/CommonTester.DLL" adapterTypeName="Microsoft.VisualStudio.TestTools.TestTypes.Unit.UnitTestAdapter, Microsoft.VisualStudio.QualityTools.Tips.UnitTest.Adapter, Version=10.0.0.0, Culture=neutral, PublicKeyToken=b03f5f7f11d50a3a" className="CommonTester.ByteListTester, CommonTester, Version=1.0.0.0, Culture=neutral, PublicKeyToken=null" name="ByteList_OtherPublicMethods" />
    </UnitTest>
    <UnitTest name="PlayingFieldLayout_CheckConstructors" storage="\\psf\home\seafile\usu\classes\cs5200f14\homework\instructorsolution\bsvzp-common\commontester\bin\debug\commontester.dll" id="afd310cb-a782-bc2d-cdd4-0a91a0a340d8">
      <Execution id="c725201a-890e-422f-9109-5ad4226fdf00" />
      <TestMethod codeBase="file://psf/Home/Seafile/USU/Classes/cs5200f14/Homework/InstructorSolution/BSvZP-Common/CommonTester/bin/Debug/CommonTester.DLL" adapterTypeName="Microsoft.VisualStudio.TestTools.TestTypes.Unit.UnitTestAdapter, Microsoft.VisualStudio.QualityTools.Tips.UnitTest.Adapter, Version=10.0.0.0, Culture=neutral, PublicKeyToken=b03f5f7f11d50a3a" className="CommonTester.PlayingFieldLayoutTester, CommonTester, Version=1.0.0.0, Culture=neutral, PublicKeyToken=null" name="PlayingFieldLayout_CheckConstructors" />
    </UnitTest>
    <UnitTest name="ComponentList_CheckEncodeAndDecode" storage="\\psf\home\seafile\usu\classes\cs5200f14\homework\instructorsolution\bsvzp-common\commontester\bin\debug\commontester.dll" id="83971a48-5f1a-562c-bfda-6b64e477e829">
      <Execution id="5c948477-915e-4a77-8e99-1a92a1c0246d" />
      <TestMethod codeBase="file://psf/Home/Seafile/USU/Classes/cs5200f14/Homework/InstructorSolution/BSvZP-Common/CommonTester/bin/Debug/CommonTester.DLL" adapterTypeName="Microsoft.VisualStudio.TestTools.TestTypes.Unit.UnitTestAdapter, Microsoft.VisualStudio.QualityTools.Tips.UnitTest.Adapter, Version=10.0.0.0, Culture=neutral, PublicKeyToken=b03f5f7f11d50a3a" className="CommonTester.ComponentListTester, CommonTester, Version=1.0.0.0, Culture=neutral, PublicKeyToken=null" name="ComponentList_CheckEncodeAndDecode" />
    </UnitTest>
    <UnitTest name="PlayingFieldLayout_CheckEncodeAndDecode" storage="\\psf\home\seafile\usu\classes\cs5200f14\homework\instructorsolution\bsvzp-common\commontester\bin\debug\commontester.dll" id="226bba76-e22a-47aa-054a-7d7fb626af9a">
      <Execution id="abd7e667-5412-4af9-986c-cb95164dc1ad" />
      <TestMethod codeBase="file://psf/Home/Seafile/USU/Classes/cs5200f14/Homework/InstructorSolution/BSvZP-Common/CommonTester/bin/Debug/CommonTester.DLL" adapterTypeName="Microsoft.VisualStudio.TestTools.TestTypes.Unit.UnitTestAdapter, Microsoft.VisualStudio.QualityTools.Tips.UnitTest.Adapter, Version=10.0.0.0, Culture=neutral, PublicKeyToken=b03f5f7f11d50a3a" className="CommonTester.PlayingFieldLayoutTester, CommonTester, Version=1.0.0.0, Culture=neutral, PublicKeyToken=null" name="PlayingFieldLayout_CheckEncodeAndDecode" />
    </UnitTest>
    <UnitTest name="TickTester_CheckProperties" storage="\\psf\home\seafile\usu\classes\cs5200f14\homework\instructorsolution\bsvzp-common\commontester\bin\debug\commontester.dll" id="cbafd4a2-ae21-bce8-59ea-f0278726e860">
      <Execution id="68db3cd9-b8bf-4979-8874-ebb3c856967c" />
      <TestMethod codeBase="file://psf/Home/Seafile/USU/Classes/cs5200f14/Homework/InstructorSolution/BSvZP-Common/CommonTester/bin/Debug/CommonTester.DLL" adapterTypeName="Microsoft.VisualStudio.TestTools.TestTypes.Unit.UnitTestAdapter, Microsoft.VisualStudio.QualityTools.Tips.UnitTest.Adapter, Version=10.0.0.0, Culture=neutral, PublicKeyToken=b03f5f7f11d50a3a" className="CommonTester.TickTester, CommonTester, Version=1.0.0.0, Culture=neutral, PublicKeyToken=null" name="TickTester_CheckProperties" />
    </UnitTest>
    <UnitTest name="JoinGame_Properties" storage="\\psf\home\seafile\usu\classes\cs5200f14\homework\instructorsolution\bsvzp-common\messagestester\bin\debug\messagestester.dll" id="2a250804-8c18-c7c5-ba85-2ed591639168">
      <Execution id="92071659-53e9-4bc7-a61b-92bb7e6aae57" />
      <TestMethod codeBase="file://psf/Home/Seafile/USU/Classes/cs5200f14/Homework/InstructorSolution/BSvZP-Common/MessagesTester/bin/Debug/MessagesTester.DLL" adapterTypeName="Microsoft.VisualStudio.TestTools.TestTypes.Unit.UnitTestAdapter, Microsoft.VisualStudio.QualityTools.Tips.UnitTest.Adapter, Version=10.0.0.0, Culture=neutral, PublicKeyToken=b03f5f7f11d50a3a" className="MessagesTester.JoinGameTester, MessagesTester, Version=1.0.0.0, Culture=neutral, PublicKeyToken=null" name="JoinGame_Properties" />
    </UnitTest>
    <UnitTest name="StatusInfo_CheckConstructors" storage="\\psf\home\seafile\usu\classes\cs5200f14\homework\instructorsolution\bsvzp-common\commontester\bin\debug\commontester.dll" id="e7dc0839-3e08-ca22-1bcf-28b384668706">
      <Execution id="f64d2223-93ad-454e-ad1e-55f4b81f3dc3" />
      <TestMethod codeBase="file://psf/Home/Seafile/USU/Classes/cs5200f14/Homework/InstructorSolution/BSvZP-Common/CommonTester/bin/Debug/CommonTester.DLL" adapterTypeName="Microsoft.VisualStudio.TestTools.TestTypes.Unit.UnitTestAdapter, Microsoft.VisualStudio.QualityTools.Tips.UnitTest.Adapter, Version=10.0.0.0, Culture=neutral, PublicKeyToken=b03f5f7f11d50a3a" className="CommonTester.StatusInfoTester, CommonTester, Version=1.0.0.0, Culture=neutral, PublicKeyToken=null" name="StatusInfo_CheckConstructors" />
    </UnitTest>
    <UnitTest name="TickTester_CheckEncodeDecode" storage="\\psf\home\seafile\usu\classes\cs5200f14\homework\instructorsolution\bsvzp-common\commontester\bin\debug\commontester.dll" id="364e2c22-097c-ca5c-f8e6-b251f152eca6">
      <Execution id="b363ca59-0ba9-4781-ba79-95a59766adfc" />
      <TestMethod codeBase="file://psf/Home/Seafile/USU/Classes/cs5200f14/Homework/InstructorSolution/BSvZP-Common/CommonTester/bin/Debug/CommonTester.DLL" adapterTypeName="Microsoft.VisualStudio.TestTools.TestTypes.Unit.UnitTestAdapter, Microsoft.VisualStudio.QualityTools.Tips.UnitTest.Adapter, Version=10.0.0.0, Culture=neutral, PublicKeyToken=b03f5f7f11d50a3a" className="CommonTester.TickTester, CommonTester, Version=1.0.0.0, Culture=neutral, PublicKeyToken=null" name="TickTester_CheckEncodeDecode" />
    </UnitTest>
    <UnitTest name="WhiningSpinner_CheckProperties" storage="\\psf\home\seafile\usu\classes\cs5200f14\homework\instructorsolution\bsvzp-common\commontester\bin\debug\commontester.dll" id="d0e63026-bde2-5483-a0a6-1e0d01a2dac2">
      <Execution id="3deb2878-2f00-4a9c-9dcb-6900d268347a" />
      <TestMethod codeBase="file://psf/Home/Seafile/USU/Classes/cs5200f14/Homework/InstructorSolution/BSvZP-Common/CommonTester/bin/Debug/CommonTester.DLL" adapterTypeName="Microsoft.VisualStudio.TestTools.TestTypes.Unit.UnitTestAdapter, Microsoft.VisualStudio.QualityTools.Tips.UnitTest.Adapter, Version=10.0.0.0, Culture=neutral, PublicKeyToken=b03f5f7f11d50a3a" className="CommonTester.WhiningSpinnerTester, CommonTester, Version=1.0.0.0, Culture=neutral, PublicKeyToken=null" name="WhiningSpinner_CheckProperties" />
    </UnitTest>
    <UnitTest name="PlayingFieldLayout_CheckProperties" storage="\\psf\home\seafile\usu\classes\cs5200f14\homework\instructorsolution\bsvzp-common\commontester\bin\debug\commontester.dll" id="3fea3050-f5d6-363c-4b3d-01d4c84aab70">
      <Execution id="1585e9b9-31d8-4c5c-bc20-708c6c87d835" />
      <TestMethod codeBase="file://psf/Home/Seafile/USU/Classes/cs5200f14/Homework/InstructorSolution/BSvZP-Common/CommonTester/bin/Debug/CommonTester.DLL" adapterTypeName="Microsoft.VisualStudio.TestTools.TestTypes.Unit.UnitTestAdapter, Microsoft.VisualStudio.QualityTools.Tips.UnitTest.Adapter, Version=10.0.0.0, Culture=neutral, PublicKeyToken=b03f5f7f11d50a3a" className="CommonTester.PlayingFieldLayoutTester, CommonTester, Version=1.0.0.0, Culture=neutral, PublicKeyToken=null" name="PlayingFieldLayout_CheckProperties" />
    </UnitTest>
    <UnitTest name="StatusInfo_CheckEncodeAndDecode" storage="\\psf\home\seafile\usu\classes\cs5200f14\homework\instructorsolution\bsvzp-common\commontester\bin\debug\commontester.dll" id="104c4423-8e1a-52dd-da15-87ebe2cc2b3c">
      <Execution id="73f3db3f-64ec-4abf-9aea-f403141605da" />
      <TestMethod codeBase="file://psf/Home/Seafile/USU/Classes/cs5200f14/Homework/InstructorSolution/BSvZP-Common/CommonTester/bin/Debug/CommonTester.DLL" adapterTypeName="Microsoft.VisualStudio.TestTools.TestTypes.Unit.UnitTestAdapter, Microsoft.VisualStudio.QualityTools.Tips.UnitTest.Adapter, Version=10.0.0.0, Culture=neutral, PublicKeyToken=b03f5f7f11d50a3a" className="CommonTester.StatusInfoTester, CommonTester, Version=1.0.0.0, Culture=neutral, PublicKeyToken=null" name="StatusInfo_CheckEncodeAndDecode" />
    </UnitTest>
    <UnitTest name="FieldLocation_CheckProperties" storage="\\psf\home\seafile\usu\classes\cs5200f14\homework\instructorsolution\bsvzp-common\commontester\bin\debug\commontester.dll" id="90ba25dc-448d-9b84-8883-7173c0fe93b8">
      <Execution id="42a60e6f-524d-4ca8-94b3-a32569d20d95" />
      <TestMethod codeBase="file://psf/Home/Seafile/USU/Classes/cs5200f14/Homework/InstructorSolution/BSvZP-Common/CommonTester/bin/Debug/CommonTester.DLL" adapterTypeName="Microsoft.VisualStudio.TestTools.TestTypes.Unit.UnitTestAdapter, Microsoft.VisualStudio.QualityTools.Tips.UnitTest.Adapter, Version=10.0.0.0, Culture=neutral, PublicKeyToken=b03f5f7f11d50a3a" className="CommonTester.FieldLocationTester, CommonTester, Version=1.0.0.0, Culture=neutral, PublicKeyToken=null" name="FieldLocation_CheckProperties" />
    </UnitTest>
    <UnitTest name="AgentInfo_CheckEncodeAndDecode" storage="\\psf\home\seafile\usu\classes\cs5200f14\homework\instructorsolution\bsvzp-common\commontester\bin\debug\commontester.dll" id="eec3d1a0-bdb1-2f1e-d1b3-e4c125c7a7c7">
      <Execution id="abeab8d7-962b-4470-bd23-9c89eacd48c4" />
      <TestMethod codeBase="file://psf/Home/Seafile/USU/Classes/cs5200f14/Homework/InstructorSolution/BSvZP-Common/CommonTester/bin/Debug/CommonTester.DLL" adapterTypeName="Microsoft.VisualStudio.TestTools.TestTypes.Unit.UnitTestAdapter, Microsoft.VisualStudio.QualityTools.Tips.UnitTest.Adapter, Version=10.0.0.0, Culture=neutral, PublicKeyToken=b03f5f7f11d50a3a" className="CommonTester.AgentInfoTester, CommonTester, Version=1.0.0.0, Culture=neutral, PublicKeyToken=null" name="AgentInfo_CheckEncodeAndDecode" />
    </UnitTest>
    <UnitTest name="ComponentList_CheckProperties" storage="\\psf\home\seafile\usu\classes\cs5200f14\homework\instructorsolution\bsvzp-common\commontester\bin\debug\commontester.dll" id="beeb5250-9c43-aa48-8cec-fcd77363fd3e">
      <Execution id="7565ec95-41f9-48de-9098-24b434c34749" />
      <TestMethod codeBase="file://psf/Home/Seafile/USU/Classes/cs5200f14/Homework/InstructorSolution/BSvZP-Common/CommonTester/bin/Debug/CommonTester.DLL" adapterTypeName="Microsoft.VisualStudio.TestTools.TestTypes.Unit.UnitTestAdapter, Microsoft.VisualStudio.QualityTools.Tips.UnitTest.Adapter, Version=10.0.0.0, Culture=neutral, PublicKeyToken=b03f5f7f11d50a3a" className="CommonTester.ComponentListTester, CommonTester, Version=1.0.0.0, Culture=neutral, PublicKeyToken=null" name="ComponentList_CheckProperties" />
    </UnitTest>
    <UnitTest name="GameInfo_TestEverything" storage="\\psf\home\seafile\usu\classes\cs5200f14\homework\instructorsolution\bsvzp-common\commontester\bin\debug\commontester.dll" id="bed40777-36e8-1a5f-572d-4860c464f507">
      <Execution id="8fe34687-7839-4ac7-84cf-b022025a5138" />
      <TestMethod codeBase="file://psf/Home/Seafile/USU/Classes/cs5200f14/Homework/InstructorSolution/BSvZP-Common/CommonTester/bin/Debug/CommonTester.DLL" adapterTypeName="Microsoft.VisualStudio.TestTools.TestTypes.Unit.UnitTestAdapter, Microsoft.VisualStudio.QualityTools.Tips.UnitTest.Adapter, Version=10.0.0.0, Culture=neutral, PublicKeyToken=b03f5f7f11d50a3a" className="CommonTester.GameInfoTester, CommonTester, Version=1.0.0.0, Culture=neutral, PublicKeyToken=null" name="GameInfo_TestEverything" />
    </UnitTest>
    <UnitTest name="FieldLocation_CheckEncodeDecode" storage="\\psf\home\seafile\usu\classes\cs5200f14\homework\instructorsolution\bsvzp-common\commontester\bin\debug\commontester.dll" id="a2dff254-87db-0c1a-d212-e29ddb4c9c2a">
      <Execution id="f1cdf680-ab08-42ae-99e0-623701e9137a" />
      <TestMethod codeBase="file://psf/Home/Seafile/USU/Classes/cs5200f14/Homework/InstructorSolution/BSvZP-Common/CommonTester/bin/Debug/CommonTester.DLL" adapterTypeName="Microsoft.VisualStudio.TestTools.TestTypes.Unit.UnitTestAdapter, Microsoft.VisualStudio.QualityTools.Tips.UnitTest.Adapter, Version=10.0.0.0, Culture=neutral, PublicKeyToken=b03f5f7f11d50a3a" className="CommonTester.FieldLocationTester, CommonTester, Version=1.0.0.0, Culture=neutral, PublicKeyToken=null" name="FieldLocation_CheckEncodeDecode" />
    </UnitTest>
    <UnitTest name="Bomb_CheckProperties" storage="\\psf\home\seafile\usu\classes\cs5200f14\homework\instructorsolution\bsvzp-common\commontester\bin\debug\commontester.dll" id="9904ba65-a649-09ff-0ef0-c2c56c4e27fc">
      <Execution id="77523b71-c865-4a47-8c7e-2cca9814f2f8" />
      <TestMethod codeBase="file://psf/Home/Seafile/USU/Classes/cs5200f14/Homework/InstructorSolution/BSvZP-Common/CommonTester/bin/Debug/CommonTester.DLL" adapterTypeName="Microsoft.VisualStudio.TestTools.TestTypes.Unit.UnitTestAdapter, Microsoft.VisualStudio.QualityTools.Tips.UnitTest.Adapter, Version=10.0.0.0, Culture=neutral, PublicKeyToken=b03f5f7f11d50a3a" className="CommonTester.BombTester, CommonTester, Version=1.0.0.0, Culture=neutral, PublicKeyToken=null" name="Bomb_CheckProperties" />
    </UnitTest>
    <UnitTest name="Excuse_CheckConstructors" storage="\\psf\home\seafile\usu\classes\cs5200f14\homework\instructorsolution\bsvzp-common\commontester\bin\debug\commontester.dll" id="d7721e2b-d839-f8ea-3513-be426faed8ef">
      <Execution id="617b1671-e607-4d1b-8363-d965ef321328" />
      <TestMethod codeBase="file://psf/Home/Seafile/USU/Classes/cs5200f14/Homework/InstructorSolution/BSvZP-Common/CommonTester/bin/Debug/CommonTester.DLL" adapterTypeName="Microsoft.VisualStudio.TestTools.TestTypes.Unit.UnitTestAdapter, Microsoft.VisualStudio.QualityTools.Tips.UnitTest.Adapter, Version=10.0.0.0, Culture=neutral, PublicKeyToken=b03f5f7f11d50a3a" className="CommonTester.ExcuseTester, CommonTester, Version=1.0.0.0, Culture=neutral, PublicKeyToken=null" name="Excuse_CheckConstructors" />
    </UnitTest>
    <UnitTest name="EndPoint_CheckConstructors" storage="\\psf\home\seafile\usu\classes\cs5200f14\homework\instructorsolution\bsvzp-common\commontester\bin\debug\commontester.dll" id="663fbe27-d6e2-e0fc-db8a-f3f5ba6779a5">
      <Execution id="79a9b30f-1b32-4093-a79d-b0bfb6d28bed" />
      <TestMethod codeBase="file://psf/Home/Seafile/USU/Classes/cs5200f14/Homework/InstructorSolution/BSvZP-Common/CommonTester/bin/Debug/CommonTester.DLL" adapterTypeName="Microsoft.VisualStudio.TestTools.TestTypes.Unit.UnitTestAdapter, Microsoft.VisualStudio.QualityTools.Tips.UnitTest.Adapter, Version=10.0.0.0, Culture=neutral, PublicKeyToken=b03f5f7f11d50a3a" className="CommonTester.EndPointTester, CommonTester, Version=1.0.0.0, Culture=neutral, PublicKeyToken=null" name="EndPoint_CheckConstructors" />
    </UnitTest>
    <UnitTest name="Excuse_CheckProperties" storage="\\psf\home\seafile\usu\classes\cs5200f14\homework\instructorsolution\bsvzp-common\commontester\bin\debug\commontester.dll" id="c1669bf6-729e-d796-c7d9-f9b5c8ff2007">
      <Execution id="73458481-a09d-4ab8-a05f-06ea1da0eb2f" />
      <TestMethod codeBase="file://psf/Home/Seafile/USU/Classes/cs5200f14/Homework/InstructorSolution/BSvZP-Common/CommonTester/bin/Debug/CommonTester.DLL" adapterTypeName="Microsoft.VisualStudio.TestTools.TestTypes.Unit.UnitTestAdapter, Microsoft.VisualStudio.QualityTools.Tips.UnitTest.Adapter, Version=10.0.0.0, Culture=neutral, PublicKeyToken=b03f5f7f11d50a3a" className="CommonTester.ExcuseTester, CommonTester, Version=1.0.0.0, Culture=neutral, PublicKeyToken=null" name="Excuse_CheckProperties" />
    </UnitTest>
    <UnitTest name="AckNak_CheckConstructorsAndFactories" storage="\\psf\home\seafile\usu\classes\cs5200f14\homework\instructorsolution\bsvzp-common\messagestester\bin\debug\messagestester.dll" id="e1ecfc94-2f7f-bdaf-64db-951e119da34c">
      <Execution id="92fe8481-7323-4a3e-a9ae-3cfe9cd47a1d" />
      <TestMethod codeBase="file://psf/Home/Seafile/USU/Classes/cs5200f14/Homework/InstructorSolution/BSvZP-Common/MessagesTester/bin/Debug/MessagesTester.DLL" adapterTypeName="Microsoft.VisualStudio.TestTools.TestTypes.Unit.UnitTestAdapter, Microsoft.VisualStudio.QualityTools.Tips.UnitTest.Adapter, Version=10.0.0.0, Culture=neutral, PublicKeyToken=b03f5f7f11d50a3a" className="MessagesTester.AckNakTester, MessagesTester, Version=1.0.0.0, Culture=neutral, PublicKeyToken=null" name="AckNak_CheckConstructorsAndFactories" />
    </UnitTest>
    <UnitTest name="FieldLocation_CheckContructors" storage="\\psf\home\seafile\usu\classes\cs5200f14\homework\instructorsolution\bsvzp-common\commontester\bin\debug\commontester.dll" id="ee09e89e-c9b7-1b79-838a-49d7d7834303">
      <Execution id="24e57a4d-4ed9-4358-9d6f-e91ed16f2fdb" />
      <TestMethod codeBase="file://psf/Home/Seafile/USU/Classes/cs5200f14/Homework/InstructorSolution/BSvZP-Common/CommonTester/bin/Debug/CommonTester.DLL" adapterTypeName="Microsoft.VisualStudio.TestTools.TestTypes.Unit.UnitTestAdapter, Microsoft.VisualStudio.QualityTools.Tips.UnitTest.Adapter, Version=10.0.0.0, Culture=neutral, PublicKeyToken=b03f5f7f11d50a3a" className="CommonTester.FieldLocationTester, CommonTester, Version=1.0.0.0, Culture=neutral, PublicKeyToken=null" name="FieldLocation_CheckContructors" />
    </UnitTest>
    <UnitTest name="GameConfiguration_CheckProperties" storage="\\psf\home\seafile\usu\classes\cs5200f14\homework\instructorsolution\bsvzp-common\commontester\bin\debug\commontester.dll" id="63ed64ee-6209-0958-7de8-d968e87d1d45">
      <Execution id="e423ca42-7650-482b-be45-397c27450e5e" />
      <TestMethod codeBase="file://psf/Home/Seafile/USU/Classes/cs5200f14/Homework/InstructorSolution/BSvZP-Common/CommonTester/bin/Debug/CommonTester.DLL" adapterTypeName="Microsoft.VisualStudio.TestTools.TestTypes.Unit.UnitTestAdapter, Microsoft.VisualStudio.QualityTools.Tips.UnitTest.Adapter, Version=10.0.0.0, Culture=neutral, PublicKeyToken=b03f5f7f11d50a3a" className="CommonTester.GameConfigurationTester, CommonTester, Version=1.0.0.0, Culture=neutral, PublicKeyToken=null" name="GameConfiguration_CheckProperties" />
    </UnitTest>
    <UnitTest name="AckNak_CheckProperties" storage="\\psf\home\seafile\usu\classes\cs5200f14\homework\instructorsolution\bsvzp-common\messagestester\bin\debug\messagestester.dll" id="e57f470c-5af0-0d55-6cfd-5233256e7a58">
      <Execution id="7e0387c2-2a19-4f8a-8353-002dcbc23608" />
      <TestMethod codeBase="file://psf/Home/Seafile/USU/Classes/cs5200f14/Homework/InstructorSolution/BSvZP-Common/MessagesTester/bin/Debug/MessagesTester.DLL" adapterTypeName="Microsoft.VisualStudio.TestTools.TestTypes.Unit.UnitTestAdapter, Microsoft.VisualStudio.QualityTools.Tips.UnitTest.Adapter, Version=10.0.0.0, Culture=neutral, PublicKeyToken=b03f5f7f11d50a3a" className="MessagesTester.AckNakTester, MessagesTester, Version=1.0.0.0, Culture=neutral, PublicKeyToken=null" name="AckNak_CheckProperties" />
    </UnitTest>
    <UnitTest name="TickTester_CheckConstructors" storage="\\psf\home\seafile\usu\classes\cs5200f14\homework\instructorsolution\bsvzp-common\commontester\bin\debug\commontester.dll" id="507519cd-90aa-7a27-5b1e-0972c3d12269">
      <Execution id="18486e83-2856-46c1-b1c4-173714e99120" />
      <TestMethod codeBase="file://psf/Home/Seafile/USU/Classes/cs5200f14/Homework/InstructorSolution/BSvZP-Common/CommonTester/bin/Debug/CommonTester.DLL" adapterTypeName="Microsoft.VisualStudio.TestTools.TestTypes.Unit.UnitTestAdapter, Microsoft.VisualStudio.QualityTools.Tips.UnitTest.Adapter, Version=10.0.0.0, Culture=neutral, PublicKeyToken=b03f5f7f11d50a3a" className="CommonTester.TickTester, CommonTester, Version=1.0.0.0, Culture=neutral, PublicKeyToken=null" name="TickTester_CheckConstructors" />
    </UnitTest>
    <UnitTest name="ByteList_TestConstuctors" storage="\\psf\home\seafile\usu\classes\cs5200f14\homework\instructorsolution\bsvzp-common\commontester\bin\debug\commontester.dll" id="d6a120d8-083b-ca56-9c06-19e373b8321f">
      <Execution id="8310da82-375e-4c99-ab21-ca215589c6fc" />
      <TestMethod codeBase="file://psf/Home/Seafile/USU/Classes/cs5200f14/Homework/InstructorSolution/BSvZP-Common/CommonTester/bin/Debug/CommonTester.DLL" adapterTypeName="Microsoft.VisualStudio.TestTools.TestTypes.Unit.UnitTestAdapter, Microsoft.VisualStudio.QualityTools.Tips.UnitTest.Adapter, Version=10.0.0.0, Culture=neutral, PublicKeyToken=b03f5f7f11d50a3a" className="CommonTester.ByteListTester, CommonTester, Version=1.0.0.0, Culture=neutral, PublicKeyToken=null" name="ByteList_TestConstuctors" />
    </UnitTest>
    <UnitTest name="Bomb_CheckConstructors" storage="\\psf\home\seafile\usu\classes\cs5200f14\homework\instructorsolution\bsvzp-common\commontester\bin\debug\commontester.dll" id="c40c928e-c2ab-8b88-578e-d7b35f81b083">
      <Execution id="f70fecc4-5d1c-48aa-9673-d232cc1d8726" />
      <TestMethod codeBase="file://psf/Home/Seafile/USU/Classes/cs5200f14/Homework/InstructorSolution/BSvZP-Common/CommonTester/bin/Debug/CommonTester.DLL" adapterTypeName="Microsoft.VisualStudio.TestTools.TestTypes.Unit.UnitTestAdapter, Microsoft.VisualStudio.QualityTools.Tips.UnitTest.Adapter, Version=10.0.0.0, Culture=neutral, PublicKeyToken=b03f5f7f11d50a3a" className="CommonTester.BombTester, CommonTester, Version=1.0.0.0, Culture=neutral, PublicKeyToken=null" name="Bomb_CheckConstructors" />
    </UnitTest>
    <UnitTest name="WhiningSpinner_CheckConstructors" storage="\\psf\home\seafile\usu\classes\cs5200f14\homework\instructorsolution\bsvzp-common\commontester\bin\debug\commontester.dll" id="a987a908-01f9-9386-23e7-287a5d2d2721">
      <Execution id="63171521-591d-4bd5-bd28-3bf8995afa7d" />
      <TestMethod codeBase="file://psf/Home/Seafile/USU/Classes/cs5200f14/Homework/InstructorSolution/BSvZP-Common/CommonTester/bin/Debug/CommonTester.DLL" adapterTypeName="Microsoft.VisualStudio.TestTools.TestTypes.Unit.UnitTestAdapter, Microsoft.VisualStudio.QualityTools.Tips.UnitTest.Adapter, Version=10.0.0.0, Culture=neutral, PublicKeyToken=b03f5f7f11d50a3a" className="CommonTester.WhiningSpinnerTester, CommonTester, Version=1.0.0.0, Culture=neutral, PublicKeyToken=null" name="WhiningSpinner_CheckConstructors" />
    </UnitTest>
    <UnitTest name="EndPoint_CheckEncodeAndDecode" storage="\\psf\home\seafile\usu\classes\cs5200f14\homework\instructorsolution\bsvzp-common\commontester\bin\debug\commontester.dll" id="5c61ce7d-c870-b77b-416d-32ca3192646b">
      <Execution id="fb3da792-421e-40d6-86eb-2e4027610ef0" />
      <TestMethod codeBase="file://psf/Home/Seafile/USU/Classes/cs5200f14/Homework/InstructorSolution/BSvZP-Common/CommonTester/bin/Debug/CommonTester.DLL" adapterTypeName="Microsoft.VisualStudio.TestTools.TestTypes.Unit.UnitTestAdapter, Microsoft.VisualStudio.QualityTools.Tips.UnitTest.Adapter, Version=10.0.0.0, Culture=neutral, PublicKeyToken=b03f5f7f11d50a3a" className="CommonTester.EndPointTester, CommonTester, Version=1.0.0.0, Culture=neutral, PublicKeyToken=null" name="EndPoint_CheckEncodeAndDecode" />
    </UnitTest>
    <UnitTest name="GameConfiguration_CheckEncodeAndDecode" storage="\\psf\home\seafile\usu\classes\cs5200f14\homework\instructorsolution\bsvzp-common\commontester\bin\debug\commontester.dll" id="ee180b0c-7542-d07d-8952-4dbe1fcee3f4">
      <Execution id="ec787171-8e7f-4b6a-ae5f-53820371bd0d" />
      <TestMethod codeBase="file://psf/Home/Seafile/USU/Classes/cs5200f14/Homework/InstructorSolution/BSvZP-Common/CommonTester/bin/Debug/CommonTester.DLL" adapterTypeName="Microsoft.VisualStudio.TestTools.TestTypes.Unit.UnitTestAdapter, Microsoft.VisualStudio.QualityTools.Tips.UnitTest.Adapter, Version=10.0.0.0, Culture=neutral, PublicKeyToken=b03f5f7f11d50a3a" className="CommonTester.GameConfigurationTester, CommonTester, Version=1.0.0.0, Culture=neutral, PublicKeyToken=null" name="GameConfiguration_CheckEncodeAndDecode" />
    </UnitTest>
    <UnitTest name="GameConfiguration_CheckConstructors" storage="\\psf\home\seafile\usu\classes\cs5200f14\homework\instructorsolution\bsvzp-common\commontester\bin\debug\commontester.dll" id="5dc13c08-9307-4d94-c22f-dc70f60ff32f">
      <Execution id="1709d1d7-8e5b-4932-9a42-4c95e1bce8a7" />
      <TestMethod codeBase="file://psf/Home/Seafile/USU/Classes/cs5200f14/Homework/InstructorSolution/BSvZP-Common/CommonTester/bin/Debug/CommonTester.DLL" adapterTypeName="Microsoft.VisualStudio.TestTools.TestTypes.Unit.UnitTestAdapter, Microsoft.VisualStudio.QualityTools.Tips.UnitTest.Adapter, Version=10.0.0.0, Culture=neutral, PublicKeyToken=b03f5f7f11d50a3a" className="CommonTester.GameConfigurationTester, CommonTester, Version=1.0.0.0, Culture=neutral, PublicKeyToken=null" name="GameConfiguration_CheckConstructors" />
    </UnitTest>
    <UnitTest name="ComponentList_CheckConstructors" storage="\\psf\home\seafile\usu\classes\cs5200f14\homework\instructorsolution\bsvzp-common\commontester\bin\debug\commontester.dll" id="f1cd31e1-cb34-03fd-04c1-58f580f316d5">
      <Execution id="c35607eb-fbf8-4b4f-95eb-ead849213110" />
      <TestMethod codeBase="file://psf/Home/Seafile/USU/Classes/cs5200f14/Homework/InstructorSolution/BSvZP-Common/CommonTester/bin/Debug/CommonTester.DLL" adapterTypeName="Microsoft.VisualStudio.TestTools.TestTypes.Unit.UnitTestAdapter, Microsoft.VisualStudio.QualityTools.Tips.UnitTest.Adapter, Version=10.0.0.0, Culture=neutral, PublicKeyToken=b03f5f7f11d50a3a" className="CommonTester.ComponentListTester, CommonTester, Version=1.0.0.0, Culture=neutral, PublicKeyToken=null" name="ComponentList_CheckConstructors" />
    </UnitTest>
    <UnitTest name="ByteList_IndexOperator" storage="\\psf\home\seafile\usu\classes\cs5200f14\homework\instructorsolution\bsvzp-common\commontester\bin\debug\commontester.dll" id="d6375a5d-a98c-9cb0-66a2-ad7be1e40c67">
      <Execution id="28ca868b-6c32-44a9-86fd-83776a14b2ed" />
      <TestMethod codeBase="file://psf/Home/Seafile/USU/Classes/cs5200f14/Homework/InstructorSolution/BSvZP-Common/CommonTester/bin/Debug/CommonTester.DLL" adapterTypeName="Microsoft.VisualStudio.TestTools.TestTypes.Unit.UnitTestAdapter, Microsoft.VisualStudio.QualityTools.Tips.UnitTest.Adapter, Version=10.0.0.0, Culture=neutral, PublicKeyToken=b03f5f7f11d50a3a" className="CommonTester.ByteListTester, CommonTester, Version=1.0.0.0, Culture=neutral, PublicKeyToken=null" name="ByteList_IndexOperator" />
    </UnitTest>
  </TestDefinitions>
  <TestLists>
    <TestList name="Results Not in a List" id="8c84fa94-04c1-424b-9868-57a2d4851a1d" />
    <TestList name="All Loaded Results" id="19431567-8539-422a-85d7-44ee4e166bda" />
  </TestLists>
  <TestEntries>
    <TestEntry testId="104c4423-8e1a-52dd-da15-87ebe2cc2b3c" executionId="73f3db3f-64ec-4abf-9aea-f403141605da" testListId="8c84fa94-04c1-424b-9868-57a2d4851a1d" />
    <TestEntry testId="226bba76-e22a-47aa-054a-7d7fb626af9a" executionId="abd7e667-5412-4af9-986c-cb95164dc1ad" testListId="8c84fa94-04c1-424b-9868-57a2d4851a1d" />
    <TestEntry testId="2a250804-8c18-c7c5-ba85-2ed591639168" executionId="92071659-53e9-4bc7-a61b-92bb7e6aae57" testListId="8c84fa94-04c1-424b-9868-57a2d4851a1d" />
    <TestEntry testId="364e2c22-097c-ca5c-f8e6-b251f152eca6" executionId="b363ca59-0ba9-4781-ba79-95a59766adfc" testListId="8c84fa94-04c1-424b-9868-57a2d4851a1d" />
    <TestEntry testId="3fea3050-f5d6-363c-4b3d-01d4c84aab70" executionId="1585e9b9-31d8-4c5c-bc20-708c6c87d835" testListId="8c84fa94-04c1-424b-9868-57a2d4851a1d" />
    <TestEntry testId="4d9613ef-edcc-fbbe-37ff-ef27d7e93fda" executionId="0e7bfe47-c37a-49fb-81b8-a86d7da5b7a7" testListId="8c84fa94-04c1-424b-9868-57a2d4851a1d" />
    <TestEntry testId="507519cd-90aa-7a27-5b1e-0972c3d12269" executionId="18486e83-2856-46c1-b1c4-173714e99120" testListId="8c84fa94-04c1-424b-9868-57a2d4851a1d" />
    <TestEntry testId="5c61ce7d-c870-b77b-416d-32ca3192646b" executionId="fb3da792-421e-40d6-86eb-2e4027610ef0" testListId="8c84fa94-04c1-424b-9868-57a2d4851a1d" />
    <TestEntry testId="5dc13c08-9307-4d94-c22f-dc70f60ff32f" executionId="1709d1d7-8e5b-4932-9a42-4c95e1bce8a7" testListId="8c84fa94-04c1-424b-9868-57a2d4851a1d" />
    <TestEntry testId="63ed64ee-6209-0958-7de8-d968e87d1d45" executionId="e423ca42-7650-482b-be45-397c27450e5e" testListId="8c84fa94-04c1-424b-9868-57a2d4851a1d" />
    <TestEntry testId="663fbe27-d6e2-e0fc-db8a-f3f5ba6779a5" executionId="79a9b30f-1b32-4093-a79d-b0bfb6d28bed" testListId="8c84fa94-04c1-424b-9868-57a2d4851a1d" />
    <TestEntry testId="733d2fea-55c2-0731-4fe1-8c3f0f1568bf" executionId="991c2a61-f514-44a4-92ce-b98044cd59f4" testListId="8c84fa94-04c1-424b-9868-57a2d4851a1d" />
    <TestEntry testId="817e069b-b533-1822-e239-f8570024b19a" executionId="a43b2e95-7031-45dc-95b3-d34295f95c69" testListId="8c84fa94-04c1-424b-9868-57a2d4851a1d" />
    <TestEntry testId="83971a48-5f1a-562c-bfda-6b64e477e829" executionId="5c948477-915e-4a77-8e99-1a92a1c0246d" testListId="8c84fa94-04c1-424b-9868-57a2d4851a1d" />
    <TestEntry testId="86c3602d-89bd-614c-0bbc-efb4c79b7da3" executionId="2009fa0e-64d2-4426-b1a3-1e7b654da04e" testListId="8c84fa94-04c1-424b-9868-57a2d4851a1d" />
    <TestEntry testId="90ba25dc-448d-9b84-8883-7173c0fe93b8" executionId="42a60e6f-524d-4ca8-94b3-a32569d20d95" testListId="8c84fa94-04c1-424b-9868-57a2d4851a1d" />
    <TestEntry testId="9904ba65-a649-09ff-0ef0-c2c56c4e27fc" executionId="77523b71-c865-4a47-8c7e-2cca9814f2f8" testListId="8c84fa94-04c1-424b-9868-57a2d4851a1d" />
    <TestEntry testId="a18b2fd5-37b0-6e6a-4b4c-5ea126e1e363" executionId="c4071c62-b7f4-47db-8cdc-a79249d89a36" testListId="8c84fa94-04c1-424b-9868-57a2d4851a1d" />
    <TestEntry testId="a2dff254-87db-0c1a-d212-e29ddb4c9c2a" executionId="f1cdf680-ab08-42ae-99e0-623701e9137a" testListId="8c84fa94-04c1-424b-9868-57a2d4851a1d" />
    <TestEntry testId="a987a908-01f9-9386-23e7-287a5d2d2721" executionId="63171521-591d-4bd5-bd28-3bf8995afa7d" testListId="8c84fa94-04c1-424b-9868-57a2d4851a1d" />
    <TestEntry testId="adc509e9-affb-9f01-6b95-6ee65c98cc92" executionId="25a38ac6-05dd-4467-a068-a7e25f2853cf" testListId="8c84fa94-04c1-424b-9868-57a2d4851a1d" />
    <TestEntry testId="ae084a0c-31eb-5c20-b099-0846b8b538da" executionId="9c325847-bbb8-441c-8e58-18b7726f8b71" testListId="8c84fa94-04c1-424b-9868-57a2d4851a1d" />
    <TestEntry testId="afd310cb-a782-bc2d-cdd4-0a91a0a340d8" executionId="c725201a-890e-422f-9109-5ad4226fdf00" testListId="8c84fa94-04c1-424b-9868-57a2d4851a1d" />
    <TestEntry testId="b719406f-6c30-5234-e237-f3d1a5baaeb0" executionId="325d0260-3609-4826-81ec-b9884cf07603" testListId="8c84fa94-04c1-424b-9868-57a2d4851a1d" />
    <TestEntry testId="bed40777-36e8-1a5f-572d-4860c464f507" executionId="8fe34687-7839-4ac7-84cf-b022025a5138" testListId="8c84fa94-04c1-424b-9868-57a2d4851a1d" />
    <TestEntry testId="beeb5250-9c43-aa48-8cec-fcd77363fd3e" executionId="7565ec95-41f9-48de-9098-24b434c34749" testListId="8c84fa94-04c1-424b-9868-57a2d4851a1d" />
    <TestEntry testId="c1669bf6-729e-d796-c7d9-f9b5c8ff2007" executionId="73458481-a09d-4ab8-a05f-06ea1da0eb2f" testListId="8c84fa94-04c1-424b-9868-57a2d4851a1d" />
    <TestEntry testId="c40c928e-c2ab-8b88-578e-d7b35f81b083" executionId="f70fecc4-5d1c-48aa-9673-d232cc1d8726" testListId="8c84fa94-04c1-424b-9868-57a2d4851a1d" />
    <TestEntry testId="cbafd4a2-ae21-bce8-59ea-f0278726e860" executionId="68db3cd9-b8bf-4979-8874-ebb3c856967c" testListId="8c84fa94-04c1-424b-9868-57a2d4851a1d" />
    <TestEntry testId="cfac802b-3c1b-a198-432f-c77278e8ca81" executionId="b7bfb860-c4ef-43a0-96f1-f1048ea4e460" testListId="8c84fa94-04c1-424b-9868-57a2d4851a1d" />
    <TestEntry testId="d004ffc2-a7fb-16d7-64d4-41782226b827" executionId="07dfc675-30fb-46ee-a7a2-f9eed9d67d2f" testListId="8c84fa94-04c1-424b-9868-57a2d4851a1d" />
    <TestEntry testId="d0e63026-bde2-5483-a0a6-1e0d01a2dac2" executionId="3deb2878-2f00-4a9c-9dcb-6900d268347a" testListId="8c84fa94-04c1-424b-9868-57a2d4851a1d" />
    <TestEntry testId="d6375a5d-a98c-9cb0-66a2-ad7be1e40c67" executionId="28ca868b-6c32-44a9-86fd-83776a14b2ed" testListId="8c84fa94-04c1-424b-9868-57a2d4851a1d" />
    <TestEntry testId="d6a120d8-083b-ca56-9c06-19e373b8321f" executionId="8310da82-375e-4c99-ab21-ca215589c6fc" testListId="8c84fa94-04c1-424b-9868-57a2d4851a1d" />
    <TestEntry testId="d7721e2b-d839-f8ea-3513-be426faed8ef" executionId="617b1671-e607-4d1b-8363-d965ef321328" testListId="8c84fa94-04c1-424b-9868-57a2d4851a1d" />
    <TestEntry testId="d7dddf5a-bb0d-6bd1-cbdd-40ea5a1d7ae6" executionId="16de86a1-bcfd-42eb-8a6a-4040322d6ef1" testListId="8c84fa94-04c1-424b-9868-57a2d4851a1d" />
    <TestEntry testId="e1ecfc94-2f7f-bdaf-64db-951e119da34c" executionId="92fe8481-7323-4a3e-a9ae-3cfe9cd47a1d" testListId="8c84fa94-04c1-424b-9868-57a2d4851a1d" />
    <TestEntry testId="e57f470c-5af0-0d55-6cfd-5233256e7a58" executionId="7e0387c2-2a19-4f8a-8353-002dcbc23608" testListId="8c84fa94-04c1-424b-9868-57a2d4851a1d" />
    <TestEntry testId="e7dc0839-3e08-ca22-1bcf-28b384668706" executionId="f64d2223-93ad-454e-ad1e-55f4b81f3dc3" testListId="8c84fa94-04c1-424b-9868-57a2d4851a1d" />
    <TestEntry testId="eaad3cd9-fd8f-295f-72bd-25c259084926" executionId="6232db4d-15e1-44e4-8f98-0f2e89efd58a" testListId="8c84fa94-04c1-424b-9868-57a2d4851a1d" />
    <TestEntry testId="eaba3772-7490-203e-d483-62bb0c779f54" executionId="06341d8e-196f-494b-b4dc-c729c711da96" testListId="8c84fa94-04c1-424b-9868-57a2d4851a1d" />
    <TestEntry testId="ee09e89e-c9b7-1b79-838a-49d7d7834303" executionId="24e57a4d-4ed9-4358-9d6f-e91ed16f2fdb" testListId="8c84fa94-04c1-424b-9868-57a2d4851a1d" />
    <TestEntry testId="ee180b0c-7542-d07d-8952-4dbe1fcee3f4" executionId="ec787171-8e7f-4b6a-ae5f-53820371bd0d" testListId="8c84fa94-04c1-424b-9868-57a2d4851a1d" />
    <TestEntry testId="eec3d1a0-bdb1-2f1e-d1b3-e4c125c7a7c7" executionId="abeab8d7-962b-4470-bd23-9c89eacd48c4" testListId="8c84fa94-04c1-424b-9868-57a2d4851a1d" />
    <TestEntry testId="f1cd31e1-cb34-03fd-04c1-58f580f316d5" executionId="c35607eb-fbf8-4b4f-95eb-ead849213110" testListId="8c84fa94-04c1-424b-9868-57a2d4851a1d" />
    <TestEntry testId="f84a9ebc-fda5-bcb9-1c69-429549673faf" executionId="3fb152bd-7dfe-46c4-81e6-923a2e65733f" testListId="8c84fa94-04c1-424b-9868-57a2d4851a1d" />
  </TestEntries>
  <Results>
    <UnitTestResult executionId="73f3db3f-64ec-4abf-9aea-f403141605da" testId="104c4423-8e1a-52dd-da15-87ebe2cc2b3c" testName="StatusInfo_CheckEncodeAndDecode" computerName="SWCMACBOOKWIN7" duration="00:00:00.0138835" startTime="2014-03-17T12:47:31.2392000-06:00" endTime="2014-03-17T12:47:31.4576000-06:00" testType="13cdc9d9-ddb5-4fa4-a97d-d965ccfc6d4b" outcome="Passed" testListId="8c84fa94-04c1-424b-9868-57a2d4851a1d" relativeResultsDirectory="73f3db3f-64ec-4abf-9aea-f403141605da">
    </UnitTestResult>
    <UnitTestResult executionId="abd7e667-5412-4af9-986c-cb95164dc1ad" testId="226bba76-e22a-47aa-054a-7d7fb626af9a" testName="PlayingFieldLayout_CheckEncodeAndDecode" computerName="SWCMACBOOKWIN7" duration="00:00:00.0015338" startTime="2014-03-17T12:47:31.4732000-06:00" endTime="2014-03-17T12:47:31.4732000-06:00" testType="13cdc9d9-ddb5-4fa4-a97d-d965ccfc6d4b" outcome="Passed" testListId="8c84fa94-04c1-424b-9868-57a2d4851a1d" relativeResultsDirectory="abd7e667-5412-4af9-986c-cb95164dc1ad">
    </UnitTestResult>
    <UnitTestResult executionId="92071659-53e9-4bc7-a61b-92bb7e6aae57" testId="2a250804-8c18-c7c5-ba85-2ed591639168" testName="JoinGame_Properties" computerName="SWCMACBOOKWIN7" duration="00:00:00.0152344" startTime="2014-03-17T12:47:31.4732000-06:00" endTime="2014-03-17T12:47:31.7072000-06:00" testType="13cdc9d9-ddb5-4fa4-a97d-d965ccfc6d4b" outcome="Passed" testListId="8c84fa94-04c1-424b-9868-57a2d4851a1d" relativeResultsDirectory="92071659-53e9-4bc7-a61b-92bb7e6aae57">
    </UnitTestResult>
    <UnitTestResult executionId="b363ca59-0ba9-4781-ba79-95a59766adfc" testId="364e2c22-097c-ca5c-f8e6-b251f152eca6" testName="TickTester_CheckEncodeDecode" computerName="SWCMACBOOKWIN7" duration="00:00:00.0016477" startTime="2014-03-17T12:47:31.7072000-06:00" endTime="2014-03-17T12:47:31.7072000-06:00" testType="13cdc9d9-ddb5-4fa4-a97d-d965ccfc6d4b" outcome="Passed" testListId="8c84fa94-04c1-424b-9868-57a2d4851a1d" relativeResultsDirectory="b363ca59-0ba9-4781-ba79-95a59766adfc">
    </UnitTestResult>
    <UnitTestResult executionId="1585e9b9-31d8-4c5c-bc20-708c6c87d835" testId="3fea3050-f5d6-363c-4b3d-01d4c84aab70" testName="PlayingFieldLayout_CheckProperties" computerName="SWCMACBOOKWIN7" duration="00:00:00.0002929" startTime="2014-03-17T12:47:31.7228000-06:00" endTime="2014-03-17T12:47:31.7228000-06:00" testType="13cdc9d9-ddb5-4fa4-a97d-d965ccfc6d4b" outcome="Passed" testListId="8c84fa94-04c1-424b-9868-57a2d4851a1d" relativeResultsDirectory="1585e9b9-31d8-4c5c-bc20-708c6c87d835">
    </UnitTestResult>
    <UnitTestResult executionId="0e7bfe47-c37a-49fb-81b8-a86d7da5b7a7" testId="4d9613ef-edcc-fbbe-37ff-ef27d7e93fda" testName="ByteList_WriteAndAddMethods" computerName="SWCMACBOOKWIN7" duration="00:00:00.0015508" startTime="2014-03-17T12:47:31.7228000-06:00" endTime="2014-03-17T12:47:31.7228000-06:00" testType="13cdc9d9-ddb5-4fa4-a97d-d965ccfc6d4b" outcome="Passed" testListId="8c84fa94-04c1-424b-9868-57a2d4851a1d" relativeResultsDirectory="0e7bfe47-c37a-49fb-81b8-a86d7da5b7a7">
    </UnitTestResult>
    <UnitTestResult executionId="18486e83-2856-46c1-b1c4-173714e99120" testId="507519cd-90aa-7a27-5b1e-0972c3d12269" testName="TickTester_CheckConstructors" computerName="SWCMACBOOKWIN7" duration="00:00:00.0002576" startTime="2014-03-17T12:47:31.7228000-06:00" endTime="2014-03-17T12:47:31.7384000-06:00" testType="13cdc9d9-ddb5-4fa4-a97d-d965ccfc6d4b" outcome="Passed" testListId="8c84fa94-04c1-424b-9868-57a2d4851a1d" relativeResultsDirectory="18486e83-2856-46c1-b1c4-173714e99120">
    </UnitTestResult>
    <UnitTestResult executionId="fb3da792-421e-40d6-86eb-2e4027610ef0" testId="5c61ce7d-c870-b77b-416d-32ca3192646b" testName="EndPoint_CheckEncodeAndDecode" computerName="SWCMACBOOKWIN7" duration="00:00:00.0009996" startTime="2014-03-17T12:47:31.7384000-06:00" endTime="2014-03-17T12:47:31.7384000-06:00" testType="13cdc9d9-ddb5-4fa4-a97d-d965ccfc6d4b" outcome="Passed" testListId="8c84fa94-04c1-424b-9868-57a2d4851a1d" relativeResultsDirectory="fb3da792-421e-40d6-86eb-2e4027610ef0">
    </UnitTestResult>
    <UnitTestResult executionId="1709d1d7-8e5b-4932-9a42-4c95e1bce8a7" testId="5dc13c08-9307-4d94-c22f-dc70f60ff32f" testName="GameConfiguration_CheckConstructors" computerName="SWCMACBOOKWIN7" duration="00:00:00.0023669" startTime="2014-03-17T12:47:31.7384000-06:00" endTime="2014-03-17T12:47:31.7384000-06:00" testType="13cdc9d9-ddb5-4fa4-a97d-d965ccfc6d4b" outcome="Passed" testListId="8c84fa94-04c1-424b-9868-57a2d4851a1d" relativeResultsDirectory="1709d1d7-8e5b-4932-9a42-4c95e1bce8a7">
    </UnitTestResult>
    <UnitTestResult executionId="e423ca42-7650-482b-be45-397c27450e5e" testId="63ed64ee-6209-0958-7de8-d968e87d1d45" testName="GameConfiguration_CheckProperties" computerName="SWCMACBOOKWIN7" duration="00:00:00.0007887" startTime="2014-03-17T12:47:31.7384000-06:00" endTime="2014-03-17T12:47:31.7540000-06:00" testType="13cdc9d9-ddb5-4fa4-a97d-d965ccfc6d4b" outcome="Passed" testListId="8c84fa94-04c1-424b-9868-57a2d4851a1d" relativeResultsDirectory="e423ca42-7650-482b-be45-397c27450e5e">
    </UnitTestResult>
    <UnitTestResult executionId="79a9b30f-1b32-4093-a79d-b0bfb6d28bed" testId="663fbe27-d6e2-e0fc-db8a-f3f5ba6779a5" testName="EndPoint_CheckConstructors" computerName="SWCMACBOOKWIN7" duration="00:00:00.0003400" startTime="2014-03-17T12:47:31.7540000-06:00" endTime="2014-03-17T12:47:31.7540000-06:00" testType="13cdc9d9-ddb5-4fa4-a97d-d965ccfc6d4b" outcome="Passed" testListId="8c84fa94-04c1-424b-9868-57a2d4851a1d" relativeResultsDirectory="79a9b30f-1b32-4093-a79d-b0bfb6d28bed">
    </UnitTestResult>
    <UnitTestResult executionId="991c2a61-f514-44a4-92ce-b98044cd59f4" testId="733d2fea-55c2-0731-4fe1-8c3f0f1568bf" testName="EndPoint_CheckPropertiesAndMethods" computerName="SWCMACBOOKWIN7" duration="00:00:00.0007560" startTime="2014-03-17T12:47:31.7540000-06:00" endTime="2014-03-17T12:47:31.7540000-06:00" testType="13cdc9d9-ddb5-4fa4-a97d-d965ccfc6d4b" outcome="Passed" testListId="8c84fa94-04c1-424b-9868-57a2d4851a1d" relativeResultsDirectory="991c2a61-f514-44a4-92ce-b98044cd59f4">
    </UnitTestResult>
    <UnitTestResult executionId="a43b2e95-7031-45dc-95b3-d34295f95c69" testId="817e069b-b533-1822-e239-f8570024b19a" testName="AckNak_CheckEncodeDecode" computerName="SWCMACBOOKWIN7" duration="00:00:00.0085840" startTime="2014-03-17T12:47:31.7540000-06:00" endTime="2014-03-17T12:47:31.7696000-06:00" testType="13cdc9d9-ddb5-4fa4-a97d-d965ccfc6d4b" outcome="Passed" testListId="8c84fa94-04c1-424b-9868-57a2d4851a1d" relativeResultsDirectory="a43b2e95-7031-45dc-95b3-d34295f95c69">
    </UnitTestResult>
    <UnitTestResult executionId="5c948477-915e-4a77-8e99-1a92a1c0246d" testId="83971a48-5f1a-562c-bfda-6b64e477e829" testName="ComponentList_CheckEncodeAndDecode" computerName="SWCMACBOOKWIN7" duration="00:00:00.0195173" startTime="2014-03-17T12:47:31.7696000-06:00" endTime="2014-03-17T12:47:31.7852000-06:00" testType="13cdc9d9-ddb5-4fa4-a97d-d965ccfc6d4b" outcome="Failed" testListId="8c84fa94-04c1-424b-9868-57a2d4851a1d" relativeResultsDirectory="5c948477-915e-4a77-8e99-1a92a1c0246d">
      <Output>
        <ErrorInfo>
          <Message>Test method CommonTester.ComponentListTester.ComponentList_CheckEncodeAndDecode threw exception: 
System.ApplicationException: Invalid Class IDs</Message>
          <StackTrace>    at Common.DistributableObject.Create(ByteList bytes) in \\psf\Home\Seafile\USU\Classes\cs5200f14\Homework\InstructorSolution\BSvZP-Common\Common\DistributableObject.cs:line 76
   at Common.ByteList.GetDistributableObject() in \\psf\Home\Seafile\USU\Classes\cs5200f14\Homework\InstructorSolution\BSvZP-Common\Common\ByteList.cs:line 340
   at Common.AgentInfo.Decode(ByteList bytes) in \\psf\Home\Seafile\USU\Classes\cs5200f14\Homework\InstructorSolution\BSvZP-Common\Common\AgentInfo.cs:line 116
   at Common.AgentInfo.Create(ByteList bytes) in \\psf\Home\Seafile\USU\Classes\cs5200f14\Homework\InstructorSolution\BSvZP-Common\Common\AgentInfo.cs:line 61
   at Common.DistributableObject.Create(ByteList bytes) in \\psf\Home\Seafile\USU\Classes\cs5200f14\Homework\InstructorSolution\BSvZP-Common\Common\DistributableObject.cs:line 46
   at Common.ByteList.GetDistributableObject() in \\psf\Home\Seafile\USU\Classes\cs5200f14\Homework\InstructorSolution\BSvZP-Common\Common\ByteList.cs:line 340
   at Common.ComponentList.Decode(ByteList bytes) in \\psf\Home\Seafile\USU\Classes\cs5200f14\Homework\InstructorSolution\BSvZP-Common\Common\ComponentList.cs:line 90
   at Common.ComponentList.Create(ByteList bytes) in \\psf\Home\Seafile\USU\Classes\cs5200f14\Homework\InstructorSolution\BSvZP-Common\Common\ComponentList.cs:line 41
   at CommonTester.ComponentListTester.ComponentList_CheckEncodeAndDecode() in \\psf\Home\Seafile\USU\Classes\cs5200f14\Homework\InstructorSolution\BSvZP-Common\CommonTester\ComponentListTester.cs:line 71
</StackTrace>
        </ErrorInfo>
      </Output>
    </UnitTestResult>
    <UnitTestResult executionId="2009fa0e-64d2-4426-b1a3-1e7b654da04e" testId="86c3602d-89bd-614c-0bbc-efb4c79b7da3" testName="ByteList_OtherPublicMethods" computerName="SWCMACBOOKWIN7" duration="00:00:00.0079319" startTime="2014-03-17T12:47:31.8008000-06:00" endTime="2014-03-17T12:47:31.8164000-06:00" testType="13cdc9d9-ddb5-4fa4-a97d-d965ccfc6d4b" outcome="Passed" testListId="8c84fa94-04c1-424b-9868-57a2d4851a1d" relativeResultsDirectory="2009fa0e-64d2-4426-b1a3-1e7b654da04e">
    </UnitTestResult>
    <UnitTestResult executionId="42a60e6f-524d-4ca8-94b3-a32569d20d95" testId="90ba25dc-448d-9b84-8883-7173c0fe93b8" testName="FieldLocation_CheckProperties" computerName="SWCMACBOOKWIN7" duration="00:00:00.0007178" startTime="2014-03-17T12:47:31.8320000-06:00" endTime="2014-03-17T12:47:31.8320000-06:00" testType="13cdc9d9-ddb5-4fa4-a97d-d965ccfc6d4b" outcome="Passed" testListId="8c84fa94-04c1-424b-9868-57a2d4851a1d" relativeResultsDirectory="42a60e6f-524d-4ca8-94b3-a32569d20d95">
    </UnitTestResult>
    <UnitTestResult executionId="77523b71-c865-4a47-8c7e-2cca9814f2f8" testId="9904ba65-a649-09ff-0ef0-c2c56c4e27fc" testName="Bomb_CheckProperties" computerName="SWCMACBOOKWIN7" duration="00:00:00.0021713" startTime="2014-03-17T12:47:31.8476000-06:00" endTime="2014-03-17T12:47:31.8476000-06:00" testType="13cdc9d9-ddb5-4fa4-a97d-d965ccfc6d4b" outcome="Passed" testListId="8c84fa94-04c1-424b-9868-57a2d4851a1d" relativeResultsDirectory="77523b71-c865-4a47-8c7e-2cca9814f2f8">
    </UnitTestResult>
    <UnitTestResult executionId="c4071c62-b7f4-47db-8cdc-a79249d89a36" testId="a18b2fd5-37b0-6e6a-4b4c-5ea126e1e363" testName="JoinGame_TestConstructorsAndFactories" computerName="SWCMACBOOKWIN7" duration="00:00:00.0027071" startTime="2014-03-17T12:47:31.8476000-06:00" endTime="2014-03-17T12:47:31.8476000-06:00" testType="13cdc9d9-ddb5-4fa4-a97d-d965ccfc6d4b" outcome="Passed" testListId="8c84fa94-04c1-424b-9868-57a2d4851a1d" relativeResultsDirectory="c4071c62-b7f4-47db-8cdc-a79249d89a36">
    </UnitTestResult>
    <UnitTestResult executionId="f1cdf680-ab08-42ae-99e0-623701e9137a" testId="a2dff254-87db-0c1a-d212-e29ddb4c9c2a" testName="FieldLocation_CheckEncodeDecode" computerName="SWCMACBOOKWIN7" duration="00:00:00.0003310" startTime="2014-03-17T12:47:31.8632000-06:00" endTime="2014-03-17T12:47:31.8632000-06:00" testType="13cdc9d9-ddb5-4fa4-a97d-d965ccfc6d4b" outcome="Passed" testListId="8c84fa94-04c1-424b-9868-57a2d4851a1d" relativeResultsDirectory="f1cdf680-ab08-42ae-99e0-623701e9137a">
    </UnitTestResult>
    <UnitTestResult executionId="63171521-591d-4bd5-bd28-3bf8995afa7d" testId="a987a908-01f9-9386-23e7-287a5d2d2721" testName="WhiningSpinner_CheckConstructors" computerName="SWCMACBOOKWIN7" duration="00:00:00.0005809" startTime="2014-03-17T12:47:31.8632000-06:00" endTime="2014-03-17T12:47:31.8632000-06:00" testType="13cdc9d9-ddb5-4fa4-a97d-d965ccfc6d4b" outcome="Passed" testListId="8c84fa94-04c1-424b-9868-57a2d4851a1d" relativeResultsDirectory="63171521-591d-4bd5-bd28-3bf8995afa7d">
    </UnitTestResult>
    <UnitTestResult executionId="25a38ac6-05dd-4467-a068-a7e25f2853cf" testId="adc509e9-affb-9f01-6b95-6ee65c98cc92" testName="WhiningSpinner_CheckEncodeAndDecode" computerName="SWCMACBOOKWIN7" duration="00:00:00.0015188" startTime="2014-03-17T12:47:31.8632000-06:00" endTime="2014-03-17T12:47:31.8788000-06:00" testType="13cdc9d9-ddb5-4fa4-a97d-d965ccfc6d4b" outcome="Passed" testListId="8c84fa94-04c1-424b-9868-57a2d4851a1d" relativeResultsDirectory="25a38ac6-05dd-4467-a068-a7e25f2853cf">
    </UnitTestResult>
    <UnitTestResult executionId="9c325847-bbb8-441c-8e58-18b7726f8b71" testId="ae084a0c-31eb-5c20-b099-0846b8b538da" testName="JoinGame_EncodingAndDecoding" computerName="SWCMACBOOKWIN7" duration="00:00:00.0004418" startTime="2014-03-17T12:47:31.8788000-06:00" endTime="2014-03-17T12:47:31.8788000-06:00" testType="13cdc9d9-ddb5-4fa4-a97d-d965ccfc6d4b" outcome="Passed" testListId="8c84fa94-04c1-424b-9868-57a2d4851a1d" relativeResultsDirectory="9c325847-bbb8-441c-8e58-18b7726f8b71">
    </UnitTestResult>
    <UnitTestResult executionId="c725201a-890e-422f-9109-5ad4226fdf00" testId="afd310cb-a782-bc2d-cdd4-0a91a0a340d8" testName="PlayingFieldLayout_CheckConstructors" computerName="SWCMACBOOKWIN7" duration="00:00:00.0002047" startTime="2014-03-17T12:47:31.8788000-06:00" endTime="2014-03-17T12:47:31.8788000-06:00" testType="13cdc9d9-ddb5-4fa4-a97d-d965ccfc6d4b" outcome="Passed" testListId="8c84fa94-04c1-424b-9868-57a2d4851a1d" relativeResultsDirectory="c725201a-890e-422f-9109-5ad4226fdf00">
    </UnitTestResult>
    <UnitTestResult executionId="325d0260-3609-4826-81ec-b9884cf07603" testId="b719406f-6c30-5234-e237-f3d1a5baaeb0" testName="AgentInfo_CheckConstructors" computerName="SWCMACBOOKWIN7" duration="00:00:00.0006324" startTime="2014-03-17T12:47:31.8788000-06:00" endTime="2014-03-17T12:47:31.8788000-06:00" testType="13cdc9d9-ddb5-4fa4-a97d-d965ccfc6d4b" outcome="Passed" testListId="8c84fa94-04c1-424b-9868-57a2d4851a1d" relativeResultsDirectory="325d0260-3609-4826-81ec-b9884cf07603">
    </UnitTestResult>
    <UnitTestResult executionId="8fe34687-7839-4ac7-84cf-b022025a5138" testId="bed40777-36e8-1a5f-572d-4860c464f507" testName="GameInfo_TestEverything" computerName="SWCMACBOOKWIN7" duration="00:00:00.0043677" startTime="2014-03-17T12:47:31.8944000-06:00" endTime="2014-03-17T12:47:31.8944000-06:00" testType="13cdc9d9-ddb5-4fa4-a97d-d965ccfc6d4b" outcome="Failed" testListId="8c84fa94-04c1-424b-9868-57a2d4851a1d" relativeResultsDirectory="8fe34687-7839-4ac7-84cf-b022025a5138">
      <Output>
        <ErrorInfo>
          <Message>Assert.IsTrue failed. </Message>
          <StackTrace>   at CommonTester.GameInfoTester.GameInfo_TestEverything() in \\psf\Home\Seafile\USU\Classes\cs5200f14\Homework\InstructorSolution\BSvZP-Common\CommonTester\GameInfoTester.cs:line 50
</StackTrace>
        </ErrorInfo>
      </Output>
    </UnitTestResult>
    <UnitTestResult executionId="7565ec95-41f9-48de-9098-24b434c34749" testId="beeb5250-9c43-aa48-8cec-fcd77363fd3e" testName="ComponentList_CheckProperties" computerName="SWCMACBOOKWIN7" duration="00:00:00.0003793" startTime="2014-03-17T12:47:31.8944000-06:00" endTime="2014-03-17T12:47:31.9100000-06:00" testType="13cdc9d9-ddb5-4fa4-a97d-d965ccfc6d4b" outcome="Passed" testListId="8c84fa94-04c1-424b-9868-57a2d4851a1d" relativeResultsDirectory="7565ec95-41f9-48de-9098-24b434c34749">
    </UnitTestResult>
    <UnitTestResult executionId="73458481-a09d-4ab8-a05f-06ea1da0eb2f" testId="c1669bf6-729e-d796-c7d9-f9b5c8ff2007" testName="Excuse_CheckProperties" computerName="SWCMACBOOKWIN7" duration="00:00:00.0006259" startTime="2014-03-17T12:47:31.9100000-06:00" endTime="2014-03-17T12:47:31.9100000-06:00" testType="13cdc9d9-ddb5-4fa4-a97d-d965ccfc6d4b" outcome="Passed" testListId="8c84fa94-04c1-424b-9868-57a2d4851a1d" relativeResultsDirectory="73458481-a09d-4ab8-a05f-06ea1da0eb2f">
    </UnitTestResult>
    <UnitTestResult executionId="f70fecc4-5d1c-48aa-9673-d232cc1d8726" testId="c40c928e-c2ab-8b88-578e-d7b35f81b083" testName="Bomb_CheckConstructors" computerName="SWCMACBOOKWIN7" duration="00:00:00.0004686" startTime="2014-03-17T12:47:31.9100000-06:00" endTime="2014-03-17T12:47:31.9100000-06:00" testType="13cdc9d9-ddb5-4fa4-a97d-d965ccfc6d4b" outcome="Passed" testListId="8c84fa94-04c1-424b-9868-57a2d4851a1d" relativeResultsDirectory="f70fecc4-5d1c-48aa-9673-d232cc1d8726">
    </UnitTestResult>
    <UnitTestResult executionId="68db3cd9-b8bf-4979-8874-ebb3c856967c" testId="cbafd4a2-ae21-bce8-59ea-f0278726e860" testName="TickTester_CheckProperties" computerName="SWCMACBOOKWIN7" duration="00:00:00.0002119" startTime="2014-03-17T12:47:31.9100000-06:00" endTime="2014-03-17T12:47:31.9100000-06:00" testType="13cdc9d9-ddb5-4fa4-a97d-d965ccfc6d4b" outcome="Passed" testListId="8c84fa94-04c1-424b-9868-57a2d4851a1d" relativeResultsDirectory="68db3cd9-b8bf-4979-8874-ebb3c856967c">
    </UnitTestResult>
    <UnitTestResult executionId="b7bfb860-c4ef-43a0-96f1-f1048ea4e460" testId="cfac802b-3c1b-a198-432f-c77278e8ca81" testName="ByteList_GetMethods" computerName="SWCMACBOOKWIN7" duration="00:00:00.0000884" startTime="2014-03-17T12:47:31.9256000-06:00" endTime="2014-03-17T12:47:31.9256000-06:00" testType="13cdc9d9-ddb5-4fa4-a97d-d965ccfc6d4b" outcome="Passed" testListId="8c84fa94-04c1-424b-9868-57a2d4851a1d" relativeResultsDirectory="b7bfb860-c4ef-43a0-96f1-f1048ea4e460">
    </UnitTestResult>
    <UnitTestResult executionId="07dfc675-30fb-46ee-a7a2-f9eed9d67d2f" testId="d004ffc2-a7fb-16d7-64d4-41782226b827" testName="AgentInfo_CheckProperties" computerName="SWCMACBOOKWIN7" duration="00:00:00.0022157" startTime="2014-03-17T12:47:31.9256000-06:00" endTime="2014-03-17T12:47:31.9256000-06:00" testType="13cdc9d9-ddb5-4fa4-a97d-d965ccfc6d4b" outcome="Failed" testListId="8c84fa94-04c1-424b-9868-57a2d4851a1d" relativeResultsDirectory="07dfc675-30fb-46ee-a7a2-f9eed9d67d2f">
      <Output>
        <ErrorInfo>
          <Message>Assert.AreEqual failed. Expected:&lt;A000234&gt;. Actual:&lt;A012345&gt;. </Message>
          <StackTrace>   at CommonTester.AgentInfoTester.AgentInfo_CheckProperties() in \\psf\Home\Seafile\USU\Classes\cs5200f14\Homework\InstructorSolution\BSvZP-Common\CommonTester\AgentInfoTester.cs:line 51
</StackTrace>
        </ErrorInfo>
      </Output>
    </UnitTestResult>
    <UnitTestResult executionId="3deb2878-2f00-4a9c-9dcb-6900d268347a" testId="d0e63026-bde2-5483-a0a6-1e0d01a2dac2" testName="WhiningSpinner_CheckProperties" computerName="SWCMACBOOKWIN7" duration="00:00:00.0004348" startTime="2014-03-17T12:47:31.9256000-06:00" endTime="2014-03-17T12:47:31.9256000-06:00" testType="13cdc9d9-ddb5-4fa4-a97d-d965ccfc6d4b" outcome="Passed" testListId="8c84fa94-04c1-424b-9868-57a2d4851a1d" relativeResultsDirectory="3deb2878-2f00-4a9c-9dcb-6900d268347a">
    </UnitTestResult>
    <UnitTestResult executionId="28ca868b-6c32-44a9-86fd-83776a14b2ed" testId="d6375a5d-a98c-9cb0-66a2-ad7be1e40c67" testName="ByteList_IndexOperator" computerName="SWCMACBOOKWIN7" duration="00:00:00.0013230" startTime="2014-03-17T12:47:31.9412000-06:00" endTime="2014-03-17T12:47:31.9412000-06:00" testType="13cdc9d9-ddb5-4fa4-a97d-d965ccfc6d4b" outcome="Passed" testListId="8c84fa94-04c1-424b-9868-57a2d4851a1d" relativeResultsDirectory="28ca868b-6c32-44a9-86fd-83776a14b2ed">
    </UnitTestResult>
    <UnitTestResult executionId="8310da82-375e-4c99-ab21-ca215589c6fc" testId="d6a120d8-083b-ca56-9c06-19e373b8321f" testName="ByteList_TestConstuctors" computerName="SWCMACBOOKWIN7" duration="00:00:00.0006222" startTime="2014-03-17T12:47:31.9412000-06:00" endTime="2014-03-17T12:47:31.9412000-06:00" testType="13cdc9d9-ddb5-4fa4-a97d-d965ccfc6d4b" outcome="Passed" testListId="8c84fa94-04c1-424b-9868-57a2d4851a1d" relativeResultsDirectory="8310da82-375e-4c99-ab21-ca215589c6fc">
    </UnitTestResult>
    <UnitTestResult executionId="617b1671-e607-4d1b-8363-d965ef321328" testId="d7721e2b-d839-f8ea-3513-be426faed8ef" testName="Excuse_CheckConstructors" computerName="SWCMACBOOKWIN7" duration="00:00:00.0004117" startTime="2014-03-17T12:47:31.9412000-06:00" endTime="2014-03-17T12:47:31.9412000-06:00" testType="13cdc9d9-ddb5-4fa4-a97d-d965ccfc6d4b" outcome="Passed" testListId="8c84fa94-04c1-424b-9868-57a2d4851a1d" relativeResultsDirectory="617b1671-e607-4d1b-8363-d965ef321328">
    </UnitTestResult>
    <UnitTestResult executionId="16de86a1-bcfd-42eb-8a6a-4040322d6ef1" testId="d7dddf5a-bb0d-6bd1-cbdd-40ea5a1d7ae6" testName="StatusInfo_CheckProperties" computerName="SWCMACBOOKWIN7" duration="00:00:00.0007032" startTime="2014-03-17T12:47:31.9412000-06:00" endTime="2014-03-17T12:47:31.9568000-06:00" testType="13cdc9d9-ddb5-4fa4-a97d-d965ccfc6d4b" outcome="Passed" testListId="8c84fa94-04c1-424b-9868-57a2d4851a1d" relativeResultsDirectory="16de86a1-bcfd-42eb-8a6a-4040322d6ef1">
    </UnitTestResult>
    <UnitTestResult executionId="92fe8481-7323-4a3e-a9ae-3cfe9cd47a1d" testId="e1ecfc94-2f7f-bdaf-64db-951e119da34c" testName="AckNak_CheckConstructorsAndFactories" computerName="SWCMACBOOKWIN7" duration="00:00:00.0010469" startTime="2014-03-17T12:47:31.9568000-06:00" endTime="2014-03-17T12:47:31.9568000-06:00" testType="13cdc9d9-ddb5-4fa4-a97d-d965ccfc6d4b" outcome="Passed" testListId="8c84fa94-04c1-424b-9868-57a2d4851a1d" relativeResultsDirectory="92fe8481-7323-4a3e-a9ae-3cfe9cd47a1d">
    </UnitTestResult>
    <UnitTestResult executionId="7e0387c2-2a19-4f8a-8353-002dcbc23608" testId="e57f470c-5af0-0d55-6cfd-5233256e7a58" testName="AckNak_CheckProperties" computerName="SWCMACBOOKWIN7" duration="00:00:00.0003523" startTime="2014-03-17T12:47:31.9568000-06:00" endTime="2014-03-17T12:47:31.9568000-06:00" testType="13cdc9d9-ddb5-4fa4-a97d-d965ccfc6d4b" outcome="Passed" testListId="8c84fa94-04c1-424b-9868-57a2d4851a1d" relativeResultsDirectory="7e0387c2-2a19-4f8a-8353-002dcbc23608">
    </UnitTestResult>
    <UnitTestResult executionId="f64d2223-93ad-454e-ad1e-55f4b81f3dc3" testId="e7dc0839-3e08-ca22-1bcf-28b384668706" testName="StatusInfo_CheckConstructors" computerName="SWCMACBOOKWIN7" duration="00:00:00.0003124" startTime="2014-03-17T12:47:31.9568000-06:00" endTime="2014-03-17T12:47:31.9724000-06:00" testType="13cdc9d9-ddb5-4fa4-a97d-d965ccfc6d4b" outcome="Passed" testListId="8c84fa94-04c1-424b-9868-57a2d4851a1d" relativeResultsDirectory="f64d2223-93ad-454e-ad1e-55f4b81f3dc3">
    </UnitTestResult>
    <UnitTestResult executionId="6232db4d-15e1-44e4-8f98-0f2e89efd58a" testId="eaad3cd9-fd8f-295f-72bd-25c259084926" testName="Bomb_CheckEncodeAndDecode" computerName="SWCMACBOOKWIN7" duration="00:00:00.0070661" startTime="2014-03-17T12:47:31.9724000-06:00" endTime="2014-03-17T12:47:31.9880000-06:00" testType="13cdc9d9-ddb5-4fa4-a97d-d965ccfc6d4b" outcome="Passed" testListId="8c84fa94-04c1-424b-9868-57a2d4851a1d" relativeResultsDirectory="6232db4d-15e1-44e4-8f98-0f2e89efd58a">
    </UnitTestResult>
    <UnitTestResult executionId="06341d8e-196f-494b-b4dc-c729c711da96" testId="eaba3772-7490-203e-d483-62bb0c779f54" testName="TickTester_CheckOtherMethods" computerName="SWCMACBOOKWIN7" duration="00:00:00.0004568" startTime="2014-03-17T12:47:32.0036000-06:00" endTime="2014-03-17T12:47:32.0036000-06:00" testType="13cdc9d9-ddb5-4fa4-a97d-d965ccfc6d4b" outcome="Passed" testListId="8c84fa94-04c1-424b-9868-57a2d4851a1d" relativeResultsDirectory="06341d8e-196f-494b-b4dc-c729c711da96">
    </UnitTestResult>
    <UnitTestResult executionId="24e57a4d-4ed9-4358-9d6f-e91ed16f2fdb" testId="ee09e89e-c9b7-1b79-838a-49d7d7834303" testName="FieldLocation_CheckContructors" computerName="SWCMACBOOKWIN7" duration="00:00:00.0009695" startTime="2014-03-17T12:47:32.0192000-06:00" endTime="2014-03-17T12:47:32.0192000-06:00" testType="13cdc9d9-ddb5-4fa4-a97d-d965ccfc6d4b" outcome="Passed" testListId="8c84fa94-04c1-424b-9868-57a2d4851a1d" relativeResultsDirectory="24e57a4d-4ed9-4358-9d6f-e91ed16f2fdb">
    </UnitTestResult>
    <UnitTestResult executionId="ec787171-8e7f-4b6a-ae5f-53820371bd0d" testId="ee180b0c-7542-d07d-8952-4dbe1fcee3f4" testName="GameConfiguration_CheckEncodeAndDecode" computerName="SWCMACBOOKWIN7" duration="00:00:00.0028885" startTime="2014-03-17T12:47:32.0192000-06:00" endTime="2014-03-17T12:47:32.0192000-06:00" testType="13cdc9d9-ddb5-4fa4-a97d-d965ccfc6d4b" outcome="Passed" testListId="8c84fa94-04c1-424b-9868-57a2d4851a1d" relativeResultsDirectory="ec787171-8e7f-4b6a-ae5f-53820371bd0d">
    </UnitTestResult>
    <UnitTestResult executionId="abeab8d7-962b-4470-bd23-9c89eacd48c4" testId="eec3d1a0-bdb1-2f1e-d1b3-e4c125c7a7c7" testName="AgentInfo_CheckEncodeAndDecode" computerName="SWCMACBOOKWIN7" duration="00:00:00.0006367" startTime="2014-03-17T12:47:32.0348000-06:00" endTime="2014-03-17T12:47:32.0348000-06:00" testType="13cdc9d9-ddb5-4fa4-a97d-d965ccfc6d4b" outcome="Passed" testListId="8c84fa94-04c1-424b-9868-57a2d4851a1d" relativeResultsDirectory="abeab8d7-962b-4470-bd23-9c89eacd48c4">
    </UnitTestResult>
    <UnitTestResult executionId="c35607eb-fbf8-4b4f-95eb-ead849213110" testId="f1cd31e1-cb34-03fd-04c1-58f580f316d5" testName="ComponentList_CheckConstructors" computerName="SWCMACBOOKWIN7" duration="00:00:00.0001507" startTime="2014-03-17T12:47:32.0348000-06:00" endTime="2014-03-17T12:47:32.0348000-06:00" testType="13cdc9d9-ddb5-4fa4-a97d-d965ccfc6d4b" outcome="Passed" testListId="8c84fa94-04c1-424b-9868-57a2d4851a1d" relativeResultsDirectory="c35607eb-fbf8-4b4f-95eb-ead849213110">
    </UnitTestResult>
    <UnitTestResult executionId="3fb152bd-7dfe-46c4-81e6-923a2e65733f" testId="f84a9ebc-fda5-bcb9-1c69-429549673faf" testName="Excuse_CheckEncodeAndDecode" computerName="SWCMACBOOKWIN7" duration="00:00:00.0009071" startTime="2014-03-17T12:47:32.0348000-06:00" endTime="2014-03-17T12:47:32.0348000-06:00" testType="13cdc9d9-ddb5-4fa4-a97d-d965ccfc6d4b" outcome="Passed" testListId="8c84fa94-04c1-424b-9868-57a2d4851a1d" relativeResultsDirectory="3fb152bd-7dfe-46c4-81e6-923a2e65733f">
    </UnitTestResult>
  </Results>
</TestRun>