<?xml version="1.0" encoding="UTF-8"?>
<TestRun id="601ad6e7-91c9-460f-a097-3ecaf1defc10" name="swc@SWCMACBOOKWIN7 2014-03-17 12:52:59" runUser="SWCMACBOOKWIN7\swc" xmlns="http://microsoft.com/schemas/VisualStudio/TeamTest/2010">
  <TestSettings name="Default Test Settings" id="57e79fef-b638-4548-a607-9d325f2aab24">
    <Deployment runDeploymentRoot="swc_SWCMACBOOKWIN7 2014-03-17 12_52_59">
      <DeploymentItem filename="\\psf\Home\Seafile\USU\Classes\cs5200f14\Homework\InstructorSolution\BSvZP-Common\Common\bin\Debug\Common.dll" />
      <DeploymentItem filename="\\psf\Home\Seafile\USU\Classes\cs5200f14\Homework\InstructorSolution\BSvZP-Common\Messages\bin\Debug\Messages.dll" />
    </Deployment>
    <Execution>
      <TestTypeSpecific />
      <AgentRule name="Execution Agents">
      </AgentRule>
    </Execution>
  </TestSettings>
  <Times creation="2014-03-17T12:52:59.0560000-06:00" queuing="2014-03-17T12:52:59.3940000-06:00" start="2014-03-17T12:52:59.4040000-06:00" finish="2014-03-17T12:53:00.2500000-06:00" />
  <ResultSummary outcome="Failed">
    <Counters total="46" executed="46" passed="44" error="0" failed="2" timeout="0" aborted="0" inconclusive="0" passedButRunAborted="0" notRunnable="0" notExecuted="0" disconnected="0" warning="0" completed="0" inProgress="0" pending="0" />
  </ResultSummary>
  <TestDefinitions>
    <UnitTest name="WhiningSpinner_CheckEncodeAndDecode" storage="\\psf\home\seafile\usu\classes\cs5200f14\homework\instructorsolution\bsvzp-common\commontester\bin\debug\commontester.dll" id="adc509e9-affb-9f01-6b95-6ee65c98cc92">
      <Execution id="3f3091a8-b09e-440a-8137-7e8580d589fc" />
      <TestMethod codeBase="file://psf/Home/Seafile/USU/Classes/cs5200f14/Homework/InstructorSolution/BSvZP-Common/CommonTester/bin/Debug/CommonTester.DLL" adapterTypeName="Microsoft.VisualStudio.TestTools.TestTypes.Unit.UnitTestAdapter, Microsoft.VisualStudio.QualityTools.Tips.UnitTest.Adapter, Version=10.0.0.0, Culture=neutral, PublicKeyToken=b03f5f7f11d50a3a" className="CommonTester.WhiningSpinnerTester, CommonTester, Version=1.0.0.0, Culture=neutral, PublicKeyToken=null" name="WhiningSpinner_CheckEncodeAndDecode" />
    </UnitTest>
    <UnitTest name="AgentInfo_CheckConstructors" storage="\\psf\home\seafile\usu\classes\cs5200f14\homework\instructorsolution\bsvzp-common\commontester\bin\debug\commontester.dll" id="b719406f-6c30-5234-e237-f3d1a5baaeb0">
      <Execution id="f9c65291-3606-497b-9315-338de04be199" />
      <TestMethod codeBase="file://psf/Home/Seafile/USU/Classes/cs5200f14/Homework/InstructorSolution/BSvZP-Common/CommonTester/bin/Debug/CommonTester.DLL" adapterTypeName="Microsoft.VisualStudio.TestTools.TestTypes.Unit.UnitTestAdapter, Microsoft.VisualStudio.QualityTools.Tips.UnitTest.Adapter, Version=10.0.0.0, Culture=neutral, PublicKeyToken=b03f5f7f11d50a3a" className="CommonTester.AgentInfoTester, CommonTester, Version=1.0.0.0, Culture=neutral, PublicKeyToken=null" name="AgentInfo_CheckConstructors" />
    </UnitTest>
    <UnitTest name="JoinGame_TestConstructorsAndFactories" storage="\\psf\home\seafile\usu\classes\cs5200f14\homework\instructorsolution\bsvzp-common\messagestester\bin\debug\messagestester.dll" id="a18b2fd5-37b0-6e6a-4b4c-5ea126e1e363">
      <Execution id="795d9564-cb44-4511-a05a-4a1790fe20fd" />
      <TestMethod codeBase="file://psf/Home/Seafile/USU/Classes/cs5200f14/Homework/InstructorSolution/BSvZP-Common/MessagesTester/bin/Debug/MessagesTester.DLL" adapterTypeName="Microsoft.VisualStudio.TestTools.TestTypes.Unit.UnitTestAdapter, Microsoft.VisualStudio.QualityTools.Tips.UnitTest.Adapter, Version=10.0.0.0, Culture=neutral, PublicKeyToken=b03f5f7f11d50a3a" className="MessagesTester.JoinGameTester, MessagesTester, Version=1.0.0.0, Culture=neutral, PublicKeyToken=null" name="JoinGame_TestConstructorsAndFactories" />
    </UnitTest>
    <UnitTest name="AgentInfo_CheckProperties" storage="\\psf\home\seafile\usu\classes\cs5200f14\homework\instructorsolution\bsvzp-common\commontester\bin\debug\commontester.dll" id="d004ffc2-a7fb-16d7-64d4-41782226b827">
      <Execution id="eb8e6b59-dcc3-478a-b0d8-eb760489b619" />
      <TestMethod codeBase="file://psf/Home/Seafile/USU/Classes/cs5200f14/Homework/InstructorSolution/BSvZP-Common/CommonTester/bin/Debug/CommonTester.DLL" adapterTypeName="Microsoft.VisualStudio.TestTools.TestTypes.Unit.UnitTestAdapter, Microsoft.VisualStudio.QualityTools.Tips.UnitTest.Adapter, Version=10.0.0.0, Culture=neutral, PublicKeyToken=b03f5f7f11d50a3a" className="CommonTester.AgentInfoTester, CommonTester, Version=1.0.0.0, Culture=neutral, PublicKeyToken=null" name="AgentInfo_CheckProperties" />
    </UnitTest>
    <UnitTest name="TickTester_CheckOtherMethods" storage="\\psf\home\seafile\usu\classes\cs5200f14\homework\instructorsolution\bsvzp-common\commontester\bin\debug\commontester.dll" id="eaba3772-7490-203e-d483-62bb0c779f54">
      <Execution id="bd8a2dad-93b7-4b1a-84fa-7b37ac0e7188" />
      <TestMethod codeBase="file://psf/Home/Seafile/USU/Classes/cs5200f14/Homework/InstructorSolution/BSvZP-Common/CommonTester/bin/Debug/CommonTester.DLL" adapterTypeName="Microsoft.VisualStudio.TestTools.TestTypes.Unit.UnitTestAdapter, Microsoft.VisualStudio.QualityTools.Tips.UnitTest.Adapter, Version=10.0.0.0, Culture=neutral, PublicKeyToken=b03f5f7f11d50a3a" className="CommonTester.TickTester, CommonTester, Version=1.0.0.0, Culture=neutral, PublicKeyToken=null" name="TickTester_CheckOtherMethods" />
    </UnitTest>
    <UnitTest name="Excuse_CheckEncodeAndDecode" storage="\\psf\home\seafile\usu\classes\cs5200f14\homework\instructorsolution\bsvzp-common\commontester\bin\debug\commontester.dll" id="f84a9ebc-fda5-bcb9-1c69-429549673faf">
      <Execution id="ae59ec71-6a15-43d1-bcbb-681136f70f27" />
      <TestMethod codeBase="file://psf/Home/Seafile/USU/Classes/cs5200f14/Homework/InstructorSolution/BSvZP-Common/CommonTester/bin/Debug/CommonTester.DLL" adapterTypeName="Microsoft.VisualStudio.TestTools.TestTypes.Unit.UnitTestAdapter, Microsoft.VisualStudio.QualityTools.Tips.UnitTest.Adapter, Version=10.0.0.0, Culture=neutral, PublicKeyToken=b03f5f7f11d50a3a" className="CommonTester.ExcuseTester, CommonTester, Version=1.0.0.0, Culture=neutral, PublicKeyToken=null" name="Excuse_CheckEncodeAndDecode" />
    </UnitTest>
    <UnitTest name="ByteList_WriteAndAddMethods" storage="\\psf\home\seafile\usu\classes\cs5200f14\homework\instructorsolution\bsvzp-common\commontester\bin\debug\commontester.dll" id="4d9613ef-edcc-fbbe-37ff-ef27d7e93fda">
      <Execution id="6d9f2e04-e27f-47ee-846a-f7305a1ab414" />
      <TestMethod codeBase="file://psf/Home/Seafile/USU/Classes/cs5200f14/Homework/InstructorSolution/BSvZP-Common/CommonTester/bin/Debug/CommonTester.DLL" adapterTypeName="Microsoft.VisualStudio.TestTools.TestTypes.Unit.UnitTestAdapter, Microsoft.VisualStudio.QualityTools.Tips.UnitTest.Adapter, Version=10.0.0.0, Culture=neutral, PublicKeyToken=b03f5f7f11d50a3a" className="CommonTester.ByteListTester, CommonTester, Version=1.0.0.0, Culture=neutral, PublicKeyToken=null" name="ByteList_WriteAndAddMethods" />
    </UnitTest>
    <UnitTest name="AckNak_CheckEncodeDecode" storage="\\psf\home\seafile\usu\classes\cs5200f14\homework\instructorsolution\bsvzp-common\messagestester\bin\debug\messagestester.dll" id="817e069b-b533-1822-e239-f8570024b19a">
      <Execution id="b1e7ca46-0f00-4e04-ab43-aeed721cf890" />
      <TestMethod codeBase="file://psf/Home/Seafile/USU/Classes/cs5200f14/Homework/InstructorSolution/BSvZP-Common/MessagesTester/bin/Debug/MessagesTester.DLL" adapterTypeName="Microsoft.VisualStudio.TestTools.TestTypes.Unit.UnitTestAdapter, Microsoft.VisualStudio.QualityTools.Tips.UnitTest.Adapter, Version=10.0.0.0, Culture=neutral, PublicKeyToken=b03f5f7f11d50a3a" className="MessagesTester.AckNakTester, MessagesTester, Version=1.0.0.0, Culture=neutral, PublicKeyToken=null" name="AckNak_CheckEncodeDecode" />
    </UnitTest>
    <UnitTest name="Bomb_CheckEncodeAndDecode" storage="\\psf\home\seafile\usu\classes\cs5200f14\homework\instructorsolution\bsvzp-common\commontester\bin\debug\commontester.dll" id="eaad3cd9-fd8f-295f-72bd-25c259084926">
      <Execution id="16635d08-e726-45b4-a7e9-182b2859e7f5" />
      <TestMethod codeBase="file://psf/Home/Seafile/USU/Classes/cs5200f14/Homework/InstructorSolution/BSvZP-Common/CommonTester/bin/Debug/CommonTester.DLL" adapterTypeName="Microsoft.VisualStudio.TestTools.TestTypes.Unit.UnitTestAdapter, Microsoft.VisualStudio.QualityTools.Tips.UnitTest.Adapter, Version=10.0.0.0, Culture=neutral, PublicKeyToken=b03f5f7f11d50a3a" className="CommonTester.BombTester, CommonTester, Version=1.0.0.0, Culture=neutral, PublicKeyToken=null" name="Bomb_CheckEncodeAndDecode" />
    </UnitTest>
    <UnitTest name="ByteList_GetMethods" storage="\\psf\home\seafile\usu\classes\cs5200f14\homework\instructorsolution\bsvzp-common\commontester\bin\debug\commontester.dll" id="cfac802b-3c1b-a198-432f-c77278e8ca81">
      <Execution id="2564172e-ada6-419a-8b3d-5a530f91965f" />
      <TestMethod codeBase="file://psf/Home/Seafile/USU/Classes/cs5200f14/Homework/InstructorSolution/BSvZP-Common/CommonTester/bin/Debug/CommonTester.DLL" adapterTypeName="Microsoft.VisualStudio.TestTools.TestTypes.Unit.UnitTestAdapter, Microsoft.VisualStudio.QualityTools.Tips.UnitTest.Adapter, Version=10.0.0.0, Culture=neutral, PublicKeyToken=b03f5f7f11d50a3a" className="CommonTester.ByteListTester, CommonTester, Version=1.0.0.0, Culture=neutral, PublicKeyToken=null" name="ByteList_GetMethods" />
    </UnitTest>
    <UnitTest name="EndPoint_CheckPropertiesAndMethods" storage="\\psf\home\seafile\usu\classes\cs5200f14\homework\instructorsolution\bsvzp-common\commontester\bin\debug\commontester.dll" id="733d2fea-55c2-0731-4fe1-8c3f0f1568bf">
      <Execution id="c7ec4f02-57ee-4e0d-a465-e93534424dae" />
      <TestMethod codeBase="file://psf/Home/Seafile/USU/Classes/cs5200f14/Homework/InstructorSolution/BSvZP-Common/CommonTester/bin/Debug/CommonTester.DLL" adapterTypeName="Microsoft.VisualStudio.TestTools.TestTypes.Unit.UnitTestAdapter, Microsoft.VisualStudio.QualityTools.Tips.UnitTest.Adapter, Version=10.0.0.0, Culture=neutral, PublicKeyToken=b03f5f7f11d50a3a" className="CommonTester.EndPointTester, CommonTester, Version=1.0.0.0, Culture=neutral, PublicKeyToken=null" name="EndPoint_CheckPropertiesAndMethods" />
    </UnitTest>
    <UnitTest name="StatusInfo_CheckProperties" storage="\\psf\home\seafile\usu\classes\cs5200f14\homework\instructorsolution\bsvzp-common\commontester\bin\debug\commontester.dll" id="d7dddf5a-bb0d-6bd1-cbdd-40ea5a1d7ae6">
      <Execution id="2246849f-94f1-4292-9bab-5882177799ff" />
      <TestMethod codeBase="file://psf/Home/Seafile/USU/Classes/cs5200f14/Homework/InstructorSolution/BSvZP-Common/CommonTester/bin/Debug/CommonTester.DLL" adapterTypeName="Microsoft.VisualStudio.TestTools.TestTypes.Unit.UnitTestAdapter, Microsoft.VisualStudio.QualityTools.Tips.UnitTest.Adapter, Version=10.0.0.0, Culture=neutral, PublicKeyToken=b03f5f7f11d50a3a" className="CommonTester.StatusInfoTester, CommonTester, Version=1.0.0.0, Culture=neutral, PublicKeyToken=null" name="StatusInfo_CheckProperties" />
    </UnitTest>
    <UnitTest name="JoinGame_EncodingAndDecoding" storage="\\psf\home\seafile\usu\classes\cs5200f14\homework\instructorsolution\bsvzp-common\messagestester\bin\debug\messagestester.dll" id="ae084a0c-31eb-5c20-b099-0846b8b538da">
      <Execution id="97657083-ff1a-4309-ac04-96d63752aa7f" />
      <TestMethod codeBase="file://psf/Home/Seafile/USU/Classes/cs5200f14/Homework/InstructorSolution/BSvZP-Common/MessagesTester/bin/Debug/MessagesTester.DLL" adapterTypeName="Microsoft.VisualStudio.TestTools.TestTypes.Unit.UnitTestAdapter, Microsoft.VisualStudio.QualityTools.Tips.UnitTest.Adapter, Version=10.0.0.0, Culture=neutral, PublicKeyToken=b03f5f7f11d50a3a" className="MessagesTester.JoinGameTester, MessagesTester, Version=1.0.0.0, Culture=neutral, PublicKeyToken=null" name="JoinGame_EncodingAndDecoding" />
    </UnitTest>
    <UnitTest name="ByteList_OtherPublicMethods" storage="\\psf\home\seafile\usu\classes\cs5200f14\homework\instructorsolution\bsvzp-common\commontester\bin\debug\commontester.dll" id="86c3602d-89bd-614c-0bbc-efb4c79b7da3">
      <Execution id="8fd184ba-9416-4883-9fe5-73b8b280cb01" />
      <TestMethod codeBase="file://psf/Home/Seafile/USU/Classes/cs5200f14/Homework/InstructorSolution/BSvZP-Common/CommonTester/bin/Debug/CommonTester.DLL" adapterTypeName="Microsoft.VisualStudio.TestTools.TestTypes.Unit.UnitTestAdapter, Microsoft.VisualStudio.QualityTools.Tips.UnitTest.Adapter, Version=10.0.0.0, Culture=neutral, PublicKeyToken=b03f5f7f11d50a3a" className="CommonTester.ByteListTester, CommonTester, Version=1.0.0.0, Culture=neutral, PublicKeyToken=null" name="ByteList_OtherPublicMethods" />
    </UnitTest>
    <UnitTest name="PlayingFieldLayout_CheckConstructors" storage="\\psf\home\seafile\usu\classes\cs5200f14\homework\instructorsolution\bsvzp-common\commontester\bin\debug\commontester.dll" id="afd310cb-a782-bc2d-cdd4-0a91a0a340d8">
      <Execution id="0549a91e-6c1f-488e-b7c8-406b36bc27ff" />
      <TestMethod codeBase="file://psf/Home/Seafile/USU/Classes/cs5200f14/Homework/InstructorSolution/BSvZP-Common/CommonTester/bin/Debug/CommonTester.DLL" adapterTypeName="Microsoft.VisualStudio.TestTools.TestTypes.Unit.UnitTestAdapter, Microsoft.VisualStudio.QualityTools.Tips.UnitTest.Adapter, Version=10.0.0.0, Culture=neutral, PublicKeyToken=b03f5f7f11d50a3a" className="CommonTester.PlayingFieldLayoutTester, CommonTester, Version=1.0.0.0, Culture=neutral, PublicKeyToken=null" name="PlayingFieldLayout_CheckConstructors" />
    </UnitTest>
    <UnitTest name="ComponentList_CheckEncodeAndDecode" storage="\\psf\home\seafile\usu\classes\cs5200f14\homework\instructorsolution\bsvzp-common\commontester\bin\debug\commontester.dll" id="83971a48-5f1a-562c-bfda-6b64e477e829">
      <Execution id="b779bc0f-07f1-49e5-8d06-6dd1eea43254" />
      <TestMethod codeBase="file://psf/Home/Seafile/USU/Classes/cs5200f14/Homework/InstructorSolution/BSvZP-Common/CommonTester/bin/Debug/CommonTester.DLL" adapterTypeName="Microsoft.VisualStudio.TestTools.TestTypes.Unit.UnitTestAdapter, Microsoft.VisualStudio.QualityTools.Tips.UnitTest.Adapter, Version=10.0.0.0, Culture=neutral, PublicKeyToken=b03f5f7f11d50a3a" className="CommonTester.ComponentListTester, CommonTester, Version=1.0.0.0, Culture=neutral, PublicKeyToken=null" name="ComponentList_CheckEncodeAndDecode" />
    </UnitTest>
    <UnitTest name="PlayingFieldLayout_CheckEncodeAndDecode" storage="\\psf\home\seafile\usu\classes\cs5200f14\homework\instructorsolution\bsvzp-common\commontester\bin\debug\commontester.dll" id="226bba76-e22a-47aa-054a-7d7fb626af9a">
      <Execution id="fa50db3c-f7fa-45a7-b498-8856977cb436" />
      <TestMethod codeBase="file://psf/Home/Seafile/USU/Classes/cs5200f14/Homework/InstructorSolution/BSvZP-Common/CommonTester/bin/Debug/CommonTester.DLL" adapterTypeName="Microsoft.VisualStudio.TestTools.TestTypes.Unit.UnitTestAdapter, Microsoft.VisualStudio.QualityTools.Tips.UnitTest.Adapter, Version=10.0.0.0, Culture=neutral, PublicKeyToken=b03f5f7f11d50a3a" className="CommonTester.PlayingFieldLayoutTester, CommonTester, Version=1.0.0.0, Culture=neutral, PublicKeyToken=null" name="PlayingFieldLayout_CheckEncodeAndDecode" />
    </UnitTest>
    <UnitTest name="TickTester_CheckProperties" storage="\\psf\home\seafile\usu\classes\cs5200f14\homework\instructorsolution\bsvzp-common\commontester\bin\debug\commontester.dll" id="cbafd4a2-ae21-bce8-59ea-f0278726e860">
      <Execution id="179c35fb-7d5e-4640-9870-7596ca6dbcb5" />
      <TestMethod codeBase="file://psf/Home/Seafile/USU/Classes/cs5200f14/Homework/InstructorSolution/BSvZP-Common/CommonTester/bin/Debug/CommonTester.DLL" adapterTypeName="Microsoft.VisualStudio.TestTools.TestTypes.Unit.UnitTestAdapter, Microsoft.VisualStudio.QualityTools.Tips.UnitTest.Adapter, Version=10.0.0.0, Culture=neutral, PublicKeyToken=b03f5f7f11d50a3a" className="CommonTester.TickTester, CommonTester, Version=1.0.0.0, Culture=neutral, PublicKeyToken=null" name="TickTester_CheckProperties" />
    </UnitTest>
    <UnitTest name="JoinGame_Properties" storage="\\psf\home\seafile\usu\classes\cs5200f14\homework\instructorsolution\bsvzp-common\messagestester\bin\debug\messagestester.dll" id="2a250804-8c18-c7c5-ba85-2ed591639168">
      <Execution id="8def8919-fb0c-4e40-8c58-aeb246ee2327" />
      <TestMethod codeBase="file://psf/Home/Seafile/USU/Classes/cs5200f14/Homework/InstructorSolution/BSvZP-Common/MessagesTester/bin/Debug/MessagesTester.DLL" adapterTypeName="Microsoft.VisualStudio.TestTools.TestTypes.Unit.UnitTestAdapter, Microsoft.VisualStudio.QualityTools.Tips.UnitTest.Adapter, Version=10.0.0.0, Culture=neutral, PublicKeyToken=b03f5f7f11d50a3a" className="MessagesTester.JoinGameTester, MessagesTester, Version=1.0.0.0, Culture=neutral, PublicKeyToken=null" name="JoinGame_Properties" />
    </UnitTest>
    <UnitTest name="StatusInfo_CheckConstructors" storage="\\psf\home\seafile\usu\classes\cs5200f14\homework\instructorsolution\bsvzp-common\commontester\bin\debug\commontester.dll" id="e7dc0839-3e08-ca22-1bcf-28b384668706">
      <Execution id="12487647-5d69-40f1-9600-63242a835996" />
      <TestMethod codeBase="file://psf/Home/Seafile/USU/Classes/cs5200f14/Homework/InstructorSolution/BSvZP-Common/CommonTester/bin/Debug/CommonTester.DLL" adapterTypeName="Microsoft.VisualStudio.TestTools.TestTypes.Unit.UnitTestAdapter, Microsoft.VisualStudio.QualityTools.Tips.UnitTest.Adapter, Version=10.0.0.0, Culture=neutral, PublicKeyToken=b03f5f7f11d50a3a" className="CommonTester.StatusInfoTester, CommonTester, Version=1.0.0.0, Culture=neutral, PublicKeyToken=null" name="StatusInfo_CheckConstructors" />
    </UnitTest>
    <UnitTest name="TickTester_CheckEncodeDecode" storage="\\psf\home\seafile\usu\classes\cs5200f14\homework\instructorsolution\bsvzp-common\commontester\bin\debug\commontester.dll" id="364e2c22-097c-ca5c-f8e6-b251f152eca6">
      <Execution id="0ffcbd27-7d22-47b1-b819-b74eac6cfdd9" />
      <TestMethod codeBase="file://psf/Home/Seafile/USU/Classes/cs5200f14/Homework/InstructorSolution/BSvZP-Common/CommonTester/bin/Debug/CommonTester.DLL" adapterTypeName="Microsoft.VisualStudio.TestTools.TestTypes.Unit.UnitTestAdapter, Microsoft.VisualStudio.QualityTools.Tips.UnitTest.Adapter, Version=10.0.0.0, Culture=neutral, PublicKeyToken=b03f5f7f11d50a3a" className="CommonTester.TickTester, CommonTester, Version=1.0.0.0, Culture=neutral, PublicKeyToken=null" name="TickTester_CheckEncodeDecode" />
    </UnitTest>
    <UnitTest name="WhiningSpinner_CheckProperties" storage="\\psf\home\seafile\usu\classes\cs5200f14\homework\instructorsolution\bsvzp-common\commontester\bin\debug\commontester.dll" id="d0e63026-bde2-5483-a0a6-1e0d01a2dac2">
      <Execution id="2669125c-3d53-4ea3-8c9b-a430a0eb51be" />
      <TestMethod codeBase="file://psf/Home/Seafile/USU/Classes/cs5200f14/Homework/InstructorSolution/BSvZP-Common/CommonTester/bin/Debug/CommonTester.DLL" adapterTypeName="Microsoft.VisualStudio.TestTools.TestTypes.Unit.UnitTestAdapter, Microsoft.VisualStudio.QualityTools.Tips.UnitTest.Adapter, Version=10.0.0.0, Culture=neutral, PublicKeyToken=b03f5f7f11d50a3a" className="CommonTester.WhiningSpinnerTester, CommonTester, Version=1.0.0.0, Culture=neutral, PublicKeyToken=null" name="WhiningSpinner_CheckProperties" />
    </UnitTest>
    <UnitTest name="PlayingFieldLayout_CheckProperties" storage="\\psf\home\seafile\usu\classes\cs5200f14\homework\instructorsolution\bsvzp-common\commontester\bin\debug\commontester.dll" id="3fea3050-f5d6-363c-4b3d-01d4c84aab70">
      <Execution id="7f445869-faa3-4af6-bf72-d7d9547c5826" />
      <TestMethod codeBase="file://psf/Home/Seafile/USU/Classes/cs5200f14/Homework/InstructorSolution/BSvZP-Common/CommonTester/bin/Debug/CommonTester.DLL" adapterTypeName="Microsoft.VisualStudio.TestTools.TestTypes.Unit.UnitTestAdapter, Microsoft.VisualStudio.QualityTools.Tips.UnitTest.Adapter, Version=10.0.0.0, Culture=neutral, PublicKeyToken=b03f5f7f11d50a3a" className="CommonTester.PlayingFieldLayoutTester, CommonTester, Version=1.0.0.0, Culture=neutral, PublicKeyToken=null" name="PlayingFieldLayout_CheckProperties" />
    </UnitTest>
    <UnitTest name="StatusInfo_CheckEncodeAndDecode" storage="\\psf\home\seafile\usu\classes\cs5200f14\homework\instructorsolution\bsvzp-common\commontester\bin\debug\commontester.dll" id="104c4423-8e1a-52dd-da15-87ebe2cc2b3c">
      <Execution id="6d7c218e-0bc2-4be2-958c-d737a2b45687" />
      <TestMethod codeBase="file://psf/Home/Seafile/USU/Classes/cs5200f14/Homework/InstructorSolution/BSvZP-Common/CommonTester/bin/Debug/CommonTester.DLL" adapterTypeName="Microsoft.VisualStudio.TestTools.TestTypes.Unit.UnitTestAdapter, Microsoft.VisualStudio.QualityTools.Tips.UnitTest.Adapter, Version=10.0.0.0, Culture=neutral, PublicKeyToken=b03f5f7f11d50a3a" className="CommonTester.StatusInfoTester, CommonTester, Version=1.0.0.0, Culture=neutral, PublicKeyToken=null" name="StatusInfo_CheckEncodeAndDecode" />
    </UnitTest>
    <UnitTest name="FieldLocation_CheckProperties" storage="\\psf\home\seafile\usu\classes\cs5200f14\homework\instructorsolution\bsvzp-common\commontester\bin\debug\commontester.dll" id="90ba25dc-448d-9b84-8883-7173c0fe93b8">
      <Execution id="c5583141-73a7-425e-801b-76803a64a414" />
      <TestMethod codeBase="file://psf/Home/Seafile/USU/Classes/cs5200f14/Homework/InstructorSolution/BSvZP-Common/CommonTester/bin/Debug/CommonTester.DLL" adapterTypeName="Microsoft.VisualStudio.TestTools.TestTypes.Unit.UnitTestAdapter, Microsoft.VisualStudio.QualityTools.Tips.UnitTest.Adapter, Version=10.0.0.0, Culture=neutral, PublicKeyToken=b03f5f7f11d50a3a" className="CommonTester.FieldLocationTester, CommonTester, Version=1.0.0.0, Culture=neutral, PublicKeyToken=null" name="FieldLocation_CheckProperties" />
    </UnitTest>
    <UnitTest name="AgentInfo_CheckEncodeAndDecode" storage="\\psf\home\seafile\usu\classes\cs5200f14\homework\instructorsolution\bsvzp-common\commontester\bin\debug\commontester.dll" id="eec3d1a0-bdb1-2f1e-d1b3-e4c125c7a7c7">
      <Execution id="3236519f-2505-443b-a4ef-e5e0d787ff90" />
      <TestMethod codeBase="file://psf/Home/Seafile/USU/Classes/cs5200f14/Homework/InstructorSolution/BSvZP-Common/CommonTester/bin/Debug/CommonTester.DLL" adapterTypeName="Microsoft.VisualStudio.TestTools.TestTypes.Unit.UnitTestAdapter, Microsoft.VisualStudio.QualityTools.Tips.UnitTest.Adapter, Version=10.0.0.0, Culture=neutral, PublicKeyToken=b03f5f7f11d50a3a" className="CommonTester.AgentInfoTester, CommonTester, Version=1.0.0.0, Culture=neutral, PublicKeyToken=null" name="AgentInfo_CheckEncodeAndDecode" />
    </UnitTest>
    <UnitTest name="ComponentList_CheckProperties" storage="\\psf\home\seafile\usu\classes\cs5200f14\homework\instructorsolution\bsvzp-common\commontester\bin\debug\commontester.dll" id="beeb5250-9c43-aa48-8cec-fcd77363fd3e">
      <Execution id="e48d895d-0ec1-4c7a-b6ff-ae889b618344" />
      <TestMethod codeBase="file://psf/Home/Seafile/USU/Classes/cs5200f14/Homework/InstructorSolution/BSvZP-Common/CommonTester/bin/Debug/CommonTester.DLL" adapterTypeName="Microsoft.VisualStudio.TestTools.TestTypes.Unit.UnitTestAdapter, Microsoft.VisualStudio.QualityTools.Tips.UnitTest.Adapter, Version=10.0.0.0, Culture=neutral, PublicKeyToken=b03f5f7f11d50a3a" className="CommonTester.ComponentListTester, CommonTester, Version=1.0.0.0, Culture=neutral, PublicKeyToken=null" name="ComponentList_CheckProperties" />
    </UnitTest>
    <UnitTest name="GameInfo_TestEverything" storage="\\psf\home\seafile\usu\classes\cs5200f14\homework\instructorsolution\bsvzp-common\commontester\bin\debug\commontester.dll" id="bed40777-36e8-1a5f-572d-4860c464f507">
      <Execution id="2ee43787-075d-456d-b192-ef525ab433d1" />
      <TestMethod codeBase="file://psf/Home/Seafile/USU/Classes/cs5200f14/Homework/InstructorSolution/BSvZP-Common/CommonTester/bin/Debug/CommonTester.DLL" adapterTypeName="Microsoft.VisualStudio.TestTools.TestTypes.Unit.UnitTestAdapter, Microsoft.VisualStudio.QualityTools.Tips.UnitTest.Adapter, Version=10.0.0.0, Culture=neutral, PublicKeyToken=b03f5f7f11d50a3a" className="CommonTester.GameInfoTester, CommonTester, Version=1.0.0.0, Culture=neutral, PublicKeyToken=null" name="GameInfo_TestEverything" />
    </UnitTest>
    <UnitTest name="FieldLocation_CheckEncodeDecode" storage="\\psf\home\seafile\usu\classes\cs5200f14\homework\instructorsolution\bsvzp-common\commontester\bin\debug\commontester.dll" id="a2dff254-87db-0c1a-d212-e29ddb4c9c2a">
      <Execution id="ee0d438e-c748-4843-8dd9-2e247cde1831" />
      <TestMethod codeBase="file://psf/Home/Seafile/USU/Classes/cs5200f14/Homework/InstructorSolution/BSvZP-Common/CommonTester/bin/Debug/CommonTester.DLL" adapterTypeName="Microsoft.VisualStudio.TestTools.TestTypes.Unit.UnitTestAdapter, Microsoft.VisualStudio.QualityTools.Tips.UnitTest.Adapter, Version=10.0.0.0, Culture=neutral, PublicKeyToken=b03f5f7f11d50a3a" className="CommonTester.FieldLocationTester, CommonTester, Version=1.0.0.0, Culture=neutral, PublicKeyToken=null" name="FieldLocation_CheckEncodeDecode" />
    </UnitTest>
    <UnitTest name="Bomb_CheckProperties" storage="\\psf\home\seafile\usu\classes\cs5200f14\homework\instructorsolution\bsvzp-common\commontester\bin\debug\commontester.dll" id="9904ba65-a649-09ff-0ef0-c2c56c4e27fc">
      <Execution id="ceb34a91-5b81-49c9-ad6d-ead0e79d2f4e" />
      <TestMethod codeBase="file://psf/Home/Seafile/USU/Classes/cs5200f14/Homework/InstructorSolution/BSvZP-Common/CommonTester/bin/Debug/CommonTester.DLL" adapterTypeName="Microsoft.VisualStudio.TestTools.TestTypes.Unit.UnitTestAdapter, Microsoft.VisualStudio.QualityTools.Tips.UnitTest.Adapter, Version=10.0.0.0, Culture=neutral, PublicKeyToken=b03f5f7f11d50a3a" className="CommonTester.BombTester, CommonTester, Version=1.0.0.0, Culture=neutral, PublicKeyToken=null" name="Bomb_CheckProperties" />
    </UnitTest>
    <UnitTest name="Excuse_CheckConstructors" storage="\\psf\home\seafile\usu\classes\cs5200f14\homework\instructorsolution\bsvzp-common\commontester\bin\debug\commontester.dll" id="d7721e2b-d839-f8ea-3513-be426faed8ef">
      <Execution id="4dd73d34-82ed-44d7-93a9-19e152a4ffb9" />
      <TestMethod codeBase="file://psf/Home/Seafile/USU/Classes/cs5200f14/Homework/InstructorSolution/BSvZP-Common/CommonTester/bin/Debug/CommonTester.DLL" adapterTypeName="Microsoft.VisualStudio.TestTools.TestTypes.Unit.UnitTestAdapter, Microsoft.VisualStudio.QualityTools.Tips.UnitTest.Adapter, Version=10.0.0.0, Culture=neutral, PublicKeyToken=b03f5f7f11d50a3a" className="CommonTester.ExcuseTester, CommonTester, Version=1.0.0.0, Culture=neutral, PublicKeyToken=null" name="Excuse_CheckConstructors" />
    </UnitTest>
    <UnitTest name="EndPoint_CheckConstructors" storage="\\psf\home\seafile\usu\classes\cs5200f14\homework\instructorsolution\bsvzp-common\commontester\bin\debug\commontester.dll" id="663fbe27-d6e2-e0fc-db8a-f3f5ba6779a5">
      <Execution id="9f8e67d7-0827-4b3b-b910-217cff72dad6" />
      <TestMethod codeBase="file://psf/Home/Seafile/USU/Classes/cs5200f14/Homework/InstructorSolution/BSvZP-Common/CommonTester/bin/Debug/CommonTester.DLL" adapterTypeName="Microsoft.VisualStudio.TestTools.TestTypes.Unit.UnitTestAdapter, Microsoft.VisualStudio.QualityTools.Tips.UnitTest.Adapter, Version=10.0.0.0, Culture=neutral, PublicKeyToken=b03f5f7f11d50a3a" className="CommonTester.EndPointTester, CommonTester, Version=1.0.0.0, Culture=neutral, PublicKeyToken=null" name="EndPoint_CheckConstructors" />
    </UnitTest>
    <UnitTest name="Excuse_CheckProperties" storage="\\psf\home\seafile\usu\classes\cs5200f14\homework\instructorsolution\bsvzp-common\commontester\bin\debug\commontester.dll" id="c1669bf6-729e-d796-c7d9-f9b5c8ff2007">
      <Execution id="bb7df289-94c2-48ed-a8f1-f8cde0d6dbbd" />
      <TestMethod codeBase="file://psf/Home/Seafile/USU/Classes/cs5200f14/Homework/InstructorSolution/BSvZP-Common/CommonTester/bin/Debug/CommonTester.DLL" adapterTypeName="Microsoft.VisualStudio.TestTools.TestTypes.Unit.UnitTestAdapter, Microsoft.VisualStudio.QualityTools.Tips.UnitTest.Adapter, Version=10.0.0.0, Culture=neutral, PublicKeyToken=b03f5f7f11d50a3a" className="CommonTester.ExcuseTester, CommonTester, Version=1.0.0.0, Culture=neutral, PublicKeyToken=null" name="Excuse_CheckProperties" />
    </UnitTest>
    <UnitTest name="AckNak_CheckConstructorsAndFactories" storage="\\psf\home\seafile\usu\classes\cs5200f14\homework\instructorsolution\bsvzp-common\messagestester\bin\debug\messagestester.dll" id="e1ecfc94-2f7f-bdaf-64db-951e119da34c">
      <Execution id="c7f1b2f6-7f90-44f5-ba55-eae5988aee16" />
      <TestMethod codeBase="file://psf/Home/Seafile/USU/Classes/cs5200f14/Homework/InstructorSolution/BSvZP-Common/MessagesTester/bin/Debug/MessagesTester.DLL" adapterTypeName="Microsoft.VisualStudio.TestTools.TestTypes.Unit.UnitTestAdapter, Microsoft.VisualStudio.QualityTools.Tips.UnitTest.Adapter, Version=10.0.0.0, Culture=neutral, PublicKeyToken=b03f5f7f11d50a3a" className="MessagesTester.AckNakTester, MessagesTester, Version=1.0.0.0, Culture=neutral, PublicKeyToken=null" name="AckNak_CheckConstructorsAndFactories" />
    </UnitTest>
    <UnitTest name="FieldLocation_CheckContructors" storage="\\psf\home\seafile\usu\classes\cs5200f14\homework\instructorsolution\bsvzp-common\commontester\bin\debug\commontester.dll" id="ee09e89e-c9b7-1b79-838a-49d7d7834303">
      <Execution id="8e75661d-2428-499d-b542-d505ee6f2913" />
      <TestMethod codeBase="file://psf/Home/Seafile/USU/Classes/cs5200f14/Homework/InstructorSolution/BSvZP-Common/CommonTester/bin/Debug/CommonTester.DLL" adapterTypeName="Microsoft.VisualStudio.TestTools.TestTypes.Unit.UnitTestAdapter, Microsoft.VisualStudio.QualityTools.Tips.UnitTest.Adapter, Version=10.0.0.0, Culture=neutral, PublicKeyToken=b03f5f7f11d50a3a" className="CommonTester.FieldLocationTester, CommonTester, Version=1.0.0.0, Culture=neutral, PublicKeyToken=null" name="FieldLocation_CheckContructors" />
    </UnitTest>
    <UnitTest name="GameConfiguration_CheckProperties" storage="\\psf\home\seafile\usu\classes\cs5200f14\homework\instructorsolution\bsvzp-common\commontester\bin\debug\commontester.dll" id="63ed64ee-6209-0958-7de8-d968e87d1d45">
      <Execution id="cb467afc-c440-4d06-9c12-759c962e1a11" />
      <TestMethod codeBase="file://psf/Home/Seafile/USU/Classes/cs5200f14/Homework/InstructorSolution/BSvZP-Common/CommonTester/bin/Debug/CommonTester.DLL" adapterTypeName="Microsoft.VisualStudio.TestTools.TestTypes.Unit.UnitTestAdapter, Microsoft.VisualStudio.QualityTools.Tips.UnitTest.Adapter, Version=10.0.0.0, Culture=neutral, PublicKeyToken=b03f5f7f11d50a3a" className="CommonTester.GameConfigurationTester, CommonTester, Version=1.0.0.0, Culture=neutral, PublicKeyToken=null" name="GameConfiguration_CheckProperties" />
    </UnitTest>
    <UnitTest name="AckNak_CheckProperties" storage="\\psf\home\seafile\usu\classes\cs5200f14\homework\instructorsolution\bsvzp-common\messagestester\bin\debug\messagestester.dll" id="e57f470c-5af0-0d55-6cfd-5233256e7a58">
      <Execution id="23c2b7ae-0f6c-400d-aa2c-318b46680ff8" />
      <TestMethod codeBase="file://psf/Home/Seafile/USU/Classes/cs5200f14/Homework/InstructorSolution/BSvZP-Common/MessagesTester/bin/Debug/MessagesTester.DLL" adapterTypeName="Microsoft.VisualStudio.TestTools.TestTypes.Unit.UnitTestAdapter, Microsoft.VisualStudio.QualityTools.Tips.UnitTest.Adapter, Version=10.0.0.0, Culture=neutral, PublicKeyToken=b03f5f7f11d50a3a" className="MessagesTester.AckNakTester, MessagesTester, Version=1.0.0.0, Culture=neutral, PublicKeyToken=null" name="AckNak_CheckProperties" />
    </UnitTest>
    <UnitTest name="TickTester_CheckConstructors" storage="\\psf\home\seafile\usu\classes\cs5200f14\homework\instructorsolution\bsvzp-common\commontester\bin\debug\commontester.dll" id="507519cd-90aa-7a27-5b1e-0972c3d12269">
      <Execution id="dd049d83-0509-44d5-b45f-0f89e793c511" />
      <TestMethod codeBase="file://psf/Home/Seafile/USU/Classes/cs5200f14/Homework/InstructorSolution/BSvZP-Common/CommonTester/bin/Debug/CommonTester.DLL" adapterTypeName="Microsoft.VisualStudio.TestTools.TestTypes.Unit.UnitTestAdapter, Microsoft.VisualStudio.QualityTools.Tips.UnitTest.Adapter, Version=10.0.0.0, Culture=neutral, PublicKeyToken=b03f5f7f11d50a3a" className="CommonTester.TickTester, CommonTester, Version=1.0.0.0, Culture=neutral, PublicKeyToken=null" name="TickTester_CheckConstructors" />
    </UnitTest>
    <UnitTest name="ByteList_TestConstuctors" storage="\\psf\home\seafile\usu\classes\cs5200f14\homework\instructorsolution\bsvzp-common\commontester\bin\debug\commontester.dll" id="d6a120d8-083b-ca56-9c06-19e373b8321f">
      <Execution id="e81fdbae-4b6b-4b34-8caf-eb65a0d39581" />
      <TestMethod codeBase="file://psf/Home/Seafile/USU/Classes/cs5200f14/Homework/InstructorSolution/BSvZP-Common/CommonTester/bin/Debug/CommonTester.DLL" adapterTypeName="Microsoft.VisualStudio.TestTools.TestTypes.Unit.UnitTestAdapter, Microsoft.VisualStudio.QualityTools.Tips.UnitTest.Adapter, Version=10.0.0.0, Culture=neutral, PublicKeyToken=b03f5f7f11d50a3a" className="CommonTester.ByteListTester, CommonTester, Version=1.0.0.0, Culture=neutral, PublicKeyToken=null" name="ByteList_TestConstuctors" />
    </UnitTest>
    <UnitTest name="Bomb_CheckConstructors" storage="\\psf\home\seafile\usu\classes\cs5200f14\homework\instructorsolution\bsvzp-common\commontester\bin\debug\commontester.dll" id="c40c928e-c2ab-8b88-578e-d7b35f81b083">
      <Execution id="b2e1bd2f-fc51-41f6-91fe-88bad7fe0096" />
      <TestMethod codeBase="file://psf/Home/Seafile/USU/Classes/cs5200f14/Homework/InstructorSolution/BSvZP-Common/CommonTester/bin/Debug/CommonTester.DLL" adapterTypeName="Microsoft.VisualStudio.TestTools.TestTypes.Unit.UnitTestAdapter, Microsoft.VisualStudio.QualityTools.Tips.UnitTest.Adapter, Version=10.0.0.0, Culture=neutral, PublicKeyToken=b03f5f7f11d50a3a" className="CommonTester.BombTester, CommonTester, Version=1.0.0.0, Culture=neutral, PublicKeyToken=null" name="Bomb_CheckConstructors" />
    </UnitTest>
    <UnitTest name="WhiningSpinner_CheckConstructors" storage="\\psf\home\seafile\usu\classes\cs5200f14\homework\instructorsolution\bsvzp-common\commontester\bin\debug\commontester.dll" id="a987a908-01f9-9386-23e7-287a5d2d2721">
      <Execution id="e238cf52-60f7-4d72-9d10-720173aa5d85" />
      <TestMethod codeBase="file://psf/Home/Seafile/USU/Classes/cs5200f14/Homework/InstructorSolution/BSvZP-Common/CommonTester/bin/Debug/CommonTester.DLL" adapterTypeName="Microsoft.VisualStudio.TestTools.TestTypes.Unit.UnitTestAdapter, Microsoft.VisualStudio.QualityTools.Tips.UnitTest.Adapter, Version=10.0.0.0, Culture=neutral, PublicKeyToken=b03f5f7f11d50a3a" className="CommonTester.WhiningSpinnerTester, CommonTester, Version=1.0.0.0, Culture=neutral, PublicKeyToken=null" name="WhiningSpinner_CheckConstructors" />
    </UnitTest>
    <UnitTest name="EndPoint_CheckEncodeAndDecode" storage="\\psf\home\seafile\usu\classes\cs5200f14\homework\instructorsolution\bsvzp-common\commontester\bin\debug\commontester.dll" id="5c61ce7d-c870-b77b-416d-32ca3192646b">
      <Execution id="d728fcc8-0e7e-4f7c-b1db-31149fabceb7" />
      <TestMethod codeBase="file://psf/Home/Seafile/USU/Classes/cs5200f14/Homework/InstructorSolution/BSvZP-Common/CommonTester/bin/Debug/CommonTester.DLL" adapterTypeName="Microsoft.VisualStudio.TestTools.TestTypes.Unit.UnitTestAdapter, Microsoft.VisualStudio.QualityTools.Tips.UnitTest.Adapter, Version=10.0.0.0, Culture=neutral, PublicKeyToken=b03f5f7f11d50a3a" className="CommonTester.EndPointTester, CommonTester, Version=1.0.0.0, Culture=neutral, PublicKeyToken=null" name="EndPoint_CheckEncodeAndDecode" />
    </UnitTest>
    <UnitTest name="GameConfiguration_CheckEncodeAndDecode" storage="\\psf\home\seafile\usu\classes\cs5200f14\homework\instructorsolution\bsvzp-common\commontester\bin\debug\commontester.dll" id="ee180b0c-7542-d07d-8952-4dbe1fcee3f4">
      <Execution id="4d8b6b1b-3b51-417e-98d2-b7334bfffd0e" />
      <TestMethod codeBase="file://psf/Home/Seafile/USU/Classes/cs5200f14/Homework/InstructorSolution/BSvZP-Common/CommonTester/bin/Debug/CommonTester.DLL" adapterTypeName="Microsoft.VisualStudio.TestTools.TestTypes.Unit.UnitTestAdapter, Microsoft.VisualStudio.QualityTools.Tips.UnitTest.Adapter, Version=10.0.0.0, Culture=neutral, PublicKeyToken=b03f5f7f11d50a3a" className="CommonTester.GameConfigurationTester, CommonTester, Version=1.0.0.0, Culture=neutral, PublicKeyToken=null" name="GameConfiguration_CheckEncodeAndDecode" />
    </UnitTest>
    <UnitTest name="GameConfiguration_CheckConstructors" storage="\\psf\home\seafile\usu\classes\cs5200f14\homework\instructorsolution\bsvzp-common\commontester\bin\debug\commontester.dll" id="5dc13c08-9307-4d94-c22f-dc70f60ff32f">
      <Execution id="fc90a621-5a25-488f-91eb-96e846b7630b" />
      <TestMethod codeBase="file://psf/Home/Seafile/USU/Classes/cs5200f14/Homework/InstructorSolution/BSvZP-Common/CommonTester/bin/Debug/CommonTester.DLL" adapterTypeName="Microsoft.VisualStudio.TestTools.TestTypes.Unit.UnitTestAdapter, Microsoft.VisualStudio.QualityTools.Tips.UnitTest.Adapter, Version=10.0.0.0, Culture=neutral, PublicKeyToken=b03f5f7f11d50a3a" className="CommonTester.GameConfigurationTester, CommonTester, Version=1.0.0.0, Culture=neutral, PublicKeyToken=null" name="GameConfiguration_CheckConstructors" />
    </UnitTest>
    <UnitTest name="ComponentList_CheckConstructors" storage="\\psf\home\seafile\usu\classes\cs5200f14\homework\instructorsolution\bsvzp-common\commontester\bin\debug\commontester.dll" id="f1cd31e1-cb34-03fd-04c1-58f580f316d5">
      <Execution id="8fb801a4-7fb9-4500-adf0-84ab70c2fd91" />
      <TestMethod codeBase="file://psf/Home/Seafile/USU/Classes/cs5200f14/Homework/InstructorSolution/BSvZP-Common/CommonTester/bin/Debug/CommonTester.DLL" adapterTypeName="Microsoft.VisualStudio.TestTools.TestTypes.Unit.UnitTestAdapter, Microsoft.VisualStudio.QualityTools.Tips.UnitTest.Adapter, Version=10.0.0.0, Culture=neutral, PublicKeyToken=b03f5f7f11d50a3a" className="CommonTester.ComponentListTester, CommonTester, Version=1.0.0.0, Culture=neutral, PublicKeyToken=null" name="ComponentList_CheckConstructors" />
    </UnitTest>
    <UnitTest name="ByteList_IndexOperator" storage="\\psf\home\seafile\usu\classes\cs5200f14\homework\instructorsolution\bsvzp-common\commontester\bin\debug\commontester.dll" id="d6375a5d-a98c-9cb0-66a2-ad7be1e40c67">
      <Execution id="4265bef5-955b-4480-b30c-e08623cfbc99" />
      <TestMethod codeBase="file://psf/Home/Seafile/USU/Classes/cs5200f14/Homework/InstructorSolution/BSvZP-Common/CommonTester/bin/Debug/CommonTester.DLL" adapterTypeName="Microsoft.VisualStudio.TestTools.TestTypes.Unit.UnitTestAdapter, Microsoft.VisualStudio.QualityTools.Tips.UnitTest.Adapter, Version=10.0.0.0, Culture=neutral, PublicKeyToken=b03f5f7f11d50a3a" className="CommonTester.ByteListTester, CommonTester, Version=1.0.0.0, Culture=neutral, PublicKeyToken=null" name="ByteList_IndexOperator" />
    </UnitTest>
  </TestDefinitions>
  <TestLists>
    <TestList name="Results Not in a List" id="8c84fa94-04c1-424b-9868-57a2d4851a1d" />
    <TestList name="All Loaded Results" id="19431567-8539-422a-85d7-44ee4e166bda" />
  </TestLists>
  <TestEntries>
    <TestEntry testId="104c4423-8e1a-52dd-da15-87ebe2cc2b3c" executionId="6d7c218e-0bc2-4be2-958c-d737a2b45687" testListId="8c84fa94-04c1-424b-9868-57a2d4851a1d" />
    <TestEntry testId="226bba76-e22a-47aa-054a-7d7fb626af9a" executionId="fa50db3c-f7fa-45a7-b498-8856977cb436" testListId="8c84fa94-04c1-424b-9868-57a2d4851a1d" />
    <TestEntry testId="2a250804-8c18-c7c5-ba85-2ed591639168" executionId="8def8919-fb0c-4e40-8c58-aeb246ee2327" testListId="8c84fa94-04c1-424b-9868-57a2d4851a1d" />
    <TestEntry testId="364e2c22-097c-ca5c-f8e6-b251f152eca6" executionId="0ffcbd27-7d22-47b1-b819-b74eac6cfdd9" testListId="8c84fa94-04c1-424b-9868-57a2d4851a1d" />
    <TestEntry testId="3fea3050-f5d6-363c-4b3d-01d4c84aab70" executionId="7f445869-faa3-4af6-bf72-d7d9547c5826" testListId="8c84fa94-04c1-424b-9868-57a2d4851a1d" />
    <TestEntry testId="4d9613ef-edcc-fbbe-37ff-ef27d7e93fda" executionId="6d9f2e04-e27f-47ee-846a-f7305a1ab414" testListId="8c84fa94-04c1-424b-9868-57a2d4851a1d" />
    <TestEntry testId="507519cd-90aa-7a27-5b1e-0972c3d12269" executionId="dd049d83-0509-44d5-b45f-0f89e793c511" testListId="8c84fa94-04c1-424b-9868-57a2d4851a1d" />
    <TestEntry testId="5c61ce7d-c870-b77b-416d-32ca3192646b" executionId="d728fcc8-0e7e-4f7c-b1db-31149fabceb7" testListId="8c84fa94-04c1-424b-9868-57a2d4851a1d" />
    <TestEntry testId="5dc13c08-9307-4d94-c22f-dc70f60ff32f" executionId="fc90a621-5a25-488f-91eb-96e846b7630b" testListId="8c84fa94-04c1-424b-9868-57a2d4851a1d" />
    <TestEntry testId="63ed64ee-6209-0958-7de8-d968e87d1d45" executionId="cb467afc-c440-4d06-9c12-759c962e1a11" testListId="8c84fa94-04c1-424b-9868-57a2d4851a1d" />
    <TestEntry testId="663fbe27-d6e2-e0fc-db8a-f3f5ba6779a5" executionId="9f8e67d7-0827-4b3b-b910-217cff72dad6" testListId="8c84fa94-04c1-424b-9868-57a2d4851a1d" />
    <TestEntry testId="733d2fea-55c2-0731-4fe1-8c3f0f1568bf" executionId="c7ec4f02-57ee-4e0d-a465-e93534424dae" testListId="8c84fa94-04c1-424b-9868-57a2d4851a1d" />
    <TestEntry testId="817e069b-b533-1822-e239-f8570024b19a" executionId="b1e7ca46-0f00-4e04-ab43-aeed721cf890" testListId="8c84fa94-04c1-424b-9868-57a2d4851a1d" />
    <TestEntry testId="83971a48-5f1a-562c-bfda-6b64e477e829" executionId="b779bc0f-07f1-49e5-8d06-6dd1eea43254" testListId="8c84fa94-04c1-424b-9868-57a2d4851a1d" />
    <TestEntry testId="86c3602d-89bd-614c-0bbc-efb4c79b7da3" executionId="8fd184ba-9416-4883-9fe5-73b8b280cb01" testListId="8c84fa94-04c1-424b-9868-57a2d4851a1d" />
    <TestEntry testId="90ba25dc-448d-9b84-8883-7173c0fe93b8" executionId="c5583141-73a7-425e-801b-76803a64a414" testListId="8c84fa94-04c1-424b-9868-57a2d4851a1d" />
    <TestEntry testId="9904ba65-a649-09ff-0ef0-c2c56c4e27fc" executionId="ceb34a91-5b81-49c9-ad6d-ead0e79d2f4e" testListId="8c84fa94-04c1-424b-9868-57a2d4851a1d" />
    <TestEntry testId="a18b2fd5-37b0-6e6a-4b4c-5ea126e1e363" executionId="795d9564-cb44-4511-a05a-4a1790fe20fd" testListId="8c84fa94-04c1-424b-9868-57a2d4851a1d" />
    <TestEntry testId="a2dff254-87db-0c1a-d212-e29ddb4c9c2a" executionId="ee0d438e-c748-4843-8dd9-2e247cde1831" testListId="8c84fa94-04c1-424b-9868-57a2d4851a1d" />
    <TestEntry testId="a987a908-01f9-9386-23e7-287a5d2d2721" executionId="e238cf52-60f7-4d72-9d10-720173aa5d85" testListId="8c84fa94-04c1-424b-9868-57a2d4851a1d" />
    <TestEntry testId="adc509e9-affb-9f01-6b95-6ee65c98cc92" executionId="3f3091a8-b09e-440a-8137-7e8580d589fc" testListId="8c84fa94-04c1-424b-9868-57a2d4851a1d" />
    <TestEntry testId="ae084a0c-31eb-5c20-b099-0846b8b538da" executionId="97657083-ff1a-4309-ac04-96d63752aa7f" testListId="8c84fa94-04c1-424b-9868-57a2d4851a1d" />
    <TestEntry testId="afd310cb-a782-bc2d-cdd4-0a91a0a340d8" executionId="0549a91e-6c1f-488e-b7c8-406b36bc27ff" testListId="8c84fa94-04c1-424b-9868-57a2d4851a1d" />
    <TestEntry testId="b719406f-6c30-5234-e237-f3d1a5baaeb0" executionId="f9c65291-3606-497b-9315-338de04be199" testListId="8c84fa94-04c1-424b-9868-57a2d4851a1d" />
    <TestEntry testId="bed40777-36e8-1a5f-572d-4860c464f507" executionId="2ee43787-075d-456d-b192-ef525ab433d1" testListId="8c84fa94-04c1-424b-9868-57a2d4851a1d" />
    <TestEntry testId="beeb5250-9c43-aa48-8cec-fcd77363fd3e" executionId="e48d895d-0ec1-4c7a-b6ff-ae889b618344" testListId="8c84fa94-04c1-424b-9868-57a2d4851a1d" />
    <TestEntry testId="c1669bf6-729e-d796-c7d9-f9b5c8ff2007" executionId="bb7df289-94c2-48ed-a8f1-f8cde0d6dbbd" testListId="8c84fa94-04c1-424b-9868-57a2d4851a1d" />
    <TestEntry testId="c40c928e-c2ab-8b88-578e-d7b35f81b083" executionId="b2e1bd2f-fc51-41f6-91fe-88bad7fe0096" testListId="8c84fa94-04c1-424b-9868-57a2d4851a1d" />
    <TestEntry testId="cbafd4a2-ae21-bce8-59ea-f0278726e860" executionId="179c35fb-7d5e-4640-9870-7596ca6dbcb5" testListId="8c84fa94-04c1-424b-9868-57a2d4851a1d" />
    <TestEntry testId="cfac802b-3c1b-a198-432f-c77278e8ca81" executionId="2564172e-ada6-419a-8b3d-5a530f91965f" testListId="8c84fa94-04c1-424b-9868-57a2d4851a1d" />
    <TestEntry testId="d004ffc2-a7fb-16d7-64d4-41782226b827" executionId="eb8e6b59-dcc3-478a-b0d8-eb760489b619" testListId="8c84fa94-04c1-424b-9868-57a2d4851a1d" />
    <TestEntry testId="d0e63026-bde2-5483-a0a6-1e0d01a2dac2" executionId="2669125c-3d53-4ea3-8c9b-a430a0eb51be" testListId="8c84fa94-04c1-424b-9868-57a2d4851a1d" />
    <TestEntry testId="d6375a5d-a98c-9cb0-66a2-ad7be1e40c67" executionId="4265bef5-955b-4480-b30c-e08623cfbc99" testListId="8c84fa94-04c1-424b-9868-57a2d4851a1d" />
    <TestEntry testId="d6a120d8-083b-ca56-9c06-19e373b8321f" executionId="e81fdbae-4b6b-4b34-8caf-eb65a0d39581" testListId="8c84fa94-04c1-424b-9868-57a2d4851a1d" />
    <TestEntry testId="d7721e2b-d839-f8ea-3513-be426faed8ef" executionId="4dd73d34-82ed-44d7-93a9-19e152a4ffb9" testListId="8c84fa94-04c1-424b-9868-57a2d4851a1d" />
    <TestEntry testId="d7dddf5a-bb0d-6bd1-cbdd-40ea5a1d7ae6" executionId="2246849f-94f1-4292-9bab-5882177799ff" testListId="8c84fa94-04c1-424b-9868-57a2d4851a1d" />
    <TestEntry testId="e1ecfc94-2f7f-bdaf-64db-951e119da34c" executionId="c7f1b2f6-7f90-44f5-ba55-eae5988aee16" testListId="8c84fa94-04c1-424b-9868-57a2d4851a1d" />
    <TestEntry testId="e57f470c-5af0-0d55-6cfd-5233256e7a58" executionId="23c2b7ae-0f6c-400d-aa2c-318b46680ff8" testListId="8c84fa94-04c1-424b-9868-57a2d4851a1d" />
    <TestEntry testId="e7dc0839-3e08-ca22-1bcf-28b384668706" executionId="12487647-5d69-40f1-9600-63242a835996" testListId="8c84fa94-04c1-424b-9868-57a2d4851a1d" />
    <TestEntry testId="eaad3cd9-fd8f-295f-72bd-25c259084926" executionId="16635d08-e726-45b4-a7e9-182b2859e7f5" testListId="8c84fa94-04c1-424b-9868-57a2d4851a1d" />
    <TestEntry testId="eaba3772-7490-203e-d483-62bb0c779f54" executionId="bd8a2dad-93b7-4b1a-84fa-7b37ac0e7188" testListId="8c84fa94-04c1-424b-9868-57a2d4851a1d" />
    <TestEntry testId="ee09e89e-c9b7-1b79-838a-49d7d7834303" executionId="8e75661d-2428-499d-b542-d505ee6f2913" testListId="8c84fa94-04c1-424b-9868-57a2d4851a1d" />
    <TestEntry testId="ee180b0c-7542-d07d-8952-4dbe1fcee3f4" executionId="4d8b6b1b-3b51-417e-98d2-b7334bfffd0e" testListId="8c84fa94-04c1-424b-9868-57a2d4851a1d" />
    <TestEntry testId="eec3d1a0-bdb1-2f1e-d1b3-e4c125c7a7c7" executionId="3236519f-2505-443b-a4ef-e5e0d787ff90" testListId="8c84fa94-04c1-424b-9868-57a2d4851a1d" />
    <TestEntry testId="f1cd31e1-cb34-03fd-04c1-58f580f316d5" executionId="8fb801a4-7fb9-4500-adf0-84ab70c2fd91" testListId="8c84fa94-04c1-424b-9868-57a2d4851a1d" />
    <TestEntry testId="f84a9ebc-fda5-bcb9-1c69-429549673faf" executionId="ae59ec71-6a15-43d1-bcbb-681136f70f27" testListId="8c84fa94-04c1-424b-9868-57a2d4851a1d" />
  </TestEntries>
  <Results>
    <UnitTestResult executionId="6d7c218e-0bc2-4be2-958c-d737a2b45687" testId="104c4423-8e1a-52dd-da15-87ebe2cc2b3c" testName="StatusInfo_CheckEncodeAndDecode" computerName="SWCMACBOOKWIN7" duration="00:00:00.0147181" startTime="2014-03-17T12:52:59.4110000-06:00" endTime="2014-03-17T12:52:59.6510000-06:00" testType="13cdc9d9-ddb5-4fa4-a97d-d965ccfc6d4b" outcome="Passed" testListId="8c84fa94-04c1-424b-9868-57a2d4851a1d" relativeResultsDirectory="6d7c218e-0bc2-4be2-958c-d737a2b45687">
    </UnitTestResult>
    <UnitTestResult executionId="fa50db3c-f7fa-45a7-b498-8856977cb436" testId="226bba76-e22a-47aa-054a-7d7fb626af9a" testName="PlayingFieldLayout_CheckEncodeAndDecode" computerName="SWCMACBOOKWIN7" duration="00:00:00.0023229" startTime="2014-03-17T12:52:59.6630000-06:00" endTime="2014-03-17T12:52:59.6690000-06:00" testType="13cdc9d9-ddb5-4fa4-a97d-d965ccfc6d4b" outcome="Passed" testListId="8c84fa94-04c1-424b-9868-57a2d4851a1d" relativeResultsDirectory="fa50db3c-f7fa-45a7-b498-8856977cb436">
    </UnitTestResult>
    <UnitTestResult executionId="8def8919-fb0c-4e40-8c58-aeb246ee2327" testId="2a250804-8c18-c7c5-ba85-2ed591639168" testName="JoinGame_Properties" computerName="SWCMACBOOKWIN7" duration="00:00:00.0158193" startTime="2014-03-17T12:52:59.6720000-06:00" endTime="2014-03-17T12:52:59.9190000-06:00" testType="13cdc9d9-ddb5-4fa4-a97d-d965ccfc6d4b" outcome="Passed" testListId="8c84fa94-04c1-424b-9868-57a2d4851a1d" relativeResultsDirectory="8def8919-fb0c-4e40-8c58-aeb246ee2327">
    </UnitTestResult>
    <UnitTestResult executionId="0ffcbd27-7d22-47b1-b819-b74eac6cfdd9" testId="364e2c22-097c-ca5c-f8e6-b251f152eca6" testName="TickTester_CheckEncodeDecode" computerName="SWCMACBOOKWIN7" duration="00:00:00.0016127" startTime="2014-03-17T12:52:59.9310000-06:00" endTime="2014-03-17T12:52:59.9360000-06:00" testType="13cdc9d9-ddb5-4fa4-a97d-d965ccfc6d4b" outcome="Passed" testListId="8c84fa94-04c1-424b-9868-57a2d4851a1d" relativeResultsDirectory="0ffcbd27-7d22-47b1-b819-b74eac6cfdd9">
    </UnitTestResult>
    <UnitTestResult executionId="7f445869-faa3-4af6-bf72-d7d9547c5826" testId="3fea3050-f5d6-363c-4b3d-01d4c84aab70" testName="PlayingFieldLayout_CheckProperties" computerName="SWCMACBOOKWIN7" duration="00:00:00.0003124" startTime="2014-03-17T12:52:59.9380000-06:00" endTime="2014-03-17T12:52:59.9410000-06:00" testType="13cdc9d9-ddb5-4fa4-a97d-d965ccfc6d4b" outcome="Passed" testListId="8c84fa94-04c1-424b-9868-57a2d4851a1d" relativeResultsDirectory="7f445869-faa3-4af6-bf72-d7d9547c5826">
    </UnitTestResult>
    <UnitTestResult executionId="6d9f2e04-e27f-47ee-846a-f7305a1ab414" testId="4d9613ef-edcc-fbbe-37ff-ef27d7e93fda" testName="ByteList_WriteAndAddMethods" computerName="SWCMACBOOKWIN7" duration="00:00:00.0017284" startTime="2014-03-17T12:52:59.9440000-06:00" endTime="2014-03-17T12:52:59.9480000-06:00" testType="13cdc9d9-ddb5-4fa4-a97d-d965ccfc6d4b" outcome="Passed" testListId="8c84fa94-04c1-424b-9868-57a2d4851a1d" relativeResultsDirectory="6d9f2e04-e27f-47ee-846a-f7305a1ab414">
    </UnitTestResult>
    <UnitTestResult executionId="dd049d83-0509-44d5-b45f-0f89e793c511" testId="507519cd-90aa-7a27-5b1e-0972c3d12269" testName="TickTester_CheckConstructors" computerName="SWCMACBOOKWIN7" duration="00:00:00.0003097" startTime="2014-03-17T12:52:59.9510000-06:00" endTime="2014-03-17T12:52:59.9540000-06:00" testType="13cdc9d9-ddb5-4fa4-a97d-d965ccfc6d4b" outcome="Passed" testListId="8c84fa94-04c1-424b-9868-57a2d4851a1d" relativeResultsDirectory="dd049d83-0509-44d5-b45f-0f89e793c511">
    </UnitTestResult>
    <UnitTestResult executionId="d728fcc8-0e7e-4f7c-b1db-31149fabceb7" testId="5c61ce7d-c870-b77b-416d-32ca3192646b" testName="EndPoint_CheckEncodeAndDecode" computerName="SWCMACBOOKWIN7" duration="00:00:00.0010872" startTime="2014-03-17T12:52:59.9560000-06:00" endTime="2014-03-17T12:52:59.9580000-06:00" testType="13cdc9d9-ddb5-4fa4-a97d-d965ccfc6d4b" outcome="Passed" testListId="8c84fa94-04c1-424b-9868-57a2d4851a1d" relativeResultsDirectory="d728fcc8-0e7e-4f7c-b1db-31149fabceb7">
    </UnitTestResult>
    <UnitTestResult executionId="fc90a621-5a25-488f-91eb-96e846b7630b" testId="5dc13c08-9307-4d94-c22f-dc70f60ff32f" testName="GameConfiguration_CheckConstructors" computerName="SWCMACBOOKWIN7" duration="00:00:00.0026227" startTime="2014-03-17T12:52:59.9610000-06:00" endTime="2014-03-17T12:52:59.9650000-06:00" testType="13cdc9d9-ddb5-4fa4-a97d-d965ccfc6d4b" outcome="Passed" testListId="8c84fa94-04c1-424b-9868-57a2d4851a1d" relativeResultsDirectory="fc90a621-5a25-488f-91eb-96e846b7630b">
    </UnitTestResult>
    <UnitTestResult executionId="cb467afc-c440-4d06-9c12-759c962e1a11" testId="63ed64ee-6209-0958-7de8-d968e87d1d45" testName="GameConfiguration_CheckProperties" computerName="SWCMACBOOKWIN7" duration="00:00:00.0009823" startTime="2014-03-17T12:52:59.9680000-06:00" endTime="2014-03-17T12:52:59.9720000-06:00" testType="13cdc9d9-ddb5-4fa4-a97d-d965ccfc6d4b" outcome="Passed" testListId="8c84fa94-04c1-424b-9868-57a2d4851a1d" relativeResultsDirectory="cb467afc-c440-4d06-9c12-759c962e1a11">
    </UnitTestResult>
    <UnitTestResult executionId="9f8e67d7-0827-4b3b-b910-217cff72dad6" testId="663fbe27-d6e2-e0fc-db8a-f3f5ba6779a5" testName="EndPoint_CheckConstructors" computerName="SWCMACBOOKWIN7" duration="00:00:00.0003915" startTime="2014-03-17T12:52:59.9740000-06:00" endTime="2014-03-17T12:52:59.9770000-06:00" testType="13cdc9d9-ddb5-4fa4-a97d-d965ccfc6d4b" outcome="Passed" testListId="8c84fa94-04c1-424b-9868-57a2d4851a1d" relativeResultsDirectory="9f8e67d7-0827-4b3b-b910-217cff72dad6">
    </UnitTestResult>
    <UnitTestResult executionId="c7ec4f02-57ee-4e0d-a465-e93534424dae" testId="733d2fea-55c2-0731-4fe1-8c3f0f1568bf" testName="EndPoint_CheckPropertiesAndMethods" computerName="SWCMACBOOKWIN7" duration="00:00:00.0008999" startTime="2014-03-17T12:52:59.9830000-06:00" endTime="2014-03-17T12:52:59.9910000-06:00" testType="13cdc9d9-ddb5-4fa4-a97d-d965ccfc6d4b" outcome="Passed" testListId="8c84fa94-04c1-424b-9868-57a2d4851a1d" relativeResultsDirectory="c7ec4f02-57ee-4e0d-a465-e93534424dae">
    </UnitTestResult>
    <UnitTestResult executionId="b1e7ca46-0f00-4e04-ab43-aeed721cf890" testId="817e069b-b533-1822-e239-f8570024b19a" testName="AckNak_CheckEncodeDecode" computerName="SWCMACBOOKWIN7" duration="00:00:00.0098407" startTime="2014-03-17T12:52:59.9950000-06:00" endTime="2014-03-17T12:53:00.0070000-06:00" testType="13cdc9d9-ddb5-4fa4-a97d-d965ccfc6d4b" outcome="Passed" testListId="8c84fa94-04c1-424b-9868-57a2d4851a1d" relativeResultsDirectory="b1e7ca46-0f00-4e04-ab43-aeed721cf890">
    </UnitTestResult>
    <UnitTestResult executionId="b779bc0f-07f1-49e5-8d06-6dd1eea43254" testId="83971a48-5f1a-562c-bfda-6b64e477e829" testName="ComponentList_CheckEncodeAndDecode" computerName="SWCMACBOOKWIN7" duration="00:00:00.0200684" startTime="2014-03-17T12:53:00.0090000-06:00" endTime="2014-03-17T12:53:00.0320000-06:00" testType="13cdc9d9-ddb5-4fa4-a97d-d965ccfc6d4b" outcome="Failed" testListId="8c84fa94-04c1-424b-9868-57a2d4851a1d" relativeResultsDirectory="b779bc0f-07f1-49e5-8d06-6dd1eea43254">
      <Output>
        <ErrorInfo>
          <Message>Test method CommonTester.ComponentListTester.ComponentList_CheckEncodeAndDecode threw exception: 
System.ApplicationException: Invalid Class IDs</Message>
          <StackTrace>    at Common.DistributableObject.Create(ByteList bytes) in \\psf\Home\Seafile\USU\Classes\cs5200f14\Homework\InstructorSolution\BSvZP-Common\Common\DistributableObject.cs:line 77
   at Common.ByteList.GetDistributableObject() in \\psf\Home\Seafile\USU\Classes\cs5200f14\Homework\InstructorSolution\BSvZP-Common\Common\ByteList.cs:line 340
   at Common.AgentInfo.Decode(ByteList bytes) in \\psf\Home\Seafile\USU\Classes\cs5200f14\Homework\InstructorSolution\BSvZP-Common\Common\AgentInfo.cs:line 116
   at Common.AgentInfo.Create(ByteList bytes) in \\psf\Home\Seafile\USU\Classes\cs5200f14\Homework\InstructorSolution\BSvZP-Common\Common\AgentInfo.cs:line 61
   at Common.DistributableObject.Create(ByteList bytes) in \\psf\Home\Seafile\USU\Classes\cs5200f14\Homework\InstructorSolution\BSvZP-Common\Common\DistributableObject.cs:line 47
   at Common.ByteList.GetDistributableObject() in \\psf\Home\Seafile\USU\Classes\cs5200f14\Homework\InstructorSolution\BSvZP-Common\Common\ByteList.cs:line 340
   at Common.ComponentList.Decode(ByteList bytes) in \\psf\Home\Seafile\USU\Classes\cs5200f14\Homework\InstructorSolution\BSvZP-Common\Common\ComponentList.cs:line 90
   at Common.ComponentList.Create(ByteList bytes) in \\psf\Home\Seafile\USU\Classes\cs5200f14\Homework\InstructorSolution\BSvZP-Common\Common\ComponentList.cs:line 41
   at CommonTester.ComponentListTester.ComponentList_CheckEncodeAndDecode() in \\psf\Home\Seafile\USU\Classes\cs5200f14\Homework\InstructorSolution\BSvZP-Common\CommonTester\ComponentListTester.cs:line 71
</StackTrace>
        </ErrorInfo>
      </Output>
    </UnitTestResult>
    <UnitTestResult executionId="8fd184ba-9416-4883-9fe5-73b8b280cb01" testId="86c3602d-89bd-614c-0bbc-efb4c79b7da3" testName="ByteList_OtherPublicMethods" computerName="SWCMACBOOKWIN7" duration="00:00:00.0000991" startTime="2014-03-17T12:53:00.0390000-06:00" endTime="2014-03-17T12:53:00.0430000-06:00" testType="13cdc9d9-ddb5-4fa4-a97d-d965ccfc6d4b" outcome="Passed" testListId="8c84fa94-04c1-424b-9868-57a2d4851a1d" relativeResultsDirectory="8fd184ba-9416-4883-9fe5-73b8b280cb01">
    </UnitTestResult>
    <UnitTestResult executionId="c5583141-73a7-425e-801b-76803a64a414" testId="90ba25dc-448d-9b84-8883-7173c0fe93b8" testName="FieldLocation_CheckProperties" computerName="SWCMACBOOKWIN7" duration="00:00:00.0005197" startTime="2014-03-17T12:53:00.0450000-06:00" endTime="2014-03-17T12:53:00.0480000-06:00" testType="13cdc9d9-ddb5-4fa4-a97d-d965ccfc6d4b" outcome="Passed" testListId="8c84fa94-04c1-424b-9868-57a2d4851a1d" relativeResultsDirectory="c5583141-73a7-425e-801b-76803a64a414">
    </UnitTestResult>
    <UnitTestResult executionId="ceb34a91-5b81-49c9-ad6d-ead0e79d2f4e" testId="9904ba65-a649-09ff-0ef0-c2c56c4e27fc" testName="Bomb_CheckProperties" computerName="SWCMACBOOKWIN7" duration="00:00:00.0016690" startTime="2014-03-17T12:53:00.0500000-06:00" endTime="2014-03-17T12:53:00.0550000-06:00" testType="13cdc9d9-ddb5-4fa4-a97d-d965ccfc6d4b" outcome="Passed" testListId="8c84fa94-04c1-424b-9868-57a2d4851a1d" relativeResultsDirectory="ceb34a91-5b81-49c9-ad6d-ead0e79d2f4e">
    </UnitTestResult>
    <UnitTestResult executionId="795d9564-cb44-4511-a05a-4a1790fe20fd" testId="a18b2fd5-37b0-6e6a-4b4c-5ea126e1e363" testName="JoinGame_TestConstructorsAndFactories" computerName="SWCMACBOOKWIN7" duration="00:00:00.0030855" startTime="2014-03-17T12:53:00.0570000-06:00" endTime="2014-03-17T12:53:00.0640000-06:00" testType="13cdc9d9-ddb5-4fa4-a97d-d965ccfc6d4b" outcome="Passed" testListId="8c84fa94-04c1-424b-9868-57a2d4851a1d" relativeResultsDirectory="795d9564-cb44-4511-a05a-4a1790fe20fd">
    </UnitTestResult>
    <UnitTestResult executionId="ee0d438e-c748-4843-8dd9-2e247cde1831" testId="a2dff254-87db-0c1a-d212-e29ddb4c9c2a" testName="FieldLocation_CheckEncodeDecode" computerName="SWCMACBOOKWIN7" duration="00:00:00.0003376" startTime="2014-03-17T12:53:00.0660000-06:00" endTime="2014-03-17T12:53:00.0690000-06:00" testType="13cdc9d9-ddb5-4fa4-a97d-d965ccfc6d4b" outcome="Passed" testListId="8c84fa94-04c1-424b-9868-57a2d4851a1d" relativeResultsDirectory="ee0d438e-c748-4843-8dd9-2e247cde1831">
    </UnitTestResult>
    <UnitTestResult executionId="e238cf52-60f7-4d72-9d10-720173aa5d85" testId="a987a908-01f9-9386-23e7-287a5d2d2721" testName="WhiningSpinner_CheckConstructors" computerName="SWCMACBOOKWIN7" duration="00:00:00.0006063" startTime="2014-03-17T12:53:00.0710000-06:00" endTime="2014-03-17T12:53:00.0740000-06:00" testType="13cdc9d9-ddb5-4fa4-a97d-d965ccfc6d4b" outcome="Passed" testListId="8c84fa94-04c1-424b-9868-57a2d4851a1d" relativeResultsDirectory="e238cf52-60f7-4d72-9d10-720173aa5d85">
    </UnitTestResult>
    <UnitTestResult executionId="3f3091a8-b09e-440a-8137-7e8580d589fc" testId="adc509e9-affb-9f01-6b95-6ee65c98cc92" testName="WhiningSpinner_CheckEncodeAndDecode" computerName="SWCMACBOOKWIN7" duration="00:00:00.0016391" startTime="2014-03-17T12:53:00.0760000-06:00" endTime="2014-03-17T12:53:00.0800000-06:00" testType="13cdc9d9-ddb5-4fa4-a97d-d965ccfc6d4b" outcome="Passed" testListId="8c84fa94-04c1-424b-9868-57a2d4851a1d" relativeResultsDirectory="3f3091a8-b09e-440a-8137-7e8580d589fc">
    </UnitTestResult>
    <UnitTestResult executionId="97657083-ff1a-4309-ac04-96d63752aa7f" testId="ae084a0c-31eb-5c20-b099-0846b8b538da" testName="JoinGame_EncodingAndDecoding" computerName="SWCMACBOOKWIN7" duration="00:00:00.0004471" startTime="2014-03-17T12:53:00.0820000-06:00" endTime="2014-03-17T12:53:00.0850000-06:00" testType="13cdc9d9-ddb5-4fa4-a97d-d965ccfc6d4b" outcome="Passed" testListId="8c84fa94-04c1-424b-9868-57a2d4851a1d" relativeResultsDirectory="97657083-ff1a-4309-ac04-96d63752aa7f">
    </UnitTestResult>
    <UnitTestResult executionId="0549a91e-6c1f-488e-b7c8-406b36bc27ff" testId="afd310cb-a782-bc2d-cdd4-0a91a0a340d8" testName="PlayingFieldLayout_CheckConstructors" computerName="SWCMACBOOKWIN7" duration="00:00:00.0002042" startTime="2014-03-17T12:53:00.0870000-06:00" endTime="2014-03-17T12:53:00.0890000-06:00" testType="13cdc9d9-ddb5-4fa4-a97d-d965ccfc6d4b" outcome="Passed" testListId="8c84fa94-04c1-424b-9868-57a2d4851a1d" relativeResultsDirectory="0549a91e-6c1f-488e-b7c8-406b36bc27ff">
    </UnitTestResult>
    <UnitTestResult executionId="f9c65291-3606-497b-9315-338de04be199" testId="b719406f-6c30-5234-e237-f3d1a5baaeb0" testName="AgentInfo_CheckConstructors" computerName="SWCMACBOOKWIN7" duration="00:00:00.0006559" startTime="2014-03-17T12:53:00.0950000-06:00" endTime="2014-03-17T12:53:00.0980000-06:00" testType="13cdc9d9-ddb5-4fa4-a97d-d965ccfc6d4b" outcome="Passed" testListId="8c84fa94-04c1-424b-9868-57a2d4851a1d" relativeResultsDirectory="f9c65291-3606-497b-9315-338de04be199">
    </UnitTestResult>
    <UnitTestResult executionId="2ee43787-075d-456d-b192-ef525ab433d1" testId="bed40777-36e8-1a5f-572d-4860c464f507" testName="GameInfo_TestEverything" computerName="SWCMACBOOKWIN7" duration="00:00:00.0026018" startTime="2014-03-17T12:53:00.0990000-06:00" endTime="2014-03-17T12:53:00.1060000-06:00" testType="13cdc9d9-ddb5-4fa4-a97d-d965ccfc6d4b" outcome="Passed" testListId="8c84fa94-04c1-424b-9868-57a2d4851a1d" relativeResultsDirectory="2ee43787-075d-456d-b192-ef525ab433d1">
    </UnitTestResult>
    <UnitTestResult executionId="e48d895d-0ec1-4c7a-b6ff-ae889b618344" testId="beeb5250-9c43-aa48-8cec-fcd77363fd3e" testName="ComponentList_CheckProperties" computerName="SWCMACBOOKWIN7" duration="00:00:00.0003813" startTime="2014-03-17T12:53:00.1070000-06:00" endTime="2014-03-17T12:53:00.1100000-06:00" testType="13cdc9d9-ddb5-4fa4-a97d-d965ccfc6d4b" outcome="Passed" testListId="8c84fa94-04c1-424b-9868-57a2d4851a1d" relativeResultsDirectory="e48d895d-0ec1-4c7a-b6ff-ae889b618344">
    </UnitTestResult>
    <UnitTestResult executionId="bb7df289-94c2-48ed-a8f1-f8cde0d6dbbd" testId="c1669bf6-729e-d796-c7d9-f9b5c8ff2007" testName="Excuse_CheckProperties" computerName="SWCMACBOOKWIN7" duration="00:00:00.0006518" startTime="2014-03-17T12:53:00.1120000-06:00" endTime="2014-03-17T12:53:00.1150000-06:00" testType="13cdc9d9-ddb5-4fa4-a97d-d965ccfc6d4b" outcome="Passed" testListId="8c84fa94-04c1-424b-9868-57a2d4851a1d" relativeResultsDirectory="bb7df289-94c2-48ed-a8f1-f8cde0d6dbbd">
    </UnitTestResult>
    <UnitTestResult executionId="b2e1bd2f-fc51-41f6-91fe-88bad7fe0096" testId="c40c928e-c2ab-8b88-578e-d7b35f81b083" testName="Bomb_CheckConstructors" computerName="SWCMACBOOKWIN7" duration="00:00:00.0005419" startTime="2014-03-17T12:53:00.1170000-06:00" endTime="2014-03-17T12:53:00.1210000-06:00" testType="13cdc9d9-ddb5-4fa4-a97d-d965ccfc6d4b" outcome="Passed" testListId="8c84fa94-04c1-424b-9868-57a2d4851a1d" relativeResultsDirectory="b2e1bd2f-fc51-41f6-91fe-88bad7fe0096">
    </UnitTestResult>
    <UnitTestResult executionId="179c35fb-7d5e-4640-9870-7596ca6dbcb5" testId="cbafd4a2-ae21-bce8-59ea-f0278726e860" testName="TickTester_CheckProperties" computerName="SWCMACBOOKWIN7" duration="00:00:00.0001979" startTime="2014-03-17T12:53:00.1230000-06:00" endTime="2014-03-17T12:53:00.1260000-06:00" testType="13cdc9d9-ddb5-4fa4-a97d-d965ccfc6d4b" outcome="Passed" testListId="8c84fa94-04c1-424b-9868-57a2d4851a1d" relativeResultsDirectory="179c35fb-7d5e-4640-9870-7596ca6dbcb5">
    </UnitTestResult>
    <UnitTestResult executionId="2564172e-ada6-419a-8b3d-5a530f91965f" testId="cfac802b-3c1b-a198-432f-c77278e8ca81" testName="ByteList_GetMethods" computerName="SWCMACBOOKWIN7" duration="00:00:00.0000833" startTime="2014-03-17T12:53:00.1280000-06:00" endTime="2014-03-17T12:53:00.1300000-06:00" testType="13cdc9d9-ddb5-4fa4-a97d-d965ccfc6d4b" outcome="Passed" testListId="8c84fa94-04c1-424b-9868-57a2d4851a1d" relativeResultsDirectory="2564172e-ada6-419a-8b3d-5a530f91965f">
    </UnitTestResult>
    <UnitTestResult executionId="eb8e6b59-dcc3-478a-b0d8-eb760489b619" testId="d004ffc2-a7fb-16d7-64d4-41782226b827" testName="AgentInfo_CheckProperties" computerName="SWCMACBOOKWIN7" duration="00:00:00.0025749" startTime="2014-03-17T12:53:00.1320000-06:00" endTime="2014-03-17T12:53:00.1370000-06:00" testType="13cdc9d9-ddb5-4fa4-a97d-d965ccfc6d4b" outcome="Failed" testListId="8c84fa94-04c1-424b-9868-57a2d4851a1d" relativeResultsDirectory="eb8e6b59-dcc3-478a-b0d8-eb760489b619">
      <Output>
        <ErrorInfo>
          <Message>Assert.AreEqual failed. Expected:&lt;A000234&gt;. Actual:&lt;A012345&gt;. </Message>
          <StackTrace>   at CommonTester.AgentInfoTester.AgentInfo_CheckProperties() in \\psf\Home\Seafile\USU\Classes\cs5200f14\Homework\InstructorSolution\BSvZP-Common\CommonTester\AgentInfoTester.cs:line 51
</StackTrace>
        </ErrorInfo>
      </Output>
    </UnitTestResult>
    <UnitTestResult executionId="2669125c-3d53-4ea3-8c9b-a430a0eb51be" testId="d0e63026-bde2-5483-a0a6-1e0d01a2dac2" testName="WhiningSpinner_CheckProperties" computerName="SWCMACBOOKWIN7" duration="00:00:00.0004948" startTime="2014-03-17T12:53:00.1410000-06:00" endTime="2014-03-17T12:53:00.1450000-06:00" testType="13cdc9d9-ddb5-4fa4-a97d-d965ccfc6d4b" outcome="Passed" testListId="8c84fa94-04c1-424b-9868-57a2d4851a1d" relativeResultsDirectory="2669125c-3d53-4ea3-8c9b-a430a0eb51be">
    </UnitTestResult>
    <UnitTestResult executionId="4265bef5-955b-4480-b30c-e08623cfbc99" testId="d6375a5d-a98c-9cb0-66a2-ad7be1e40c67" testName="ByteList_IndexOperator" computerName="SWCMACBOOKWIN7" duration="00:00:00.0013365" startTime="2014-03-17T12:53:00.1470000-06:00" endTime="2014-03-17T12:53:00.1500000-06:00" testType="13cdc9d9-ddb5-4fa4-a97d-d965ccfc6d4b" outcome="Passed" testListId="8c84fa94-04c1-424b-9868-57a2d4851a1d" relativeResultsDirectory="4265bef5-955b-4480-b30c-e08623cfbc99">
    </UnitTestResult>
    <UnitTestResult executionId="e81fdbae-4b6b-4b34-8caf-eb65a0d39581" testId="d6a120d8-083b-ca56-9c06-19e373b8321f" testName="ByteList_TestConstuctors" computerName="SWCMACBOOKWIN7" duration="00:00:00.0006529" startTime="2014-03-17T12:53:00.1520000-06:00" endTime="2014-03-17T12:53:00.1550000-06:00" testType="13cdc9d9-ddb5-4fa4-a97d-d965ccfc6d4b" outcome="Passed" testListId="8c84fa94-04c1-424b-9868-57a2d4851a1d" relativeResultsDirectory="e81fdbae-4b6b-4b34-8caf-eb65a0d39581">
    </UnitTestResult>
    <UnitTestResult executionId="4dd73d34-82ed-44d7-93a9-19e152a4ffb9" testId="d7721e2b-d839-f8ea-3513-be426faed8ef" testName="Excuse_CheckConstructors" computerName="SWCMACBOOKWIN7" duration="00:00:00.0004608" startTime="2014-03-17T12:53:00.1570000-06:00" endTime="2014-03-17T12:53:00.1600000-06:00" testType="13cdc9d9-ddb5-4fa4-a97d-d965ccfc6d4b" outcome="Passed" testListId="8c84fa94-04c1-424b-9868-57a2d4851a1d" relativeResultsDirectory="4dd73d34-82ed-44d7-93a9-19e152a4ffb9">
    </UnitTestResult>
    <UnitTestResult executionId="2246849f-94f1-4292-9bab-5882177799ff" testId="d7dddf5a-bb0d-6bd1-cbdd-40ea5a1d7ae6" testName="StatusInfo_CheckProperties" computerName="SWCMACBOOKWIN7" duration="00:00:00.0004066" startTime="2014-03-17T12:53:00.1620000-06:00" endTime="2014-03-17T12:53:00.1660000-06:00" testType="13cdc9d9-ddb5-4fa4-a97d-d965ccfc6d4b" outcome="Passed" testListId="8c84fa94-04c1-424b-9868-57a2d4851a1d" relativeResultsDirectory="2246849f-94f1-4292-9bab-5882177799ff">
    </UnitTestResult>
    <UnitTestResult executionId="c7f1b2f6-7f90-44f5-ba55-eae5988aee16" testId="e1ecfc94-2f7f-bdaf-64db-951e119da34c" testName="AckNak_CheckConstructorsAndFactories" computerName="SWCMACBOOKWIN7" duration="00:00:00.0016965" startTime="2014-03-17T12:53:00.1680000-06:00" endTime="2014-03-17T12:53:00.1770000-06:00" testType="13cdc9d9-ddb5-4fa4-a97d-d965ccfc6d4b" outcome="Passed" testListId="8c84fa94-04c1-424b-9868-57a2d4851a1d" relativeResultsDirectory="c7f1b2f6-7f90-44f5-ba55-eae5988aee16">
    </UnitTestResult>
    <UnitTestResult executionId="23c2b7ae-0f6c-400d-aa2c-318b46680ff8" testId="e57f470c-5af0-0d55-6cfd-5233256e7a58" testName="AckNak_CheckProperties" computerName="SWCMACBOOKWIN7" duration="00:00:00.0003717" startTime="2014-03-17T12:53:00.1790000-06:00" endTime="2014-03-17T12:53:00.1820000-06:00" testType="13cdc9d9-ddb5-4fa4-a97d-d965ccfc6d4b" outcome="Passed" testListId="8c84fa94-04c1-424b-9868-57a2d4851a1d" relativeResultsDirectory="23c2b7ae-0f6c-400d-aa2c-318b46680ff8">
    </UnitTestResult>
    <UnitTestResult executionId="12487647-5d69-40f1-9600-63242a835996" testId="e7dc0839-3e08-ca22-1bcf-28b384668706" testName="StatusInfo_CheckConstructors" computerName="SWCMACBOOKWIN7" duration="00:00:00.0003054" startTime="2014-03-17T12:53:00.1840000-06:00" endTime="2014-03-17T12:53:00.1870000-06:00" testType="13cdc9d9-ddb5-4fa4-a97d-d965ccfc6d4b" outcome="Passed" testListId="8c84fa94-04c1-424b-9868-57a2d4851a1d" relativeResultsDirectory="12487647-5d69-40f1-9600-63242a835996">
    </UnitTestResult>
    <UnitTestResult executionId="16635d08-e726-45b4-a7e9-182b2859e7f5" testId="eaad3cd9-fd8f-295f-72bd-25c259084926" testName="Bomb_CheckEncodeAndDecode" computerName="SWCMACBOOKWIN7" duration="00:00:00.0022420" startTime="2014-03-17T12:53:00.1890000-06:00" endTime="2014-03-17T12:53:00.1930000-06:00" testType="13cdc9d9-ddb5-4fa4-a97d-d965ccfc6d4b" outcome="Passed" testListId="8c84fa94-04c1-424b-9868-57a2d4851a1d" relativeResultsDirectory="16635d08-e726-45b4-a7e9-182b2859e7f5">
    </UnitTestResult>
    <UnitTestResult executionId="bd8a2dad-93b7-4b1a-84fa-7b37ac0e7188" testId="eaba3772-7490-203e-d483-62bb0c779f54" testName="TickTester_CheckOtherMethods" computerName="SWCMACBOOKWIN7" duration="00:00:00.0003556" startTime="2014-03-17T12:53:00.1960000-06:00" endTime="2014-03-17T12:53:00.1990000-06:00" testType="13cdc9d9-ddb5-4fa4-a97d-d965ccfc6d4b" outcome="Passed" testListId="8c84fa94-04c1-424b-9868-57a2d4851a1d" relativeResultsDirectory="bd8a2dad-93b7-4b1a-84fa-7b37ac0e7188">
    </UnitTestResult>
    <UnitTestResult executionId="8e75661d-2428-499d-b542-d505ee6f2913" testId="ee09e89e-c9b7-1b79-838a-49d7d7834303" testName="FieldLocation_CheckContructors" computerName="SWCMACBOOKWIN7" duration="00:00:00.0006184" startTime="2014-03-17T12:53:00.2010000-06:00" endTime="2014-03-17T12:53:00.2050000-06:00" testType="13cdc9d9-ddb5-4fa4-a97d-d965ccfc6d4b" outcome="Passed" testListId="8c84fa94-04c1-424b-9868-57a2d4851a1d" relativeResultsDirectory="8e75661d-2428-499d-b542-d505ee6f2913">
    </UnitTestResult>
    <UnitTestResult executionId="4d8b6b1b-3b51-417e-98d2-b7334bfffd0e" testId="ee180b0c-7542-d07d-8952-4dbe1fcee3f4" testName="GameConfiguration_CheckEncodeAndDecode" computerName="SWCMACBOOKWIN7" duration="00:00:00.0025595" startTime="2014-03-17T12:53:00.2070000-06:00" endTime="2014-03-17T12:53:00.2120000-06:00" testType="13cdc9d9-ddb5-4fa4-a97d-d965ccfc6d4b" outcome="Passed" testListId="8c84fa94-04c1-424b-9868-57a2d4851a1d" relativeResultsDirectory="4d8b6b1b-3b51-417e-98d2-b7334bfffd0e">
    </UnitTestResult>
    <UnitTestResult executionId="3236519f-2505-443b-a4ef-e5e0d787ff90" testId="eec3d1a0-bdb1-2f1e-d1b3-e4c125c7a7c7" testName="AgentInfo_CheckEncodeAndDecode" computerName="SWCMACBOOKWIN7" duration="00:00:00.0006673" startTime="2014-03-17T12:53:00.2140000-06:00" endTime="2014-03-17T12:53:00.2170000-06:00" testType="13cdc9d9-ddb5-4fa4-a97d-d965ccfc6d4b" outcome="Passed" testListId="8c84fa94-04c1-424b-9868-57a2d4851a1d" relativeResultsDirectory="3236519f-2505-443b-a4ef-e5e0d787ff90">
    </UnitTestResult>
    <UnitTestResult executionId="8fb801a4-7fb9-4500-adf0-84ab70c2fd91" testId="f1cd31e1-cb34-03fd-04c1-58f580f316d5" testName="ComponentList_CheckConstructors" computerName="SWCMACBOOKWIN7" duration="00:00:00.0001912" startTime="2014-03-17T12:53:00.2190000-06:00" endTime="2014-03-17T12:53:00.2210000-06:00" testType="13cdc9d9-ddb5-4fa4-a97d-d965ccfc6d4b" outcome="Passed" testListId="8c84fa94-04c1-424b-9868-57a2d4851a1d" relativeResultsDirectory="8fb801a4-7fb9-4500-adf0-84ab70c2fd91">
    </UnitTestResult>
    <UnitTestResult executionId="ae59ec71-6a15-43d1-bcbb-681136f70f27" testId="f84a9ebc-fda5-bcb9-1c69-429549673faf" testName="Excuse_CheckEncodeAndDecode" computerName="SWCMACBOOKWIN7" duration="00:00:00.0010024" startTime="2014-03-17T12:53:00.2230000-06:00" endTime="2014-03-17T12:53:00.2270000-06:00" testType="13cdc9d9-ddb5-4fa4-a97d-d965ccfc6d4b" outcome="Passed" testListId="8c84fa94-04c1-424b-9868-57a2d4851a1d" relativeResultsDirectory="ae59ec71-6a15-43d1-bcbb-681136f70f27">
    </UnitTestResult>
  </Results>
</TestRun>