<?xml version="1.0" encoding="UTF-8"?>
<TestRun id="ee531c6f-12ee-4327-a07c-eaa478609685" name="swc@SWCMACBOOKWIN7 2014-03-17 12:46:49" runUser="SWCMACBOOKWIN7\swc" xmlns="http://microsoft.com/schemas/VisualStudio/TeamTest/2010">
  <TestSettings name="Default Test Settings" id="b7ed1a9c-9036-49b0-8c70-1c976343f034">
    <Deployment runDeploymentRoot="swc_SWCMACBOOKWIN7 2014-03-17 12_46_49">
      <DeploymentItem filename="\\psf\Home\Seafile\USU\Classes\cs5200f14\Homework\InstructorSolution\BSvZP-Common\Common\bin\Debug\Common.dll" />
      <DeploymentItem filename="\\psf\Home\Seafile\USU\Classes\cs5200f14\Homework\InstructorSolution\BSvZP-Common\Messages\bin\Debug\Messages.dll" />
    </Deployment>
    <Execution>
      <TestTypeSpecific />
      <AgentRule name="Execution Agents">
      </AgentRule>
    </Execution>
  </TestSettings>
  <Times creation="2014-03-17T12:46:49.2132000-06:00" queuing="2014-03-17T12:46:49.8060000-06:00" start="2014-03-17T12:46:49.8528000-06:00" finish="2014-03-17T12:46:50.9136000-06:00" />
  <ResultSummary outcome="Failed">
    <Counters total="46" executed="46" passed="42" error="0" failed="4" timeout="0" aborted="0" inconclusive="0" passedButRunAborted="0" notRunnable="0" notExecuted="0" disconnected="0" warning="0" completed="0" inProgress="0" pending="0" />
  </ResultSummary>
  <TestDefinitions>
    <UnitTest name="WhiningSpinner_CheckEncodeAndDecode" storage="\\psf\home\seafile\usu\classes\cs5200f14\homework\instructorsolution\bsvzp-common\commontester\bin\debug\commontester.dll" id="adc509e9-affb-9f01-6b95-6ee65c98cc92">
      <Execution id="4b3d4a27-8126-42c4-b6e1-f6084d1b5cc6" />
      <TestMethod codeBase="file://psf/Home/Seafile/USU/Classes/cs5200f14/Homework/InstructorSolution/BSvZP-Common/CommonTester/bin/Debug/CommonTester.DLL" adapterTypeName="Microsoft.VisualStudio.TestTools.TestTypes.Unit.UnitTestAdapter, Microsoft.VisualStudio.QualityTools.Tips.UnitTest.Adapter, Version=10.0.0.0, Culture=neutral, PublicKeyToken=b03f5f7f11d50a3a" className="CommonTester.WhiningSpinnerTester, CommonTester, Version=1.0.0.0, Culture=neutral, PublicKeyToken=null" name="WhiningSpinner_CheckEncodeAndDecode" />
    </UnitTest>
    <UnitTest name="AgentInfo_CheckConstructors" storage="\\psf\home\seafile\usu\classes\cs5200f14\homework\instructorsolution\bsvzp-common\commontester\bin\debug\commontester.dll" id="b719406f-6c30-5234-e237-f3d1a5baaeb0">
      <Execution id="df065589-767d-434c-a659-ebb05e1a7acd" />
      <TestMethod codeBase="file://psf/Home/Seafile/USU/Classes/cs5200f14/Homework/InstructorSolution/BSvZP-Common/CommonTester/bin/Debug/CommonTester.DLL" adapterTypeName="Microsoft.VisualStudio.TestTools.TestTypes.Unit.UnitTestAdapter, Microsoft.VisualStudio.QualityTools.Tips.UnitTest.Adapter, Version=10.0.0.0, Culture=neutral, PublicKeyToken=b03f5f7f11d50a3a" className="CommonTester.AgentInfoTester, CommonTester, Version=1.0.0.0, Culture=neutral, PublicKeyToken=null" name="AgentInfo_CheckConstructors" />
    </UnitTest>
    <UnitTest name="JoinGame_TestConstructorsAndFactories" storage="\\psf\home\seafile\usu\classes\cs5200f14\homework\instructorsolution\bsvzp-common\messagestester\bin\debug\messagestester.dll" id="a18b2fd5-37b0-6e6a-4b4c-5ea126e1e363">
      <Execution id="ebfe7d3e-5b6b-448c-97ac-5ef4cfc1acbf" />
      <TestMethod codeBase="file://psf/Home/Seafile/USU/Classes/cs5200f14/Homework/InstructorSolution/BSvZP-Common/MessagesTester/bin/Debug/MessagesTester.DLL" adapterTypeName="Microsoft.VisualStudio.TestTools.TestTypes.Unit.UnitTestAdapter, Microsoft.VisualStudio.QualityTools.Tips.UnitTest.Adapter, Version=10.0.0.0, Culture=neutral, PublicKeyToken=b03f5f7f11d50a3a" className="MessagesTester.JoinGameTester, MessagesTester, Version=1.0.0.0, Culture=neutral, PublicKeyToken=null" name="JoinGame_TestConstructorsAndFactories" />
    </UnitTest>
    <UnitTest name="AgentInfo_CheckProperties" storage="\\psf\home\seafile\usu\classes\cs5200f14\homework\instructorsolution\bsvzp-common\commontester\bin\debug\commontester.dll" id="d004ffc2-a7fb-16d7-64d4-41782226b827">
      <Execution id="2f4b3384-473a-47dd-8ecf-fff68402d40a" />
      <TestMethod codeBase="file://psf/Home/Seafile/USU/Classes/cs5200f14/Homework/InstructorSolution/BSvZP-Common/CommonTester/bin/Debug/CommonTester.DLL" adapterTypeName="Microsoft.VisualStudio.TestTools.TestTypes.Unit.UnitTestAdapter, Microsoft.VisualStudio.QualityTools.Tips.UnitTest.Adapter, Version=10.0.0.0, Culture=neutral, PublicKeyToken=b03f5f7f11d50a3a" className="CommonTester.AgentInfoTester, CommonTester, Version=1.0.0.0, Culture=neutral, PublicKeyToken=null" name="AgentInfo_CheckProperties" />
    </UnitTest>
    <UnitTest name="TickTester_CheckOtherMethods" storage="\\psf\home\seafile\usu\classes\cs5200f14\homework\instructorsolution\bsvzp-common\commontester\bin\debug\commontester.dll" id="eaba3772-7490-203e-d483-62bb0c779f54">
      <Execution id="028c3152-e52c-4b5e-bac7-832a7a27e118" />
      <TestMethod codeBase="file://psf/Home/Seafile/USU/Classes/cs5200f14/Homework/InstructorSolution/BSvZP-Common/CommonTester/bin/Debug/CommonTester.DLL" adapterTypeName="Microsoft.VisualStudio.TestTools.TestTypes.Unit.UnitTestAdapter, Microsoft.VisualStudio.QualityTools.Tips.UnitTest.Adapter, Version=10.0.0.0, Culture=neutral, PublicKeyToken=b03f5f7f11d50a3a" className="CommonTester.TickTester, CommonTester, Version=1.0.0.0, Culture=neutral, PublicKeyToken=null" name="TickTester_CheckOtherMethods" />
    </UnitTest>
    <UnitTest name="Excuse_CheckEncodeAndDecode" storage="\\psf\home\seafile\usu\classes\cs5200f14\homework\instructorsolution\bsvzp-common\commontester\bin\debug\commontester.dll" id="f84a9ebc-fda5-bcb9-1c69-429549673faf">
      <Execution id="b9a01c5e-fdd7-4546-a72a-7832a5fa4453" />
      <TestMethod codeBase="file://psf/Home/Seafile/USU/Classes/cs5200f14/Homework/InstructorSolution/BSvZP-Common/CommonTester/bin/Debug/CommonTester.DLL" adapterTypeName="Microsoft.VisualStudio.TestTools.TestTypes.Unit.UnitTestAdapter, Microsoft.VisualStudio.QualityTools.Tips.UnitTest.Adapter, Version=10.0.0.0, Culture=neutral, PublicKeyToken=b03f5f7f11d50a3a" className="CommonTester.ExcuseTester, CommonTester, Version=1.0.0.0, Culture=neutral, PublicKeyToken=null" name="Excuse_CheckEncodeAndDecode" />
    </UnitTest>
    <UnitTest name="ByteList_WriteAndAddMethods" storage="\\psf\home\seafile\usu\classes\cs5200f14\homework\instructorsolution\bsvzp-common\commontester\bin\debug\commontester.dll" id="4d9613ef-edcc-fbbe-37ff-ef27d7e93fda">
      <Execution id="fe1ebc20-38f0-417e-898e-d096343da103" />
      <TestMethod codeBase="file://psf/Home/Seafile/USU/Classes/cs5200f14/Homework/InstructorSolution/BSvZP-Common/CommonTester/bin/Debug/CommonTester.DLL" adapterTypeName="Microsoft.VisualStudio.TestTools.TestTypes.Unit.UnitTestAdapter, Microsoft.VisualStudio.QualityTools.Tips.UnitTest.Adapter, Version=10.0.0.0, Culture=neutral, PublicKeyToken=b03f5f7f11d50a3a" className="CommonTester.ByteListTester, CommonTester, Version=1.0.0.0, Culture=neutral, PublicKeyToken=null" name="ByteList_WriteAndAddMethods" />
    </UnitTest>
    <UnitTest name="AckNak_CheckEncodeDecode" storage="\\psf\home\seafile\usu\classes\cs5200f14\homework\instructorsolution\bsvzp-common\messagestester\bin\debug\messagestester.dll" id="817e069b-b533-1822-e239-f8570024b19a">
      <Execution id="cb16e769-919d-4489-aca3-a61871df0309" />
      <TestMethod codeBase="file://psf/Home/Seafile/USU/Classes/cs5200f14/Homework/InstructorSolution/BSvZP-Common/MessagesTester/bin/Debug/MessagesTester.DLL" adapterTypeName="Microsoft.VisualStudio.TestTools.TestTypes.Unit.UnitTestAdapter, Microsoft.VisualStudio.QualityTools.Tips.UnitTest.Adapter, Version=10.0.0.0, Culture=neutral, PublicKeyToken=b03f5f7f11d50a3a" className="MessagesTester.AckNakTester, MessagesTester, Version=1.0.0.0, Culture=neutral, PublicKeyToken=null" name="AckNak_CheckEncodeDecode" />
    </UnitTest>
    <UnitTest name="Bomb_CheckEncodeAndDecode" storage="\\psf\home\seafile\usu\classes\cs5200f14\homework\instructorsolution\bsvzp-common\commontester\bin\debug\commontester.dll" id="eaad3cd9-fd8f-295f-72bd-25c259084926">
      <Execution id="06dd46ee-ffcb-4556-8cac-baa615368885" />
      <TestMethod codeBase="file://psf/Home/Seafile/USU/Classes/cs5200f14/Homework/InstructorSolution/BSvZP-Common/CommonTester/bin/Debug/CommonTester.DLL" adapterTypeName="Microsoft.VisualStudio.TestTools.TestTypes.Unit.UnitTestAdapter, Microsoft.VisualStudio.QualityTools.Tips.UnitTest.Adapter, Version=10.0.0.0, Culture=neutral, PublicKeyToken=b03f5f7f11d50a3a" className="CommonTester.BombTester, CommonTester, Version=1.0.0.0, Culture=neutral, PublicKeyToken=null" name="Bomb_CheckEncodeAndDecode" />
    </UnitTest>
    <UnitTest name="ByteList_GetMethods" storage="\\psf\home\seafile\usu\classes\cs5200f14\homework\instructorsolution\bsvzp-common\commontester\bin\debug\commontester.dll" id="cfac802b-3c1b-a198-432f-c77278e8ca81">
      <Execution id="74234f17-22e3-41d2-8763-0cadc9938a3b" />
      <TestMethod codeBase="file://psf/Home/Seafile/USU/Classes/cs5200f14/Homework/InstructorSolution/BSvZP-Common/CommonTester/bin/Debug/CommonTester.DLL" adapterTypeName="Microsoft.VisualStudio.TestTools.TestTypes.Unit.UnitTestAdapter, Microsoft.VisualStudio.QualityTools.Tips.UnitTest.Adapter, Version=10.0.0.0, Culture=neutral, PublicKeyToken=b03f5f7f11d50a3a" className="CommonTester.ByteListTester, CommonTester, Version=1.0.0.0, Culture=neutral, PublicKeyToken=null" name="ByteList_GetMethods" />
    </UnitTest>
    <UnitTest name="EndPoint_CheckPropertiesAndMethods" storage="\\psf\home\seafile\usu\classes\cs5200f14\homework\instructorsolution\bsvzp-common\commontester\bin\debug\commontester.dll" id="733d2fea-55c2-0731-4fe1-8c3f0f1568bf">
      <Execution id="b5dec583-ceb6-478a-b207-b5fa62f75695" />
      <TestMethod codeBase="file://psf/Home/Seafile/USU/Classes/cs5200f14/Homework/InstructorSolution/BSvZP-Common/CommonTester/bin/Debug/CommonTester.DLL" adapterTypeName="Microsoft.VisualStudio.TestTools.TestTypes.Unit.UnitTestAdapter, Microsoft.VisualStudio.QualityTools.Tips.UnitTest.Adapter, Version=10.0.0.0, Culture=neutral, PublicKeyToken=b03f5f7f11d50a3a" className="CommonTester.EndPointTester, CommonTester, Version=1.0.0.0, Culture=neutral, PublicKeyToken=null" name="EndPoint_CheckPropertiesAndMethods" />
    </UnitTest>
    <UnitTest name="StatusInfo_CheckProperties" storage="\\psf\home\seafile\usu\classes\cs5200f14\homework\instructorsolution\bsvzp-common\commontester\bin\debug\commontester.dll" id="d7dddf5a-bb0d-6bd1-cbdd-40ea5a1d7ae6">
      <Execution id="d72d69ac-2d56-4474-9430-a08e161ed10a" />
      <TestMethod codeBase="file://psf/Home/Seafile/USU/Classes/cs5200f14/Homework/InstructorSolution/BSvZP-Common/CommonTester/bin/Debug/CommonTester.DLL" adapterTypeName="Microsoft.VisualStudio.TestTools.TestTypes.Unit.UnitTestAdapter, Microsoft.VisualStudio.QualityTools.Tips.UnitTest.Adapter, Version=10.0.0.0, Culture=neutral, PublicKeyToken=b03f5f7f11d50a3a" className="CommonTester.StatusInfoTester, CommonTester, Version=1.0.0.0, Culture=neutral, PublicKeyToken=null" name="StatusInfo_CheckProperties" />
    </UnitTest>
    <UnitTest name="JoinGame_EncodingAndDecoding" storage="\\psf\home\seafile\usu\classes\cs5200f14\homework\instructorsolution\bsvzp-common\messagestester\bin\debug\messagestester.dll" id="ae084a0c-31eb-5c20-b099-0846b8b538da">
      <Execution id="e07e5bd1-9a59-4c36-b21e-57826cfe3c71" />
      <TestMethod codeBase="file://psf/Home/Seafile/USU/Classes/cs5200f14/Homework/InstructorSolution/BSvZP-Common/MessagesTester/bin/Debug/MessagesTester.DLL" adapterTypeName="Microsoft.VisualStudio.TestTools.TestTypes.Unit.UnitTestAdapter, Microsoft.VisualStudio.QualityTools.Tips.UnitTest.Adapter, Version=10.0.0.0, Culture=neutral, PublicKeyToken=b03f5f7f11d50a3a" className="MessagesTester.JoinGameTester, MessagesTester, Version=1.0.0.0, Culture=neutral, PublicKeyToken=null" name="JoinGame_EncodingAndDecoding" />
    </UnitTest>
    <UnitTest name="ByteList_OtherPublicMethods" storage="\\psf\home\seafile\usu\classes\cs5200f14\homework\instructorsolution\bsvzp-common\commontester\bin\debug\commontester.dll" id="86c3602d-89bd-614c-0bbc-efb4c79b7da3">
      <Execution id="89f7369f-b455-42f6-aa69-643facda0266" />
      <TestMethod codeBase="file://psf/Home/Seafile/USU/Classes/cs5200f14/Homework/InstructorSolution/BSvZP-Common/CommonTester/bin/Debug/CommonTester.DLL" adapterTypeName="Microsoft.VisualStudio.TestTools.TestTypes.Unit.UnitTestAdapter, Microsoft.VisualStudio.QualityTools.Tips.UnitTest.Adapter, Version=10.0.0.0, Culture=neutral, PublicKeyToken=b03f5f7f11d50a3a" className="CommonTester.ByteListTester, CommonTester, Version=1.0.0.0, Culture=neutral, PublicKeyToken=null" name="ByteList_OtherPublicMethods" />
    </UnitTest>
    <UnitTest name="PlayingFieldLayout_CheckConstructors" storage="\\psf\home\seafile\usu\classes\cs5200f14\homework\instructorsolution\bsvzp-common\commontester\bin\debug\commontester.dll" id="afd310cb-a782-bc2d-cdd4-0a91a0a340d8">
      <Execution id="1ede9625-d2fb-443d-9ed0-c2c49b928390" />
      <TestMethod codeBase="file://psf/Home/Seafile/USU/Classes/cs5200f14/Homework/InstructorSolution/BSvZP-Common/CommonTester/bin/Debug/CommonTester.DLL" adapterTypeName="Microsoft.VisualStudio.TestTools.TestTypes.Unit.UnitTestAdapter, Microsoft.VisualStudio.QualityTools.Tips.UnitTest.Adapter, Version=10.0.0.0, Culture=neutral, PublicKeyToken=b03f5f7f11d50a3a" className="CommonTester.PlayingFieldLayoutTester, CommonTester, Version=1.0.0.0, Culture=neutral, PublicKeyToken=null" name="PlayingFieldLayout_CheckConstructors" />
    </UnitTest>
    <UnitTest name="ComponentList_CheckEncodeAndDecode" storage="\\psf\home\seafile\usu\classes\cs5200f14\homework\instructorsolution\bsvzp-common\commontester\bin\debug\commontester.dll" id="83971a48-5f1a-562c-bfda-6b64e477e829">
      <Execution id="39b88c8b-5c8f-4590-9d79-39f5e2773f93" />
      <TestMethod codeBase="file://psf/Home/Seafile/USU/Classes/cs5200f14/Homework/InstructorSolution/BSvZP-Common/CommonTester/bin/Debug/CommonTester.DLL" adapterTypeName="Microsoft.VisualStudio.TestTools.TestTypes.Unit.UnitTestAdapter, Microsoft.VisualStudio.QualityTools.Tips.UnitTest.Adapter, Version=10.0.0.0, Culture=neutral, PublicKeyToken=b03f5f7f11d50a3a" className="CommonTester.ComponentListTester, CommonTester, Version=1.0.0.0, Culture=neutral, PublicKeyToken=null" name="ComponentList_CheckEncodeAndDecode" />
    </UnitTest>
    <UnitTest name="PlayingFieldLayout_CheckEncodeAndDecode" storage="\\psf\home\seafile\usu\classes\cs5200f14\homework\instructorsolution\bsvzp-common\commontester\bin\debug\commontester.dll" id="226bba76-e22a-47aa-054a-7d7fb626af9a">
      <Execution id="419f6149-4236-49c8-abba-fd0504f9eac4" />
      <TestMethod codeBase="file://psf/Home/Seafile/USU/Classes/cs5200f14/Homework/InstructorSolution/BSvZP-Common/CommonTester/bin/Debug/CommonTester.DLL" adapterTypeName="Microsoft.VisualStudio.TestTools.TestTypes.Unit.UnitTestAdapter, Microsoft.VisualStudio.QualityTools.Tips.UnitTest.Adapter, Version=10.0.0.0, Culture=neutral, PublicKeyToken=b03f5f7f11d50a3a" className="CommonTester.PlayingFieldLayoutTester, CommonTester, Version=1.0.0.0, Culture=neutral, PublicKeyToken=null" name="PlayingFieldLayout_CheckEncodeAndDecode" />
    </UnitTest>
    <UnitTest name="TickTester_CheckProperties" storage="\\psf\home\seafile\usu\classes\cs5200f14\homework\instructorsolution\bsvzp-common\commontester\bin\debug\commontester.dll" id="cbafd4a2-ae21-bce8-59ea-f0278726e860">
      <Execution id="ce3e7e79-1517-41cd-b5db-f013ec59d512" />
      <TestMethod codeBase="file://psf/Home/Seafile/USU/Classes/cs5200f14/Homework/InstructorSolution/BSvZP-Common/CommonTester/bin/Debug/CommonTester.DLL" adapterTypeName="Microsoft.VisualStudio.TestTools.TestTypes.Unit.UnitTestAdapter, Microsoft.VisualStudio.QualityTools.Tips.UnitTest.Adapter, Version=10.0.0.0, Culture=neutral, PublicKeyToken=b03f5f7f11d50a3a" className="CommonTester.TickTester, CommonTester, Version=1.0.0.0, Culture=neutral, PublicKeyToken=null" name="TickTester_CheckProperties" />
    </UnitTest>
    <UnitTest name="JoinGame_Properties" storage="\\psf\home\seafile\usu\classes\cs5200f14\homework\instructorsolution\bsvzp-common\messagestester\bin\debug\messagestester.dll" id="2a250804-8c18-c7c5-ba85-2ed591639168">
      <Execution id="312920e3-8db8-4140-8340-7271bed47842" />
      <TestMethod codeBase="file://psf/Home/Seafile/USU/Classes/cs5200f14/Homework/InstructorSolution/BSvZP-Common/MessagesTester/bin/Debug/MessagesTester.DLL" adapterTypeName="Microsoft.VisualStudio.TestTools.TestTypes.Unit.UnitTestAdapter, Microsoft.VisualStudio.QualityTools.Tips.UnitTest.Adapter, Version=10.0.0.0, Culture=neutral, PublicKeyToken=b03f5f7f11d50a3a" className="MessagesTester.JoinGameTester, MessagesTester, Version=1.0.0.0, Culture=neutral, PublicKeyToken=null" name="JoinGame_Properties" />
    </UnitTest>
    <UnitTest name="StatusInfo_CheckConstructors" storage="\\psf\home\seafile\usu\classes\cs5200f14\homework\instructorsolution\bsvzp-common\commontester\bin\debug\commontester.dll" id="e7dc0839-3e08-ca22-1bcf-28b384668706">
      <Execution id="d7f3dc5b-3675-484e-b93f-0bbd8258e642" />
      <TestMethod codeBase="file://psf/Home/Seafile/USU/Classes/cs5200f14/Homework/InstructorSolution/BSvZP-Common/CommonTester/bin/Debug/CommonTester.DLL" adapterTypeName="Microsoft.VisualStudio.TestTools.TestTypes.Unit.UnitTestAdapter, Microsoft.VisualStudio.QualityTools.Tips.UnitTest.Adapter, Version=10.0.0.0, Culture=neutral, PublicKeyToken=b03f5f7f11d50a3a" className="CommonTester.StatusInfoTester, CommonTester, Version=1.0.0.0, Culture=neutral, PublicKeyToken=null" name="StatusInfo_CheckConstructors" />
    </UnitTest>
    <UnitTest name="TickTester_CheckEncodeDecode" storage="\\psf\home\seafile\usu\classes\cs5200f14\homework\instructorsolution\bsvzp-common\commontester\bin\debug\commontester.dll" id="364e2c22-097c-ca5c-f8e6-b251f152eca6">
      <Execution id="99d48d7f-ec7b-47ec-a404-bc9a124e011f" />
      <TestMethod codeBase="file://psf/Home/Seafile/USU/Classes/cs5200f14/Homework/InstructorSolution/BSvZP-Common/CommonTester/bin/Debug/CommonTester.DLL" adapterTypeName="Microsoft.VisualStudio.TestTools.TestTypes.Unit.UnitTestAdapter, Microsoft.VisualStudio.QualityTools.Tips.UnitTest.Adapter, Version=10.0.0.0, Culture=neutral, PublicKeyToken=b03f5f7f11d50a3a" className="CommonTester.TickTester, CommonTester, Version=1.0.0.0, Culture=neutral, PublicKeyToken=null" name="TickTester_CheckEncodeDecode" />
    </UnitTest>
    <UnitTest name="WhiningSpinner_CheckProperties" storage="\\psf\home\seafile\usu\classes\cs5200f14\homework\instructorsolution\bsvzp-common\commontester\bin\debug\commontester.dll" id="d0e63026-bde2-5483-a0a6-1e0d01a2dac2">
      <Execution id="ed08892c-b065-4aab-a8d8-519847bf5871" />
      <TestMethod codeBase="file://psf/Home/Seafile/USU/Classes/cs5200f14/Homework/InstructorSolution/BSvZP-Common/CommonTester/bin/Debug/CommonTester.DLL" adapterTypeName="Microsoft.VisualStudio.TestTools.TestTypes.Unit.UnitTestAdapter, Microsoft.VisualStudio.QualityTools.Tips.UnitTest.Adapter, Version=10.0.0.0, Culture=neutral, PublicKeyToken=b03f5f7f11d50a3a" className="CommonTester.WhiningSpinnerTester, CommonTester, Version=1.0.0.0, Culture=neutral, PublicKeyToken=null" name="WhiningSpinner_CheckProperties" />
    </UnitTest>
    <UnitTest name="PlayingFieldLayout_CheckProperties" storage="\\psf\home\seafile\usu\classes\cs5200f14\homework\instructorsolution\bsvzp-common\commontester\bin\debug\commontester.dll" id="3fea3050-f5d6-363c-4b3d-01d4c84aab70">
      <Execution id="474a2a61-1e36-41a0-ae30-745fc83841f6" />
      <TestMethod codeBase="file://psf/Home/Seafile/USU/Classes/cs5200f14/Homework/InstructorSolution/BSvZP-Common/CommonTester/bin/Debug/CommonTester.DLL" adapterTypeName="Microsoft.VisualStudio.TestTools.TestTypes.Unit.UnitTestAdapter, Microsoft.VisualStudio.QualityTools.Tips.UnitTest.Adapter, Version=10.0.0.0, Culture=neutral, PublicKeyToken=b03f5f7f11d50a3a" className="CommonTester.PlayingFieldLayoutTester, CommonTester, Version=1.0.0.0, Culture=neutral, PublicKeyToken=null" name="PlayingFieldLayout_CheckProperties" />
    </UnitTest>
    <UnitTest name="StatusInfo_CheckEncodeAndDecode" storage="\\psf\home\seafile\usu\classes\cs5200f14\homework\instructorsolution\bsvzp-common\commontester\bin\debug\commontester.dll" id="104c4423-8e1a-52dd-da15-87ebe2cc2b3c">
      <Execution id="dde734b0-bbf4-4ef6-9713-9fb3bc71db2b" />
      <TestMethod codeBase="file://psf/Home/Seafile/USU/Classes/cs5200f14/Homework/InstructorSolution/BSvZP-Common/CommonTester/bin/Debug/CommonTester.DLL" adapterTypeName="Microsoft.VisualStudio.TestTools.TestTypes.Unit.UnitTestAdapter, Microsoft.VisualStudio.QualityTools.Tips.UnitTest.Adapter, Version=10.0.0.0, Culture=neutral, PublicKeyToken=b03f5f7f11d50a3a" className="CommonTester.StatusInfoTester, CommonTester, Version=1.0.0.0, Culture=neutral, PublicKeyToken=null" name="StatusInfo_CheckEncodeAndDecode" />
    </UnitTest>
    <UnitTest name="FieldLocation_CheckProperties" storage="\\psf\home\seafile\usu\classes\cs5200f14\homework\instructorsolution\bsvzp-common\commontester\bin\debug\commontester.dll" id="90ba25dc-448d-9b84-8883-7173c0fe93b8">
      <Execution id="09299b68-cc0a-44e1-a8cd-367fcf3b7473" />
      <TestMethod codeBase="file://psf/Home/Seafile/USU/Classes/cs5200f14/Homework/InstructorSolution/BSvZP-Common/CommonTester/bin/Debug/CommonTester.DLL" adapterTypeName="Microsoft.VisualStudio.TestTools.TestTypes.Unit.UnitTestAdapter, Microsoft.VisualStudio.QualityTools.Tips.UnitTest.Adapter, Version=10.0.0.0, Culture=neutral, PublicKeyToken=b03f5f7f11d50a3a" className="CommonTester.FieldLocationTester, CommonTester, Version=1.0.0.0, Culture=neutral, PublicKeyToken=null" name="FieldLocation_CheckProperties" />
    </UnitTest>
    <UnitTest name="AgentInfo_CheckEncodeAndDecode" storage="\\psf\home\seafile\usu\classes\cs5200f14\homework\instructorsolution\bsvzp-common\commontester\bin\debug\commontester.dll" id="eec3d1a0-bdb1-2f1e-d1b3-e4c125c7a7c7">
      <Execution id="266c1e86-22a4-4da6-93d4-eecc0b30e99a" />
      <TestMethod codeBase="file://psf/Home/Seafile/USU/Classes/cs5200f14/Homework/InstructorSolution/BSvZP-Common/CommonTester/bin/Debug/CommonTester.DLL" adapterTypeName="Microsoft.VisualStudio.TestTools.TestTypes.Unit.UnitTestAdapter, Microsoft.VisualStudio.QualityTools.Tips.UnitTest.Adapter, Version=10.0.0.0, Culture=neutral, PublicKeyToken=b03f5f7f11d50a3a" className="CommonTester.AgentInfoTester, CommonTester, Version=1.0.0.0, Culture=neutral, PublicKeyToken=null" name="AgentInfo_CheckEncodeAndDecode" />
    </UnitTest>
    <UnitTest name="ComponentList_CheckProperties" storage="\\psf\home\seafile\usu\classes\cs5200f14\homework\instructorsolution\bsvzp-common\commontester\bin\debug\commontester.dll" id="beeb5250-9c43-aa48-8cec-fcd77363fd3e">
      <Execution id="a5e32e09-83c7-47ed-a212-1c84825cdc3f" />
      <TestMethod codeBase="file://psf/Home/Seafile/USU/Classes/cs5200f14/Homework/InstructorSolution/BSvZP-Common/CommonTester/bin/Debug/CommonTester.DLL" adapterTypeName="Microsoft.VisualStudio.TestTools.TestTypes.Unit.UnitTestAdapter, Microsoft.VisualStudio.QualityTools.Tips.UnitTest.Adapter, Version=10.0.0.0, Culture=neutral, PublicKeyToken=b03f5f7f11d50a3a" className="CommonTester.ComponentListTester, CommonTester, Version=1.0.0.0, Culture=neutral, PublicKeyToken=null" name="ComponentList_CheckProperties" />
    </UnitTest>
    <UnitTest name="GameInfo_TestEverything" storage="\\psf\home\seafile\usu\classes\cs5200f14\homework\instructorsolution\bsvzp-common\commontester\bin\debug\commontester.dll" id="bed40777-36e8-1a5f-572d-4860c464f507">
      <Execution id="430d4f08-e14b-4d39-b62f-fc9af12dbce5" />
      <TestMethod codeBase="file://psf/Home/Seafile/USU/Classes/cs5200f14/Homework/InstructorSolution/BSvZP-Common/CommonTester/bin/Debug/CommonTester.DLL" adapterTypeName="Microsoft.VisualStudio.TestTools.TestTypes.Unit.UnitTestAdapter, Microsoft.VisualStudio.QualityTools.Tips.UnitTest.Adapter, Version=10.0.0.0, Culture=neutral, PublicKeyToken=b03f5f7f11d50a3a" className="CommonTester.GameInfoTester, CommonTester, Version=1.0.0.0, Culture=neutral, PublicKeyToken=null" name="GameInfo_TestEverything" />
    </UnitTest>
    <UnitTest name="FieldLocation_CheckEncodeDecode" storage="\\psf\home\seafile\usu\classes\cs5200f14\homework\instructorsolution\bsvzp-common\commontester\bin\debug\commontester.dll" id="a2dff254-87db-0c1a-d212-e29ddb4c9c2a">
      <Execution id="d7e3b681-601d-422d-9480-717068d5dc7b" />
      <TestMethod codeBase="file://psf/Home/Seafile/USU/Classes/cs5200f14/Homework/InstructorSolution/BSvZP-Common/CommonTester/bin/Debug/CommonTester.DLL" adapterTypeName="Microsoft.VisualStudio.TestTools.TestTypes.Unit.UnitTestAdapter, Microsoft.VisualStudio.QualityTools.Tips.UnitTest.Adapter, Version=10.0.0.0, Culture=neutral, PublicKeyToken=b03f5f7f11d50a3a" className="CommonTester.FieldLocationTester, CommonTester, Version=1.0.0.0, Culture=neutral, PublicKeyToken=null" name="FieldLocation_CheckEncodeDecode" />
    </UnitTest>
    <UnitTest name="Bomb_CheckProperties" storage="\\psf\home\seafile\usu\classes\cs5200f14\homework\instructorsolution\bsvzp-common\commontester\bin\debug\commontester.dll" id="9904ba65-a649-09ff-0ef0-c2c56c4e27fc">
      <Execution id="6e0c3b88-34be-471c-9265-4afd16f85bde" />
      <TestMethod codeBase="file://psf/Home/Seafile/USU/Classes/cs5200f14/Homework/InstructorSolution/BSvZP-Common/CommonTester/bin/Debug/CommonTester.DLL" adapterTypeName="Microsoft.VisualStudio.TestTools.TestTypes.Unit.UnitTestAdapter, Microsoft.VisualStudio.QualityTools.Tips.UnitTest.Adapter, Version=10.0.0.0, Culture=neutral, PublicKeyToken=b03f5f7f11d50a3a" className="CommonTester.BombTester, CommonTester, Version=1.0.0.0, Culture=neutral, PublicKeyToken=null" name="Bomb_CheckProperties" />
    </UnitTest>
    <UnitTest name="Excuse_CheckConstructors" storage="\\psf\home\seafile\usu\classes\cs5200f14\homework\instructorsolution\bsvzp-common\commontester\bin\debug\commontester.dll" id="d7721e2b-d839-f8ea-3513-be426faed8ef">
      <Execution id="e0b9f2f6-1a3c-4a8a-a7d8-42e8d4eca0ae" />
      <TestMethod codeBase="file://psf/Home/Seafile/USU/Classes/cs5200f14/Homework/InstructorSolution/BSvZP-Common/CommonTester/bin/Debug/CommonTester.DLL" adapterTypeName="Microsoft.VisualStudio.TestTools.TestTypes.Unit.UnitTestAdapter, Microsoft.VisualStudio.QualityTools.Tips.UnitTest.Adapter, Version=10.0.0.0, Culture=neutral, PublicKeyToken=b03f5f7f11d50a3a" className="CommonTester.ExcuseTester, CommonTester, Version=1.0.0.0, Culture=neutral, PublicKeyToken=null" name="Excuse_CheckConstructors" />
    </UnitTest>
    <UnitTest name="EndPoint_CheckConstructors" storage="\\psf\home\seafile\usu\classes\cs5200f14\homework\instructorsolution\bsvzp-common\commontester\bin\debug\commontester.dll" id="663fbe27-d6e2-e0fc-db8a-f3f5ba6779a5">
      <Execution id="bc73cbce-028f-4d0f-b417-74030ad9bc89" />
      <TestMethod codeBase="file://psf/Home/Seafile/USU/Classes/cs5200f14/Homework/InstructorSolution/BSvZP-Common/CommonTester/bin/Debug/CommonTester.DLL" adapterTypeName="Microsoft.VisualStudio.TestTools.TestTypes.Unit.UnitTestAdapter, Microsoft.VisualStudio.QualityTools.Tips.UnitTest.Adapter, Version=10.0.0.0, Culture=neutral, PublicKeyToken=b03f5f7f11d50a3a" className="CommonTester.EndPointTester, CommonTester, Version=1.0.0.0, Culture=neutral, PublicKeyToken=null" name="EndPoint_CheckConstructors" />
    </UnitTest>
    <UnitTest name="Excuse_CheckProperties" storage="\\psf\home\seafile\usu\classes\cs5200f14\homework\instructorsolution\bsvzp-common\commontester\bin\debug\commontester.dll" id="c1669bf6-729e-d796-c7d9-f9b5c8ff2007">
      <Execution id="fde0ba4e-0e4a-42be-995e-d77db3455c62" />
      <TestMethod codeBase="file://psf/Home/Seafile/USU/Classes/cs5200f14/Homework/InstructorSolution/BSvZP-Common/CommonTester/bin/Debug/CommonTester.DLL" adapterTypeName="Microsoft.VisualStudio.TestTools.TestTypes.Unit.UnitTestAdapter, Microsoft.VisualStudio.QualityTools.Tips.UnitTest.Adapter, Version=10.0.0.0, Culture=neutral, PublicKeyToken=b03f5f7f11d50a3a" className="CommonTester.ExcuseTester, CommonTester, Version=1.0.0.0, Culture=neutral, PublicKeyToken=null" name="Excuse_CheckProperties" />
    </UnitTest>
    <UnitTest name="AckNak_CheckConstructorsAndFactories" storage="\\psf\home\seafile\usu\classes\cs5200f14\homework\instructorsolution\bsvzp-common\messagestester\bin\debug\messagestester.dll" id="e1ecfc94-2f7f-bdaf-64db-951e119da34c">
      <Execution id="f6432e84-8152-42e4-a518-d62591c9d267" />
      <TestMethod codeBase="file://psf/Home/Seafile/USU/Classes/cs5200f14/Homework/InstructorSolution/BSvZP-Common/MessagesTester/bin/Debug/MessagesTester.DLL" adapterTypeName="Microsoft.VisualStudio.TestTools.TestTypes.Unit.UnitTestAdapter, Microsoft.VisualStudio.QualityTools.Tips.UnitTest.Adapter, Version=10.0.0.0, Culture=neutral, PublicKeyToken=b03f5f7f11d50a3a" className="MessagesTester.AckNakTester, MessagesTester, Version=1.0.0.0, Culture=neutral, PublicKeyToken=null" name="AckNak_CheckConstructorsAndFactories" />
    </UnitTest>
    <UnitTest name="FieldLocation_CheckContructors" storage="\\psf\home\seafile\usu\classes\cs5200f14\homework\instructorsolution\bsvzp-common\commontester\bin\debug\commontester.dll" id="ee09e89e-c9b7-1b79-838a-49d7d7834303">
      <Execution id="d075ed1f-93f7-41bf-bd39-e5fbc2702d84" />
      <TestMethod codeBase="file://psf/Home/Seafile/USU/Classes/cs5200f14/Homework/InstructorSolution/BSvZP-Common/CommonTester/bin/Debug/CommonTester.DLL" adapterTypeName="Microsoft.VisualStudio.TestTools.TestTypes.Unit.UnitTestAdapter, Microsoft.VisualStudio.QualityTools.Tips.UnitTest.Adapter, Version=10.0.0.0, Culture=neutral, PublicKeyToken=b03f5f7f11d50a3a" className="CommonTester.FieldLocationTester, CommonTester, Version=1.0.0.0, Culture=neutral, PublicKeyToken=null" name="FieldLocation_CheckContructors" />
    </UnitTest>
    <UnitTest name="GameConfiguration_CheckProperties" storage="\\psf\home\seafile\usu\classes\cs5200f14\homework\instructorsolution\bsvzp-common\commontester\bin\debug\commontester.dll" id="63ed64ee-6209-0958-7de8-d968e87d1d45">
      <Execution id="56bc92c6-aac0-4ac3-8d72-33f6cf80b378" />
      <TestMethod codeBase="file://psf/Home/Seafile/USU/Classes/cs5200f14/Homework/InstructorSolution/BSvZP-Common/CommonTester/bin/Debug/CommonTester.DLL" adapterTypeName="Microsoft.VisualStudio.TestTools.TestTypes.Unit.UnitTestAdapter, Microsoft.VisualStudio.QualityTools.Tips.UnitTest.Adapter, Version=10.0.0.0, Culture=neutral, PublicKeyToken=b03f5f7f11d50a3a" className="CommonTester.GameConfigurationTester, CommonTester, Version=1.0.0.0, Culture=neutral, PublicKeyToken=null" name="GameConfiguration_CheckProperties" />
    </UnitTest>
    <UnitTest name="AckNak_CheckProperties" storage="\\psf\home\seafile\usu\classes\cs5200f14\homework\instructorsolution\bsvzp-common\messagestester\bin\debug\messagestester.dll" id="e57f470c-5af0-0d55-6cfd-5233256e7a58">
      <Execution id="617dc41b-a156-442b-be50-61b06d7513da" />
      <TestMethod codeBase="file://psf/Home/Seafile/USU/Classes/cs5200f14/Homework/InstructorSolution/BSvZP-Common/MessagesTester/bin/Debug/MessagesTester.DLL" adapterTypeName="Microsoft.VisualStudio.TestTools.TestTypes.Unit.UnitTestAdapter, Microsoft.VisualStudio.QualityTools.Tips.UnitTest.Adapter, Version=10.0.0.0, Culture=neutral, PublicKeyToken=b03f5f7f11d50a3a" className="MessagesTester.AckNakTester, MessagesTester, Version=1.0.0.0, Culture=neutral, PublicKeyToken=null" name="AckNak_CheckProperties" />
    </UnitTest>
    <UnitTest name="TickTester_CheckConstructors" storage="\\psf\home\seafile\usu\classes\cs5200f14\homework\instructorsolution\bsvzp-common\commontester\bin\debug\commontester.dll" id="507519cd-90aa-7a27-5b1e-0972c3d12269">
      <Execution id="0737e581-f097-46c2-8464-1896c70c776b" />
      <TestMethod codeBase="file://psf/Home/Seafile/USU/Classes/cs5200f14/Homework/InstructorSolution/BSvZP-Common/CommonTester/bin/Debug/CommonTester.DLL" adapterTypeName="Microsoft.VisualStudio.TestTools.TestTypes.Unit.UnitTestAdapter, Microsoft.VisualStudio.QualityTools.Tips.UnitTest.Adapter, Version=10.0.0.0, Culture=neutral, PublicKeyToken=b03f5f7f11d50a3a" className="CommonTester.TickTester, CommonTester, Version=1.0.0.0, Culture=neutral, PublicKeyToken=null" name="TickTester_CheckConstructors" />
    </UnitTest>
    <UnitTest name="ByteList_TestConstuctors" storage="\\psf\home\seafile\usu\classes\cs5200f14\homework\instructorsolution\bsvzp-common\commontester\bin\debug\commontester.dll" id="d6a120d8-083b-ca56-9c06-19e373b8321f">
      <Execution id="53ae4373-b4a6-4406-ada7-d26f25bffc04" />
      <TestMethod codeBase="file://psf/Home/Seafile/USU/Classes/cs5200f14/Homework/InstructorSolution/BSvZP-Common/CommonTester/bin/Debug/CommonTester.DLL" adapterTypeName="Microsoft.VisualStudio.TestTools.TestTypes.Unit.UnitTestAdapter, Microsoft.VisualStudio.QualityTools.Tips.UnitTest.Adapter, Version=10.0.0.0, Culture=neutral, PublicKeyToken=b03f5f7f11d50a3a" className="CommonTester.ByteListTester, CommonTester, Version=1.0.0.0, Culture=neutral, PublicKeyToken=null" name="ByteList_TestConstuctors" />
    </UnitTest>
    <UnitTest name="Bomb_CheckConstructors" storage="\\psf\home\seafile\usu\classes\cs5200f14\homework\instructorsolution\bsvzp-common\commontester\bin\debug\commontester.dll" id="c40c928e-c2ab-8b88-578e-d7b35f81b083">
      <Execution id="9be353d3-52b0-43df-b381-004315d27d0e" />
      <TestMethod codeBase="file://psf/Home/Seafile/USU/Classes/cs5200f14/Homework/InstructorSolution/BSvZP-Common/CommonTester/bin/Debug/CommonTester.DLL" adapterTypeName="Microsoft.VisualStudio.TestTools.TestTypes.Unit.UnitTestAdapter, Microsoft.VisualStudio.QualityTools.Tips.UnitTest.Adapter, Version=10.0.0.0, Culture=neutral, PublicKeyToken=b03f5f7f11d50a3a" className="CommonTester.BombTester, CommonTester, Version=1.0.0.0, Culture=neutral, PublicKeyToken=null" name="Bomb_CheckConstructors" />
    </UnitTest>
    <UnitTest name="WhiningSpinner_CheckConstructors" storage="\\psf\home\seafile\usu\classes\cs5200f14\homework\instructorsolution\bsvzp-common\commontester\bin\debug\commontester.dll" id="a987a908-01f9-9386-23e7-287a5d2d2721">
      <Execution id="e728136f-ad07-4a3f-a299-cd69f32cc90a" />
      <TestMethod codeBase="file://psf/Home/Seafile/USU/Classes/cs5200f14/Homework/InstructorSolution/BSvZP-Common/CommonTester/bin/Debug/CommonTester.DLL" adapterTypeName="Microsoft.VisualStudio.TestTools.TestTypes.Unit.UnitTestAdapter, Microsoft.VisualStudio.QualityTools.Tips.UnitTest.Adapter, Version=10.0.0.0, Culture=neutral, PublicKeyToken=b03f5f7f11d50a3a" className="CommonTester.WhiningSpinnerTester, CommonTester, Version=1.0.0.0, Culture=neutral, PublicKeyToken=null" name="WhiningSpinner_CheckConstructors" />
    </UnitTest>
    <UnitTest name="EndPoint_CheckEncodeAndDecode" storage="\\psf\home\seafile\usu\classes\cs5200f14\homework\instructorsolution\bsvzp-common\commontester\bin\debug\commontester.dll" id="5c61ce7d-c870-b77b-416d-32ca3192646b">
      <Execution id="d7a40bea-6196-4b16-8159-33c5f493a2b6" />
      <TestMethod codeBase="file://psf/Home/Seafile/USU/Classes/cs5200f14/Homework/InstructorSolution/BSvZP-Common/CommonTester/bin/Debug/CommonTester.DLL" adapterTypeName="Microsoft.VisualStudio.TestTools.TestTypes.Unit.UnitTestAdapter, Microsoft.VisualStudio.QualityTools.Tips.UnitTest.Adapter, Version=10.0.0.0, Culture=neutral, PublicKeyToken=b03f5f7f11d50a3a" className="CommonTester.EndPointTester, CommonTester, Version=1.0.0.0, Culture=neutral, PublicKeyToken=null" name="EndPoint_CheckEncodeAndDecode" />
    </UnitTest>
    <UnitTest name="GameConfiguration_CheckEncodeAndDecode" storage="\\psf\home\seafile\usu\classes\cs5200f14\homework\instructorsolution\bsvzp-common\commontester\bin\debug\commontester.dll" id="ee180b0c-7542-d07d-8952-4dbe1fcee3f4">
      <Execution id="1e5cfa46-40cc-4cf6-b520-a05cad9fc4b7" />
      <TestMethod codeBase="file://psf/Home/Seafile/USU/Classes/cs5200f14/Homework/InstructorSolution/BSvZP-Common/CommonTester/bin/Debug/CommonTester.DLL" adapterTypeName="Microsoft.VisualStudio.TestTools.TestTypes.Unit.UnitTestAdapter, Microsoft.VisualStudio.QualityTools.Tips.UnitTest.Adapter, Version=10.0.0.0, Culture=neutral, PublicKeyToken=b03f5f7f11d50a3a" className="CommonTester.GameConfigurationTester, CommonTester, Version=1.0.0.0, Culture=neutral, PublicKeyToken=null" name="GameConfiguration_CheckEncodeAndDecode" />
    </UnitTest>
    <UnitTest name="GameConfiguration_CheckConstructors" storage="\\psf\home\seafile\usu\classes\cs5200f14\homework\instructorsolution\bsvzp-common\commontester\bin\debug\commontester.dll" id="5dc13c08-9307-4d94-c22f-dc70f60ff32f">
      <Execution id="74720fa4-e4e2-428c-8676-322e00e870cd" />
      <TestMethod codeBase="file://psf/Home/Seafile/USU/Classes/cs5200f14/Homework/InstructorSolution/BSvZP-Common/CommonTester/bin/Debug/CommonTester.DLL" adapterTypeName="Microsoft.VisualStudio.TestTools.TestTypes.Unit.UnitTestAdapter, Microsoft.VisualStudio.QualityTools.Tips.UnitTest.Adapter, Version=10.0.0.0, Culture=neutral, PublicKeyToken=b03f5f7f11d50a3a" className="CommonTester.GameConfigurationTester, CommonTester, Version=1.0.0.0, Culture=neutral, PublicKeyToken=null" name="GameConfiguration_CheckConstructors" />
    </UnitTest>
    <UnitTest name="ComponentList_CheckConstructors" storage="\\psf\home\seafile\usu\classes\cs5200f14\homework\instructorsolution\bsvzp-common\commontester\bin\debug\commontester.dll" id="f1cd31e1-cb34-03fd-04c1-58f580f316d5">
      <Execution id="a1493110-4cb1-49ca-b374-39f99186ed19" />
      <TestMethod codeBase="file://psf/Home/Seafile/USU/Classes/cs5200f14/Homework/InstructorSolution/BSvZP-Common/CommonTester/bin/Debug/CommonTester.DLL" adapterTypeName="Microsoft.VisualStudio.TestTools.TestTypes.Unit.UnitTestAdapter, Microsoft.VisualStudio.QualityTools.Tips.UnitTest.Adapter, Version=10.0.0.0, Culture=neutral, PublicKeyToken=b03f5f7f11d50a3a" className="CommonTester.ComponentListTester, CommonTester, Version=1.0.0.0, Culture=neutral, PublicKeyToken=null" name="ComponentList_CheckConstructors" />
    </UnitTest>
    <UnitTest name="ByteList_IndexOperator" storage="\\psf\home\seafile\usu\classes\cs5200f14\homework\instructorsolution\bsvzp-common\commontester\bin\debug\commontester.dll" id="d6375a5d-a98c-9cb0-66a2-ad7be1e40c67">
      <Execution id="c4df5e4b-fb3c-48af-9107-1bbfd18a4582" />
      <TestMethod codeBase="file://psf/Home/Seafile/USU/Classes/cs5200f14/Homework/InstructorSolution/BSvZP-Common/CommonTester/bin/Debug/CommonTester.DLL" adapterTypeName="Microsoft.VisualStudio.TestTools.TestTypes.Unit.UnitTestAdapter, Microsoft.VisualStudio.QualityTools.Tips.UnitTest.Adapter, Version=10.0.0.0, Culture=neutral, PublicKeyToken=b03f5f7f11d50a3a" className="CommonTester.ByteListTester, CommonTester, Version=1.0.0.0, Culture=neutral, PublicKeyToken=null" name="ByteList_IndexOperator" />
    </UnitTest>
  </TestDefinitions>
  <TestLists>
    <TestList name="Results Not in a List" id="8c84fa94-04c1-424b-9868-57a2d4851a1d" />
    <TestList name="All Loaded Results" id="19431567-8539-422a-85d7-44ee4e166bda" />
  </TestLists>
  <TestEntries>
    <TestEntry testId="104c4423-8e1a-52dd-da15-87ebe2cc2b3c" executionId="dde734b0-bbf4-4ef6-9713-9fb3bc71db2b" testListId="8c84fa94-04c1-424b-9868-57a2d4851a1d" />
    <TestEntry testId="226bba76-e22a-47aa-054a-7d7fb626af9a" executionId="419f6149-4236-49c8-abba-fd0504f9eac4" testListId="8c84fa94-04c1-424b-9868-57a2d4851a1d" />
    <TestEntry testId="2a250804-8c18-c7c5-ba85-2ed591639168" executionId="312920e3-8db8-4140-8340-7271bed47842" testListId="8c84fa94-04c1-424b-9868-57a2d4851a1d" />
    <TestEntry testId="364e2c22-097c-ca5c-f8e6-b251f152eca6" executionId="99d48d7f-ec7b-47ec-a404-bc9a124e011f" testListId="8c84fa94-04c1-424b-9868-57a2d4851a1d" />
    <TestEntry testId="3fea3050-f5d6-363c-4b3d-01d4c84aab70" executionId="474a2a61-1e36-41a0-ae30-745fc83841f6" testListId="8c84fa94-04c1-424b-9868-57a2d4851a1d" />
    <TestEntry testId="4d9613ef-edcc-fbbe-37ff-ef27d7e93fda" executionId="fe1ebc20-38f0-417e-898e-d096343da103" testListId="8c84fa94-04c1-424b-9868-57a2d4851a1d" />
    <TestEntry testId="507519cd-90aa-7a27-5b1e-0972c3d12269" executionId="0737e581-f097-46c2-8464-1896c70c776b" testListId="8c84fa94-04c1-424b-9868-57a2d4851a1d" />
    <TestEntry testId="5c61ce7d-c870-b77b-416d-32ca3192646b" executionId="d7a40bea-6196-4b16-8159-33c5f493a2b6" testListId="8c84fa94-04c1-424b-9868-57a2d4851a1d" />
    <TestEntry testId="5dc13c08-9307-4d94-c22f-dc70f60ff32f" executionId="74720fa4-e4e2-428c-8676-322e00e870cd" testListId="8c84fa94-04c1-424b-9868-57a2d4851a1d" />
    <TestEntry testId="63ed64ee-6209-0958-7de8-d968e87d1d45" executionId="56bc92c6-aac0-4ac3-8d72-33f6cf80b378" testListId="8c84fa94-04c1-424b-9868-57a2d4851a1d" />
    <TestEntry testId="663fbe27-d6e2-e0fc-db8a-f3f5ba6779a5" executionId="bc73cbce-028f-4d0f-b417-74030ad9bc89" testListId="8c84fa94-04c1-424b-9868-57a2d4851a1d" />
    <TestEntry testId="733d2fea-55c2-0731-4fe1-8c3f0f1568bf" executionId="b5dec583-ceb6-478a-b207-b5fa62f75695" testListId="8c84fa94-04c1-424b-9868-57a2d4851a1d" />
    <TestEntry testId="817e069b-b533-1822-e239-f8570024b19a" executionId="cb16e769-919d-4489-aca3-a61871df0309" testListId="8c84fa94-04c1-424b-9868-57a2d4851a1d" />
    <TestEntry testId="83971a48-5f1a-562c-bfda-6b64e477e829" executionId="39b88c8b-5c8f-4590-9d79-39f5e2773f93" testListId="8c84fa94-04c1-424b-9868-57a2d4851a1d" />
    <TestEntry testId="86c3602d-89bd-614c-0bbc-efb4c79b7da3" executionId="89f7369f-b455-42f6-aa69-643facda0266" testListId="8c84fa94-04c1-424b-9868-57a2d4851a1d" />
    <TestEntry testId="90ba25dc-448d-9b84-8883-7173c0fe93b8" executionId="09299b68-cc0a-44e1-a8cd-367fcf3b7473" testListId="8c84fa94-04c1-424b-9868-57a2d4851a1d" />
    <TestEntry testId="9904ba65-a649-09ff-0ef0-c2c56c4e27fc" executionId="6e0c3b88-34be-471c-9265-4afd16f85bde" testListId="8c84fa94-04c1-424b-9868-57a2d4851a1d" />
    <TestEntry testId="a18b2fd5-37b0-6e6a-4b4c-5ea126e1e363" executionId="ebfe7d3e-5b6b-448c-97ac-5ef4cfc1acbf" testListId="8c84fa94-04c1-424b-9868-57a2d4851a1d" />
    <TestEntry testId="a2dff254-87db-0c1a-d212-e29ddb4c9c2a" executionId="d7e3b681-601d-422d-9480-717068d5dc7b" testListId="8c84fa94-04c1-424b-9868-57a2d4851a1d" />
    <TestEntry testId="a987a908-01f9-9386-23e7-287a5d2d2721" executionId="e728136f-ad07-4a3f-a299-cd69f32cc90a" testListId="8c84fa94-04c1-424b-9868-57a2d4851a1d" />
    <TestEntry testId="adc509e9-affb-9f01-6b95-6ee65c98cc92" executionId="4b3d4a27-8126-42c4-b6e1-f6084d1b5cc6" testListId="8c84fa94-04c1-424b-9868-57a2d4851a1d" />
    <TestEntry testId="ae084a0c-31eb-5c20-b099-0846b8b538da" executionId="e07e5bd1-9a59-4c36-b21e-57826cfe3c71" testListId="8c84fa94-04c1-424b-9868-57a2d4851a1d" />
    <TestEntry testId="afd310cb-a782-bc2d-cdd4-0a91a0a340d8" executionId="1ede9625-d2fb-443d-9ed0-c2c49b928390" testListId="8c84fa94-04c1-424b-9868-57a2d4851a1d" />
    <TestEntry testId="b719406f-6c30-5234-e237-f3d1a5baaeb0" executionId="df065589-767d-434c-a659-ebb05e1a7acd" testListId="8c84fa94-04c1-424b-9868-57a2d4851a1d" />
    <TestEntry testId="bed40777-36e8-1a5f-572d-4860c464f507" executionId="430d4f08-e14b-4d39-b62f-fc9af12dbce5" testListId="8c84fa94-04c1-424b-9868-57a2d4851a1d" />
    <TestEntry testId="beeb5250-9c43-aa48-8cec-fcd77363fd3e" executionId="a5e32e09-83c7-47ed-a212-1c84825cdc3f" testListId="8c84fa94-04c1-424b-9868-57a2d4851a1d" />
    <TestEntry testId="c1669bf6-729e-d796-c7d9-f9b5c8ff2007" executionId="fde0ba4e-0e4a-42be-995e-d77db3455c62" testListId="8c84fa94-04c1-424b-9868-57a2d4851a1d" />
    <TestEntry testId="c40c928e-c2ab-8b88-578e-d7b35f81b083" executionId="9be353d3-52b0-43df-b381-004315d27d0e" testListId="8c84fa94-04c1-424b-9868-57a2d4851a1d" />
    <TestEntry testId="cbafd4a2-ae21-bce8-59ea-f0278726e860" executionId="ce3e7e79-1517-41cd-b5db-f013ec59d512" testListId="8c84fa94-04c1-424b-9868-57a2d4851a1d" />
    <TestEntry testId="cfac802b-3c1b-a198-432f-c77278e8ca81" executionId="74234f17-22e3-41d2-8763-0cadc9938a3b" testListId="8c84fa94-04c1-424b-9868-57a2d4851a1d" />
    <TestEntry testId="d004ffc2-a7fb-16d7-64d4-41782226b827" executionId="2f4b3384-473a-47dd-8ecf-fff68402d40a" testListId="8c84fa94-04c1-424b-9868-57a2d4851a1d" />
    <TestEntry testId="d0e63026-bde2-5483-a0a6-1e0d01a2dac2" executionId="ed08892c-b065-4aab-a8d8-519847bf5871" testListId="8c84fa94-04c1-424b-9868-57a2d4851a1d" />
    <TestEntry testId="d6375a5d-a98c-9cb0-66a2-ad7be1e40c67" executionId="c4df5e4b-fb3c-48af-9107-1bbfd18a4582" testListId="8c84fa94-04c1-424b-9868-57a2d4851a1d" />
    <TestEntry testId="d6a120d8-083b-ca56-9c06-19e373b8321f" executionId="53ae4373-b4a6-4406-ada7-d26f25bffc04" testListId="8c84fa94-04c1-424b-9868-57a2d4851a1d" />
    <TestEntry testId="d7721e2b-d839-f8ea-3513-be426faed8ef" executionId="e0b9f2f6-1a3c-4a8a-a7d8-42e8d4eca0ae" testListId="8c84fa94-04c1-424b-9868-57a2d4851a1d" />
    <TestEntry testId="d7dddf5a-bb0d-6bd1-cbdd-40ea5a1d7ae6" executionId="d72d69ac-2d56-4474-9430-a08e161ed10a" testListId="8c84fa94-04c1-424b-9868-57a2d4851a1d" />
    <TestEntry testId="e1ecfc94-2f7f-bdaf-64db-951e119da34c" executionId="f6432e84-8152-42e4-a518-d62591c9d267" testListId="8c84fa94-04c1-424b-9868-57a2d4851a1d" />
    <TestEntry testId="e57f470c-5af0-0d55-6cfd-5233256e7a58" executionId="617dc41b-a156-442b-be50-61b06d7513da" testListId="8c84fa94-04c1-424b-9868-57a2d4851a1d" />
    <TestEntry testId="e7dc0839-3e08-ca22-1bcf-28b384668706" executionId="d7f3dc5b-3675-484e-b93f-0bbd8258e642" testListId="8c84fa94-04c1-424b-9868-57a2d4851a1d" />
    <TestEntry testId="eaad3cd9-fd8f-295f-72bd-25c259084926" executionId="06dd46ee-ffcb-4556-8cac-baa615368885" testListId="8c84fa94-04c1-424b-9868-57a2d4851a1d" />
    <TestEntry testId="eaba3772-7490-203e-d483-62bb0c779f54" executionId="028c3152-e52c-4b5e-bac7-832a7a27e118" testListId="8c84fa94-04c1-424b-9868-57a2d4851a1d" />
    <TestEntry testId="ee09e89e-c9b7-1b79-838a-49d7d7834303" executionId="d075ed1f-93f7-41bf-bd39-e5fbc2702d84" testListId="8c84fa94-04c1-424b-9868-57a2d4851a1d" />
    <TestEntry testId="ee180b0c-7542-d07d-8952-4dbe1fcee3f4" executionId="1e5cfa46-40cc-4cf6-b520-a05cad9fc4b7" testListId="8c84fa94-04c1-424b-9868-57a2d4851a1d" />
    <TestEntry testId="eec3d1a0-bdb1-2f1e-d1b3-e4c125c7a7c7" executionId="266c1e86-22a4-4da6-93d4-eecc0b30e99a" testListId="8c84fa94-04c1-424b-9868-57a2d4851a1d" />
    <TestEntry testId="f1cd31e1-cb34-03fd-04c1-58f580f316d5" executionId="a1493110-4cb1-49ca-b374-39f99186ed19" testListId="8c84fa94-04c1-424b-9868-57a2d4851a1d" />
    <TestEntry testId="f84a9ebc-fda5-bcb9-1c69-429549673faf" executionId="b9a01c5e-fdd7-4546-a72a-7832a5fa4453" testListId="8c84fa94-04c1-424b-9868-57a2d4851a1d" />
  </TestEntries>
  <Results>
    <UnitTestResult executionId="dde734b0-bbf4-4ef6-9713-9fb3bc71db2b" testId="104c4423-8e1a-52dd-da15-87ebe2cc2b3c" testName="StatusInfo_CheckEncodeAndDecode" computerName="SWCMACBOOKWIN7" duration="00:00:00.0262738" startTime="2014-03-17T12:46:49.8996000-06:00" endTime="2014-03-17T12:46:50.2428000-06:00" testType="13cdc9d9-ddb5-4fa4-a97d-d965ccfc6d4b" outcome="Passed" testListId="8c84fa94-04c1-424b-9868-57a2d4851a1d" relativeResultsDirectory="dde734b0-bbf4-4ef6-9713-9fb3bc71db2b">
    </UnitTestResult>
    <UnitTestResult executionId="419f6149-4236-49c8-abba-fd0504f9eac4" testId="226bba76-e22a-47aa-054a-7d7fb626af9a" testName="PlayingFieldLayout_CheckEncodeAndDecode" computerName="SWCMACBOOKWIN7" duration="00:00:00.0020398" startTime="2014-03-17T12:46:50.2584000-06:00" endTime="2014-03-17T12:46:50.2584000-06:00" testType="13cdc9d9-ddb5-4fa4-a97d-d965ccfc6d4b" outcome="Passed" testListId="8c84fa94-04c1-424b-9868-57a2d4851a1d" relativeResultsDirectory="419f6149-4236-49c8-abba-fd0504f9eac4">
    </UnitTestResult>
    <UnitTestResult executionId="312920e3-8db8-4140-8340-7271bed47842" testId="2a250804-8c18-c7c5-ba85-2ed591639168" testName="JoinGame_Properties" computerName="SWCMACBOOKWIN7" duration="00:00:00.0301400" startTime="2014-03-17T12:46:50.2740000-06:00" endTime="2014-03-17T12:46:50.5236000-06:00" testType="13cdc9d9-ddb5-4fa4-a97d-d965ccfc6d4b" outcome="Failed" testListId="8c84fa94-04c1-424b-9868-57a2d4851a1d" relativeResultsDirectory="312920e3-8db8-4140-8340-7271bed47842">
      <Output>
        <ErrorInfo>
          <Message>Assert.AreEqual failed. Expected:&lt;A00001&gt;. Actual:&lt;A0001&gt;. </Message>
          <StackTrace>   at MessagesTester.JoinGameTester.JoinGame_Properties() in \\psf\Home\Seafile\USU\Classes\cs5200f14\Homework\InstructorSolution\BSvZP-Common\MessagesTester\JoinGameTester.cs:line 46
</StackTrace>
        </ErrorInfo>
      </Output>
    </UnitTestResult>
    <UnitTestResult executionId="99d48d7f-ec7b-47ec-a404-bc9a124e011f" testId="364e2c22-097c-ca5c-f8e6-b251f152eca6" testName="TickTester_CheckEncodeDecode" computerName="SWCMACBOOKWIN7" duration="00:00:00.0025564" startTime="2014-03-17T12:46:50.5392000-06:00" endTime="2014-03-17T12:46:50.5392000-06:00" testType="13cdc9d9-ddb5-4fa4-a97d-d965ccfc6d4b" outcome="Passed" testListId="8c84fa94-04c1-424b-9868-57a2d4851a1d" relativeResultsDirectory="99d48d7f-ec7b-47ec-a404-bc9a124e011f">
    </UnitTestResult>
    <UnitTestResult executionId="474a2a61-1e36-41a0-ae30-745fc83841f6" testId="3fea3050-f5d6-363c-4b3d-01d4c84aab70" testName="PlayingFieldLayout_CheckProperties" computerName="SWCMACBOOKWIN7" duration="00:00:00.0003838" startTime="2014-03-17T12:46:50.5392000-06:00" endTime="2014-03-17T12:46:50.5392000-06:00" testType="13cdc9d9-ddb5-4fa4-a97d-d965ccfc6d4b" outcome="Passed" testListId="8c84fa94-04c1-424b-9868-57a2d4851a1d" relativeResultsDirectory="474a2a61-1e36-41a0-ae30-745fc83841f6">
    </UnitTestResult>
    <UnitTestResult executionId="fe1ebc20-38f0-417e-898e-d096343da103" testId="4d9613ef-edcc-fbbe-37ff-ef27d7e93fda" testName="ByteList_WriteAndAddMethods" computerName="SWCMACBOOKWIN7" duration="00:00:00.0028228" startTime="2014-03-17T12:46:50.5392000-06:00" endTime="2014-03-17T12:46:50.5548000-06:00" testType="13cdc9d9-ddb5-4fa4-a97d-d965ccfc6d4b" outcome="Passed" testListId="8c84fa94-04c1-424b-9868-57a2d4851a1d" relativeResultsDirectory="fe1ebc20-38f0-417e-898e-d096343da103">
    </UnitTestResult>
    <UnitTestResult executionId="0737e581-f097-46c2-8464-1896c70c776b" testId="507519cd-90aa-7a27-5b1e-0972c3d12269" testName="TickTester_CheckConstructors" computerName="SWCMACBOOKWIN7" duration="00:00:00.0005224" startTime="2014-03-17T12:46:50.5548000-06:00" endTime="2014-03-17T12:46:50.5548000-06:00" testType="13cdc9d9-ddb5-4fa4-a97d-d965ccfc6d4b" outcome="Passed" testListId="8c84fa94-04c1-424b-9868-57a2d4851a1d" relativeResultsDirectory="0737e581-f097-46c2-8464-1896c70c776b">
    </UnitTestResult>
    <UnitTestResult executionId="d7a40bea-6196-4b16-8159-33c5f493a2b6" testId="5c61ce7d-c870-b77b-416d-32ca3192646b" testName="EndPoint_CheckEncodeAndDecode" computerName="SWCMACBOOKWIN7" duration="00:00:00.0020540" startTime="2014-03-17T12:46:50.5548000-06:00" endTime="2014-03-17T12:46:50.5548000-06:00" testType="13cdc9d9-ddb5-4fa4-a97d-d965ccfc6d4b" outcome="Passed" testListId="8c84fa94-04c1-424b-9868-57a2d4851a1d" relativeResultsDirectory="d7a40bea-6196-4b16-8159-33c5f493a2b6">
    </UnitTestResult>
    <UnitTestResult executionId="74720fa4-e4e2-428c-8676-322e00e870cd" testId="5dc13c08-9307-4d94-c22f-dc70f60ff32f" testName="GameConfiguration_CheckConstructors" computerName="SWCMACBOOKWIN7" duration="00:00:00.0040691" startTime="2014-03-17T12:46:50.5704000-06:00" endTime="2014-03-17T12:46:50.5704000-06:00" testType="13cdc9d9-ddb5-4fa4-a97d-d965ccfc6d4b" outcome="Passed" testListId="8c84fa94-04c1-424b-9868-57a2d4851a1d" relativeResultsDirectory="74720fa4-e4e2-428c-8676-322e00e870cd">
    </UnitTestResult>
    <UnitTestResult executionId="56bc92c6-aac0-4ac3-8d72-33f6cf80b378" testId="63ed64ee-6209-0958-7de8-d968e87d1d45" testName="GameConfiguration_CheckProperties" computerName="SWCMACBOOKWIN7" duration="00:00:00.0007884" startTime="2014-03-17T12:46:50.5704000-06:00" endTime="2014-03-17T12:46:50.5704000-06:00" testType="13cdc9d9-ddb5-4fa4-a97d-d965ccfc6d4b" outcome="Passed" testListId="8c84fa94-04c1-424b-9868-57a2d4851a1d" relativeResultsDirectory="56bc92c6-aac0-4ac3-8d72-33f6cf80b378">
    </UnitTestResult>
    <UnitTestResult executionId="bc73cbce-028f-4d0f-b417-74030ad9bc89" testId="663fbe27-d6e2-e0fc-db8a-f3f5ba6779a5" testName="EndPoint_CheckConstructors" computerName="SWCMACBOOKWIN7" duration="00:00:00.0003667" startTime="2014-03-17T12:46:50.5860000-06:00" endTime="2014-03-17T12:46:50.5860000-06:00" testType="13cdc9d9-ddb5-4fa4-a97d-d965ccfc6d4b" outcome="Passed" testListId="8c84fa94-04c1-424b-9868-57a2d4851a1d" relativeResultsDirectory="bc73cbce-028f-4d0f-b417-74030ad9bc89">
    </UnitTestResult>
    <UnitTestResult executionId="b5dec583-ceb6-478a-b207-b5fa62f75695" testId="733d2fea-55c2-0731-4fe1-8c3f0f1568bf" testName="EndPoint_CheckPropertiesAndMethods" computerName="SWCMACBOOKWIN7" duration="00:00:00.0008386" startTime="2014-03-17T12:46:50.5860000-06:00" endTime="2014-03-17T12:46:50.5860000-06:00" testType="13cdc9d9-ddb5-4fa4-a97d-d965ccfc6d4b" outcome="Passed" testListId="8c84fa94-04c1-424b-9868-57a2d4851a1d" relativeResultsDirectory="b5dec583-ceb6-478a-b207-b5fa62f75695">
    </UnitTestResult>
    <UnitTestResult executionId="cb16e769-919d-4489-aca3-a61871df0309" testId="817e069b-b533-1822-e239-f8570024b19a" testName="AckNak_CheckEncodeDecode" computerName="SWCMACBOOKWIN7" duration="00:00:00.0085939" startTime="2014-03-17T12:46:50.5860000-06:00" endTime="2014-03-17T12:46:50.6016000-06:00" testType="13cdc9d9-ddb5-4fa4-a97d-d965ccfc6d4b" outcome="Passed" testListId="8c84fa94-04c1-424b-9868-57a2d4851a1d" relativeResultsDirectory="cb16e769-919d-4489-aca3-a61871df0309">
    </UnitTestResult>
    <UnitTestResult executionId="39b88c8b-5c8f-4590-9d79-39f5e2773f93" testId="83971a48-5f1a-562c-bfda-6b64e477e829" testName="ComponentList_CheckEncodeAndDecode" computerName="SWCMACBOOKWIN7" duration="00:00:00.0196228" startTime="2014-03-17T12:46:50.6016000-06:00" endTime="2014-03-17T12:46:50.6172000-06:00" testType="13cdc9d9-ddb5-4fa4-a97d-d965ccfc6d4b" outcome="Failed" testListId="8c84fa94-04c1-424b-9868-57a2d4851a1d" relativeResultsDirectory="39b88c8b-5c8f-4590-9d79-39f5e2773f93">
      <Output>
        <ErrorInfo>
          <Message>Test method CommonTester.ComponentListTester.ComponentList_CheckEncodeAndDecode threw exception: 
System.ApplicationException: Invalid Class IDs</Message>
          <StackTrace>    at Common.DistributableObject.Create(ByteList bytes) in \\psf\Home\Seafile\USU\Classes\cs5200f14\Homework\InstructorSolution\BSvZP-Common\Common\DistributableObject.cs:line 76
   at Common.ByteList.GetDistributableObject() in \\psf\Home\Seafile\USU\Classes\cs5200f14\Homework\InstructorSolution\BSvZP-Common\Common\ByteList.cs:line 340
   at Common.AgentInfo.Decode(ByteList bytes) in \\psf\Home\Seafile\USU\Classes\cs5200f14\Homework\InstructorSolution\BSvZP-Common\Common\AgentInfo.cs:line 116
   at Common.AgentInfo.Create(ByteList bytes) in \\psf\Home\Seafile\USU\Classes\cs5200f14\Homework\InstructorSolution\BSvZP-Common\Common\AgentInfo.cs:line 61
   at Common.DistributableObject.Create(ByteList bytes) in \\psf\Home\Seafile\USU\Classes\cs5200f14\Homework\InstructorSolution\BSvZP-Common\Common\DistributableObject.cs:line 46
   at Common.ByteList.GetDistributableObject() in \\psf\Home\Seafile\USU\Classes\cs5200f14\Homework\InstructorSolution\BSvZP-Common\Common\ByteList.cs:line 340
   at Common.ComponentList.Decode(ByteList bytes) in \\psf\Home\Seafile\USU\Classes\cs5200f14\Homework\InstructorSolution\BSvZP-Common\Common\ComponentList.cs:line 90
   at Common.ComponentList.Create(ByteList bytes) in \\psf\Home\Seafile\USU\Classes\cs5200f14\Homework\InstructorSolution\BSvZP-Common\Common\ComponentList.cs:line 41
   at CommonTester.ComponentListTester.ComponentList_CheckEncodeAndDecode() in \\psf\Home\Seafile\USU\Classes\cs5200f14\Homework\InstructorSolution\BSvZP-Common\CommonTester\ComponentListTester.cs:line 71
</StackTrace>
        </ErrorInfo>
      </Output>
    </UnitTestResult>
    <UnitTestResult executionId="89f7369f-b455-42f6-aa69-643facda0266" testId="86c3602d-89bd-614c-0bbc-efb4c79b7da3" testName="ByteList_OtherPublicMethods" computerName="SWCMACBOOKWIN7" duration="00:00:00.0082433" startTime="2014-03-17T12:46:50.6328000-06:00" endTime="2014-03-17T12:46:50.6484000-06:00" testType="13cdc9d9-ddb5-4fa4-a97d-d965ccfc6d4b" outcome="Passed" testListId="8c84fa94-04c1-424b-9868-57a2d4851a1d" relativeResultsDirectory="89f7369f-b455-42f6-aa69-643facda0266">
    </UnitTestResult>
    <UnitTestResult executionId="09299b68-cc0a-44e1-a8cd-367fcf3b7473" testId="90ba25dc-448d-9b84-8883-7173c0fe93b8" testName="FieldLocation_CheckProperties" computerName="SWCMACBOOKWIN7" duration="00:00:00.0009056" startTime="2014-03-17T12:46:50.6640000-06:00" endTime="2014-03-17T12:46:50.6640000-06:00" testType="13cdc9d9-ddb5-4fa4-a97d-d965ccfc6d4b" outcome="Passed" testListId="8c84fa94-04c1-424b-9868-57a2d4851a1d" relativeResultsDirectory="09299b68-cc0a-44e1-a8cd-367fcf3b7473">
    </UnitTestResult>
    <UnitTestResult executionId="6e0c3b88-34be-471c-9265-4afd16f85bde" testId="9904ba65-a649-09ff-0ef0-c2c56c4e27fc" testName="Bomb_CheckProperties" computerName="SWCMACBOOKWIN7" duration="00:00:00.0017619" startTime="2014-03-17T12:46:50.6640000-06:00" endTime="2014-03-17T12:46:50.6640000-06:00" testType="13cdc9d9-ddb5-4fa4-a97d-d965ccfc6d4b" outcome="Passed" testListId="8c84fa94-04c1-424b-9868-57a2d4851a1d" relativeResultsDirectory="6e0c3b88-34be-471c-9265-4afd16f85bde">
    </UnitTestResult>
    <UnitTestResult executionId="ebfe7d3e-5b6b-448c-97ac-5ef4cfc1acbf" testId="a18b2fd5-37b0-6e6a-4b4c-5ea126e1e363" testName="JoinGame_TestConstructorsAndFactories" computerName="SWCMACBOOKWIN7" duration="00:00:00.0024018" startTime="2014-03-17T12:46:50.6640000-06:00" endTime="2014-03-17T12:46:50.6796000-06:00" testType="13cdc9d9-ddb5-4fa4-a97d-d965ccfc6d4b" outcome="Passed" testListId="8c84fa94-04c1-424b-9868-57a2d4851a1d" relativeResultsDirectory="ebfe7d3e-5b6b-448c-97ac-5ef4cfc1acbf">
    </UnitTestResult>
    <UnitTestResult executionId="d7e3b681-601d-422d-9480-717068d5dc7b" testId="a2dff254-87db-0c1a-d212-e29ddb4c9c2a" testName="FieldLocation_CheckEncodeDecode" computerName="SWCMACBOOKWIN7" duration="00:00:00.0003179" startTime="2014-03-17T12:46:50.6796000-06:00" endTime="2014-03-17T12:46:50.6796000-06:00" testType="13cdc9d9-ddb5-4fa4-a97d-d965ccfc6d4b" outcome="Passed" testListId="8c84fa94-04c1-424b-9868-57a2d4851a1d" relativeResultsDirectory="d7e3b681-601d-422d-9480-717068d5dc7b">
    </UnitTestResult>
    <UnitTestResult executionId="e728136f-ad07-4a3f-a299-cd69f32cc90a" testId="a987a908-01f9-9386-23e7-287a5d2d2721" testName="WhiningSpinner_CheckConstructors" computerName="SWCMACBOOKWIN7" duration="00:00:00.0005638" startTime="2014-03-17T12:46:50.6796000-06:00" endTime="2014-03-17T12:46:50.6796000-06:00" testType="13cdc9d9-ddb5-4fa4-a97d-d965ccfc6d4b" outcome="Passed" testListId="8c84fa94-04c1-424b-9868-57a2d4851a1d" relativeResultsDirectory="e728136f-ad07-4a3f-a299-cd69f32cc90a">
    </UnitTestResult>
    <UnitTestResult executionId="4b3d4a27-8126-42c4-b6e1-f6084d1b5cc6" testId="adc509e9-affb-9f01-6b95-6ee65c98cc92" testName="WhiningSpinner_CheckEncodeAndDecode" computerName="SWCMACBOOKWIN7" duration="00:00:00.0016445" startTime="2014-03-17T12:46:50.6796000-06:00" endTime="2014-03-17T12:46:50.6952000-06:00" testType="13cdc9d9-ddb5-4fa4-a97d-d965ccfc6d4b" outcome="Passed" testListId="8c84fa94-04c1-424b-9868-57a2d4851a1d" relativeResultsDirectory="4b3d4a27-8126-42c4-b6e1-f6084d1b5cc6">
    </UnitTestResult>
    <UnitTestResult executionId="e07e5bd1-9a59-4c36-b21e-57826cfe3c71" testId="ae084a0c-31eb-5c20-b099-0846b8b538da" testName="JoinGame_EncodingAndDecoding" computerName="SWCMACBOOKWIN7" duration="00:00:00.0004260" startTime="2014-03-17T12:46:50.6952000-06:00" endTime="2014-03-17T12:46:50.6952000-06:00" testType="13cdc9d9-ddb5-4fa4-a97d-d965ccfc6d4b" outcome="Passed" testListId="8c84fa94-04c1-424b-9868-57a2d4851a1d" relativeResultsDirectory="e07e5bd1-9a59-4c36-b21e-57826cfe3c71">
    </UnitTestResult>
    <UnitTestResult executionId="1ede9625-d2fb-443d-9ed0-c2c49b928390" testId="afd310cb-a782-bc2d-cdd4-0a91a0a340d8" testName="PlayingFieldLayout_CheckConstructors" computerName="SWCMACBOOKWIN7" duration="00:00:00.0001988" startTime="2014-03-17T12:46:50.6952000-06:00" endTime="2014-03-17T12:46:50.6952000-06:00" testType="13cdc9d9-ddb5-4fa4-a97d-d965ccfc6d4b" outcome="Passed" testListId="8c84fa94-04c1-424b-9868-57a2d4851a1d" relativeResultsDirectory="1ede9625-d2fb-443d-9ed0-c2c49b928390">
    </UnitTestResult>
    <UnitTestResult executionId="df065589-767d-434c-a659-ebb05e1a7acd" testId="b719406f-6c30-5234-e237-f3d1a5baaeb0" testName="AgentInfo_CheckConstructors" computerName="SWCMACBOOKWIN7" duration="00:00:00.0006875" startTime="2014-03-17T12:46:50.6952000-06:00" endTime="2014-03-17T12:46:50.7108000-06:00" testType="13cdc9d9-ddb5-4fa4-a97d-d965ccfc6d4b" outcome="Passed" testListId="8c84fa94-04c1-424b-9868-57a2d4851a1d" relativeResultsDirectory="df065589-767d-434c-a659-ebb05e1a7acd">
    </UnitTestResult>
    <UnitTestResult executionId="430d4f08-e14b-4d39-b62f-fc9af12dbce5" testId="bed40777-36e8-1a5f-572d-4860c464f507" testName="GameInfo_TestEverything" computerName="SWCMACBOOKWIN7" duration="00:00:00.0076900" startTime="2014-03-17T12:46:50.7108000-06:00" endTime="2014-03-17T12:46:50.7108000-06:00" testType="13cdc9d9-ddb5-4fa4-a97d-d965ccfc6d4b" outcome="Failed" testListId="8c84fa94-04c1-424b-9868-57a2d4851a1d" relativeResultsDirectory="430d4f08-e14b-4d39-b62f-fc9af12dbce5">
      <Output>
        <ErrorInfo>
          <Message>Assert.IsTrue failed. </Message>
          <StackTrace>   at CommonTester.GameInfoTester.GameInfo_TestEverything() in \\psf\Home\Seafile\USU\Classes\cs5200f14\Homework\InstructorSolution\BSvZP-Common\CommonTester\GameInfoTester.cs:line 50
</StackTrace>
        </ErrorInfo>
      </Output>
    </UnitTestResult>
    <UnitTestResult executionId="a5e32e09-83c7-47ed-a212-1c84825cdc3f" testId="beeb5250-9c43-aa48-8cec-fcd77363fd3e" testName="ComponentList_CheckProperties" computerName="SWCMACBOOKWIN7" duration="00:00:00.0003861" startTime="2014-03-17T12:46:50.7264000-06:00" endTime="2014-03-17T12:46:50.7264000-06:00" testType="13cdc9d9-ddb5-4fa4-a97d-d965ccfc6d4b" outcome="Passed" testListId="8c84fa94-04c1-424b-9868-57a2d4851a1d" relativeResultsDirectory="a5e32e09-83c7-47ed-a212-1c84825cdc3f">
    </UnitTestResult>
    <UnitTestResult executionId="fde0ba4e-0e4a-42be-995e-d77db3455c62" testId="c1669bf6-729e-d796-c7d9-f9b5c8ff2007" testName="Excuse_CheckProperties" computerName="SWCMACBOOKWIN7" duration="00:00:00.0005948" startTime="2014-03-17T12:46:50.7264000-06:00" endTime="2014-03-17T12:46:50.7264000-06:00" testType="13cdc9d9-ddb5-4fa4-a97d-d965ccfc6d4b" outcome="Passed" testListId="8c84fa94-04c1-424b-9868-57a2d4851a1d" relativeResultsDirectory="fde0ba4e-0e4a-42be-995e-d77db3455c62">
    </UnitTestResult>
    <UnitTestResult executionId="9be353d3-52b0-43df-b381-004315d27d0e" testId="c40c928e-c2ab-8b88-578e-d7b35f81b083" testName="Bomb_CheckConstructors" computerName="SWCMACBOOKWIN7" duration="00:00:00.0004796" startTime="2014-03-17T12:46:50.7264000-06:00" endTime="2014-03-17T12:46:50.7264000-06:00" testType="13cdc9d9-ddb5-4fa4-a97d-d965ccfc6d4b" outcome="Passed" testListId="8c84fa94-04c1-424b-9868-57a2d4851a1d" relativeResultsDirectory="9be353d3-52b0-43df-b381-004315d27d0e">
    </UnitTestResult>
    <UnitTestResult executionId="ce3e7e79-1517-41cd-b5db-f013ec59d512" testId="cbafd4a2-ae21-bce8-59ea-f0278726e860" testName="TickTester_CheckProperties" computerName="SWCMACBOOKWIN7" duration="00:00:00.0002042" startTime="2014-03-17T12:46:50.7420000-06:00" endTime="2014-03-17T12:46:50.7420000-06:00" testType="13cdc9d9-ddb5-4fa4-a97d-d965ccfc6d4b" outcome="Passed" testListId="8c84fa94-04c1-424b-9868-57a2d4851a1d" relativeResultsDirectory="ce3e7e79-1517-41cd-b5db-f013ec59d512">
    </UnitTestResult>
    <UnitTestResult executionId="74234f17-22e3-41d2-8763-0cadc9938a3b" testId="cfac802b-3c1b-a198-432f-c77278e8ca81" testName="ByteList_GetMethods" computerName="SWCMACBOOKWIN7" duration="00:00:00.0000859" startTime="2014-03-17T12:46:50.7420000-06:00" endTime="2014-03-17T12:46:50.7420000-06:00" testType="13cdc9d9-ddb5-4fa4-a97d-d965ccfc6d4b" outcome="Passed" testListId="8c84fa94-04c1-424b-9868-57a2d4851a1d" relativeResultsDirectory="74234f17-22e3-41d2-8763-0cadc9938a3b">
    </UnitTestResult>
    <UnitTestResult executionId="2f4b3384-473a-47dd-8ecf-fff68402d40a" testId="d004ffc2-a7fb-16d7-64d4-41782226b827" testName="AgentInfo_CheckProperties" computerName="SWCMACBOOKWIN7" duration="00:00:00.0021232" startTime="2014-03-17T12:46:50.7420000-06:00" endTime="2014-03-17T12:46:50.7420000-06:00" testType="13cdc9d9-ddb5-4fa4-a97d-d965ccfc6d4b" outcome="Failed" testListId="8c84fa94-04c1-424b-9868-57a2d4851a1d" relativeResultsDirectory="2f4b3384-473a-47dd-8ecf-fff68402d40a">
      <Output>
        <ErrorInfo>
          <Message>Assert.AreEqual failed. Expected:&lt;A000234&gt;. Actual:&lt;A012345&gt;. </Message>
          <StackTrace>   at CommonTester.AgentInfoTester.AgentInfo_CheckProperties() in \\psf\Home\Seafile\USU\Classes\cs5200f14\Homework\InstructorSolution\BSvZP-Common\CommonTester\AgentInfoTester.cs:line 51
</StackTrace>
        </ErrorInfo>
      </Output>
    </UnitTestResult>
    <UnitTestResult executionId="ed08892c-b065-4aab-a8d8-519847bf5871" testId="d0e63026-bde2-5483-a0a6-1e0d01a2dac2" testName="WhiningSpinner_CheckProperties" computerName="SWCMACBOOKWIN7" duration="00:00:00.0004414" startTime="2014-03-17T12:46:50.7576000-06:00" endTime="2014-03-17T12:46:50.7576000-06:00" testType="13cdc9d9-ddb5-4fa4-a97d-d965ccfc6d4b" outcome="Passed" testListId="8c84fa94-04c1-424b-9868-57a2d4851a1d" relativeResultsDirectory="ed08892c-b065-4aab-a8d8-519847bf5871">
    </UnitTestResult>
    <UnitTestResult executionId="c4df5e4b-fb3c-48af-9107-1bbfd18a4582" testId="d6375a5d-a98c-9cb0-66a2-ad7be1e40c67" testName="ByteList_IndexOperator" computerName="SWCMACBOOKWIN7" duration="00:00:00.0019928" startTime="2014-03-17T12:46:50.7576000-06:00" endTime="2014-03-17T12:46:50.7732000-06:00" testType="13cdc9d9-ddb5-4fa4-a97d-d965ccfc6d4b" outcome="Passed" testListId="8c84fa94-04c1-424b-9868-57a2d4851a1d" relativeResultsDirectory="c4df5e4b-fb3c-48af-9107-1bbfd18a4582">
    </UnitTestResult>
    <UnitTestResult executionId="53ae4373-b4a6-4406-ada7-d26f25bffc04" testId="d6a120d8-083b-ca56-9c06-19e373b8321f" testName="ByteList_TestConstuctors" computerName="SWCMACBOOKWIN7" duration="00:00:00.0052930" startTime="2014-03-17T12:46:50.7732000-06:00" endTime="2014-03-17T12:46:50.7888000-06:00" testType="13cdc9d9-ddb5-4fa4-a97d-d965ccfc6d4b" outcome="Passed" testListId="8c84fa94-04c1-424b-9868-57a2d4851a1d" relativeResultsDirectory="53ae4373-b4a6-4406-ada7-d26f25bffc04">
    </UnitTestResult>
    <UnitTestResult executionId="e0b9f2f6-1a3c-4a8a-a7d8-42e8d4eca0ae" testId="d7721e2b-d839-f8ea-3513-be426faed8ef" testName="Excuse_CheckConstructors" computerName="SWCMACBOOKWIN7" duration="00:00:00.0005844" startTime="2014-03-17T12:46:50.8044000-06:00" endTime="2014-03-17T12:46:50.8044000-06:00" testType="13cdc9d9-ddb5-4fa4-a97d-d965ccfc6d4b" outcome="Passed" testListId="8c84fa94-04c1-424b-9868-57a2d4851a1d" relativeResultsDirectory="e0b9f2f6-1a3c-4a8a-a7d8-42e8d4eca0ae">
    </UnitTestResult>
    <UnitTestResult executionId="d72d69ac-2d56-4474-9430-a08e161ed10a" testId="d7dddf5a-bb0d-6bd1-cbdd-40ea5a1d7ae6" testName="StatusInfo_CheckProperties" computerName="SWCMACBOOKWIN7" duration="00:00:00.0004287" startTime="2014-03-17T12:46:50.8200000-06:00" endTime="2014-03-17T12:46:50.8200000-06:00" testType="13cdc9d9-ddb5-4fa4-a97d-d965ccfc6d4b" outcome="Passed" testListId="8c84fa94-04c1-424b-9868-57a2d4851a1d" relativeResultsDirectory="d72d69ac-2d56-4474-9430-a08e161ed10a">
    </UnitTestResult>
    <UnitTestResult executionId="f6432e84-8152-42e4-a518-d62591c9d267" testId="e1ecfc94-2f7f-bdaf-64db-951e119da34c" testName="AckNak_CheckConstructorsAndFactories" computerName="SWCMACBOOKWIN7" duration="00:00:00.0011281" startTime="2014-03-17T12:46:50.8200000-06:00" endTime="2014-03-17T12:46:50.8200000-06:00" testType="13cdc9d9-ddb5-4fa4-a97d-d965ccfc6d4b" outcome="Passed" testListId="8c84fa94-04c1-424b-9868-57a2d4851a1d" relativeResultsDirectory="f6432e84-8152-42e4-a518-d62591c9d267">
    </UnitTestResult>
    <UnitTestResult executionId="617dc41b-a156-442b-be50-61b06d7513da" testId="e57f470c-5af0-0d55-6cfd-5233256e7a58" testName="AckNak_CheckProperties" computerName="SWCMACBOOKWIN7" duration="00:00:00.0007368" startTime="2014-03-17T12:46:50.8200000-06:00" endTime="2014-03-17T12:46:50.8200000-06:00" testType="13cdc9d9-ddb5-4fa4-a97d-d965ccfc6d4b" outcome="Passed" testListId="8c84fa94-04c1-424b-9868-57a2d4851a1d" relativeResultsDirectory="617dc41b-a156-442b-be50-61b06d7513da">
    </UnitTestResult>
    <UnitTestResult executionId="d7f3dc5b-3675-484e-b93f-0bbd8258e642" testId="e7dc0839-3e08-ca22-1bcf-28b384668706" testName="StatusInfo_CheckConstructors" computerName="SWCMACBOOKWIN7" duration="00:00:00.0002605" startTime="2014-03-17T12:46:50.8356000-06:00" endTime="2014-03-17T12:46:50.8356000-06:00" testType="13cdc9d9-ddb5-4fa4-a97d-d965ccfc6d4b" outcome="Passed" testListId="8c84fa94-04c1-424b-9868-57a2d4851a1d" relativeResultsDirectory="d7f3dc5b-3675-484e-b93f-0bbd8258e642">
    </UnitTestResult>
    <UnitTestResult executionId="06dd46ee-ffcb-4556-8cac-baa615368885" testId="eaad3cd9-fd8f-295f-72bd-25c259084926" testName="Bomb_CheckEncodeAndDecode" computerName="SWCMACBOOKWIN7" duration="00:00:00.0020142" startTime="2014-03-17T12:46:50.8356000-06:00" endTime="2014-03-17T12:46:50.8356000-06:00" testType="13cdc9d9-ddb5-4fa4-a97d-d965ccfc6d4b" outcome="Passed" testListId="8c84fa94-04c1-424b-9868-57a2d4851a1d" relativeResultsDirectory="06dd46ee-ffcb-4556-8cac-baa615368885">
    </UnitTestResult>
    <UnitTestResult executionId="028c3152-e52c-4b5e-bac7-832a7a27e118" testId="eaba3772-7490-203e-d483-62bb0c779f54" testName="TickTester_CheckOtherMethods" computerName="SWCMACBOOKWIN7" duration="00:00:00.0002688" startTime="2014-03-17T12:46:50.8356000-06:00" endTime="2014-03-17T12:46:50.8356000-06:00" testType="13cdc9d9-ddb5-4fa4-a97d-d965ccfc6d4b" outcome="Passed" testListId="8c84fa94-04c1-424b-9868-57a2d4851a1d" relativeResultsDirectory="028c3152-e52c-4b5e-bac7-832a7a27e118">
    </UnitTestResult>
    <UnitTestResult executionId="d075ed1f-93f7-41bf-bd39-e5fbc2702d84" testId="ee09e89e-c9b7-1b79-838a-49d7d7834303" testName="FieldLocation_CheckContructors" computerName="SWCMACBOOKWIN7" duration="00:00:00.0006158" startTime="2014-03-17T12:46:50.8356000-06:00" endTime="2014-03-17T12:46:50.8512000-06:00" testType="13cdc9d9-ddb5-4fa4-a97d-d965ccfc6d4b" outcome="Passed" testListId="8c84fa94-04c1-424b-9868-57a2d4851a1d" relativeResultsDirectory="d075ed1f-93f7-41bf-bd39-e5fbc2702d84">
    </UnitTestResult>
    <UnitTestResult executionId="1e5cfa46-40cc-4cf6-b520-a05cad9fc4b7" testId="ee180b0c-7542-d07d-8952-4dbe1fcee3f4" testName="GameConfiguration_CheckEncodeAndDecode" computerName="SWCMACBOOKWIN7" duration="00:00:00.0037834" startTime="2014-03-17T12:46:50.8512000-06:00" endTime="2014-03-17T12:46:50.8512000-06:00" testType="13cdc9d9-ddb5-4fa4-a97d-d965ccfc6d4b" outcome="Passed" testListId="8c84fa94-04c1-424b-9868-57a2d4851a1d" relativeResultsDirectory="1e5cfa46-40cc-4cf6-b520-a05cad9fc4b7">
    </UnitTestResult>
    <UnitTestResult executionId="266c1e86-22a4-4da6-93d4-eecc0b30e99a" testId="eec3d1a0-bdb1-2f1e-d1b3-e4c125c7a7c7" testName="AgentInfo_CheckEncodeAndDecode" computerName="SWCMACBOOKWIN7" duration="00:00:00.0006209" startTime="2014-03-17T12:46:50.8512000-06:00" endTime="2014-03-17T12:46:50.8668000-06:00" testType="13cdc9d9-ddb5-4fa4-a97d-d965ccfc6d4b" outcome="Passed" testListId="8c84fa94-04c1-424b-9868-57a2d4851a1d" relativeResultsDirectory="266c1e86-22a4-4da6-93d4-eecc0b30e99a">
    </UnitTestResult>
    <UnitTestResult executionId="a1493110-4cb1-49ca-b374-39f99186ed19" testId="f1cd31e1-cb34-03fd-04c1-58f580f316d5" testName="ComponentList_CheckConstructors" computerName="SWCMACBOOKWIN7" duration="00:00:00.0001419" startTime="2014-03-17T12:46:50.8668000-06:00" endTime="2014-03-17T12:46:50.8668000-06:00" testType="13cdc9d9-ddb5-4fa4-a97d-d965ccfc6d4b" outcome="Passed" testListId="8c84fa94-04c1-424b-9868-57a2d4851a1d" relativeResultsDirectory="a1493110-4cb1-49ca-b374-39f99186ed19">
    </UnitTestResult>
    <UnitTestResult executionId="b9a01c5e-fdd7-4546-a72a-7832a5fa4453" testId="f84a9ebc-fda5-bcb9-1c69-429549673faf" testName="Excuse_CheckEncodeAndDecode" computerName="SWCMACBOOKWIN7" duration="00:00:00.0014536" startTime="2014-03-17T12:46:50.8668000-06:00" endTime="2014-03-17T12:46:50.8668000-06:00" testType="13cdc9d9-ddb5-4fa4-a97d-d965ccfc6d4b" outcome="Passed" testListId="8c84fa94-04c1-424b-9868-57a2d4851a1d" relativeResultsDirectory="b9a01c5e-fdd7-4546-a72a-7832a5fa4453">
    </UnitTestResult>
  </Results>
</TestRun>